2025-05-24 20:39:22,236 INFO Using device: cpu
2025-05-24 20:39:22,238 INFO Attempting to load IL-trained actor from: /Users/iddah/Documents/CS224R/Exploration-Policy/saved_models_exp/policy_il_trained.pth
2025-05-24 20:39:22,239 INFO Successfully loaded pre-trained IL actor.
2025-05-24 20:39:23,140 INFO --- Starting PPO Fine-tuning ---
2025-05-24 20:39:27,407 INFO PPO Iter: 10	Total Steps: 20480	Avg Reward (Batch): 738.33	Avg Reward (Roll100): 738.44	Actor Loss: -0.0004	Critic Loss: 113991.3134	Entropy: 0.6289
2025-05-24 20:39:31,598 INFO PPO Iter: 20	Total Steps: 40960	Avg Reward (Batch): 789.42	Avg Reward (Roll100): 801.39	Actor Loss: -0.0004	Critic Loss: 118131.3549	Entropy: 0.6032
2025-05-24 20:39:35,794 INFO PPO Iter: 30	Total Steps: 61440	Avg Reward (Batch): 850.85	Avg Reward (Roll100): 843.42	Actor Loss: -0.0004	Critic Loss: 126521.0069	Entropy: 0.5926
2025-05-24 20:39:39,985 INFO PPO Iter: 40	Total Steps: 81920	Avg Reward (Batch): 884.16	Avg Reward (Roll100): 906.44	Actor Loss: -0.0002	Critic Loss: 134946.8977	Entropy: 0.5636
2025-05-24 20:39:44,165 INFO PPO Iter: 50	Total Steps: 102400	Avg Reward (Batch): 884.16	Avg Reward (Roll100): 874.95	Actor Loss: -0.0004	Critic Loss: 134943.8425	Entropy: 0.5695
2025-05-24 20:39:44,167 INFO Saved PPO actor to /Users/iddah/Documents/CS224R/Exploration-Policy/data/ppo-0.0-rerun/ppo_iter_50.pth
2025-05-24 20:39:48,379 INFO PPO Iter: 60	Total Steps: 122880	Avg Reward (Batch): 790.75	Avg Reward (Roll100): 811.98	Actor Loss: -0.0007	Critic Loss: 135013.0324	Entropy: 0.5623
2025-05-24 20:39:52,729 INFO PPO Iter: 70	Total Steps: 143360	Avg Reward (Batch): 738.25	Avg Reward (Roll100): 822.48	Actor Loss: -0.0002	Critic Loss: 126650.8962	Entropy: 0.5587
2025-05-24 20:39:56,912 INFO PPO Iter: 80	Total Steps: 163840	Avg Reward (Batch): 915.67	Avg Reward (Roll100): 864.48	Actor Loss: -0.0009	Critic Loss: 143409.2153	Entropy: 0.5170
2025-05-24 20:40:01,094 INFO PPO Iter: 90	Total Steps: 184320	Avg Reward (Batch): 942.50	Avg Reward (Roll100): 916.95	Actor Loss: -0.0009	Critic Loss: 143407.1416	Entropy: 0.5125
2025-05-24 20:40:05,255 INFO PPO Iter: 100	Total Steps: 204800	Avg Reward (Batch): 917.89	Avg Reward (Roll100): 895.98	Actor Loss: -0.0005	Critic Loss: 147684.4230	Entropy: 0.5235
2025-05-24 20:40:05,256 INFO Saved PPO actor to /Users/iddah/Documents/CS224R/Exploration-Policy/data/ppo-0.0-rerun/ppo_iter_100.pth
2025-05-24 20:40:10,308 INFO PPO Iter: 110	Total Steps: 225280	Avg Reward (Batch): 890.26	Avg Reward (Roll100): 874.97	Actor Loss: -0.0006	Critic Loss: 143464.1772	Entropy: 0.5126
2025-05-24 20:40:15,207 INFO PPO Iter: 120	Total Steps: 245760	Avg Reward (Batch): 843.25	Avg Reward (Roll100): 864.48	Actor Loss: -0.0003	Critic Loss: 143504.1632	Entropy: 0.5195
2025-05-24 20:40:19,399 INFO PPO Iter: 130	Total Steps: 266240	Avg Reward (Batch): 944.05	Avg Reward (Roll100): 927.45	Actor Loss: -0.0000	Critic Loss: 147636.7499	Entropy: 0.4876
2025-05-24 20:40:23,894 INFO PPO Iter: 140	Total Steps: 286720	Avg Reward (Batch): 890.26	Avg Reward (Roll100): 906.47	Actor Loss: -0.0011	Critic Loss: 143476.4829	Entropy: 0.5109
2025-05-24 20:40:28,341 INFO PPO Iter: 150	Total Steps: 307200	Avg Reward (Batch): 893.07	Avg Reward (Roll100): 885.48	Actor Loss: -0.0000	Critic Loss: 147678.5913	Entropy: 0.5153
2025-05-24 20:40:28,342 INFO Saved PPO actor to /Users/iddah/Documents/CS224R/Exploration-Policy/data/ppo-0.0-rerun/ppo_iter_150.pth
2025-05-24 20:40:32,758 INFO PPO Iter: 160	Total Steps: 327680	Avg Reward (Batch): 839.23	Avg Reward (Roll100): 843.49	Actor Loss: -0.0002	Critic Loss: 139295.6152	Entropy: 0.5024
2025-05-24 20:40:37,618 INFO PPO Iter: 170	Total Steps: 348160	Avg Reward (Batch): 893.07	Avg Reward (Roll100): 853.99	Actor Loss: -0.0021	Critic Loss: 147609.8307	Entropy: 0.4930
2025-05-24 20:40:42,121 INFO PPO Iter: 180	Total Steps: 368640	Avg Reward (Batch): 917.89	Avg Reward (Roll100): 916.97	Actor Loss: -0.0014	Critic Loss: 147665.9730	Entropy: 0.4948
2025-05-24 20:40:46,571 INFO PPO Iter: 190	Total Steps: 389120	Avg Reward (Batch): 890.26	Avg Reward (Roll100): 927.46	Actor Loss: -0.0003	Critic Loss: 143429.1261	Entropy: 0.4957
2025-05-24 20:40:51,167 INFO PPO Iter: 200	Total Steps: 409600	Avg Reward (Batch): 893.07	Avg Reward (Roll100): 885.49	Actor Loss: -0.0007	Critic Loss: 147666.5227	Entropy: 0.4876
2025-05-24 20:40:51,168 INFO Saved PPO actor to /Users/iddah/Documents/CS224R/Exploration-Policy/data/ppo-0.0-rerun/ppo_iter_200.pth
2025-05-24 20:40:55,563 INFO PPO Iter: 210	Total Steps: 430080	Avg Reward (Batch): 917.89	Avg Reward (Roll100): 916.97	Actor Loss: -0.0004	Critic Loss: 147602.4513	Entropy: 0.4708
2025-05-24 20:41:00,126 INFO PPO Iter: 220	Total Steps: 450560	Avg Reward (Batch): 945.52	Avg Reward (Roll100): 916.97	Actor Loss: -0.0004	Critic Loss: 151827.5031	Entropy: 0.4861
2025-05-24 20:41:04,398 INFO PPO Iter: 230	Total Steps: 471040	Avg Reward (Batch): 945.52	Avg Reward (Roll100): 958.46	Actor Loss: -0.0000	Critic Loss: 151900.8409	Entropy: 0.4866
2025-05-24 20:41:08,640 INFO PPO Iter: 240	Total Steps: 491520	Avg Reward (Batch): 972.43	Avg Reward (Roll100): 958.96	Actor Loss: -0.0010	Critic Loss: 151844.2007	Entropy: 0.4587
2025-05-24 20:41:13,195 INFO PPO Iter: 250	Total Steps: 512000	Avg Reward (Batch): 869.50	Avg Reward (Roll100): 864.50	Actor Loss: 0.0000	Critic Loss: 147671.9775	Entropy: 0.4933
2025-05-24 20:41:13,196 INFO Saved PPO actor to /Users/iddah/Documents/CS224R/Exploration-Policy/data/ppo-0.0-rerun/ppo_iter_250.pth
2025-05-24 20:41:17,510 INFO PPO Iter: 260	Total Steps: 532480	Avg Reward (Batch): 869.50	Avg Reward (Roll100): 822.51	Actor Loss: -0.0003	Critic Loss: 147657.0161	Entropy: 0.4789
2025-05-24 20:41:21,796 INFO PPO Iter: 270	Total Steps: 552960	Avg Reward (Batch): 847.07	Avg Reward (Roll100): 843.51	Actor Loss: -0.0008	Critic Loss: 147705.1367	Entropy: 0.4823
2025-05-24 20:41:26,019 INFO PPO Iter: 280	Total Steps: 573440	Avg Reward (Batch): 920.00	Avg Reward (Roll100): 885.50	Actor Loss: -0.0001	Critic Loss: 151860.4498	Entropy: 0.4782
2025-05-24 20:41:30,371 INFO PPO Iter: 290	Total Steps: 593920	Avg Reward (Batch): 920.00	Avg Reward (Roll100): 906.49	Actor Loss: -0.0010	Critic Loss: 151832.7805	Entropy: 0.4841
2025-05-24 20:41:35,160 INFO PPO Iter: 300	Total Steps: 614400	Avg Reward (Batch): 893.07	Avg Reward (Roll100): 906.48	Actor Loss: -0.0007	Critic Loss: 147625.5873	Entropy: 0.4715
2025-05-24 20:41:35,162 INFO Saved PPO actor to /Users/iddah/Documents/CS224R/Exploration-Policy/data/ppo-0.0-rerun/ppo_iter_300.pth
2025-05-24 20:41:39,851 INFO PPO Iter: 310	Total Steps: 634880	Avg Reward (Batch): 945.52	Avg Reward (Roll100): 885.49	Actor Loss: -0.0014	Critic Loss: 151832.7186	Entropy: 0.4654
2025-05-24 20:41:44,297 INFO PPO Iter: 320	Total Steps: 655360	Avg Reward (Batch): 945.52	Avg Reward (Roll100): 906.49	Actor Loss: -0.0007	Critic Loss: 151840.9237	Entropy: 0.4548
2025-05-24 20:41:48,712 INFO PPO Iter: 330	Total Steps: 675840	Avg Reward (Batch): 893.07	Avg Reward (Roll100): 937.98	Actor Loss: -0.0003	Critic Loss: 147637.1647	Entropy: 0.4656
2025-05-24 20:41:53,382 INFO PPO Iter: 340	Total Steps: 696320	Avg Reward (Batch): 893.07	Avg Reward (Roll100): 864.50	Actor Loss: -0.0006	Critic Loss: 147685.5903	Entropy: 0.4630
2025-05-24 20:41:57,841 INFO PPO Iter: 350	Total Steps: 716800	Avg Reward (Batch): 945.52	Avg Reward (Roll100): 927.48	Actor Loss: -0.0000	Critic Loss: 151818.0323	Entropy: 0.4602
2025-05-24 20:41:57,842 INFO Saved PPO actor to /Users/iddah/Documents/CS224R/Exploration-Policy/data/ppo-0.0-rerun/ppo_iter_350.pth
2025-05-24 20:42:02,251 INFO PPO Iter: 360	Total Steps: 737280	Avg Reward (Batch): 872.68	Avg Reward (Roll100): 896.00	Actor Loss: -0.0016	Critic Loss: 151786.4120	Entropy: 0.4528
2025-05-24 20:42:06,680 INFO PPO Iter: 370	Total Steps: 757760	Avg Reward (Batch): 893.07	Avg Reward (Roll100): 906.48	Actor Loss: -0.0008	Critic Loss: 147636.9160	Entropy: 0.4610
2025-05-24 20:42:11,162 INFO PPO Iter: 380	Total Steps: 778240	Avg Reward (Batch): 918.72	Avg Reward (Roll100): 906.00	Actor Loss: -0.0006	Critic Loss: 151849.8401	Entropy: 0.4285
2025-05-24 20:42:15,623 INFO PPO Iter: 390	Total Steps: 798720	Avg Reward (Batch): 920.00	Avg Reward (Roll100): 875.01	Actor Loss: -0.0014	Critic Loss: 151866.5313	Entropy: 0.4445
2025-05-24 20:42:20,111 INFO PPO Iter: 400	Total Steps: 819200	Avg Reward (Batch): 895.75	Avg Reward (Roll100): 885.50	Actor Loss: -0.0016	Critic Loss: 151881.2788	Entropy: 0.4266
2025-05-24 20:42:20,112 INFO Saved PPO actor to /Users/iddah/Documents/CS224R/Exploration-Policy/data/ppo-0.0-rerun/ppo_iter_400.pth
2025-05-24 20:42:24,687 INFO PPO Iter: 410	Total Steps: 839680	Avg Reward (Batch): 922.00	Avg Reward (Roll100): 927.49	Actor Loss: -0.0003	Critic Loss: 156064.5249	Entropy: 0.4080
2025-05-24 20:42:29,123 INFO PPO Iter: 420	Total Steps: 860160	Avg Reward (Batch): 895.75	Avg Reward (Roll100): 917.00	Actor Loss: -0.0003	Critic Loss: 151848.9394	Entropy: 0.4039
2025-05-24 20:42:33,539 INFO PPO Iter: 430	Total Steps: 880640	Avg Reward (Batch): 922.00	Avg Reward (Roll100): 937.49	Actor Loss: -0.0001	Critic Loss: 156010.9014	Entropy: 0.4164
2025-05-24 20:42:37,975 INFO PPO Iter: 440	Total Steps: 901120	Avg Reward (Batch): 898.29	Avg Reward (Roll100): 906.50	Actor Loss: -0.0003	Critic Loss: 155976.8169	Entropy: 0.4291
2025-05-24 20:42:42,476 INFO PPO Iter: 450	Total Steps: 921600	Avg Reward (Batch): 920.00	Avg Reward (Roll100): 916.99	Actor Loss: -0.0004	Critic Loss: 151846.2201	Entropy: 0.4246
2025-05-24 20:42:42,478 INFO Saved PPO actor to /Users/iddah/Documents/CS224R/Exploration-Policy/data/ppo-0.0-rerun/ppo_iter_450.pth
2025-05-24 20:42:46,980 INFO PPO Iter: 460	Total Steps: 942080	Avg Reward (Batch): 920.00	Avg Reward (Roll100): 916.99	Actor Loss: -0.0002	Critic Loss: 151787.7664	Entropy: 0.4053
2025-05-24 20:42:51,574 INFO PPO Iter: 470	Total Steps: 962560	Avg Reward (Batch): 922.00	Avg Reward (Roll100): 906.50	Actor Loss: -0.0012	Critic Loss: 156042.3628	Entropy: 0.4075
2025-05-24 20:42:56,013 INFO PPO Iter: 480	Total Steps: 983040	Avg Reward (Batch): 922.00	Avg Reward (Roll100): 927.50	Actor Loss: -0.0008	Critic Loss: 155967.8339	Entropy: 0.4269
2025-05-24 20:43:00,415 INFO PPO Iter: 490	Total Steps: 1003520	Avg Reward (Batch): 922.00	Avg Reward (Roll100): 906.50	Actor Loss: -0.0002	Critic Loss: 155967.0123	Entropy: 0.3960
2025-05-24 20:43:04,847 INFO PPO Iter: 500	Total Steps: 1024000	Avg Reward (Batch): 923.90	Avg Reward (Roll100): 885.51	Actor Loss: -0.0011	Critic Loss: 160169.6312	Entropy: 0.3975
2025-05-24 20:43:04,850 INFO Saved PPO actor to /Users/iddah/Documents/CS224R/Exploration-Policy/data/ppo-0.0-rerun/ppo_iter_500.pth
2025-05-24 20:43:09,241 INFO PPO Iter: 510	Total Steps: 1044480	Avg Reward (Batch): 900.71	Avg Reward (Roll100): 917.01	Actor Loss: -0.0006	Critic Loss: 160175.4661	Entropy: 0.3803
2025-05-24 20:43:13,748 INFO PPO Iter: 520	Total Steps: 1064960	Avg Reward (Batch): 923.90	Avg Reward (Roll100): 917.01	Actor Loss: -0.0015	Critic Loss: 160174.1781	Entropy: 0.3840
2025-05-24 20:43:18,163 INFO PPO Iter: 530	Total Steps: 1085440	Avg Reward (Batch): 922.00	Avg Reward (Roll100): 885.51	Actor Loss: -0.0007	Critic Loss: 156072.0712	Entropy: 0.3764
2025-05-24 20:43:22,561 INFO PPO Iter: 540	Total Steps: 1105920	Avg Reward (Batch): 895.75	Avg Reward (Roll100): 917.00	Actor Loss: -0.0008	Critic Loss: 151890.1784	Entropy: 0.3909
2025-05-24 20:43:26,994 INFO PPO Iter: 550	Total Steps: 1126400	Avg Reward (Batch): 898.29	Avg Reward (Roll100): 885.52	Actor Loss: -0.0011	Critic Loss: 155984.3416	Entropy: 0.3777
2025-05-24 20:43:26,996 INFO Saved PPO actor to /Users/iddah/Documents/CS224R/Exploration-Policy/data/ppo-0.0-rerun/ppo_iter_550.pth
2025-05-24 20:43:31,474 INFO PPO Iter: 560	Total Steps: 1146880	Avg Reward (Batch): 974.50	Avg Reward (Roll100): 959.00	Actor Loss: -0.0010	Critic Loss: 164406.8061	Entropy: 0.3612
2025-05-24 20:43:35,870 INFO PPO Iter: 570	Total Steps: 1167360	Avg Reward (Batch): 898.29	Avg Reward (Roll100): 896.02	Actor Loss: -0.0008	Critic Loss: 156009.9663	Entropy: 0.4011
2025-05-24 20:43:41,214 INFO PPO Iter: 580	Total Steps: 1187840	Avg Reward (Batch): 878.60	Avg Reward (Roll100): 906.52	Actor Loss: -0.0005	Critic Loss: 160191.2430	Entropy: 0.3863
2025-05-24 20:43:45,983 INFO PPO Iter: 590	Total Steps: 1208320	Avg Reward (Batch): 809.77	Avg Reward (Roll100): 885.52	Actor Loss: -0.0008	Critic Loss: 151813.7382	Entropy: 0.3917
2025-05-24 20:43:50,487 INFO PPO Iter: 600	Total Steps: 1228800	Avg Reward (Batch): 974.50	Avg Reward (Roll100): 979.49	Actor Loss: -0.0009	Critic Loss: 164386.2748	Entropy: 0.3795
2025-05-24 20:43:50,489 INFO Saved PPO actor to /Users/iddah/Documents/CS224R/Exploration-Policy/data/ppo-0.0-rerun/ppo_iter_600.pth
2025-05-24 20:43:55,272 INFO PPO Iter: 610	Total Steps: 1249280	Avg Reward (Batch): 898.29	Avg Reward (Roll100): 927.50	Actor Loss: -0.0014	Critic Loss: 156016.4078	Entropy: 0.3890
2025-05-24 20:43:59,677 INFO PPO Iter: 620	Total Steps: 1269760	Avg Reward (Batch): 946.92	Avg Reward (Roll100): 927.49	Actor Loss: -0.0004	Critic Loss: 156041.7515	Entropy: 0.3776
2025-05-24 20:44:04,235 INFO PPO Iter: 630	Total Steps: 1290240	Avg Reward (Batch): 833.64	Avg Reward (Roll100): 864.53	Actor Loss: -0.0002	Critic Loss: 155987.3943	Entropy: 0.3810
2025-05-24 20:44:08,615 INFO PPO Iter: 640	Total Steps: 1310720	Avg Reward (Batch): 903.02	Avg Reward (Roll100): 927.51	Actor Loss: -0.0007	Critic Loss: 164355.8604	Entropy: 0.3646
2025-05-24 20:44:13,121 INFO PPO Iter: 650	Total Steps: 1331200	Avg Reward (Batch): 948.25	Avg Reward (Roll100): 958.99	Actor Loss: -0.0010	Critic Loss: 160207.0544	Entropy: 0.3619
2025-05-24 20:44:13,122 INFO Saved PPO actor to /Users/iddah/Documents/CS224R/Exploration-Policy/data/ppo-0.0-rerun/ppo_iter_650.pth
2025-05-24 20:44:17,594 INFO PPO Iter: 660	Total Steps: 1351680	Avg Reward (Batch): 925.71	Avg Reward (Roll100): 948.51	Actor Loss: -0.0006	Critic Loss: 164323.0985	Entropy: 0.3492
2025-05-24 20:44:21,992 INFO PPO Iter: 670	Total Steps: 1372160	Avg Reward (Batch): 975.12	Avg Reward (Roll100): 917.03	Actor Loss: -0.0015	Critic Loss: 168469.7699	Entropy: 0.3517
2025-05-24 20:44:26,422 INFO PPO Iter: 680	Total Steps: 1392640	Avg Reward (Batch): 854.18	Avg Reward (Roll100): 854.04	Actor Loss: -0.0004	Critic Loss: 155981.6901	Entropy: 0.3502
2025-05-24 20:44:30,827 INFO PPO Iter: 690	Total Steps: 1413120	Avg Reward (Batch): 975.12	Avg Reward (Roll100): 948.02	Actor Loss: -0.0006	Critic Loss: 168555.8244	Entropy: 0.3441
2025-05-24 20:44:35,292 INFO PPO Iter: 700	Total Steps: 1433600	Avg Reward (Batch): 950.71	Avg Reward (Roll100): 917.03	Actor Loss: -0.0006	Critic Loss: 168511.2392	Entropy: 0.3512
2025-05-24 20:44:35,294 INFO Saved PPO actor to /Users/iddah/Documents/CS224R/Exploration-Policy/data/ppo-0.0-rerun/ppo_iter_700.pth
2025-05-24 20:44:39,724 INFO PPO Iter: 710	Total Steps: 1454080	Avg Reward (Batch): 949.51	Avg Reward (Roll100): 959.00	Actor Loss: -0.0004	Critic Loss: 164392.0485	Entropy: 0.3446
2025-05-24 20:44:44,110 INFO PPO Iter: 720	Total Steps: 1474560	Avg Reward (Batch): 975.12	Avg Reward (Roll100): 959.01	Actor Loss: -0.0004	Critic Loss: 168509.6613	Entropy: 0.3441
2025-05-24 20:44:48,484 INFO PPO Iter: 730	Total Steps: 1495040	Avg Reward (Batch): 975.12	Avg Reward (Roll100): 959.00	Actor Loss: -0.0016	Critic Loss: 168551.2371	Entropy: 0.3256
2025-05-24 20:44:53,082 INFO PPO Iter: 740	Total Steps: 1515520	Avg Reward (Batch): 949.51	Avg Reward (Roll100): 948.51	Actor Loss: -0.0002	Critic Loss: 164358.9142	Entropy: 0.3429
2025-05-24 20:44:57,596 INFO PPO Iter: 750	Total Steps: 1536000	Avg Reward (Batch): 974.50	Avg Reward (Roll100): 959.00	Actor Loss: -0.0004	Critic Loss: 164317.8164	Entropy: 0.3312
2025-05-24 20:44:57,597 INFO Saved PPO actor to /Users/iddah/Documents/CS224R/Exploration-Policy/data/ppo-0.0-rerun/ppo_iter_750.pth
2025-05-24 20:45:02,064 INFO PPO Iter: 760	Total Steps: 1556480	Avg Reward (Batch): 949.51	Avg Reward (Roll100): 938.02	Actor Loss: -0.0017	Critic Loss: 164331.1190	Entropy: 0.3292
2025-05-24 20:45:06,447 INFO PPO Iter: 770	Total Steps: 1576960	Avg Reward (Batch): 949.51	Avg Reward (Roll100): 948.52	Actor Loss: -0.0001	Critic Loss: 164357.7858	Entropy: 0.3297
2025-05-24 20:45:10,852 INFO PPO Iter: 780	Total Steps: 1597440	Avg Reward (Batch): 949.51	Avg Reward (Roll100): 959.01	Actor Loss: -0.0014	Critic Loss: 164403.7896	Entropy: 0.3213
2025-05-24 20:45:15,299 INFO PPO Iter: 790	Total Steps: 1617920	Avg Reward (Batch): 949.51	Avg Reward (Roll100): 948.51	Actor Loss: -0.0012	Critic Loss: 164337.2811	Entropy: 0.3142
2025-05-24 20:45:19,730 INFO PPO Iter: 800	Total Steps: 1638400	Avg Reward (Batch): 974.50	Avg Reward (Roll100): 959.01	Actor Loss: -0.0001	Critic Loss: 164343.0942	Entropy: 0.3182
2025-05-24 20:45:19,732 INFO Saved PPO actor to /Users/iddah/Documents/CS224R/Exploration-Policy/data/ppo-0.0-rerun/ppo_iter_800.pth
2025-05-24 20:45:24,140 INFO PPO Iter: 810	Total Steps: 1658880	Avg Reward (Batch): 903.02	Avg Reward (Roll100): 938.02	Actor Loss: -0.0007	Critic Loss: 164354.3989	Entropy: 0.3110
2025-05-24 20:45:28,513 INFO PPO Iter: 820	Total Steps: 1679360	Avg Reward (Batch): 975.12	Avg Reward (Roll100): 959.02	Actor Loss: -0.0002	Critic Loss: 168541.1677	Entropy: 0.3184
2025-05-24 20:45:33,144 INFO PPO Iter: 830	Total Steps: 1699840	Avg Reward (Batch): 950.71	Avg Reward (Roll100): 948.52	Actor Loss: -0.0008	Critic Loss: 168551.0203	Entropy: 0.3094
2025-05-24 20:45:37,642 INFO PPO Iter: 840	Total Steps: 1720320	Avg Reward (Batch): 950.71	Avg Reward (Roll100): 959.02	Actor Loss: -0.0003	Critic Loss: 168444.2878	Entropy: 0.3039
2025-05-24 20:45:42,176 INFO PPO Iter: 850	Total Steps: 1740800	Avg Reward (Batch): 975.12	Avg Reward (Roll100): 948.52	Actor Loss: -0.0000	Critic Loss: 168547.6848	Entropy: 0.3132
2025-05-24 20:45:42,178 INFO Saved PPO actor to /Users/iddah/Documents/CS224R/Exploration-Policy/data/ppo-0.0-rerun/ppo_iter_850.pth
2025-05-24 20:45:46,687 INFO PPO Iter: 860	Total Steps: 1761280	Avg Reward (Batch): 950.71	Avg Reward (Roll100): 959.02	Actor Loss: -0.0002	Critic Loss: 168443.3287	Entropy: 0.3015
2025-05-24 20:45:51,168 INFO PPO Iter: 870	Total Steps: 1781760	Avg Reward (Batch): 974.50	Avg Reward (Roll100): 948.51	Actor Loss: -0.0000	Critic Loss: 164424.4747	Entropy: 0.3257
2025-05-24 20:45:55,558 INFO PPO Iter: 880	Total Steps: 1802240	Avg Reward (Batch): 999.51	Avg Reward (Roll100): 979.52	Actor Loss: -0.0002	Critic Loss: 172664.7938	Entropy: 0.3069
2025-05-24 20:45:59,977 INFO PPO Iter: 890	Total Steps: 1822720	Avg Reward (Batch): 950.71	Avg Reward (Roll100): 948.52	Actor Loss: -0.0003	Critic Loss: 168467.0799	Entropy: 0.3027
2025-05-24 20:46:04,374 INFO PPO Iter: 900	Total Steps: 1843200	Avg Reward (Batch): 950.71	Avg Reward (Roll100): 948.53	Actor Loss: -0.0003	Critic Loss: 168455.3878	Entropy: 0.2883
2025-05-24 20:46:04,375 INFO Saved PPO actor to /Users/iddah/Documents/CS224R/Exploration-Policy/data/ppo-0.0-rerun/ppo_iter_900.pth
2025-05-24 20:46:08,789 INFO PPO Iter: 910	Total Steps: 1863680	Avg Reward (Batch): 975.71	Avg Reward (Roll100): 959.03	Actor Loss: -0.0001	Critic Loss: 172670.2443	Entropy: 0.2902
2025-05-24 20:46:13,541 INFO PPO Iter: 920	Total Steps: 1884160	Avg Reward (Batch): 975.71	Avg Reward (Roll100): 959.02	Actor Loss: -0.0004	Critic Loss: 172659.0880	Entropy: 0.2909
2025-05-24 20:46:17,962 INFO PPO Iter: 930	Total Steps: 1904640	Avg Reward (Batch): 975.71	Avg Reward (Roll100): 969.53	Actor Loss: -0.0007	Critic Loss: 172583.4890	Entropy: 0.2826
2025-05-24 20:46:22,351 INFO PPO Iter: 940	Total Steps: 1925120	Avg Reward (Batch): 975.71	Avg Reward (Roll100): 969.52	Actor Loss: -0.0007	Critic Loss: 172636.7816	Entropy: 0.2632
2025-05-24 20:46:26,740 INFO PPO Iter: 950	Total Steps: 1945600	Avg Reward (Batch): 951.86	Avg Reward (Roll100): 948.53	Actor Loss: -0.0004	Critic Loss: 172632.8351	Entropy: 0.2645
2025-05-24 20:46:26,741 INFO Saved PPO actor to /Users/iddah/Documents/CS224R/Exploration-Policy/data/ppo-0.0-rerun/ppo_iter_950.pth
2025-05-24 20:46:31,136 INFO PPO Iter: 960	Total Steps: 1966080	Avg Reward (Batch): 975.71	Avg Reward (Roll100): 979.52	Actor Loss: -0.0008	Critic Loss: 172651.7662	Entropy: 0.2776
2025-05-24 20:46:35,752 INFO PPO Iter: 970	Total Steps: 1986560	Avg Reward (Batch): 951.86	Avg Reward (Roll100): 948.54	Actor Loss: -0.0008	Critic Loss: 172632.0216	Entropy: 0.2586
2025-05-24 20:46:40,312 INFO PPO Iter: 980	Total Steps: 2007040	Avg Reward (Batch): 976.82	Avg Reward (Roll100): 948.54	Actor Loss: -0.0004	Critic Loss: 180901.0014	Entropy: 0.2439
2025-05-24 20:46:44,830 INFO PPO Iter: 990	Total Steps: 2027520	Avg Reward (Batch): 930.67	Avg Reward (Roll100): 948.54	Actor Loss: -0.0004	Critic Loss: 176714.4364	Entropy: 0.2461
2025-05-24 20:46:49,257 INFO PPO Iter: 1000	Total Steps: 2048000	Avg Reward (Batch): 951.86	Avg Reward (Roll100): 938.04	Actor Loss: -0.0006	Critic Loss: 172663.5825	Entropy: 0.2461
2025-05-24 20:46:49,259 INFO Saved PPO actor to /Users/iddah/Documents/CS224R/Exploration-Policy/data/ppo-0.0-rerun/ppo_iter_1000.pth
2025-05-24 20:46:53,798 INFO PPO Iter: 1010	Total Steps: 2068480	Avg Reward (Batch): 976.82	Avg Reward (Roll100): 959.04	Actor Loss: -0.0002	Critic Loss: 180936.0214	Entropy: 0.2259
2025-05-24 20:46:58,186 INFO PPO Iter: 1020	Total Steps: 2088960	Avg Reward (Batch): 976.28	Avg Reward (Roll100): 959.03	Actor Loss: -0.0003	Critic Loss: 176784.5336	Entropy: 0.2303
2025-05-24 20:47:02,607 INFO PPO Iter: 1030	Total Steps: 2109440	Avg Reward (Batch): 952.95	Avg Reward (Roll100): 959.04	Actor Loss: -0.0006	Critic Loss: 176746.1959	Entropy: 0.2280
2025-05-24 20:47:07,068 INFO PPO Iter: 1040	Total Steps: 2129920	Avg Reward (Batch): 951.86	Avg Reward (Roll100): 948.54	Actor Loss: -0.0007	Critic Loss: 172610.7910	Entropy: 0.2334
2025-05-24 20:47:11,484 INFO PPO Iter: 1050	Total Steps: 2150400	Avg Reward (Batch): 911.28	Avg Reward (Roll100): 917.07	Actor Loss: -0.0006	Critic Loss: 180831.8830	Entropy: 0.2166
2025-05-24 20:47:11,485 INFO Saved PPO actor to /Users/iddah/Documents/CS224R/Exploration-Policy/data/ppo-0.0-rerun/ppo_iter_1050.pth
2025-05-24 20:47:15,963 INFO PPO Iter: 1060	Total Steps: 2170880	Avg Reward (Batch): 975.71	Avg Reward (Roll100): 938.05	Actor Loss: -0.0002	Critic Loss: 172671.2551	Entropy: 0.2252
2025-05-24 20:47:20,347 INFO PPO Iter: 1070	Total Steps: 2191360	Avg Reward (Batch): 952.95	Avg Reward (Roll100): 938.05	Actor Loss: -0.0007	Critic Loss: 176705.9885	Entropy: 0.2188
2025-05-24 20:47:24,847 INFO PPO Iter: 1080	Total Steps: 2211840	Avg Reward (Batch): 929.09	Avg Reward (Roll100): 927.55	Actor Loss: -0.0008	Critic Loss: 172532.9689	Entropy: 0.2309
2025-05-24 20:47:29,287 INFO PPO Iter: 1090	Total Steps: 2232320	Avg Reward (Batch): 909.35	Avg Reward (Roll100): 938.05	Actor Loss: -0.0006	Critic Loss: 176754.0396	Entropy: 0.2386
2025-05-24 20:47:33,692 INFO PPO Iter: 1100	Total Steps: 2252800	Avg Reward (Batch): 930.67	Avg Reward (Roll100): 938.06	Actor Loss: -0.0007	Critic Loss: 176763.9039	Entropy: 0.2345
2025-05-24 20:47:33,694 INFO Saved PPO actor to /Users/iddah/Documents/CS224R/Exploration-Policy/data/ppo-0.0-rerun/ppo_iter_1100.pth
2025-05-24 20:47:38,137 INFO PPO Iter: 1110	Total Steps: 2273280	Avg Reward (Batch): 866.60	Avg Reward (Roll100): 875.07	Actor Loss: -0.0014	Critic Loss: 172595.8187	Entropy: 0.2341
2025-05-24 20:47:42,593 INFO PPO Iter: 1120	Total Steps: 2293760	Avg Reward (Batch): 930.67	Avg Reward (Roll100): 927.55	Actor Loss: 0.0001	Critic Loss: 176721.0248	Entropy: 0.2297
2025-05-24 20:47:46,975 INFO PPO Iter: 1130	Total Steps: 2314240	Avg Reward (Batch): 952.95	Avg Reward (Roll100): 948.54	Actor Loss: -0.0002	Critic Loss: 176716.6881	Entropy: 0.2206
2025-05-24 20:47:51,659 INFO PPO Iter: 1140	Total Steps: 2334720	Avg Reward (Batch): 909.35	Avg Reward (Roll100): 938.06	Actor Loss: -0.0001	Critic Loss: 176703.4878	Entropy: 0.2228
2025-05-24 20:47:56,653 INFO PPO Iter: 1150	Total Steps: 2355200	Avg Reward (Batch): 888.94	Avg Reward (Roll100): 906.57	Actor Loss: -0.0004	Critic Loss: 176716.7512	Entropy: 0.2178
2025-05-24 20:47:56,654 INFO Saved PPO actor to /Users/iddah/Documents/CS224R/Exploration-Policy/data/ppo-0.0-rerun/ppo_iter_1150.pth
2025-05-24 20:48:01,271 INFO PPO Iter: 1160	Total Steps: 2375680	Avg Reward (Batch): 952.95	Avg Reward (Roll100): 917.07	Actor Loss: -0.0005	Critic Loss: 176767.0549	Entropy: 0.2143
2025-05-24 20:48:05,850 INFO PPO Iter: 1170	Total Steps: 2396160	Avg Reward (Batch): 930.67	Avg Reward (Roll100): 906.57	Actor Loss: -0.0001	Critic Loss: 176685.9109	Entropy: 0.2062
2025-05-24 20:48:10,380 INFO PPO Iter: 1180	Total Steps: 2416640	Avg Reward (Batch): 930.67	Avg Reward (Roll100): 948.56	Actor Loss: -0.0006	Critic Loss: 176758.1926	Entropy: 0.2206
2025-05-24 20:48:14,982 INFO PPO Iter: 1190	Total Steps: 2437120	Avg Reward (Batch): 933.62	Avg Reward (Roll100): 917.07	Actor Loss: -0.0001	Critic Loss: 184980.3313	Entropy: 0.1932
2025-05-24 20:48:19,630 INFO PPO Iter: 1200	Total Steps: 2457600	Avg Reward (Batch): 930.67	Avg Reward (Roll100): 896.06	Actor Loss: -0.0013	Critic Loss: 176710.3132	Entropy: 0.2053
2025-05-24 20:48:19,630 INFO Saved PPO actor to /Users/iddah/Documents/CS224R/Exploration-Policy/data/ppo-0.0-rerun/ppo_iter_1200.pth
2025-05-24 20:48:24,159 INFO PPO Iter: 1210	Total Steps: 2478080	Avg Reward (Batch): 954.00	Avg Reward (Roll100): 917.07	Actor Loss: -0.0004	Critic Loss: 180815.4983	Entropy: 0.1892
2025-05-24 20:48:28,667 INFO PPO Iter: 1220	Total Steps: 2498560	Avg Reward (Batch): 977.83	Avg Reward (Roll100): 959.06	Actor Loss: -0.0003	Critic Loss: 189078.2070	Entropy: 0.1803
2025-05-24 20:48:33,201 INFO PPO Iter: 1230	Total Steps: 2519040	Avg Reward (Batch): 955.96	Avg Reward (Roll100): 927.57	Actor Loss: -0.0004	Critic Loss: 189032.1717	Entropy: 0.1751
2025-05-24 20:48:37,799 INFO PPO Iter: 1240	Total Steps: 2539520	Avg Reward (Batch): 954.00	Avg Reward (Roll100): 927.56	Actor Loss: -0.0004	Critic Loss: 180850.9405	Entropy: 0.2093
2025-05-24 20:48:42,299 INFO PPO Iter: 1250	Total Steps: 2560000	Avg Reward (Batch): 977.33	Avg Reward (Roll100): 948.56	Actor Loss: -0.0002	Critic Loss: 184990.1410	Entropy: 0.1973
2025-05-24 20:48:42,301 INFO Saved PPO actor to /Users/iddah/Documents/CS224R/Exploration-Policy/data/ppo-0.0-rerun/ppo_iter_1250.pth
2025-05-24 20:48:46,843 INFO PPO Iter: 1260	Total Steps: 2580480	Avg Reward (Batch): 954.00	Avg Reward (Roll100): 917.07	Actor Loss: -0.0007	Critic Loss: 180887.1077	Entropy: 0.1976
2025-05-24 20:48:51,436 INFO PPO Iter: 1270	Total Steps: 2600960	Avg Reward (Batch): 932.17	Avg Reward (Roll100): 927.57	Actor Loss: -0.0002	Critic Loss: 180805.8663	Entropy: 0.1952
2025-05-24 20:48:56,050 INFO PPO Iter: 1280	Total Steps: 2621440	Avg Reward (Batch): 933.62	Avg Reward (Roll100): 917.08	Actor Loss: -0.0006	Critic Loss: 184901.0063	Entropy: 0.1843
2025-05-24 20:49:00,601 INFO PPO Iter: 1290	Total Steps: 2641920	Avg Reward (Batch): 955.00	Avg Reward (Roll100): 948.56	Actor Loss: -0.0000	Critic Loss: 184989.1390	Entropy: 0.1860
2025-05-24 20:49:05,089 INFO PPO Iter: 1300	Total Steps: 2662400	Avg Reward (Batch): 977.33	Avg Reward (Roll100): 927.57	Actor Loss: -0.0004	Critic Loss: 184971.9044	Entropy: 0.1799
2025-05-24 20:49:05,090 INFO Saved PPO actor to /Users/iddah/Documents/CS224R/Exploration-Policy/data/ppo-0.0-rerun/ppo_iter_1300.pth
2025-05-24 20:49:09,699 INFO PPO Iter: 1310	Total Steps: 2682880	Avg Reward (Batch): 955.00	Avg Reward (Roll100): 938.07	Actor Loss: -0.0002	Critic Loss: 184895.0323	Entropy: 0.1715
2025-05-24 20:49:14,322 INFO PPO Iter: 1320	Total Steps: 2703360	Avg Reward (Batch): 955.96	Avg Reward (Roll100): 948.57	Actor Loss: -0.0012	Critic Loss: 189034.1174	Entropy: 0.1694
2025-05-24 20:49:18,875 INFO PPO Iter: 1330	Total Steps: 2723840	Avg Reward (Batch): 911.28	Avg Reward (Roll100): 938.06	Actor Loss: -0.0009	Critic Loss: 180812.0796	Entropy: 0.1913
2025-05-24 20:49:23,400 INFO PPO Iter: 1340	Total Steps: 2744320	Avg Reward (Batch): 955.96	Avg Reward (Roll100): 959.06	Actor Loss: -0.0003	Critic Loss: 189047.5949	Entropy: 0.1745
2025-05-24 20:49:27,818 INFO PPO Iter: 1350	Total Steps: 2764800	Avg Reward (Batch): 955.00	Avg Reward (Roll100): 948.57	Actor Loss: -0.0008	Critic Loss: 184913.5404	Entropy: 0.1842
2025-05-24 20:49:27,819 INFO Saved PPO actor to /Users/iddah/Documents/CS224R/Exploration-Policy/data/ppo-0.0-rerun/ppo_iter_1350.pth
2025-05-24 20:49:32,270 INFO PPO Iter: 1360	Total Steps: 2785280	Avg Reward (Batch): 978.30	Avg Reward (Roll100): 969.58	Actor Loss: -0.0004	Critic Loss: 193149.0191	Entropy: 0.1601
2025-05-24 20:49:36,673 INFO PPO Iter: 1370	Total Steps: 2805760	Avg Reward (Batch): 955.96	Avg Reward (Roll100): 917.08	Actor Loss: -0.0004	Critic Loss: 189038.9948	Entropy: 0.1616
2025-05-24 20:49:41,057 INFO PPO Iter: 1380	Total Steps: 2826240	Avg Reward (Batch): 935.00	Avg Reward (Roll100): 927.59	Actor Loss: -0.0003	Critic Loss: 189059.1647	Entropy: 0.1627
2025-05-24 20:49:45,456 INFO PPO Iter: 1390	Total Steps: 2846720	Avg Reward (Batch): 955.96	Avg Reward (Roll100): 927.58	Actor Loss: -0.0005	Critic Loss: 189011.2208	Entropy: 0.1619
2025-05-24 20:49:49,834 INFO PPO Iter: 1400	Total Steps: 2867200	Avg Reward (Batch): 956.87	Avg Reward (Roll100): 937.58	Actor Loss: -0.0004	Critic Loss: 193160.3871	Entropy: 0.1509
2025-05-24 20:49:49,835 INFO Saved PPO actor to /Users/iddah/Documents/CS224R/Exploration-Policy/data/ppo-0.0-rerun/ppo_iter_1400.pth
2025-05-24 20:49:54,423 INFO PPO Iter: 1410	Total Steps: 2887680	Avg Reward (Batch): 956.87	Avg Reward (Roll100): 938.09	Actor Loss: -0.0004	Critic Loss: 193137.9260	Entropy: 0.1564
2025-05-24 20:49:58,879 INFO PPO Iter: 1420	Total Steps: 2908160	Avg Reward (Batch): 978.30	Avg Reward (Roll100): 948.58	Actor Loss: -0.0005	Critic Loss: 193158.7855	Entropy: 0.1471
2025-05-24 20:50:03,281 INFO PPO Iter: 1430	Total Steps: 2928640	Avg Reward (Batch): 978.30	Avg Reward (Roll100): 959.08	Actor Loss: -0.0004	Critic Loss: 193180.3553	Entropy: 0.1570
2025-05-24 20:50:07,729 INFO PPO Iter: 1440	Total Steps: 2949120	Avg Reward (Batch): 978.75	Avg Reward (Roll100): 969.59	Actor Loss: -0.0007	Critic Loss: 197268.3927	Entropy: 0.1430
2025-05-24 20:50:12,137 INFO PPO Iter: 1450	Total Steps: 2969600	Avg Reward (Batch): 999.56	Avg Reward (Roll100): 948.08	Actor Loss: -0.0007	Critic Loss: 193188.3565	Entropy: 0.1508
2025-05-24 20:50:12,138 INFO Saved PPO actor to /Users/iddah/Documents/CS224R/Exploration-Policy/data/ppo-0.0-rerun/ppo_iter_1450.pth
2025-05-24 20:50:16,550 INFO PPO Iter: 1460	Total Steps: 2990080	Avg Reward (Batch): 935.00	Avg Reward (Roll100): 917.09	Actor Loss: -0.0005	Critic Loss: 188940.9611	Entropy: 0.1540
2025-05-24 20:50:20,949 INFO PPO Iter: 1470	Total Steps: 3010560	Avg Reward (Batch): 914.90	Avg Reward (Roll100): 927.58	Actor Loss: -0.0004	Critic Loss: 189003.3649	Entropy: 0.1630
2025-05-24 20:50:25,405 INFO PPO Iter: 1480	Total Steps: 3031040	Avg Reward (Batch): 999.57	Avg Reward (Roll100): 969.08	Actor Loss: -0.0001	Critic Loss: 197288.1046	Entropy: 0.1562
2025-05-24 20:50:29,998 INFO PPO Iter: 1490	Total Steps: 3051520	Avg Reward (Batch): 895.60	Avg Reward (Roll100): 927.59	Actor Loss: -0.0004	Critic Loss: 188928.7356	Entropy: 0.1527
2025-05-24 20:50:34,528 INFO PPO Iter: 1500	Total Steps: 3072000	Avg Reward (Batch): 978.30	Avg Reward (Roll100): 948.58	Actor Loss: -0.0002	Critic Loss: 193061.0670	Entropy: 0.1466
2025-05-24 20:50:34,529 INFO Saved PPO actor to /Users/iddah/Documents/CS224R/Exploration-Policy/data/ppo-0.0-rerun/ppo_iter_1500.pth
2025-05-24 20:50:34,529 INFO --- PPO Fine-tuning Complete ---
2025-05-24 20:50:34,530 INFO Final PPO-tuned actor saved to /Users/iddah/Documents/CS224R/Exploration-Policy/data/ppo-0.0-rerun/ppo_final.pth
