2025-05-24 22:56:27,885 INFO Loading model from /Users/iddah/Documents/CS224R/Exploration-Policy/data/ppo-0.0/ppo_final.pth
2025-05-24 22:56:27,885 INFO Using device: cpu
2025-05-24 22:56:27,890 INFO Model loaded successfully.
2025-05-24 22:56:27,890 INFO Generating stochastic trajectory 1/10
2025-05-24 22:56:30,535 INFO Saved plot to /Users/iddah/Documents/CS224R/Exploration-Policy/data/ppo-0.0/stochastic_traj_1.png
2025-05-24 22:56:30,536 INFO Generating stochastic trajectory 2/10
2025-05-24 22:56:31,666 INFO Saved plot to /Users/iddah/Documents/CS224R/Exploration-Policy/data/ppo-0.0/stochastic_traj_2.png
2025-05-24 22:56:31,666 INFO Generating stochastic trajectory 3/10
2025-05-24 22:56:32,865 INFO Saved plot to /Users/iddah/Documents/CS224R/Exploration-Policy/data/ppo-0.0/stochastic_traj_3.png
2025-05-24 22:56:32,865 INFO Generating stochastic trajectory 4/10
2025-05-24 22:56:34,031 INFO Saved plot to /Users/iddah/Documents/CS224R/Exploration-Policy/data/ppo-0.0/stochastic_traj_4.png
2025-05-24 22:56:34,032 INFO Generating stochastic trajectory 5/10
2025-05-24 22:56:34,933 INFO Saved plot to /Users/iddah/Documents/CS224R/Exploration-Policy/data/ppo-0.0/stochastic_traj_5.png
2025-05-24 22:56:34,933 INFO Generating stochastic trajectory 6/10
2025-05-24 22:56:35,820 INFO Saved plot to /Users/iddah/Documents/CS224R/Exploration-Policy/data/ppo-0.0/stochastic_traj_6.png
2025-05-24 22:56:35,821 INFO Generating stochastic trajectory 7/10
2025-05-24 22:56:36,881 INFO Saved plot to /Users/iddah/Documents/CS224R/Exploration-Policy/data/ppo-0.0/stochastic_traj_7.png
2025-05-24 22:56:36,881 INFO Generating stochastic trajectory 8/10
2025-05-24 22:56:37,831 INFO Saved plot to /Users/iddah/Documents/CS224R/Exploration-Policy/data/ppo-0.0/stochastic_traj_8.png
2025-05-24 22:56:37,831 INFO Generating stochastic trajectory 9/10
2025-05-24 22:56:38,681 INFO Saved plot to /Users/iddah/Documents/CS224R/Exploration-Policy/data/ppo-0.0/stochastic_traj_9.png
2025-05-24 22:56:38,681 INFO Generating stochastic trajectory 10/10
2025-05-24 22:56:39,932 INFO Saved plot to /Users/iddah/Documents/CS224R/Exploration-Policy/data/ppo-0.0/stochastic_traj_10.png
2025-05-24 22:56:39,933 INFO All done.
