2025-05-24 23:18:56,576 INFO Using device: cpu
2025-05-24 23:18:56,579 INFO Attempting to load IL-trained actor from: /Users/iddah/Documents/CS224R/Exploration-Policy/saved_models_exp/policy_il_trained.pth
2025-05-24 23:18:56,581 INFO Successfully loaded pre-trained IL actor.
2025-05-24 23:18:57,817 INFO --- Starting PPO Fine-tuning ---
2025-05-24 23:19:08,524 INFO PPO Iter: 10	Total Steps: 20480	Avg Reward (Batch): 784.70	Avg Reward (Roll100): 738.43	Actor Loss: -0.0002	Critic Loss: 113980.1815	Entropy: 0.6156
2025-05-24 23:19:20,918 INFO PPO Iter: 20	Total Steps: 40960	Avg Reward (Batch): 736.94	Avg Reward (Roll100): 779.93	Actor Loss: -0.0004	Critic Loss: 113966.9457	Entropy: 0.6303
2025-05-24 23:19:34,823 INFO PPO Iter: 30	Total Steps: 61440	Avg Reward (Batch): 738.33	Avg Reward (Roll100): 727.95	Actor Loss: -0.0004	Critic Loss: 113941.8887	Entropy: 0.6243
2025-05-24 23:19:49,008 INFO PPO Iter: 40	Total Steps: 81920	Avg Reward (Batch): 970.00	Avg Reward (Roll100): 958.91	Actor Loss: -0.0003	Critic Loss: 139119.4756	Entropy: 0.5635
2025-05-24 23:20:02,919 INFO PPO Iter: 50	Total Steps: 102400	Avg Reward (Batch): 908.23	Avg Reward (Roll100): 885.42	Actor Loss: -0.0006	Critic Loss: 130699.9265	Entropy: 0.5999
2025-05-24 23:20:02,923 INFO Saved PPO actor to /Users/iddah/Documents/CS224R/Exploration-Policy/data/ppo-0.005/ppo_iter_50.pth
2025-05-24 23:20:16,427 INFO PPO Iter: 60	Total Steps: 122880	Avg Reward (Batch): 779.73	Avg Reward (Roll100): 811.96	Actor Loss: -0.0006	Critic Loss: 126607.2043	Entropy: 0.5734
2025-05-24 23:20:29,936 INFO PPO Iter: 70	Total Steps: 143360	Avg Reward (Batch): 802.16	Avg Reward (Roll100): 811.97	Actor Loss: -0.0006	Critic Loss: 126595.2973	Entropy: 0.5718
2025-05-24 23:20:43,527 INFO PPO Iter: 80	Total Steps: 163840	Avg Reward (Batch): 862.63	Avg Reward (Roll100): 843.48	Actor Loss: -0.0002	Critic Loss: 139191.6299	Entropy: 0.5471
2025-05-24 23:20:57,719 INFO PPO Iter: 90	Total Steps: 184320	Avg Reward (Batch): 862.63	Avg Reward (Roll100): 864.47	Actor Loss: -0.0008	Critic Loss: 139256.2692	Entropy: 0.5290
2025-05-24 23:21:12,316 INFO PPO Iter: 100	Total Steps: 204800	Avg Reward (Batch): 887.29	Avg Reward (Roll100): 864.47	Actor Loss: -0.0004	Critic Loss: 139229.7885	Entropy: 0.5149
2025-05-24 23:21:12,319 INFO Saved PPO actor to /Users/iddah/Documents/CS224R/Exploration-Policy/data/ppo-0.005/ppo_iter_100.pth
2025-05-24 23:21:26,565 INFO PPO Iter: 110	Total Steps: 225280	Avg Reward (Batch): 915.67	Avg Reward (Roll100): 916.95	Actor Loss: -0.0003	Critic Loss: 143361.3712	Entropy: 0.5097
2025-05-24 23:21:41,885 INFO PPO Iter: 120	Total Steps: 245760	Avg Reward (Batch): 725.71	Avg Reward (Roll100): 801.49	Actor Loss: -0.0010	Critic Loss: 130781.1739	Entropy: 0.5267
2025-05-24 23:21:56,216 INFO PPO Iter: 130	Total Steps: 266240	Avg Reward (Batch): 866.15	Avg Reward (Roll100): 874.97	Actor Loss: -0.0003	Critic Loss: 143429.9769	Entropy: 0.4929
2025-05-24 23:22:10,404 INFO PPO Iter: 140	Total Steps: 286720	Avg Reward (Batch): 866.15	Avg Reward (Roll100): 895.97	Actor Loss: -0.0004	Critic Loss: 143416.8494	Entropy: 0.5193
2025-05-24 23:22:24,600 INFO PPO Iter: 150	Total Steps: 307200	Avg Reward (Batch): 866.15	Avg Reward (Roll100): 906.47	Actor Loss: -0.0013	Critic Loss: 143409.1838	Entropy: 0.5092
2025-05-24 23:22:24,602 INFO Saved PPO actor to /Users/iddah/Documents/CS224R/Exploration-Policy/data/ppo-0.005/ppo_iter_150.pth
2025-05-24 23:22:38,999 INFO PPO Iter: 160	Total Steps: 327680	Avg Reward (Batch): 862.63	Avg Reward (Roll100): 874.97	Actor Loss: -0.0007	Critic Loss: 139187.1435	Entropy: 0.5020
2025-05-24 23:22:53,042 INFO PPO Iter: 170	Total Steps: 348160	Avg Reward (Batch): 890.26	Avg Reward (Roll100): 895.96	Actor Loss: -0.0004	Critic Loss: 143400.3353	Entropy: 0.4930
2025-05-24 23:23:16,127 INFO PPO Iter: 180	Total Steps: 368640	Avg Reward (Batch): 917.89	Avg Reward (Roll100): 916.96	Actor Loss: -0.0006	Critic Loss: 147627.3344	Entropy: 0.4912
2025-05-24 23:23:32,290 INFO PPO Iter: 190	Total Steps: 389120	Avg Reward (Batch): 944.05	Avg Reward (Roll100): 895.98	Actor Loss: -0.0002	Critic Loss: 147679.7365	Entropy: 0.4875
2025-05-24 23:23:47,091 INFO PPO Iter: 200	Total Steps: 409600	Avg Reward (Batch): 972.43	Avg Reward (Roll100): 916.96	Actor Loss: -0.0003	Critic Loss: 151790.8856	Entropy: 0.4636
2025-05-24 23:23:47,094 INFO Saved PPO actor to /Users/iddah/Documents/CS224R/Exploration-Policy/data/ppo-0.005/ppo_iter_200.pth
2025-05-24 23:24:08,260 INFO PPO Iter: 210	Total Steps: 430080	Avg Reward (Batch): 945.52	Avg Reward (Roll100): 895.95	Actor Loss: -0.0003	Critic Loss: 151788.1406	Entropy: 0.4718
2025-05-24 23:24:24,334 INFO PPO Iter: 220	Total Steps: 450560	Avg Reward (Batch): 893.07	Avg Reward (Roll100): 916.98	Actor Loss: -0.0006	Critic Loss: 147645.3395	Entropy: 0.4805
2025-05-24 23:24:39,602 INFO PPO Iter: 230	Total Steps: 471040	Avg Reward (Batch): 945.52	Avg Reward (Roll100): 937.97	Actor Loss: -0.0005	Critic Loss: 151806.5654	Entropy: 0.4691
2025-05-24 23:24:53,842 INFO PPO Iter: 240	Total Steps: 491520	Avg Reward (Batch): 945.52	Avg Reward (Roll100): 917.43	Actor Loss: -0.0003	Critic Loss: 151844.3129	Entropy: 0.4708
2025-05-24 23:25:07,550 INFO PPO Iter: 250	Total Steps: 512000	Avg Reward (Batch): 866.15	Avg Reward (Roll100): 905.98	Actor Loss: -0.0006	Critic Loss: 143408.2790	Entropy: 0.4847
2025-05-24 23:25:07,554 INFO Saved PPO actor to /Users/iddah/Documents/CS224R/Exploration-Policy/data/ppo-0.005/ppo_iter_250.pth
2025-05-24 23:25:21,006 INFO PPO Iter: 260	Total Steps: 532480	Avg Reward (Batch): 869.50	Avg Reward (Roll100): 884.99	Actor Loss: -0.0003	Critic Loss: 147611.0093	Entropy: 0.4853
2025-05-24 23:25:34,821 INFO PPO Iter: 270	Total Steps: 552960	Avg Reward (Batch): 920.00	Avg Reward (Roll100): 916.98	Actor Loss: -0.0010	Critic Loss: 151840.8507	Entropy: 0.4748
2025-05-24 23:25:49,034 INFO PPO Iter: 280	Total Steps: 573440	Avg Reward (Batch): 945.52	Avg Reward (Roll100): 937.97	Actor Loss: -0.0003	Critic Loss: 151786.1234	Entropy: 0.4744
2025-05-24 23:26:05,476 INFO PPO Iter: 290	Total Steps: 593920	Avg Reward (Batch): 890.26	Avg Reward (Roll100): 885.48	Actor Loss: -0.0004	Critic Loss: 143399.0804	Entropy: 0.4627
2025-05-24 23:26:21,467 INFO PPO Iter: 300	Total Steps: 614400	Avg Reward (Batch): 945.52	Avg Reward (Roll100): 948.47	Actor Loss: -0.0003	Critic Loss: 151761.6827	Entropy: 0.4679
2025-05-24 23:26:21,472 INFO Saved PPO actor to /Users/iddah/Documents/CS224R/Exploration-Policy/data/ppo-0.005/ppo_iter_300.pth
2025-05-24 23:26:37,766 INFO PPO Iter: 310	Total Steps: 634880	Avg Reward (Batch): 817.00	Avg Reward (Roll100): 832.99	Actor Loss: -0.0004	Critic Loss: 139261.7784	Entropy: 0.4884
2025-05-24 23:26:53,032 INFO PPO Iter: 320	Total Steps: 655360	Avg Reward (Batch): 893.07	Avg Reward (Roll100): 864.50	Actor Loss: -0.0002	Critic Loss: 147634.4652	Entropy: 0.4909
2025-05-24 23:27:08,579 INFO PPO Iter: 330	Total Steps: 675840	Avg Reward (Batch): 917.89	Avg Reward (Roll100): 885.48	Actor Loss: -0.0003	Critic Loss: 147565.3268	Entropy: 0.4780
2025-05-24 23:27:26,043 INFO PPO Iter: 340	Total Steps: 696320	Avg Reward (Batch): 890.26	Avg Reward (Roll100): 906.47	Actor Loss: -0.0010	Critic Loss: 143332.1441	Entropy: 0.4860
2025-05-24 23:27:43,862 INFO PPO Iter: 350	Total Steps: 716800	Avg Reward (Batch): 872.68	Avg Reward (Roll100): 885.49	Actor Loss: -0.0006	Critic Loss: 151773.4816	Entropy: 0.4792
2025-05-24 23:27:43,866 INFO Saved PPO actor to /Users/iddah/Documents/CS224R/Exploration-Policy/data/ppo-0.005/ppo_iter_350.pth
2025-05-24 23:27:58,347 INFO PPO Iter: 360	Total Steps: 737280	Avg Reward (Batch): 842.00	Avg Reward (Roll100): 843.00	Actor Loss: -0.0004	Critic Loss: 143445.6082	Entropy: 0.5090
2025-05-24 23:28:15,407 INFO PPO Iter: 370	Total Steps: 757760	Avg Reward (Batch): 817.00	Avg Reward (Roll100): 843.49	Actor Loss: -0.0017	Critic Loss: 139272.5328	Entropy: 0.5015
2025-05-24 23:28:29,654 INFO PPO Iter: 380	Total Steps: 778240	Avg Reward (Batch): 946.92	Avg Reward (Roll100): 895.99	Actor Loss: -0.0006	Critic Loss: 156001.2829	Entropy: 0.4692
2025-05-24 23:28:44,742 INFO PPO Iter: 390	Total Steps: 798720	Avg Reward (Batch): 944.05	Avg Reward (Roll100): 916.98	Actor Loss: -0.0006	Critic Loss: 147560.9555	Entropy: 0.4750
2025-05-24 23:29:00,888 INFO PPO Iter: 400	Total Steps: 819200	Avg Reward (Batch): 945.52	Avg Reward (Roll100): 895.98	Actor Loss: -0.0003	Critic Loss: 151808.2473	Entropy: 0.4698
2025-05-24 23:29:00,891 INFO Saved PPO actor to /Users/iddah/Documents/CS224R/Exploration-Policy/data/ppo-0.005/ppo_iter_400.pth
2025-05-24 23:29:15,306 INFO PPO Iter: 410	Total Steps: 839680	Avg Reward (Batch): 920.00	Avg Reward (Roll100): 885.49	Actor Loss: -0.0002	Critic Loss: 151765.2077	Entropy: 0.4549
2025-05-24 23:29:28,924 INFO PPO Iter: 420	Total Steps: 860160	Avg Reward (Batch): 945.52	Avg Reward (Roll100): 937.97	Actor Loss: -0.0012	Critic Loss: 151809.8113	Entropy: 0.4584
2025-05-24 23:29:44,013 INFO PPO Iter: 430	Total Steps: 880640	Avg Reward (Batch): 843.25	Avg Reward (Roll100): 895.98	Actor Loss: -0.0005	Critic Loss: 143413.0990	Entropy: 0.4783
2025-05-24 23:29:59,666 INFO PPO Iter: 440	Total Steps: 901120	Avg Reward (Batch): 795.85	Avg Reward (Roll100): 832.99	Actor Loss: -0.0006	Critic Loss: 139255.5025	Entropy: 0.4938
2025-05-24 23:30:14,905 INFO PPO Iter: 450	Total Steps: 921600	Avg Reward (Batch): 893.07	Avg Reward (Roll100): 906.48	Actor Loss: -0.0002	Critic Loss: 147622.5020	Entropy: 0.4734
2025-05-24 23:30:14,909 INFO Saved PPO actor to /Users/iddah/Documents/CS224R/Exploration-Policy/data/ppo-0.005/ppo_iter_450.pth
2025-05-24 23:30:31,798 INFO PPO Iter: 460	Total Steps: 942080	Avg Reward (Batch): 869.50	Avg Reward (Roll100): 885.49	Actor Loss: -0.0004	Critic Loss: 147622.9250	Entropy: 0.4524
2025-05-24 23:30:47,735 INFO PPO Iter: 470	Total Steps: 962560	Avg Reward (Batch): 875.15	Avg Reward (Roll100): 896.45	Actor Loss: -0.0001	Critic Loss: 122288.8161	Entropy: 0.4249
2025-05-24 23:31:04,328 INFO PPO Iter: 480	Total Steps: 983040	Avg Reward (Batch): 945.52	Avg Reward (Roll100): 927.47	Actor Loss: -0.0008	Critic Loss: 151734.0322	Entropy: 0.4482
2025-05-24 23:31:19,941 INFO PPO Iter: 490	Total Steps: 1003520	Avg Reward (Batch): 845.85	Avg Reward (Roll100): 864.00	Actor Loss: -0.0003	Critic Loss: 147644.4420	Entropy: 0.4719
2025-05-24 23:31:33,989 INFO PPO Iter: 500	Total Steps: 1024000	Avg Reward (Batch): 917.89	Avg Reward (Roll100): 864.49	Actor Loss: -0.0007	Critic Loss: 147628.1037	Entropy: 0.4799
2025-05-24 23:31:33,992 INFO Saved PPO actor to /Users/iddah/Documents/CS224R/Exploration-Policy/data/ppo-0.005/ppo_iter_500.pth
2025-05-24 23:31:47,798 INFO PPO Iter: 510	Total Steps: 1044480	Avg Reward (Batch): 898.29	Avg Reward (Roll100): 895.99	Actor Loss: -0.0005	Critic Loss: 155904.8576	Entropy: 0.4439
2025-05-24 23:32:02,123 INFO PPO Iter: 520	Total Steps: 1064960	Avg Reward (Batch): 869.50	Avg Reward (Roll100): 885.49	Actor Loss: -0.0008	Critic Loss: 147569.4342	Entropy: 0.4596
2025-05-24 23:32:16,290 INFO PPO Iter: 530	Total Steps: 1085440	Avg Reward (Batch): 945.52	Avg Reward (Roll100): 927.47	Actor Loss: -0.0006	Critic Loss: 151811.3127	Entropy: 0.4609
2025-05-24 23:32:28,724 INFO PPO Iter: 540	Total Steps: 1105920	Avg Reward (Batch): 869.50	Avg Reward (Roll100): 843.50	Actor Loss: -0.0006	Critic Loss: 147618.4675	Entropy: 0.4561
2025-05-24 23:32:41,736 INFO PPO Iter: 550	Total Steps: 1126400	Avg Reward (Batch): 869.50	Avg Reward (Roll100): 822.52	Actor Loss: -0.0008	Critic Loss: 147569.8190	Entropy: 0.4669
2025-05-24 23:32:41,740 INFO Saved PPO actor to /Users/iddah/Documents/CS224R/Exploration-Policy/data/ppo-0.005/ppo_iter_550.pth
2025-05-24 23:32:55,607 INFO PPO Iter: 560	Total Steps: 1146880	Avg Reward (Batch): 821.46	Avg Reward (Roll100): 854.00	Actor Loss: -0.0003	Critic Loss: 143409.0220	Entropy: 0.4693
2025-05-24 23:33:10,909 INFO PPO Iter: 570	Total Steps: 1167360	Avg Reward (Batch): 869.50	Avg Reward (Roll100): 822.52	Actor Loss: -0.0006	Critic Loss: 147600.1804	Entropy: 0.4764
2025-05-24 23:33:22,036 INFO PPO Iter: 580	Total Steps: 1187840	Avg Reward (Batch): 972.43	Avg Reward (Roll100): 927.46	Actor Loss: -0.0006	Critic Loss: 151712.8121	Entropy: 0.4509
2025-05-24 23:33:33,568 INFO PPO Iter: 590	Total Steps: 1208320	Avg Reward (Batch): 893.07	Avg Reward (Roll100): 875.00	Actor Loss: -0.0003	Critic Loss: 147593.6431	Entropy: 0.4707
2025-05-24 23:33:44,860 INFO PPO Iter: 600	Total Steps: 1228800	Avg Reward (Batch): 872.68	Avg Reward (Roll100): 906.49	Actor Loss: -0.0007	Critic Loss: 151680.8300	Entropy: 0.4251
2025-05-24 23:33:44,863 INFO Saved PPO actor to /Users/iddah/Documents/CS224R/Exploration-Policy/data/ppo-0.005/ppo_iter_600.pth
2025-05-24 23:33:55,769 INFO PPO Iter: 610	Total Steps: 1249280	Avg Reward (Batch): 895.75	Avg Reward (Roll100): 885.00	Actor Loss: -0.0005	Critic Loss: 151726.7790	Entropy: 0.4271
2025-05-24 23:34:06,440 INFO PPO Iter: 620	Total Steps: 1269760	Avg Reward (Batch): 895.75	Avg Reward (Roll100): 864.51	Actor Loss: -0.0007	Critic Loss: 151683.5756	Entropy: 0.4431
2025-05-24 23:34:17,237 INFO PPO Iter: 630	Total Steps: 1290240	Avg Reward (Batch): 780.93	Avg Reward (Roll100): 843.52	Actor Loss: -0.0004	Critic Loss: 143377.4302	Entropy: 0.4488
2025-05-24 23:34:28,984 INFO PPO Iter: 640	Total Steps: 1310720	Avg Reward (Batch): 895.75	Avg Reward (Roll100): 927.49	Actor Loss: -0.0003	Critic Loss: 151682.7375	Entropy: 0.4303
2025-05-24 23:34:42,921 INFO PPO Iter: 650	Total Steps: 1331200	Avg Reward (Batch): 869.50	Avg Reward (Roll100): 895.99	Actor Loss: -0.0001	Critic Loss: 147490.8513	Entropy: 0.4371
2025-05-24 23:34:42,924 INFO Saved PPO actor to /Users/iddah/Documents/CS224R/Exploration-Policy/data/ppo-0.005/ppo_iter_650.pth
2025-05-24 23:34:56,901 INFO PPO Iter: 660	Total Steps: 1351680	Avg Reward (Batch): 920.00	Avg Reward (Roll100): 906.50	Actor Loss: -0.0003	Critic Loss: 151663.9634	Entropy: 0.4248
2025-05-24 23:35:08,990 INFO PPO Iter: 670	Total Steps: 1372160	Avg Reward (Batch): 922.00	Avg Reward (Roll100): 917.00	Actor Loss: -0.0003	Critic Loss: 155881.4039	Entropy: 0.4242
2025-05-24 23:35:20,769 INFO PPO Iter: 680	Total Steps: 1392640	Avg Reward (Batch): 893.07	Avg Reward (Roll100): 905.99	Actor Loss: -0.0005	Critic Loss: 147463.7220	Entropy: 0.4460
2025-05-24 23:35:32,382 INFO PPO Iter: 690	Total Steps: 1413120	Avg Reward (Batch): 922.00	Avg Reward (Roll100): 843.52	Actor Loss: -0.0010	Critic Loss: 155872.7404	Entropy: 0.4074
2025-05-24 23:35:43,735 INFO PPO Iter: 700	Total Steps: 1433600	Avg Reward (Batch): 946.92	Avg Reward (Roll100): 927.49	Actor Loss: -0.0005	Critic Loss: 155905.4115	Entropy: 0.4167
2025-05-24 23:35:43,739 INFO Saved PPO actor to /Users/iddah/Documents/CS224R/Exploration-Policy/data/ppo-0.005/ppo_iter_700.pth
2025-05-24 23:35:54,750 INFO PPO Iter: 710	Total Steps: 1454080	Avg Reward (Batch): 900.71	Avg Reward (Roll100): 937.50	Actor Loss: -0.0004	Critic Loss: 160026.0416	Entropy: 0.4021
2025-05-24 23:36:05,727 INFO PPO Iter: 720	Total Steps: 1474560	Avg Reward (Batch): 854.18	Avg Reward (Roll100): 875.02	Actor Loss: -0.0001	Critic Loss: 155830.7715	Entropy: 0.4165
2025-05-24 23:36:16,643 INFO PPO Iter: 730	Total Steps: 1495040	Avg Reward (Batch): 900.71	Avg Reward (Roll100): 854.03	Actor Loss: -0.0005	Critic Loss: 160019.3898	Entropy: 0.3876
2025-05-24 23:36:27,822 INFO PPO Iter: 740	Total Steps: 1515520	Avg Reward (Batch): 900.71	Avg Reward (Roll100): 885.51	Actor Loss: -0.0016	Critic Loss: 160059.2766	Entropy: 0.3721
2025-05-24 23:36:39,696 INFO PPO Iter: 750	Total Steps: 1536000	Avg Reward (Batch): 974.50	Avg Reward (Roll100): 958.99	Actor Loss: -0.0002	Critic Loss: 164157.0945	Entropy: 0.3731
2025-05-24 23:36:39,699 INFO Saved PPO actor to /Users/iddah/Documents/CS224R/Exploration-Policy/data/ppo-0.005/ppo_iter_750.pth
2025-05-24 23:36:51,305 INFO PPO Iter: 760	Total Steps: 1556480	Avg Reward (Batch): 973.84	Avg Reward (Roll100): 969.49	Actor Loss: -0.0011	Critic Loss: 160000.6832	Entropy: 0.3873
2025-05-24 23:37:02,440 INFO PPO Iter: 770	Total Steps: 1576960	Avg Reward (Batch): 944.05	Avg Reward (Roll100): 906.49	Actor Loss: -0.0007	Critic Loss: 147560.2587	Entropy: 0.4043
2025-05-24 23:37:13,651 INFO PPO Iter: 780	Total Steps: 1597440	Avg Reward (Batch): 847.07	Avg Reward (Roll100): 854.03	Actor Loss: -0.0010	Critic Loss: 147483.4121	Entropy: 0.4105
2025-05-24 23:37:25,419 INFO PPO Iter: 790	Total Steps: 1617920	Avg Reward (Batch): 900.71	Avg Reward (Roll100): 906.51	Actor Loss: -0.0006	Critic Loss: 159969.8578	Entropy: 0.3677
2025-05-24 23:37:37,074 INFO PPO Iter: 800	Total Steps: 1638400	Avg Reward (Batch): 925.71	Avg Reward (Roll100): 896.02	Actor Loss: -0.0003	Critic Loss: 164152.3753	Entropy: 0.3686
2025-05-24 23:37:37,077 INFO Saved PPO actor to /Users/iddah/Documents/CS224R/Exploration-Policy/data/ppo-0.005/ppo_iter_800.pth
2025-05-24 23:37:48,727 INFO PPO Iter: 810	Total Steps: 1658880	Avg Reward (Batch): 878.60	Avg Reward (Roll100): 854.03	Actor Loss: -0.0004	Critic Loss: 160018.3342	Entropy: 0.3387
2025-05-24 23:38:00,251 INFO PPO Iter: 820	Total Steps: 1679360	Avg Reward (Batch): 949.51	Avg Reward (Roll100): 885.53	Actor Loss: -0.0005	Critic Loss: 164181.6098	Entropy: 0.3572
2025-05-24 23:38:12,023 INFO PPO Iter: 830	Total Steps: 1699840	Avg Reward (Batch): 837.33	Avg Reward (Roll100): 854.04	Actor Loss: -0.0003	Critic Loss: 159957.8321	Entropy: 0.3451
2025-05-24 23:38:24,383 INFO PPO Iter: 840	Total Steps: 1720320	Avg Reward (Batch): 903.02	Avg Reward (Roll100): 906.53	Actor Loss: -0.0004	Critic Loss: 164147.4877	Entropy: 0.3538
2025-05-24 23:38:36,015 INFO PPO Iter: 850	Total Steps: 1740800	Avg Reward (Batch): 925.71	Avg Reward (Roll100): 896.03	Actor Loss: -0.0010	Critic Loss: 164162.7152	Entropy: 0.3533
2025-05-24 23:38:36,018 INFO Saved PPO actor to /Users/iddah/Documents/CS224R/Exploration-Policy/data/ppo-0.005/ppo_iter_850.pth
2025-05-24 23:38:48,677 INFO PPO Iter: 860	Total Steps: 1761280	Avg Reward (Batch): 903.02	Avg Reward (Roll100): 875.03	Actor Loss: -0.0004	Critic Loss: 164167.3679	Entropy: 0.3455
2025-05-24 23:39:00,648 INFO PPO Iter: 870	Total Steps: 1781760	Avg Reward (Batch): 903.02	Avg Reward (Roll100): 875.04	Actor Loss: -0.0002	Critic Loss: 164151.9803	Entropy: 0.3461
2025-05-24 23:39:12,469 INFO PPO Iter: 880	Total Steps: 1802240	Avg Reward (Batch): 900.71	Avg Reward (Roll100): 896.03	Actor Loss: -0.0005	Critic Loss: 159928.1282	Entropy: 0.3513
2025-05-24 23:39:25,319 INFO PPO Iter: 890	Total Steps: 1822720	Avg Reward (Batch): 949.51	Avg Reward (Roll100): 927.52	Actor Loss: -0.0003	Critic Loss: 164131.0299	Entropy: 0.3460
2025-05-24 23:39:38,204 INFO PPO Iter: 900	Total Steps: 1843200	Avg Reward (Batch): 927.44	Avg Reward (Roll100): 885.54	Actor Loss: -0.0002	Critic Loss: 168303.5895	Entropy: 0.3272
2025-05-24 23:39:38,207 INFO Saved PPO actor to /Users/iddah/Documents/CS224R/Exploration-Policy/data/ppo-0.005/ppo_iter_900.pth
2025-05-24 23:39:51,575 INFO PPO Iter: 910	Total Steps: 1863680	Avg Reward (Batch): 950.71	Avg Reward (Roll100): 917.04	Actor Loss: -0.0002	Critic Loss: 168317.9735	Entropy: 0.3302
2025-05-24 23:40:03,606 INFO PPO Iter: 920	Total Steps: 1884160	Avg Reward (Batch): 927.44	Avg Reward (Roll100): 896.03	Actor Loss: -0.0002	Critic Loss: 168284.5016	Entropy: 0.3506
2025-05-24 23:40:16,236 INFO PPO Iter: 930	Total Steps: 1904640	Avg Reward (Batch): 905.23	Avg Reward (Roll100): 885.55	Actor Loss: -0.0003	Critic Loss: 168243.7759	Entropy: 0.3482
2025-05-24 23:40:30,855 INFO PPO Iter: 940	Total Steps: 1925120	Avg Reward (Batch): 857.50	Avg Reward (Roll100): 896.03	Actor Loss: -0.0002	Critic Loss: 159955.3950	Entropy: 0.3561
2025-05-24 23:40:43,923 INFO PPO Iter: 950	Total Steps: 1945600	Avg Reward (Batch): 860.67	Avg Reward (Roll100): 896.04	Actor Loss: -0.0002	Critic Loss: 164099.9943	Entropy: 0.3463
2025-05-24 23:40:43,928 INFO Saved PPO actor to /Users/iddah/Documents/CS224R/Exploration-Policy/data/ppo-0.005/ppo_iter_950.pth
2025-05-24 23:40:56,935 INFO PPO Iter: 960	Total Steps: 1966080	Avg Reward (Batch): 881.36	Avg Reward (Roll100): 906.53	Actor Loss: -0.0002	Critic Loss: 164105.3143	Entropy: 0.3262
2025-05-24 23:41:12,019 INFO PPO Iter: 970	Total Steps: 1986560	Avg Reward (Batch): 878.60	Avg Reward (Roll100): 885.53	Actor Loss: -0.0004	Critic Loss: 159971.0466	Entropy: 0.3507
2025-05-24 23:41:23,216 INFO PPO Iter: 980	Total Steps: 2007040	Avg Reward (Batch): 840.87	Avg Reward (Roll100): 885.55	Actor Loss: -0.0006	Critic Loss: 164110.5527	Entropy: 0.3254
2025-05-24 23:41:36,557 INFO PPO Iter: 990	Total Steps: 2027520	Avg Reward (Batch): 777.23	Avg Reward (Roll100): 822.56	Actor Loss: -0.0004	Critic Loss: 155727.7160	Entropy: 0.3290
2025-05-24 23:41:49,600 INFO PPO Iter: 1000	Total Steps: 2048000	Avg Reward (Batch): 818.04	Avg Reward (Roll100): 833.06	Actor Loss: -0.0004	Critic Loss: 159911.8139	Entropy: 0.3671
2025-05-24 23:41:49,604 INFO Saved PPO actor to /Users/iddah/Documents/CS224R/Exploration-Policy/data/ppo-0.005/ppo_iter_1000.pth
2025-05-24 23:42:01,203 INFO PPO Iter: 1010	Total Steps: 2068480	Avg Reward (Batch): 837.33	Avg Reward (Roll100): 801.56	Actor Loss: -0.0003	Critic Loss: 159936.6307	Entropy: 0.3506
2025-05-24 23:42:15,063 INFO PPO Iter: 1020	Total Steps: 2088960	Avg Reward (Batch): 860.67	Avg Reward (Roll100): 885.55	Actor Loss: -0.0002	Critic Loss: 164085.7710	Entropy: 0.3162
2025-05-24 23:42:26,178 INFO PPO Iter: 1030	Total Steps: 2109440	Avg Reward (Batch): 951.86	Avg Reward (Roll100): 938.03	Actor Loss: -0.0002	Critic Loss: 172472.5402	Entropy: 0.2784
2025-05-24 23:42:38,895 INFO PPO Iter: 1040	Total Steps: 2129920	Avg Reward (Batch): 976.28	Avg Reward (Roll100): 938.04	Actor Loss: -0.0003	Critic Loss: 176601.4308	Entropy: 0.2840
2025-05-24 23:42:52,539 INFO PPO Iter: 1050	Total Steps: 2150400	Avg Reward (Batch): 929.09	Avg Reward (Roll100): 938.04	Actor Loss: -0.0001	Critic Loss: 172462.9683	Entropy: 0.2942
2025-05-24 23:42:52,543 INFO Saved PPO actor to /Users/iddah/Documents/CS224R/Exploration-Policy/data/ppo-0.005/ppo_iter_1050.pth
2025-05-24 23:43:05,183 INFO PPO Iter: 1060	Total Steps: 2170880	Avg Reward (Batch): 951.86	Avg Reward (Roll100): 938.03	Actor Loss: -0.0003	Critic Loss: 172489.5751	Entropy: 0.2907
2025-05-24 23:43:16,898 INFO PPO Iter: 1070	Total Steps: 2191360	Avg Reward (Batch): 975.71	Avg Reward (Roll100): 906.55	Actor Loss: -0.0003	Critic Loss: 172456.7741	Entropy: 0.3083
2025-05-24 23:43:29,249 INFO PPO Iter: 1080	Total Steps: 2211840	Avg Reward (Batch): 929.09	Avg Reward (Roll100): 917.05	Actor Loss: -0.0001	Critic Loss: 172409.6275	Entropy: 0.2990
2025-05-24 23:43:42,008 INFO PPO Iter: 1090	Total Steps: 2232320	Avg Reward (Batch): 929.09	Avg Reward (Roll100): 906.55	Actor Loss: -0.0005	Critic Loss: 172400.0183	Entropy: 0.2731
2025-05-24 23:43:54,573 INFO PPO Iter: 1100	Total Steps: 2252800	Avg Reward (Batch): 929.09	Avg Reward (Roll100): 906.55	Actor Loss: -0.0004	Critic Loss: 172411.2053	Entropy: 0.2784
2025-05-24 23:43:54,576 INFO Saved PPO actor to /Users/iddah/Documents/CS224R/Exploration-Policy/data/ppo-0.005/ppo_iter_1100.pth
2025-05-24 23:44:06,422 INFO PPO Iter: 1110	Total Steps: 2273280	Avg Reward (Batch): 905.23	Avg Reward (Roll100): 927.54	Actor Loss: -0.0003	Critic Loss: 168225.4044	Entropy: 0.3047
2025-05-24 23:44:18,208 INFO PPO Iter: 1120	Total Steps: 2293760	Avg Reward (Batch): 930.67	Avg Reward (Roll100): 906.06	Actor Loss: -0.0003	Critic Loss: 176571.6702	Entropy: 0.2712
2025-05-24 23:44:30,324 INFO PPO Iter: 1130	Total Steps: 2314240	Avg Reward (Batch): 909.35	Avg Reward (Roll100): 854.08	Actor Loss: -0.0004	Critic Loss: 176577.8295	Entropy: 0.2474
2025-05-24 23:44:42,331 INFO PPO Iter: 1140	Total Steps: 2334720	Avg Reward (Batch): 977.33	Avg Reward (Roll100): 959.06	Actor Loss: -0.0003	Critic Loss: 184908.2642	Entropy: 0.2254
2025-05-24 23:44:54,474 INFO PPO Iter: 1150	Total Steps: 2355200	Avg Reward (Batch): 955.00	Avg Reward (Roll100): 948.56	Actor Loss: -0.0001	Critic Loss: 184893.7265	Entropy: 0.2257
2025-05-24 23:44:54,477 INFO Saved PPO actor to /Users/iddah/Documents/CS224R/Exploration-Policy/data/ppo-0.005/ppo_iter_1150.pth
2025-05-24 23:45:06,477 INFO PPO Iter: 1160	Total Steps: 2375680	Avg Reward (Batch): 909.35	Avg Reward (Roll100): 927.57	Actor Loss: -0.0003	Critic Loss: 176564.2438	Entropy: 0.2393
2025-05-24 23:45:18,498 INFO PPO Iter: 1170	Total Steps: 2396160	Avg Reward (Batch): 911.28	Avg Reward (Roll100): 938.06	Actor Loss: -0.0001	Critic Loss: 180650.9890	Entropy: 0.2186
2025-05-24 23:45:30,824 INFO PPO Iter: 1180	Total Steps: 2416640	Avg Reward (Batch): 933.62	Avg Reward (Roll100): 948.57	Actor Loss: -0.0005	Critic Loss: 184856.0322	Entropy: 0.2118
2025-05-24 23:45:43,175 INFO PPO Iter: 1190	Total Steps: 2437120	Avg Reward (Batch): 955.96	Avg Reward (Roll100): 938.07	Actor Loss: -0.0002	Critic Loss: 188968.1804	Entropy: 0.1961
2025-05-24 23:45:54,148 INFO PPO Iter: 1200	Total Steps: 2457600	Avg Reward (Batch): 955.00	Avg Reward (Roll100): 948.56	Actor Loss: -0.0000	Critic Loss: 184882.8491	Entropy: 0.2208
2025-05-24 23:45:54,151 INFO Saved PPO actor to /Users/iddah/Documents/CS224R/Exploration-Policy/data/ppo-0.005/ppo_iter_1200.pth
2025-05-24 23:46:06,109 INFO PPO Iter: 1210	Total Steps: 2478080	Avg Reward (Batch): 955.00	Avg Reward (Roll100): 938.07	Actor Loss: -0.0005	Critic Loss: 184817.4244	Entropy: 0.2141
2025-05-24 23:46:18,866 INFO PPO Iter: 1220	Total Steps: 2498560	Avg Reward (Batch): 933.62	Avg Reward (Roll100): 906.58	Actor Loss: -0.0004	Critic Loss: 184843.1504	Entropy: 0.1921
2025-05-24 23:46:31,550 INFO PPO Iter: 1230	Total Steps: 2519040	Avg Reward (Batch): 977.83	Avg Reward (Roll100): 948.56	Actor Loss: -0.0002	Critic Loss: 189025.8325	Entropy: 0.1875
2025-05-24 23:46:42,478 INFO PPO Iter: 1240	Total Steps: 2539520	Avg Reward (Batch): 955.96	Avg Reward (Roll100): 959.07	Actor Loss: -0.0002	Critic Loss: 188984.8683	Entropy: 0.1936
2025-05-24 23:46:52,562 INFO PPO Iter: 1250	Total Steps: 2560000	Avg Reward (Batch): 977.83	Avg Reward (Roll100): 969.56	Actor Loss: -0.0001	Critic Loss: 188996.0468	Entropy: 0.1916
2025-05-24 23:46:52,566 INFO Saved PPO actor to /Users/iddah/Documents/CS224R/Exploration-Policy/data/ppo-0.005/ppo_iter_1250.pth
2025-05-24 23:47:02,332 INFO PPO Iter: 1260	Total Steps: 2580480	Avg Reward (Batch): 955.96	Avg Reward (Roll100): 938.08	Actor Loss: -0.0007	Critic Loss: 188975.4860	Entropy: 0.1828
2025-05-24 23:47:12,036 INFO PPO Iter: 1270	Total Steps: 2600960	Avg Reward (Batch): 913.12	Avg Reward (Roll100): 917.08	Actor Loss: -0.0003	Critic Loss: 184798.8885	Entropy: 0.1925
2025-05-24 23:47:21,729 INFO PPO Iter: 1280	Total Steps: 2621440	Avg Reward (Batch): 978.30	Avg Reward (Roll100): 959.08	Actor Loss: -0.0002	Critic Loss: 193171.9076	Entropy: 0.1838
2025-05-24 23:47:37,971 INFO PPO Iter: 1290	Total Steps: 2641920	Avg Reward (Batch): 977.83	Avg Reward (Roll100): 938.08	Actor Loss: -0.0002	Critic Loss: 188968.8856	Entropy: 0.1809
2025-05-24 23:47:53,180 INFO PPO Iter: 1300	Total Steps: 2662400	Avg Reward (Batch): 977.83	Avg Reward (Roll100): 969.57	Actor Loss: -0.0002	Critic Loss: 189005.5528	Entropy: 0.1744
2025-05-24 23:47:53,184 INFO Saved PPO actor to /Users/iddah/Documents/CS224R/Exploration-Policy/data/ppo-0.005/ppo_iter_1300.pth
2025-05-24 23:48:07,127 INFO PPO Iter: 1310	Total Steps: 2682880	Avg Reward (Batch): 914.90	Avg Reward (Roll100): 937.59	Actor Loss: -0.0002	Critic Loss: 188972.8260	Entropy: 0.1830
2025-05-24 23:48:21,707 INFO PPO Iter: 1320	Total Steps: 2703360	Avg Reward (Batch): 935.00	Avg Reward (Roll100): 938.09	Actor Loss: -0.0002	Critic Loss: 188970.0319	Entropy: 0.1797
2025-05-24 23:48:41,670 INFO PPO Iter: 1330	Total Steps: 2723840	Avg Reward (Batch): 913.12	Avg Reward (Roll100): 927.58	Actor Loss: -0.0004	Critic Loss: 184796.8096	Entropy: 0.1879
2025-05-24 23:48:58,157 INFO PPO Iter: 1340	Total Steps: 2744320	Avg Reward (Batch): 955.96	Avg Reward (Roll100): 948.07	Actor Loss: -0.0002	Critic Loss: 188970.3026	Entropy: 0.2017
2025-05-24 23:49:12,525 INFO PPO Iter: 1350	Total Steps: 2764800	Avg Reward (Batch): 955.96	Avg Reward (Roll100): 938.07	Actor Loss: -0.0003	Critic Loss: 188971.1428	Entropy: 0.2004
2025-05-24 23:49:12,529 INFO Saved PPO actor to /Users/iddah/Documents/CS224R/Exploration-Policy/data/ppo-0.005/ppo_iter_1350.pth
2025-05-24 23:49:25,673 INFO PPO Iter: 1360	Total Steps: 2785280	Avg Reward (Batch): 977.83	Avg Reward (Roll100): 969.57	Actor Loss: -0.0000	Critic Loss: 189002.7173	Entropy: 0.1980
2025-05-24 23:49:38,621 INFO PPO Iter: 1370	Total Steps: 2805760	Avg Reward (Batch): 955.96	Avg Reward (Roll100): 948.58	Actor Loss: -0.0001	Critic Loss: 188947.3193	Entropy: 0.1908
2025-05-24 23:49:52,847 INFO PPO Iter: 1380	Total Steps: 2826240	Avg Reward (Batch): 977.83	Avg Reward (Roll100): 948.57	Actor Loss: -0.0002	Critic Loss: 188981.9698	Entropy: 0.1858
2025-05-24 23:50:04,686 INFO PPO Iter: 1390	Total Steps: 2846720	Avg Reward (Batch): 956.87	Avg Reward (Roll100): 969.08	Actor Loss: -0.0002	Critic Loss: 193082.8496	Entropy: 0.1712
2025-05-24 23:50:15,568 INFO PPO Iter: 1400	Total Steps: 2867200	Avg Reward (Batch): 935.00	Avg Reward (Roll100): 948.08	Actor Loss: -0.0004	Critic Loss: 188936.7743	Entropy: 0.1832
2025-05-24 23:50:15,570 INFO Saved PPO actor to /Users/iddah/Documents/CS224R/Exploration-Policy/data/ppo-0.005/ppo_iter_1400.pth
2025-05-24 23:50:27,570 INFO PPO Iter: 1410	Total Steps: 2887680	Avg Reward (Batch): 977.83	Avg Reward (Roll100): 948.58	Actor Loss: -0.0001	Critic Loss: 189034.5208	Entropy: 0.1845
2025-05-24 23:50:39,392 INFO PPO Iter: 1420	Total Steps: 2908160	Avg Reward (Batch): 977.83	Avg Reward (Roll100): 959.07	Actor Loss: -0.0001	Critic Loss: 188998.6293	Entropy: 0.1708
2025-05-24 23:50:50,363 INFO PPO Iter: 1430	Total Steps: 2928640	Avg Reward (Batch): 978.30	Avg Reward (Roll100): 917.09	Actor Loss: -0.0000	Critic Loss: 193148.9279	Entropy: 0.1664
2025-05-24 23:51:01,246 INFO PPO Iter: 1440	Total Steps: 2949120	Avg Reward (Batch): 978.30	Avg Reward (Roll100): 959.08	Actor Loss: -0.0001	Critic Loss: 193127.3859	Entropy: 0.1592
2025-05-24 23:51:13,864 INFO PPO Iter: 1450	Total Steps: 2969600	Avg Reward (Batch): 936.33	Avg Reward (Roll100): 938.08	Actor Loss: -0.0002	Critic Loss: 193102.1736	Entropy: 0.1780
2025-05-24 23:51:13,867 INFO Saved PPO actor to /Users/iddah/Documents/CS224R/Exploration-Policy/data/ppo-0.005/ppo_iter_1450.pth
2025-05-24 23:51:26,021 INFO PPO Iter: 1460	Total Steps: 2990080	Avg Reward (Batch): 978.30	Avg Reward (Roll100): 959.08	Actor Loss: -0.0001	Critic Loss: 193115.3782	Entropy: 0.1725
2025-05-24 23:51:39,996 INFO PPO Iter: 1470	Total Steps: 3010560	Avg Reward (Batch): 956.87	Avg Reward (Roll100): 948.58	Actor Loss: -0.0003	Critic Loss: 193064.9327	Entropy: 0.1705
2025-05-24 23:51:51,655 INFO PPO Iter: 1480	Total Steps: 3031040	Avg Reward (Batch): 957.76	Avg Reward (Roll100): 959.08	Actor Loss: -0.0001	Critic Loss: 197261.9959	Entropy: 0.1692
2025-05-24 23:52:02,543 INFO PPO Iter: 1490	Total Steps: 3051520	Avg Reward (Batch): 978.30	Avg Reward (Roll100): 969.58	Actor Loss: -0.0007	Critic Loss: 193161.9889	Entropy: 0.1756
2025-05-24 23:52:13,590 INFO PPO Iter: 1500	Total Steps: 3072000	Avg Reward (Batch): 978.30	Avg Reward (Roll100): 969.58	Actor Loss: -0.0001	Critic Loss: 193128.6481	Entropy: 0.1769
2025-05-24 23:52:13,594 INFO Saved PPO actor to /Users/iddah/Documents/CS224R/Exploration-Policy/data/ppo-0.005/ppo_iter_1500.pth
2025-05-24 23:52:13,594 INFO --- PPO Fine-tuning Complete ---
2025-05-24 23:52:13,595 INFO Final PPO-tuned actor saved to /Users/iddah/Documents/CS224R/Exploration-Policy/data/ppo-0.005/ppo_final.pth
2025-05-24 23:52:16,506 INFO --- Visualizing Trajectory with: Final PPO-Tuned Policy (Deterministic) ---
2025-05-24 23:52:17,250 INFO Visualization: Trajectory length 42, Final state: (-18, 10), Total Reward: 999.59
2025-05-24 23:52:17,250 INFO SUCCESS: Reached Goal!
2025-05-24 23:52:17,250 INFO --- PPO Script Finished ---
