2025-05-24 23:19:19,706 INFO Using device: cpu
2025-05-24 23:19:19,711 INFO Attempting to load IL-trained actor from: /Users/iddah/Documents/CS224R/Exploration-Policy/saved_models_exp/policy_il_trained.pth
2025-05-24 23:19:19,716 INFO Successfully loaded pre-trained IL actor.
2025-05-24 23:19:21,085 INFO --- Starting PPO Fine-tuning ---
2025-05-24 23:19:34,969 INFO PPO Iter: 10	Total Steps: 20480	Avg Reward (Batch): 669.21	Avg Reward (Roll100): 727.95	Actor Loss: -0.0005	Critic Loss: 109783.6279	Entropy: 0.6228
2025-05-24 23:19:49,142 INFO PPO Iter: 20	Total Steps: 40960	Avg Reward (Batch): 849.42	Avg Reward (Roll100): 748.43	Actor Loss: -0.0003	Critic Loss: 126578.6875	Entropy: 0.6000
2025-05-24 23:20:02,987 INFO PPO Iter: 30	Total Steps: 61440	Avg Reward (Batch): 773.78	Avg Reward (Roll100): 801.42	Actor Loss: -0.0006	Critic Loss: 122348.6323	Entropy: 0.6005
2025-05-24 23:20:16,452 INFO PPO Iter: 40	Total Steps: 81920	Avg Reward (Batch): 970.00	Avg Reward (Roll100): 937.92	Actor Loss: -0.0002	Critic Loss: 139143.1224	Entropy: 0.5601
2025-05-24 23:20:29,742 INFO PPO Iter: 50	Total Steps: 102400	Avg Reward (Batch): 942.50	Avg Reward (Roll100): 895.96	Actor Loss: -0.0011	Critic Loss: 143325.5258	Entropy: 0.5389
2025-05-24 23:20:29,745 INFO Saved PPO actor to /Users/iddah/Documents/CS224R/Exploration-Policy/data/ppo-0.0005/ppo_iter_50.pth
2025-05-24 23:20:42,976 INFO PPO Iter: 60	Total Steps: 122880	Avg Reward (Batch): 839.23	Avg Reward (Roll100): 864.47	Actor Loss: -0.0011	Critic Loss: 139185.6379	Entropy: 0.5291
2025-05-24 23:20:57,251 INFO PPO Iter: 70	Total Steps: 143360	Avg Reward (Batch): 839.23	Avg Reward (Roll100): 874.98	Actor Loss: -0.0008	Critic Loss: 139179.6998	Entropy: 0.5241
2025-05-24 23:21:11,755 INFO PPO Iter: 80	Total Steps: 163840	Avg Reward (Batch): 866.15	Avg Reward (Roll100): 832.99	Actor Loss: -0.0001	Critic Loss: 143396.9225	Entropy: 0.5204
2025-05-24 23:21:26,232 INFO PPO Iter: 90	Total Steps: 184320	Avg Reward (Batch): 971.66	Avg Reward (Roll100): 927.46	Actor Loss: -0.0004	Critic Loss: 147626.0855	Entropy: 0.5176
2025-05-24 23:21:41,367 INFO PPO Iter: 100	Total Steps: 204800	Avg Reward (Batch): 971.66	Avg Reward (Roll100): 937.95	Actor Loss: -0.0005	Critic Loss: 147644.2201	Entropy: 0.5076
2025-05-24 23:21:41,372 INFO Saved PPO actor to /Users/iddah/Documents/CS224R/Exploration-Policy/data/ppo-0.0005/ppo_iter_100.pth
2025-05-24 23:21:55,855 INFO PPO Iter: 110	Total Steps: 225280	Avg Reward (Batch): 862.63	Avg Reward (Roll100): 916.96	Actor Loss: -0.0007	Critic Loss: 139171.5560	Entropy: 0.4997
2025-05-24 23:22:10,064 INFO PPO Iter: 120	Total Steps: 245760	Avg Reward (Batch): 866.15	Avg Reward (Roll100): 885.48	Actor Loss: -0.0006	Critic Loss: 143424.9154	Entropy: 0.5112
2025-05-24 23:22:24,234 INFO PPO Iter: 130	Total Steps: 266240	Avg Reward (Batch): 917.89	Avg Reward (Roll100): 937.97	Actor Loss: -0.0003	Critic Loss: 147550.0990	Entropy: 0.4828
2025-05-24 23:22:38,353 INFO PPO Iter: 140	Total Steps: 286720	Avg Reward (Batch): 917.89	Avg Reward (Roll100): 885.48	Actor Loss: -0.0016	Critic Loss: 147585.2979	Entropy: 0.4965
2025-05-24 23:22:52,372 INFO PPO Iter: 150	Total Steps: 307200	Avg Reward (Batch): 795.85	Avg Reward (Roll100): 853.99	Actor Loss: -0.0010	Critic Loss: 139250.4561	Entropy: 0.5034
2025-05-24 23:22:52,376 INFO Saved PPO actor to /Users/iddah/Documents/CS224R/Exploration-Policy/data/ppo-0.0005/ppo_iter_150.pth
2025-05-24 23:23:15,428 INFO PPO Iter: 160	Total Steps: 327680	Avg Reward (Batch): 945.52	Avg Reward (Roll100): 895.98	Actor Loss: -0.0001	Critic Loss: 151826.6501	Entropy: 0.4984
2025-05-24 23:23:31,537 INFO PPO Iter: 170	Total Steps: 348160	Avg Reward (Batch): 869.50	Avg Reward (Roll100): 916.97	Actor Loss: -0.0003	Critic Loss: 147606.8882	Entropy: 0.4836
2025-05-24 23:23:46,352 INFO PPO Iter: 180	Total Steps: 368640	Avg Reward (Batch): 971.66	Avg Reward (Roll100): 927.47	Actor Loss: -0.0004	Critic Loss: 147600.0858	Entropy: 0.4633
2025-05-24 23:24:07,202 INFO PPO Iter: 190	Total Steps: 389120	Avg Reward (Batch): 843.25	Avg Reward (Roll100): 906.48	Actor Loss: -0.0005	Critic Loss: 143411.4093	Entropy: 0.4787
2025-05-24 23:24:22,908 INFO PPO Iter: 200	Total Steps: 409600	Avg Reward (Batch): 920.00	Avg Reward (Roll100): 916.98	Actor Loss: -0.0001	Critic Loss: 151816.5261	Entropy: 0.4962
2025-05-24 23:24:22,912 INFO Saved PPO actor to /Users/iddah/Documents/CS224R/Exploration-Policy/data/ppo-0.0005/ppo_iter_200.pth
2025-05-24 23:24:38,687 INFO PPO Iter: 210	Total Steps: 430080	Avg Reward (Batch): 971.66	Avg Reward (Roll100): 937.96	Actor Loss: -0.0008	Critic Loss: 147617.5390	Entropy: 0.4867
2025-05-24 23:24:53,086 INFO PPO Iter: 220	Total Steps: 450560	Avg Reward (Batch): 869.50	Avg Reward (Roll100): 874.99	Actor Loss: -0.0006	Critic Loss: 147579.3708	Entropy: 0.4843
2025-05-24 23:25:06,865 INFO PPO Iter: 230	Total Steps: 471040	Avg Reward (Batch): 893.07	Avg Reward (Roll100): 864.49	Actor Loss: -0.0008	Critic Loss: 147600.5878	Entropy: 0.4767
2025-05-24 23:25:20,163 INFO PPO Iter: 240	Total Steps: 491520	Avg Reward (Batch): 945.52	Avg Reward (Roll100): 926.97	Actor Loss: -0.0007	Critic Loss: 151815.5474	Entropy: 0.4926
2025-05-24 23:25:33,935 INFO PPO Iter: 250	Total Steps: 512000	Avg Reward (Batch): 862.63	Avg Reward (Roll100): 885.47	Actor Loss: -0.0013	Critic Loss: 139227.9832	Entropy: 0.5060
2025-05-24 23:25:33,938 INFO Saved PPO actor to /Users/iddah/Documents/CS224R/Exploration-Policy/data/ppo-0.0005/ppo_iter_250.pth
2025-05-24 23:25:48,166 INFO PPO Iter: 260	Total Steps: 532480	Avg Reward (Batch): 895.75	Avg Reward (Roll100): 895.99	Actor Loss: -0.0006	Critic Loss: 151833.0577	Entropy: 0.4872
2025-05-24 23:26:04,050 INFO PPO Iter: 270	Total Steps: 552960	Avg Reward (Batch): 843.25	Avg Reward (Roll100): 895.98	Actor Loss: -0.0007	Critic Loss: 143439.8524	Entropy: 0.4885
2025-05-24 23:26:19,964 INFO PPO Iter: 280	Total Steps: 573440	Avg Reward (Batch): 945.52	Avg Reward (Roll100): 948.46	Actor Loss: -0.0001	Critic Loss: 151696.8480	Entropy: 0.4493
2025-05-24 23:26:35,009 INFO PPO Iter: 290	Total Steps: 593920	Avg Reward (Batch): 944.05	Avg Reward (Roll100): 948.46	Actor Loss: -0.0004	Critic Loss: 147545.6821	Entropy: 0.4684
2025-05-24 23:26:51,504 INFO PPO Iter: 300	Total Steps: 614400	Avg Reward (Batch): 944.21	Avg Reward (Roll100): 958.47	Actor Loss: -0.0002	Critic Loss: 151799.3649	Entropy: 0.4655
2025-05-24 23:26:51,509 INFO Saved PPO actor to /Users/iddah/Documents/CS224R/Exploration-Policy/data/ppo-0.0005/ppo_iter_300.pth
2025-05-24 23:27:06,341 INFO PPO Iter: 310	Total Steps: 634880	Avg Reward (Batch): 972.43	Avg Reward (Roll100): 958.96	Actor Loss: -0.0007	Critic Loss: 151815.7254	Entropy: 0.4665
2025-05-24 23:27:24,698 INFO PPO Iter: 320	Total Steps: 655360	Avg Reward (Batch): 893.07	Avg Reward (Roll100): 875.00	Actor Loss: -0.0007	Critic Loss: 147614.8502	Entropy: 0.4589
2025-05-24 23:27:41,865 INFO PPO Iter: 330	Total Steps: 675840	Avg Reward (Batch): 893.07	Avg Reward (Roll100): 927.47	Actor Loss: -0.0011	Critic Loss: 147639.2875	Entropy: 0.4645
2025-05-24 23:27:56,946 INFO PPO Iter: 340	Total Steps: 696320	Avg Reward (Batch): 945.52	Avg Reward (Roll100): 937.97	Actor Loss: -0.0004	Critic Loss: 151739.7571	Entropy: 0.4709
2025-05-24 23:28:14,044 INFO PPO Iter: 350	Total Steps: 716800	Avg Reward (Batch): 893.07	Avg Reward (Roll100): 916.98	Actor Loss: -0.0006	Critic Loss: 147662.5692	Entropy: 0.4746
2025-05-24 23:28:14,048 INFO Saved PPO actor to /Users/iddah/Documents/CS224R/Exploration-Policy/data/ppo-0.0005/ppo_iter_350.pth
2025-05-24 23:28:28,133 INFO PPO Iter: 360	Total Steps: 737280	Avg Reward (Batch): 843.25	Avg Reward (Roll100): 875.00	Actor Loss: -0.0005	Critic Loss: 143425.3152	Entropy: 0.4664
2025-05-24 23:28:43,239 INFO PPO Iter: 370	Total Steps: 757760	Avg Reward (Batch): 821.46	Avg Reward (Roll100): 853.50	Actor Loss: -0.0005	Critic Loss: 143387.8973	Entropy: 0.4599
2025-05-24 23:28:59,482 INFO PPO Iter: 380	Total Steps: 778240	Avg Reward (Batch): 895.75	Avg Reward (Roll100): 895.99	Actor Loss: -0.0005	Critic Loss: 151843.2191	Entropy: 0.4596
2025-05-24 23:29:13,762 INFO PPO Iter: 390	Total Steps: 798720	Avg Reward (Batch): 895.75	Avg Reward (Roll100): 833.02	Actor Loss: -0.0005	Critic Loss: 151795.9334	Entropy: 0.4388
2025-05-24 23:29:27,152 INFO PPO Iter: 400	Total Steps: 819200	Avg Reward (Batch): 920.00	Avg Reward (Roll100): 916.98	Actor Loss: -0.0008	Critic Loss: 151798.4277	Entropy: 0.4399
2025-05-24 23:29:27,155 INFO Saved PPO actor to /Users/iddah/Documents/CS224R/Exploration-Policy/data/ppo-0.0005/ppo_iter_400.pth
2025-05-24 23:29:42,358 INFO PPO Iter: 410	Total Steps: 839680	Avg Reward (Batch): 843.25	Avg Reward (Roll100): 885.49	Actor Loss: -0.0004	Critic Loss: 143400.2673	Entropy: 0.4673
2025-05-24 23:29:58,129 INFO PPO Iter: 420	Total Steps: 860160	Avg Reward (Batch): 893.07	Avg Reward (Roll100): 927.48	Actor Loss: -0.0003	Critic Loss: 147623.1915	Entropy: 0.4617
2025-05-24 23:30:13,052 INFO PPO Iter: 430	Total Steps: 880640	Avg Reward (Batch): 847.07	Avg Reward (Roll100): 864.49	Actor Loss: -0.0009	Critic Loss: 147507.6670	Entropy: 0.4595
2025-05-24 23:30:30,165 INFO PPO Iter: 440	Total Steps: 901120	Avg Reward (Batch): 843.25	Avg Reward (Roll100): 874.99	Actor Loss: -0.0005	Critic Loss: 143383.9117	Entropy: 0.4557
2025-05-24 23:30:45,260 INFO PPO Iter: 450	Total Steps: 921600	Avg Reward (Batch): 866.15	Avg Reward (Roll100): 874.99	Actor Loss: -0.0013	Critic Loss: 143365.3818	Entropy: 0.4510
2025-05-24 23:30:45,268 INFO Saved PPO actor to /Users/iddah/Documents/CS224R/Exploration-Policy/data/ppo-0.0005/ppo_iter_450.pth
2025-05-24 23:31:02,614 INFO PPO Iter: 460	Total Steps: 942080	Avg Reward (Batch): 915.67	Avg Reward (Roll100): 822.49	Actor Loss: -0.0016	Critic Loss: 143351.9468	Entropy: 0.4729
2025-05-24 23:31:17,682 INFO PPO Iter: 470	Total Steps: 962560	Avg Reward (Batch): 869.50	Avg Reward (Roll100): 854.00	Actor Loss: -0.0003	Critic Loss: 147557.9315	Entropy: 0.4538
2025-05-24 23:31:32,382 INFO PPO Iter: 480	Total Steps: 983040	Avg Reward (Batch): 821.46	Avg Reward (Roll100): 822.50	Actor Loss: -0.0007	Critic Loss: 143348.8191	Entropy: 0.4382
2025-05-24 23:31:46,024 INFO PPO Iter: 490	Total Steps: 1003520	Avg Reward (Batch): 893.07	Avg Reward (Roll100): 885.49	Actor Loss: -0.0016	Critic Loss: 147533.0048	Entropy: 0.4557
2025-05-24 23:31:59,612 INFO PPO Iter: 500	Total Steps: 1024000	Avg Reward (Batch): 973.16	Avg Reward (Roll100): 927.48	Actor Loss: -0.0005	Critic Loss: 155873.2053	Entropy: 0.4163
2025-05-24 23:31:59,615 INFO Saved PPO actor to /Users/iddah/Documents/CS224R/Exploration-Policy/data/ppo-0.0005/ppo_iter_500.pth
2025-05-24 23:32:14,547 INFO PPO Iter: 510	Total Steps: 1044480	Avg Reward (Batch): 847.07	Avg Reward (Roll100): 833.02	Actor Loss: -0.0006	Critic Loss: 147567.2476	Entropy: 0.4439
2025-05-24 23:32:27,095 INFO PPO Iter: 520	Total Steps: 1064960	Avg Reward (Batch): 868.25	Avg Reward (Roll100): 885.00	Actor Loss: -0.0012	Critic Loss: 147550.5528	Entropy: 0.4282
2025-05-24 23:32:39,521 INFO PPO Iter: 530	Total Steps: 1085440	Avg Reward (Batch): 872.68	Avg Reward (Roll100): 843.52	Actor Loss: -0.0004	Critic Loss: 151726.3287	Entropy: 0.4225
2025-05-24 23:32:52,180 INFO PPO Iter: 540	Total Steps: 1105920	Avg Reward (Batch): 825.71	Avg Reward (Roll100): 896.00	Actor Loss: -0.0004	Critic Loss: 147492.9616	Entropy: 0.4185
2025-05-24 23:33:07,900 INFO PPO Iter: 550	Total Steps: 1126400	Avg Reward (Batch): 898.29	Avg Reward (Roll100): 916.49	Actor Loss: -0.0004	Critic Loss: 155877.9120	Entropy: 0.4013
2025-05-24 23:33:07,905 INFO Saved PPO actor to /Users/iddah/Documents/CS224R/Exploration-Policy/data/ppo-0.0005/ppo_iter_550.pth
2025-05-24 23:33:19,772 INFO PPO Iter: 560	Total Steps: 1146880	Avg Reward (Batch): 895.75	Avg Reward (Roll100): 875.01	Actor Loss: -0.0004	Critic Loss: 151632.3121	Entropy: 0.4030
2025-05-24 23:33:31,380 INFO PPO Iter: 570	Total Steps: 1167360	Avg Reward (Batch): 946.92	Avg Reward (Roll100): 917.00	Actor Loss: -0.0019	Critic Loss: 155831.3298	Entropy: 0.4085
2025-05-24 23:33:42,610 INFO PPO Iter: 580	Total Steps: 1187840	Avg Reward (Batch): 900.71	Avg Reward (Roll100): 875.02	Actor Loss: -0.0006	Critic Loss: 159962.5355	Entropy: 0.3746
2025-05-24 23:33:53,539 INFO PPO Iter: 590	Total Steps: 1208320	Avg Reward (Batch): 814.00	Avg Reward (Roll100): 812.05	Actor Loss: -0.0003	Critic Loss: 155858.5044	Entropy: 0.3903
2025-05-24 23:34:04,146 INFO PPO Iter: 600	Total Steps: 1228800	Avg Reward (Batch): 850.71	Avg Reward (Roll100): 854.03	Actor Loss: -0.0005	Critic Loss: 151586.9220	Entropy: 0.3826
2025-05-24 23:34:04,149 INFO Saved PPO actor to /Users/iddah/Documents/CS224R/Exploration-Policy/data/ppo-0.0005/ppo_iter_600.pth
2025-05-24 23:34:14,554 INFO PPO Iter: 610	Total Steps: 1249280	Avg Reward (Batch): 809.77	Avg Reward (Roll100): 801.05	Actor Loss: -0.0003	Critic Loss: 151641.9461	Entropy: 0.3902
2025-05-24 23:34:26,253 INFO PPO Iter: 620	Total Steps: 1269760	Avg Reward (Batch): 875.71	Avg Reward (Roll100): 833.04	Actor Loss: -0.0006	Critic Loss: 155817.3542	Entropy: 0.3771
2025-05-24 23:34:39,991 INFO PPO Iter: 630	Total Steps: 1290240	Avg Reward (Batch): 809.77	Avg Reward (Roll100): 854.03	Actor Loss: -0.0008	Critic Loss: 151613.8311	Entropy: 0.3820
2025-05-24 23:34:53,996 INFO PPO Iter: 640	Total Steps: 1310720	Avg Reward (Batch): 949.51	Avg Reward (Roll100): 927.51	Actor Loss: -0.0002	Critic Loss: 164146.7791	Entropy: 0.3626
2025-05-24 23:35:05,915 INFO PPO Iter: 650	Total Steps: 1331200	Avg Reward (Batch): 795.22	Avg Reward (Roll100): 822.55	Actor Loss: -0.0003	Critic Loss: 155726.6641	Entropy: 0.3671
2025-05-24 23:35:05,918 INFO Saved PPO actor to /Users/iddah/Documents/CS224R/Exploration-Policy/data/ppo-0.0005/ppo_iter_650.pth
2025-05-24 23:35:17,682 INFO PPO Iter: 660	Total Steps: 1351680	Avg Reward (Batch): 878.60	Avg Reward (Roll100): 895.53	Actor Loss: -0.0006	Critic Loss: 159971.7145	Entropy: 0.3518
2025-05-24 23:35:29,495 INFO PPO Iter: 670	Total Steps: 1372160	Avg Reward (Batch): 818.04	Avg Reward (Roll100): 854.05	Actor Loss: -0.0003	Critic Loss: 159950.8611	Entropy: 0.3581
2025-05-24 23:35:40,843 INFO PPO Iter: 680	Total Steps: 1392640	Avg Reward (Batch): 833.64	Avg Reward (Roll100): 822.54	Actor Loss: -0.0008	Critic Loss: 155825.4030	Entropy: 0.3558
2025-05-24 23:35:51,791 INFO PPO Iter: 690	Total Steps: 1413120	Avg Reward (Batch): 881.36	Avg Reward (Roll100): 864.55	Actor Loss: -0.0002	Critic Loss: 164206.4872	Entropy: 0.3363
2025-05-24 23:36:02,488 INFO PPO Iter: 700	Total Steps: 1433600	Avg Reward (Batch): 884.00	Avg Reward (Roll100): 885.56	Actor Loss: -0.0005	Critic Loss: 168306.2488	Entropy: 0.3378
2025-05-24 23:36:02,492 INFO Saved PPO actor to /Users/iddah/Documents/CS224R/Exploration-Policy/data/ppo-0.0005/ppo_iter_700.pth
2025-05-24 23:36:13,463 INFO PPO Iter: 710	Total Steps: 1454080	Avg Reward (Batch): 925.71	Avg Reward (Roll100): 885.53	Actor Loss: -0.0009	Critic Loss: 164149.8818	Entropy: 0.3427
2025-05-24 23:36:24,431 INFO PPO Iter: 720	Total Steps: 1474560	Avg Reward (Batch): 884.00	Avg Reward (Roll100): 875.05	Actor Loss: -0.0002	Critic Loss: 168245.2092	Entropy: 0.3141
2025-05-24 23:36:36,022 INFO PPO Iter: 730	Total Steps: 1495040	Avg Reward (Batch): 799.57	Avg Reward (Roll100): 791.07	Actor Loss: -0.0007	Critic Loss: 159903.1173	Entropy: 0.3385
2025-05-24 23:36:47,545 INFO PPO Iter: 740	Total Steps: 1515520	Avg Reward (Batch): 840.87	Avg Reward (Roll100): 885.55	Actor Loss: -0.0006	Critic Loss: 164165.0659	Entropy: 0.3256
2025-05-24 23:36:58,709 INFO PPO Iter: 750	Total Steps: 1536000	Avg Reward (Batch): 927.44	Avg Reward (Roll100): 864.55	Actor Loss: -0.0007	Critic Loss: 168326.3757	Entropy: 0.3172
2025-05-24 23:36:58,712 INFO Saved PPO actor to /Users/iddah/Documents/CS224R/Exploration-Policy/data/ppo-0.0005/ppo_iter_750.pth
2025-05-24 23:37:09,712 INFO PPO Iter: 760	Total Steps: 1556480	Avg Reward (Batch): 818.04	Avg Reward (Roll100): 864.55	Actor Loss: -0.0001	Critic Loss: 159964.2767	Entropy: 0.3506
2025-05-24 23:37:21,309 INFO PPO Iter: 770	Total Steps: 1576960	Avg Reward (Batch): 881.36	Avg Reward (Roll100): 864.55	Actor Loss: -0.0007	Critic Loss: 164085.1677	Entropy: 0.3347
2025-05-24 23:37:32,724 INFO PPO Iter: 780	Total Steps: 1597440	Avg Reward (Batch): 881.36	Avg Reward (Roll100): 885.55	Actor Loss: -0.0008	Critic Loss: 164071.3305	Entropy: 0.2963
2025-05-24 23:37:44,479 INFO PPO Iter: 790	Total Steps: 1617920	Avg Reward (Batch): 951.86	Avg Reward (Roll100): 917.04	Actor Loss: -0.0005	Critic Loss: 172467.1021	Entropy: 0.3110
2025-05-24 23:37:55,946 INFO PPO Iter: 800	Total Steps: 1638400	Avg Reward (Batch): 907.33	Avg Reward (Roll100): 896.04	Actor Loss: -0.0002	Critic Loss: 172450.4962	Entropy: 0.3054
2025-05-24 23:37:55,949 INFO Saved PPO actor to /Users/iddah/Documents/CS224R/Exploration-Policy/data/ppo-0.0005/ppo_iter_800.pth
2025-05-24 23:38:07,476 INFO PPO Iter: 810	Total Steps: 1658880	Avg Reward (Batch): 840.87	Avg Reward (Roll100): 875.06	Actor Loss: -0.0005	Critic Loss: 164121.9323	Entropy: 0.3095
2025-05-24 23:38:20,089 INFO PPO Iter: 820	Total Steps: 1679360	Avg Reward (Batch): 909.35	Avg Reward (Roll100): 896.06	Actor Loss: -0.0007	Critic Loss: 176574.6019	Entropy: 0.2728
2025-05-24 23:38:31,754 INFO PPO Iter: 830	Total Steps: 1699840	Avg Reward (Batch): 929.09	Avg Reward (Roll100): 917.05	Actor Loss: -0.0003	Critic Loss: 172462.7104	Entropy: 0.2763
2025-05-24 23:38:43,272 INFO PPO Iter: 840	Total Steps: 1720320	Avg Reward (Batch): 888.94	Avg Reward (Roll100): 917.06	Actor Loss: -0.0014	Critic Loss: 176556.4822	Entropy: 0.2547
2025-05-24 23:38:55,497 INFO PPO Iter: 850	Total Steps: 1740800	Avg Reward (Batch): 869.37	Avg Reward (Roll100): 875.08	Actor Loss: -0.0005	Critic Loss: 176596.7357	Entropy: 0.2692
2025-05-24 23:38:55,501 INFO Saved PPO actor to /Users/iddah/Documents/CS224R/Exploration-Policy/data/ppo-0.0005/ppo_iter_850.pth
2025-05-24 23:39:07,944 INFO PPO Iter: 860	Total Steps: 1761280	Avg Reward (Batch): 909.35	Avg Reward (Roll100): 927.55	Actor Loss: -0.0005	Critic Loss: 176603.0219	Entropy: 0.2521
2025-05-24 23:39:19,786 INFO PPO Iter: 870	Total Steps: 1781760	Avg Reward (Batch): 929.09	Avg Reward (Roll100): 885.56	Actor Loss: -0.0003	Critic Loss: 172467.1089	Entropy: 0.2613
2025-05-24 23:39:32,903 INFO PPO Iter: 880	Total Steps: 1802240	Avg Reward (Batch): 976.28	Avg Reward (Roll100): 948.54	Actor Loss: -0.0006	Critic Loss: 176610.9653	Entropy: 0.2339
2025-05-24 23:39:45,903 INFO PPO Iter: 890	Total Steps: 1822720	Avg Reward (Batch): 930.67	Avg Reward (Roll100): 938.06	Actor Loss: -0.0002	Critic Loss: 176560.6306	Entropy: 0.2471
2025-05-24 23:39:58,677 INFO PPO Iter: 900	Total Steps: 1843200	Avg Reward (Batch): 911.28	Avg Reward (Roll100): 896.08	Actor Loss: -0.0001	Critic Loss: 180683.3065	Entropy: 0.2202
2025-05-24 23:39:58,680 INFO Saved PPO actor to /Users/iddah/Documents/CS224R/Exploration-Policy/data/ppo-0.0005/ppo_iter_900.pth
2025-05-24 23:40:11,069 INFO PPO Iter: 910	Total Steps: 1863680	Avg Reward (Batch): 909.35	Avg Reward (Roll100): 906.57	Actor Loss: -0.0003	Critic Loss: 176536.0982	Entropy: 0.2318
2025-05-24 23:40:24,631 INFO PPO Iter: 920	Total Steps: 1884160	Avg Reward (Batch): 955.00	Avg Reward (Roll100): 906.58	Actor Loss: -0.0002	Critic Loss: 184846.5695	Entropy: 0.2099
2025-05-24 23:40:37,952 INFO PPO Iter: 930	Total Steps: 1904640	Avg Reward (Batch): 977.33	Avg Reward (Roll100): 948.57	Actor Loss: -0.0002	Critic Loss: 184907.2328	Entropy: 0.2200
2025-05-24 23:40:51,041 INFO PPO Iter: 940	Total Steps: 1925120	Avg Reward (Batch): 932.17	Avg Reward (Roll100): 906.57	Actor Loss: -0.0002	Critic Loss: 180667.7083	Entropy: 0.2241
2025-05-24 23:41:03,661 INFO PPO Iter: 950	Total Steps: 1945600	Avg Reward (Batch): 955.96	Avg Reward (Roll100): 927.58	Actor Loss: -0.0004	Critic Loss: 189016.0698	Entropy: 0.2038
2025-05-24 23:41:03,664 INFO Saved PPO actor to /Users/iddah/Documents/CS224R/Exploration-Policy/data/ppo-0.0005/ppo_iter_950.pth
2025-05-24 23:41:18,030 INFO PPO Iter: 960	Total Steps: 1966080	Avg Reward (Batch): 955.00	Avg Reward (Roll100): 917.08	Actor Loss: -0.0006	Critic Loss: 184852.0298	Entropy: 0.2066
2025-05-24 23:41:29,250 INFO PPO Iter: 970	Total Steps: 1986560	Avg Reward (Batch): 955.96	Avg Reward (Roll100): 938.07	Actor Loss: -0.0005	Critic Loss: 189018.2538	Entropy: 0.2016
2025-05-24 23:41:44,470 INFO PPO Iter: 980	Total Steps: 2007040	Avg Reward (Batch): 976.74	Avg Reward (Roll100): 937.57	Actor Loss: -0.0003	Critic Loss: 189035.9419	Entropy: 0.1865
2025-05-24 23:41:55,295 INFO PPO Iter: 990	Total Steps: 2027520	Avg Reward (Batch): 911.28	Avg Reward (Roll100): 927.58	Actor Loss: -0.0002	Critic Loss: 180680.2852	Entropy: 0.1944
2025-05-24 23:42:08,938 INFO PPO Iter: 1000	Total Steps: 2048000	Avg Reward (Batch): 935.00	Avg Reward (Roll100): 938.08	Actor Loss: -0.0002	Critic Loss: 189001.5698	Entropy: 0.1958
2025-05-24 23:42:08,943 INFO Saved PPO actor to /Users/iddah/Documents/CS224R/Exploration-Policy/data/ppo-0.0005/ppo_iter_1000.pth
2025-05-24 23:42:20,363 INFO PPO Iter: 1010	Total Steps: 2068480	Avg Reward (Batch): 955.00	Avg Reward (Roll100): 938.07	Actor Loss: -0.0002	Critic Loss: 184844.8225	Entropy: 0.1892
2025-05-24 23:42:31,583 INFO PPO Iter: 1020	Total Steps: 2088960	Avg Reward (Batch): 935.00	Avg Reward (Roll100): 938.08	Actor Loss: -0.0002	Critic Loss: 189019.5699	Entropy: 0.1847
2025-05-24 23:42:45,814 INFO PPO Iter: 1030	Total Steps: 2109440	Avg Reward (Batch): 955.96	Avg Reward (Roll100): 917.08	Actor Loss: -0.0002	Critic Loss: 188978.2148	Entropy: 0.1891
2025-05-24 23:42:58,226 INFO PPO Iter: 1040	Total Steps: 2129920	Avg Reward (Batch): 955.00	Avg Reward (Roll100): 959.07	Actor Loss: -0.0002	Critic Loss: 184833.8849	Entropy: 0.1971
2025-05-24 23:43:11,116 INFO PPO Iter: 1050	Total Steps: 2150400	Avg Reward (Batch): 913.12	Avg Reward (Roll100): 896.08	Actor Loss: -0.0003	Critic Loss: 184891.4955	Entropy: 0.1980
2025-05-24 23:43:11,120 INFO Saved PPO actor to /Users/iddah/Documents/CS224R/Exploration-Policy/data/ppo-0.0005/ppo_iter_1050.pth
2025-05-24 23:43:23,196 INFO PPO Iter: 1060	Total Steps: 2170880	Avg Reward (Batch): 955.00	Avg Reward (Roll100): 959.06	Actor Loss: -0.0002	Critic Loss: 184862.1595	Entropy: 0.2067
2025-05-24 23:43:34,873 INFO PPO Iter: 1070	Total Steps: 2191360	Avg Reward (Batch): 913.12	Avg Reward (Roll100): 896.08	Actor Loss: -0.0003	Critic Loss: 184816.5413	Entropy: 0.1849
2025-05-24 23:43:48,057 INFO PPO Iter: 1080	Total Steps: 2211840	Avg Reward (Batch): 977.83	Avg Reward (Roll100): 948.58	Actor Loss: -0.0000	Critic Loss: 188974.7125	Entropy: 0.1793
2025-05-24 23:44:00,275 INFO PPO Iter: 1090	Total Steps: 2232320	Avg Reward (Batch): 977.83	Avg Reward (Roll100): 948.58	Actor Loss: -0.0002	Critic Loss: 188998.4042	Entropy: 0.1782
2025-05-24 23:44:11,717 INFO PPO Iter: 1100	Total Steps: 2252800	Avg Reward (Batch): 955.96	Avg Reward (Roll100): 938.08	Actor Loss: -0.0003	Critic Loss: 188958.9972	Entropy: 0.1692
2025-05-24 23:44:11,719 INFO Saved PPO actor to /Users/iddah/Documents/CS224R/Exploration-Policy/data/ppo-0.0005/ppo_iter_1100.pth
2025-05-24 23:44:23,903 INFO PPO Iter: 1110	Total Steps: 2273280	Avg Reward (Batch): 956.87	Avg Reward (Roll100): 948.58	Actor Loss: -0.0003	Critic Loss: 193088.5629	Entropy: 0.1642
2025-05-24 23:44:35,932 INFO PPO Iter: 1120	Total Steps: 2293760	Avg Reward (Batch): 978.30	Avg Reward (Roll100): 969.58	Actor Loss: -0.0001	Critic Loss: 193173.4082	Entropy: 0.1708
2025-05-24 23:44:48,027 INFO PPO Iter: 1130	Total Steps: 2314240	Avg Reward (Batch): 935.00	Avg Reward (Roll100): 917.09	Actor Loss: -0.0001	Critic Loss: 188964.8804	Entropy: 0.1612
2025-05-24 23:44:59,959 INFO PPO Iter: 1140	Total Steps: 2334720	Avg Reward (Batch): 895.60	Avg Reward (Roll100): 927.59	Actor Loss: -0.0009	Critic Loss: 188913.5563	Entropy: 0.1706
2025-05-24 23:45:11,803 INFO PPO Iter: 1150	Total Steps: 2355200	Avg Reward (Batch): 935.31	Avg Reward (Roll100): 937.59	Actor Loss: -0.0001	Critic Loss: 193109.5194	Entropy: 0.1522
2025-05-24 23:45:11,806 INFO Saved PPO actor to /Users/iddah/Documents/CS224R/Exploration-Policy/data/ppo-0.0005/ppo_iter_1150.pth
2025-05-24 23:45:24,083 INFO PPO Iter: 1160	Total Steps: 2375680	Avg Reward (Batch): 978.30	Avg Reward (Roll100): 927.59	Actor Loss: -0.0001	Critic Loss: 193088.3011	Entropy: 0.1641
2025-05-24 23:45:36,327 INFO PPO Iter: 1170	Total Steps: 2396160	Avg Reward (Batch): 999.57	Avg Reward (Roll100): 979.57	Actor Loss: -0.0001	Critic Loss: 197278.0261	Entropy: 0.1497
2025-05-24 23:45:48,008 INFO PPO Iter: 1180	Total Steps: 2416640	Avg Reward (Batch): 874.60	Avg Reward (Roll100): 927.09	Actor Loss: -0.0006	Critic Loss: 184764.0698	Entropy: 0.1663
2025-05-24 23:45:58,831 INFO PPO Iter: 1190	Total Steps: 2437120	Avg Reward (Batch): 936.33	Avg Reward (Roll100): 927.59	Actor Loss: -0.0001	Critic Loss: 193070.1865	Entropy: 0.1627
2025-05-24 23:46:11,450 INFO PPO Iter: 1200	Total Steps: 2457600	Avg Reward (Batch): 978.75	Avg Reward (Roll100): 938.09	Actor Loss: -0.0001	Critic Loss: 197243.9034	Entropy: 0.1515
2025-05-24 23:46:11,453 INFO Saved PPO actor to /Users/iddah/Documents/CS224R/Exploration-Policy/data/ppo-0.0005/ppo_iter_1200.pth
2025-05-24 23:46:25,052 INFO PPO Iter: 1210	Total Steps: 2478080	Avg Reward (Batch): 936.33	Avg Reward (Roll100): 938.09	Actor Loss: -0.0002	Critic Loss: 193063.0717	Entropy: 0.1526
2025-05-24 23:46:36,197 INFO PPO Iter: 1220	Total Steps: 2498560	Avg Reward (Batch): 956.87	Avg Reward (Roll100): 959.08	Actor Loss: -0.0001	Critic Loss: 193085.7372	Entropy: 0.1536
2025-05-24 23:46:46,599 INFO PPO Iter: 1230	Total Steps: 2519040	Avg Reward (Batch): 978.75	Avg Reward (Roll100): 959.09	Actor Loss: 0.0000	Critic Loss: 197254.0156	Entropy: 0.1478
2025-05-24 23:46:56,485 INFO PPO Iter: 1240	Total Steps: 2539520	Avg Reward (Batch): 978.30	Avg Reward (Roll100): 969.58	Actor Loss: -0.0001	Critic Loss: 193114.5101	Entropy: 0.1524
2025-05-24 23:47:06,139 INFO PPO Iter: 1250	Total Steps: 2560000	Avg Reward (Batch): 978.75	Avg Reward (Roll100): 979.58	Actor Loss: -0.0001	Critic Loss: 197223.8895	Entropy: 0.1412
2025-05-24 23:47:06,143 INFO Saved PPO actor to /Users/iddah/Documents/CS224R/Exploration-Policy/data/ppo-0.0005/ppo_iter_1250.pth
2025-05-24 23:47:15,773 INFO PPO Iter: 1260	Total Steps: 2580480	Avg Reward (Batch): 978.75	Avg Reward (Roll100): 969.58	Actor Loss: -0.0003	Critic Loss: 197205.8583	Entropy: 0.1412
2025-05-24 23:47:27,773 INFO PPO Iter: 1270	Total Steps: 2600960	Avg Reward (Batch): 937.60	Avg Reward (Roll100): 948.09	Actor Loss: -0.0000	Critic Loss: 197217.1720	Entropy: 0.1395
2025-05-24 23:47:44,448 INFO PPO Iter: 1280	Total Steps: 2621440	Avg Reward (Batch): 978.75	Avg Reward (Roll100): 969.58	Actor Loss: -0.0001	Critic Loss: 197187.3708	Entropy: 0.1334
2025-05-24 23:47:58,355 INFO PPO Iter: 1290	Total Steps: 2641920	Avg Reward (Batch): 978.75	Avg Reward (Roll100): 979.58	Actor Loss: -0.0001	Critic Loss: 197201.2272	Entropy: 0.1407
2025-05-24 23:48:12,108 INFO PPO Iter: 1300	Total Steps: 2662400	Avg Reward (Batch): 936.33	Avg Reward (Roll100): 938.09	Actor Loss: -0.0002	Critic Loss: 193043.4877	Entropy: 0.1434
2025-05-24 23:48:12,112 INFO Saved PPO actor to /Users/iddah/Documents/CS224R/Exploration-Policy/data/ppo-0.0005/ppo_iter_1300.pth
2025-05-24 23:48:27,507 INFO PPO Iter: 1310	Total Steps: 2682880	Avg Reward (Batch): 957.76	Avg Reward (Roll100): 959.09	Actor Loss: -0.0001	Critic Loss: 197220.8472	Entropy: 0.1406
2025-05-24 23:48:48,037 INFO PPO Iter: 1320	Total Steps: 2703360	Avg Reward (Batch): 978.75	Avg Reward (Roll100): 959.09	Actor Loss: -0.0001	Critic Loss: 197212.1475	Entropy: 0.1418
2025-05-24 23:49:04,605 INFO PPO Iter: 1330	Total Steps: 2723840	Avg Reward (Batch): 956.87	Avg Reward (Roll100): 959.08	Actor Loss: -0.0001	Critic Loss: 193058.9731	Entropy: 0.1422
2025-05-24 23:49:16,847 INFO PPO Iter: 1340	Total Steps: 2744320	Avg Reward (Batch): 957.76	Avg Reward (Roll100): 938.09	Actor Loss: -0.0003	Critic Loss: 197215.6414	Entropy: 0.1324
2025-05-24 23:49:29,826 INFO PPO Iter: 1350	Total Steps: 2764800	Avg Reward (Batch): 956.87	Avg Reward (Roll100): 948.59	Actor Loss: -0.0001	Critic Loss: 193043.5511	Entropy: 0.1350
2025-05-24 23:49:29,829 INFO Saved PPO actor to /Users/iddah/Documents/CS224R/Exploration-Policy/data/ppo-0.0005/ppo_iter_1350.pth
2025-05-24 23:49:43,816 INFO PPO Iter: 1360	Total Steps: 2785280	Avg Reward (Batch): 937.60	Avg Reward (Roll100): 948.59	Actor Loss: -0.0002	Critic Loss: 197197.4966	Entropy: 0.1388
2025-05-24 23:49:57,013 INFO PPO Iter: 1370	Total Steps: 2805760	Avg Reward (Batch): 957.76	Avg Reward (Roll100): 938.10	Actor Loss: -0.0001	Critic Loss: 197220.9822	Entropy: 0.1312
2025-05-24 23:50:07,937 INFO PPO Iter: 1380	Total Steps: 2826240	Avg Reward (Batch): 957.76	Avg Reward (Roll100): 969.09	Actor Loss: -0.0000	Critic Loss: 197194.7239	Entropy: 0.1344
2025-05-24 23:50:18,959 INFO PPO Iter: 1390	Total Steps: 2846720	Avg Reward (Batch): 978.75	Avg Reward (Roll100): 959.09	Actor Loss: -0.0000	Critic Loss: 197211.5868	Entropy: 0.1309
2025-05-24 23:50:31,039 INFO PPO Iter: 1400	Total Steps: 2867200	Avg Reward (Batch): 957.76	Avg Reward (Roll100): 959.09	Actor Loss: -0.0001	Critic Loss: 197209.2901	Entropy: 0.1320
2025-05-24 23:50:31,042 INFO Saved PPO actor to /Users/iddah/Documents/CS224R/Exploration-Policy/data/ppo-0.0005/ppo_iter_1400.pth
2025-05-24 23:50:42,398 INFO PPO Iter: 1410	Total Steps: 2887680	Avg Reward (Batch): 978.75	Avg Reward (Roll100): 969.58	Actor Loss: -0.0001	Critic Loss: 197183.6697	Entropy: 0.1266
2025-05-24 23:50:53,284 INFO PPO Iter: 1420	Total Steps: 2908160	Avg Reward (Batch): 936.33	Avg Reward (Roll100): 948.59	Actor Loss: -0.0003	Critic Loss: 193038.1016	Entropy: 0.1335
2025-05-24 23:51:04,199 INFO PPO Iter: 1430	Total Steps: 2928640	Avg Reward (Batch): 979.18	Avg Reward (Roll100): 969.59	Actor Loss: -0.0003	Critic Loss: 201352.4164	Entropy: 0.1221
2025-05-24 23:51:17,172 INFO PPO Iter: 1440	Total Steps: 2949120	Avg Reward (Batch): 957.76	Avg Reward (Roll100): 958.59	Actor Loss: -0.0001	Critic Loss: 197228.7129	Entropy: 0.1288
2025-05-24 23:51:30,257 INFO PPO Iter: 1450	Total Steps: 2969600	Avg Reward (Batch): 979.18	Avg Reward (Roll100): 969.59	Actor Loss: -0.0003	Critic Loss: 201364.4757	Entropy: 0.1271
2025-05-24 23:51:30,261 INFO Saved PPO actor to /Users/iddah/Documents/CS224R/Exploration-Policy/data/ppo-0.0005/ppo_iter_1450.pth
2025-05-24 23:51:43,407 INFO PPO Iter: 1460	Total Steps: 2990080	Avg Reward (Batch): 978.75	Avg Reward (Roll100): 959.09	Actor Loss: -0.0000	Critic Loss: 197181.5374	Entropy: 0.1288
2025-05-24 23:51:54,649 INFO PPO Iter: 1470	Total Steps: 3010560	Avg Reward (Batch): 957.76	Avg Reward (Roll100): 959.09	Actor Loss: -0.0001	Critic Loss: 197206.6616	Entropy: 0.1303
2025-05-24 23:52:05,475 INFO PPO Iter: 1480	Total Steps: 3031040	Avg Reward (Batch): 979.18	Avg Reward (Roll100): 959.09	Actor Loss: -0.0001	Critic Loss: 201366.5906	Entropy: 0.1282
2025-05-24 23:52:16,723 INFO PPO Iter: 1490	Total Steps: 3051520	Avg Reward (Batch): 978.75	Avg Reward (Roll100): 979.58	Actor Loss: -0.0001	Critic Loss: 197184.1216	Entropy: 0.1234
2025-05-24 23:52:27,601 INFO PPO Iter: 1500	Total Steps: 3072000	Avg Reward (Batch): 979.18	Avg Reward (Roll100): 979.59	Actor Loss: -0.0001	Critic Loss: 201361.1303	Entropy: 0.1320
2025-05-24 23:52:27,605 INFO Saved PPO actor to /Users/iddah/Documents/CS224R/Exploration-Policy/data/ppo-0.0005/ppo_iter_1500.pth
2025-05-24 23:52:27,605 INFO --- PPO Fine-tuning Complete ---
2025-05-24 23:52:27,607 INFO Final PPO-tuned actor saved to /Users/iddah/Documents/CS224R/Exploration-Policy/data/ppo-0.0005/ppo_final.pth
2025-05-24 23:52:29,720 INFO --- Visualizing Trajectory with: Final PPO-Tuned Policy (Deterministic) ---
2025-05-24 23:52:30,353 INFO Visualization: Trajectory length 42, Final state: (-18, 10), Total Reward: 999.59
2025-05-24 23:52:30,353 INFO SUCCESS: Reached Goal!
2025-05-24 23:52:30,353 INFO --- PPO Script Finished ---
