2025-05-24 22:56:56,118 INFO Loading model from /Users/iddah/Documents/CS224R/Exploration-Policy/data/ppo-0.01/ppo_final.pth
2025-05-24 22:56:56,118 INFO Using device: cpu
2025-05-24 22:56:56,123 INFO Model loaded successfully.
2025-05-24 22:56:56,123 INFO Generating stochastic trajectory 1/10
2025-05-24 22:56:59,483 INFO Saved plot to /Users/iddah/Documents/CS224R/Exploration-Policy/data/ppo-0.01/stochastic_traj_1.png
2025-05-24 22:56:59,484 INFO Generating stochastic trajectory 2/10
2025-05-24 22:57:01,068 INFO Saved plot to /Users/iddah/Documents/CS224R/Exploration-Policy/data/ppo-0.01/stochastic_traj_2.png
2025-05-24 22:57:01,069 INFO Generating stochastic trajectory 3/10
2025-05-24 22:57:02,331 INFO Saved plot to /Users/iddah/Documents/CS224R/Exploration-Policy/data/ppo-0.01/stochastic_traj_3.png
2025-05-24 22:57:02,332 INFO Generating stochastic trajectory 4/10
2025-05-24 22:57:03,465 INFO Saved plot to /Users/iddah/Documents/CS224R/Exploration-Policy/data/ppo-0.01/stochastic_traj_4.png
2025-05-24 22:57:03,465 INFO Generating stochastic trajectory 5/10
2025-05-24 22:57:04,331 INFO Saved plot to /Users/iddah/Documents/CS224R/Exploration-Policy/data/ppo-0.01/stochastic_traj_5.png
2025-05-24 22:57:04,332 INFO Generating stochastic trajectory 6/10
2025-05-24 22:57:05,132 INFO Saved plot to /Users/iddah/Documents/CS224R/Exploration-Policy/data/ppo-0.01/stochastic_traj_6.png
2025-05-24 22:57:05,132 INFO Generating stochastic trajectory 7/10
2025-05-24 22:57:06,031 INFO Saved plot to /Users/iddah/Documents/CS224R/Exploration-Policy/data/ppo-0.01/stochastic_traj_7.png
2025-05-24 22:57:06,031 INFO Generating stochastic trajectory 8/10
2025-05-24 22:57:06,981 INFO Saved plot to /Users/iddah/Documents/CS224R/Exploration-Policy/data/ppo-0.01/stochastic_traj_8.png
2025-05-24 22:57:06,982 INFO Generating stochastic trajectory 9/10
2025-05-24 22:57:07,800 INFO Saved plot to /Users/iddah/Documents/CS224R/Exploration-Policy/data/ppo-0.01/stochastic_traj_9.png
2025-05-24 22:57:07,800 INFO Generating stochastic trajectory 10/10
2025-05-24 22:57:08,966 INFO Saved plot to /Users/iddah/Documents/CS224R/Exploration-Policy/data/ppo-0.01/stochastic_traj_10.png
2025-05-24 22:57:08,966 INFO All done.
