2025-05-24 23:40:28,017 INFO Loading model from /Users/iddah/Documents/CS224R/Exploration-Policy/data/ppo-0.05/ppo_final.pth
2025-05-24 23:40:28,017 INFO Using device: cpu
2025-05-24 23:40:28,021 INFO Model loaded successfully.
2025-05-24 23:40:28,021 INFO Generating stochastic trajectory 1/10
2025-05-24 23:40:29,894 INFO Saved plot to /Users/iddah/Documents/CS224R/Exploration-Policy/data/ppo-0.05/stochastic_traj_1.png
2025-05-24 23:40:29,896 INFO Generating stochastic trajectory 2/10
2025-05-24 23:40:31,505 INFO Saved plot to /Users/iddah/Documents/CS224R/Exploration-Policy/data/ppo-0.05/stochastic_traj_2.png
2025-05-24 23:40:31,506 INFO Generating stochastic trajectory 3/10
2025-05-24 23:40:32,471 INFO Saved plot to /Users/iddah/Documents/CS224R/Exploration-Policy/data/ppo-0.05/stochastic_traj_3.png
2025-05-24 23:40:32,471 INFO Generating stochastic trajectory 4/10
2025-05-24 23:40:33,486 INFO Saved plot to /Users/iddah/Documents/CS224R/Exploration-Policy/data/ppo-0.05/stochastic_traj_4.png
2025-05-24 23:40:33,486 INFO Generating stochastic trajectory 5/10
2025-05-24 23:40:34,405 INFO Saved plot to /Users/iddah/Documents/CS224R/Exploration-Policy/data/ppo-0.05/stochastic_traj_5.png
2025-05-24 23:40:34,405 INFO Generating stochastic trajectory 6/10
2025-05-24 23:40:35,272 INFO Saved plot to /Users/iddah/Documents/CS224R/Exploration-Policy/data/ppo-0.05/stochastic_traj_6.png
2025-05-24 23:40:35,272 INFO Generating stochastic trajectory 7/10
2025-05-24 23:40:36,138 INFO Saved plot to /Users/iddah/Documents/CS224R/Exploration-Policy/data/ppo-0.05/stochastic_traj_7.png
2025-05-24 23:40:36,138 INFO Generating stochastic trajectory 8/10
2025-05-24 23:40:37,022 INFO Saved plot to /Users/iddah/Documents/CS224R/Exploration-Policy/data/ppo-0.05/stochastic_traj_8.png
2025-05-24 23:40:37,022 INFO Generating stochastic trajectory 9/10
2025-05-24 23:40:37,907 INFO Saved plot to /Users/iddah/Documents/CS224R/Exploration-Policy/data/ppo-0.05/stochastic_traj_9.png
2025-05-24 23:40:37,907 INFO Generating stochastic trajectory 10/10
2025-05-24 23:40:39,256 INFO Saved plot to /Users/iddah/Documents/CS224R/Exploration-Policy/data/ppo-0.05/stochastic_traj_10.png
2025-05-24 23:40:39,256 INFO All done.
