2025-06-03 10:41:12,176 INFO Using device: cpu
2025-06-03 10:41:12,185 INFO Attempting to load IL-trained actor from: /Users/ifditahasanorney/Documents/GitHub/Exploration-Policy/saved_models_exp/policy_il_trained.pth
2025-06-03 10:41:12,195 INFO Successfully loaded pre-trained IL actor.
2025-06-03 10:41:13,007 INFO --- Starting PPO Fine-tuning ---
2025-06-03 10:41:13,008 INFO Loaded pretrained imitation policy from /Users/ifditahasanorney/Documents/GitHub/Exploration-Policy/saved_models_exp/policy_il_trained.pth for KL computation.
2025-06-03 10:41:13,009 INFO Logging experiment at: /Users/ifditahasanorney/Documents/GitHub/Exploration-Policy/data/tensorboard/ppo_grid_0.5
2025-06-03 10:41:17,367 INFO PPO Iter: 10	Total Steps: 20480	Avg Reward (Batch): 489.23	Avg Reward (Roll100): 538.98	Actor Loss: -0.0005	Critic Loss: 84616.5148	Entropy: 0.6737
2025-06-03 10:41:21,599 INFO PPO Iter: 20	Total Steps: 40960	Avg Reward (Batch): 500.71	Avg Reward (Roll100): 549.49	Actor Loss: -0.0006	Critic Loss: 93069.1321	Entropy: 0.6589
2025-06-03 10:41:25,835 INFO PPO Iter: 30	Total Steps: 61440	Avg Reward (Batch): 499.54	Avg Reward (Roll100): 402.58	Actor Loss: -0.0006	Critic Loss: 97301.0119	Entropy: 0.6680
2025-06-03 10:41:30,062 INFO PPO Iter: 40	Total Steps: 81920	Avg Reward (Batch): 282.11	Avg Reward (Roll100): 276.15	Actor Loss: -0.0004	Critic Loss: 76377.7478	Entropy: 0.7279
2025-06-03 10:41:34,287 INFO PPO Iter: 50	Total Steps: 102400	Avg Reward (Batch): 142.68	Avg Reward (Roll100): 150.22	Actor Loss: -0.0003	Critic Loss: 55468.9952	Entropy: 0.7852
2025-06-03 10:41:34,290 INFO Saved PPO actor to /Users/ifditahasanorney/Documents/GitHub/Exploration-Policy/data/ppo-0.5/ppo_iter_50.pth
2025-06-03 10:41:38,619 INFO PPO Iter: 60	Total Steps: 122880	Avg Reward (Batch): 191.48	Avg Reward (Roll100): 202.66	Actor Loss: -0.0012	Critic Loss: 59598.1731	Entropy: 0.7739
2025-06-03 10:41:42,950 INFO PPO Iter: 70	Total Steps: 143360	Avg Reward (Batch): 83.81	Avg Reward (Roll100): 129.17	Actor Loss: -0.0004	Critic Loss: 34344.5094	Entropy: 0.8395
2025-06-03 10:41:47,162 INFO PPO Iter: 80	Total Steps: 163840	Avg Reward (Batch): 114.53	Avg Reward (Roll100): 139.67	Actor Loss: -0.0006	Critic Loss: 42759.9830	Entropy: 0.8503
2025-06-03 10:41:51,389 INFO PPO Iter: 90	Total Steps: 184320	Avg Reward (Batch): 149.66	Avg Reward (Roll100): 181.64	Actor Loss: -0.0009	Critic Loss: 46884.4120	Entropy: 0.8730
2025-06-03 10:41:55,613 INFO PPO Iter: 100	Total Steps: 204800	Avg Reward (Batch): 77.24	Avg Reward (Roll100): 76.68	Actor Loss: -0.0003	Critic Loss: 30075.7437	Entropy: 0.9204
2025-06-03 10:41:55,615 INFO Saved PPO actor to /Users/ifditahasanorney/Documents/GitHub/Exploration-Policy/data/ppo-0.5/ppo_iter_100.pth
2025-06-03 10:41:59,857 INFO PPO Iter: 110	Total Steps: 225280	Avg Reward (Batch): 75.82	Avg Reward (Roll100): 118.67	Actor Loss: -0.0021	Critic Loss: 34366.6639	Entropy: 0.9354
2025-06-03 10:42:04,094 INFO PPO Iter: 120	Total Steps: 245760	Avg Reward (Batch): 79.48	Avg Reward (Roll100): 129.14	Actor Loss: -0.0012	Critic Loss: 30078.2832	Entropy: 0.9369
2025-06-03 10:42:08,461 INFO PPO Iter: 130	Total Steps: 266240	Avg Reward (Batch): 103.27	Avg Reward (Roll100): 129.12	Actor Loss: -0.0003	Critic Loss: 34259.3032	Entropy: 0.9466
2025-06-03 10:42:12,704 INFO PPO Iter: 140	Total Steps: 286720	Avg Reward (Batch): 172.69	Avg Reward (Roll100): 97.66	Actor Loss: -0.0000	Critic Loss: 46828.6040	Entropy: 0.9641
2025-06-03 10:42:16,985 INFO PPO Iter: 150	Total Steps: 307200	Avg Reward (Batch): 110.68	Avg Reward (Roll100): 87.15	Actor Loss: -0.0005	Critic Loss: 38482.6376	Entropy: 0.9821
2025-06-03 10:42:16,986 INFO Saved PPO actor to /Users/ifditahasanorney/Documents/GitHub/Exploration-Policy/data/ppo-0.5/ppo_iter_150.pth
2025-06-03 10:42:21,215 INFO PPO Iter: 160	Total Steps: 327680	Avg Reward (Batch): 168.49	Avg Reward (Roll100): 160.62	Actor Loss: 0.0000	Critic Loss: 46844.0999	Entropy: 0.9518
2025-06-03 10:42:25,449 INFO PPO Iter: 170	Total Steps: 348160	Avg Reward (Batch): 134.74	Avg Reward (Roll100): 87.17	Actor Loss: -0.0004	Critic Loss: 42688.1362	Entropy: 0.9812
2025-06-03 10:42:29,714 INFO PPO Iter: 180	Total Steps: 368640	Avg Reward (Batch): 103.27	Avg Reward (Roll100): 118.64	Actor Loss: -0.0007	Critic Loss: 34247.5556	Entropy: 1.0048
2025-06-03 10:42:34,066 INFO PPO Iter: 190	Total Steps: 389120	Avg Reward (Batch): 70.99	Avg Reward (Roll100): 87.16	Actor Loss: -0.0008	Critic Loss: 30096.6151	Entropy: 1.0026
2025-06-03 10:42:38,356 INFO PPO Iter: 200	Total Steps: 409600	Avg Reward (Batch): 63.04	Avg Reward (Roll100): 55.65	Actor Loss: -0.0004	Critic Loss: 25834.0422	Entropy: 1.0211
2025-06-03 10:42:38,357 INFO Saved PPO actor to /Users/ifditahasanorney/Documents/GitHub/Exploration-Policy/data/ppo-0.5/ppo_iter_200.pth
2025-06-03 10:42:42,660 INFO PPO Iter: 210	Total Steps: 430080	Avg Reward (Batch): 109.06	Avg Reward (Roll100): 118.62	Actor Loss: -0.0003	Critic Loss: 34229.3375	Entropy: 1.0049
2025-06-03 10:42:46,948 INFO PPO Iter: 220	Total Steps: 450560	Avg Reward (Batch): 284.77	Avg Reward (Roll100): 224.06	Actor Loss: -0.0008	Critic Loss: 59379.9379	Entropy: 0.9604
2025-06-03 10:42:51,190 INFO PPO Iter: 230	Total Steps: 471040	Avg Reward (Batch): 152.50	Avg Reward (Roll100): 139.60	Actor Loss: -0.0007	Critic Loss: 42653.9200	Entropy: 0.9907
2025-06-03 10:42:55,426 INFO PPO Iter: 240	Total Steps: 491520	Avg Reward (Batch): 109.06	Avg Reward (Roll100): 129.12	Actor Loss: -0.0005	Critic Loss: 34207.0252	Entropy: 1.0098
2025-06-03 10:42:59,717 INFO PPO Iter: 250	Total Steps: 512000	Avg Reward (Batch): 174.04	Avg Reward (Roll100): 150.60	Actor Loss: -0.0000	Critic Loss: 42573.6729	Entropy: 0.9906
2025-06-03 10:42:59,718 INFO Saved PPO actor to /Users/ifditahasanorney/Documents/GitHub/Exploration-Policy/data/ppo-0.5/ppo_iter_250.pth
2025-06-03 10:43:04,082 INFO PPO Iter: 260	Total Steps: 532480	Avg Reward (Batch): 160.60	Avg Reward (Roll100): 160.60	Actor Loss: -0.0009	Critic Loss: 42606.6817	Entropy: 0.9989
2025-06-03 10:43:08,348 INFO PPO Iter: 270	Total Steps: 552960	Avg Reward (Batch): 174.04	Avg Reward (Roll100): 139.60	Actor Loss: -0.0014	Critic Loss: 42561.9583	Entropy: 1.0161
2025-06-03 10:43:12,629 INFO PPO Iter: 280	Total Steps: 573440	Avg Reward (Batch): 93.86	Avg Reward (Roll100): 108.58	Actor Loss: -0.0003	Critic Loss: 25733.7952	Entropy: 1.0038
2025-06-03 10:43:16,911 INFO PPO Iter: 290	Total Steps: 593920	Avg Reward (Batch): 125.56	Avg Reward (Roll100): 129.13	Actor Loss: -0.0003	Critic Loss: 38451.6622	Entropy: 0.9945
2025-06-03 10:43:21,473 INFO PPO Iter: 300	Total Steps: 614400	Avg Reward (Batch): 84.18	Avg Reward (Roll100): 87.15	Actor Loss: -0.0004	Critic Loss: 30031.7470	Entropy: 1.0062
2025-06-03 10:43:21,475 INFO Saved PPO actor to /Users/ifditahasanorney/Documents/GitHub/Exploration-Policy/data/ppo-0.5/ppo_iter_300.pth
2025-06-03 10:43:25,764 INFO PPO Iter: 310	Total Steps: 634880	Avg Reward (Batch): 143.47	Avg Reward (Roll100): 129.10	Actor Loss: -0.0011	Critic Loss: 38393.6184	Entropy: 0.9801
2025-06-03 10:43:30,204 INFO PPO Iter: 320	Total Steps: 655360	Avg Reward (Batch): 160.60	Avg Reward (Roll100): 150.10	Actor Loss: -0.0001	Critic Loss: 42610.4946	Entropy: 0.9966
2025-06-03 10:43:34,530 INFO PPO Iter: 330	Total Steps: 675840	Avg Reward (Batch): 86.67	Avg Reward (Roll100): 97.61	Actor Loss: -0.0005	Critic Loss: 30042.4229	Entropy: 1.0151
2025-06-03 10:43:38,779 INFO PPO Iter: 340	Total Steps: 696320	Avg Reward (Batch): 128.87	Avg Reward (Roll100): 150.12	Actor Loss: -0.0009	Critic Loss: 38434.9169	Entropy: 0.9980
2025-06-03 10:43:43,024 INFO PPO Iter: 350	Total Steps: 716800	Avg Reward (Batch): 46.00	Avg Reward (Roll100): 87.12	Actor Loss: -0.0011	Critic Loss: 21636.9737	Entropy: 1.0215
2025-06-03 10:43:43,025 INFO Saved PPO actor to /Users/ifditahasanorney/Documents/GitHub/Exploration-Policy/data/ppo-0.5/ppo_iter_350.pth
2025-06-03 10:43:47,273 INFO PPO Iter: 360	Total Steps: 737280	Avg Reward (Batch): 55.50	Avg Reward (Roll100): 76.64	Actor Loss: -0.0004	Critic Loss: 25890.0006	Entropy: 1.0327
2025-06-03 10:43:51,590 INFO PPO Iter: 370	Total Steps: 757760	Avg Reward (Batch): 65.09	Avg Reward (Roll100): 108.13	Actor Loss: -0.0005	Critic Loss: 25839.4537	Entropy: 1.0363
2025-06-03 10:43:56,209 INFO PPO Iter: 380	Total Steps: 778240	Avg Reward (Batch): 65.09	Avg Reward (Roll100): 55.64	Actor Loss: -0.0004	Critic Loss: 25845.0622	Entropy: 1.0224
2025-06-03 10:44:00,541 INFO PPO Iter: 390	Total Steps: 798720	Avg Reward (Batch): 81.87	Avg Reward (Roll100): 108.60	Actor Loss: -0.0008	Critic Loss: 25765.5431	Entropy: 1.0235
2025-06-03 10:44:04,941 INFO PPO Iter: 400	Total Steps: 819200	Avg Reward (Batch): 94.71	Avg Reward (Roll100): 76.62	Actor Loss: -0.0011	Critic Loss: 29993.9499	Entropy: 1.0334
2025-06-03 10:44:04,942 INFO Saved PPO actor to /Users/ifditahasanorney/Documents/GitHub/Exploration-Policy/data/ppo-0.5/ppo_iter_400.pth
2025-06-03 10:44:09,451 INFO PPO Iter: 410	Total Steps: 839680	Avg Reward (Batch): 115.29	Avg Reward (Roll100): 97.61	Actor Loss: -0.0006	Critic Loss: 34217.4928	Entropy: 1.0097
2025-06-03 10:44:13,817 INFO PPO Iter: 420	Total Steps: 860160	Avg Reward (Batch): 133.26	Avg Reward (Roll100): 150.09	Actor Loss: -0.0002	Critic Loss: 34153.4259	Entropy: 1.0086
2025-06-03 10:44:18,285 INFO PPO Iter: 430	Total Steps: 880640	Avg Reward (Batch): 156.09	Avg Reward (Roll100): 129.10	Actor Loss: -0.0001	Critic Loss: 38364.4990	Entropy: 1.0021
2025-06-03 10:44:22,698 INFO PPO Iter: 440	Total Steps: 901120	Avg Reward (Batch): 218.72	Avg Reward (Roll100): 150.10	Actor Loss: -0.0002	Critic Loss: 50982.4538	Entropy: 0.9811
2025-06-03 10:44:27,185 INFO PPO Iter: 450	Total Steps: 921600	Avg Reward (Batch): 100.54	Avg Reward (Roll100): 76.65	Actor Loss: 0.0001	Critic Loss: 34251.5190	Entropy: 1.0174
2025-06-03 10:44:27,186 INFO Saved PPO actor to /Users/ifditahasanorney/Documents/GitHub/Exploration-Policy/data/ppo-0.5/ppo_iter_450.pth
2025-06-03 10:44:31,754 INFO PPO Iter: 460	Total Steps: 942080	Avg Reward (Batch): 122.04	Avg Reward (Roll100): 129.59	Actor Loss: -0.0012	Critic Loss: 34198.3841	Entropy: 1.0078
2025-06-03 10:44:36,132 INFO PPO Iter: 470	Total Steps: 962560	Avg Reward (Batch): 165.45	Avg Reward (Roll100): 182.06	Actor Loss: -0.0009	Critic Loss: 38349.7411	Entropy: 0.9953
2025-06-03 10:44:40,432 INFO PPO Iter: 480	Total Steps: 983040	Avg Reward (Batch): 138.60	Avg Reward (Roll100): 97.11	Actor Loss: 0.0000	Critic Loss: 38392.0844	Entropy: 1.0132
2025-06-03 10:44:44,747 INFO PPO Iter: 490	Total Steps: 1003520	Avg Reward (Batch): 147.50	Avg Reward (Roll100): 140.09	Actor Loss: -0.0003	Critic Loss: 38383.5447	Entropy: 1.0094
2025-06-03 10:44:49,177 INFO PPO Iter: 500	Total Steps: 1024000	Avg Reward (Batch): 129.36	Avg Reward (Roll100): 87.10	Actor Loss: -0.0004	Critic Loss: 34171.9822	Entropy: 1.0105
2025-06-03 10:44:49,178 INFO Saved PPO actor to /Users/ifditahasanorney/Documents/GitHub/Exploration-Policy/data/ppo-0.5/ppo_iter_500.pth
2025-06-03 10:44:53,507 INFO PPO Iter: 510	Total Steps: 1044480	Avg Reward (Batch): 169.37	Avg Reward (Roll100): 140.10	Actor Loss: -0.0003	Critic Loss: 42596.7520	Entropy: 0.9982
2025-06-03 10:44:57,931 INFO PPO Iter: 520	Total Steps: 1064960	Avg Reward (Batch): 184.00	Avg Reward (Roll100): 161.08	Actor Loss: -0.0001	Critic Loss: 42538.8696	Entropy: 0.9972
2025-06-03 10:45:02,328 INFO PPO Iter: 530	Total Steps: 1085440	Avg Reward (Batch): 97.60	Avg Reward (Roll100): 87.12	Actor Loss: -0.0002	Critic Loss: 29990.0595	Entropy: 1.0276
2025-06-03 10:45:06,563 INFO PPO Iter: 540	Total Steps: 1105920	Avg Reward (Batch): 129.36	Avg Reward (Roll100): 161.06	Actor Loss: -0.0005	Critic Loss: 34160.9886	Entropy: 1.0059
2025-06-03 10:45:10,854 INFO PPO Iter: 550	Total Steps: 1126400	Avg Reward (Batch): 160.60	Avg Reward (Roll100): 118.60	Actor Loss: -0.0002	Critic Loss: 42608.3883	Entropy: 1.0048
2025-06-03 10:45:10,855 INFO Saved PPO actor to /Users/ifditahasanorney/Documents/GitHub/Exploration-Policy/data/ppo-0.5/ppo_iter_550.pth
2025-06-03 10:45:15,113 INFO PPO Iter: 560	Total Steps: 1146880	Avg Reward (Batch): 91.92	Avg Reward (Roll100): 97.61	Actor Loss: -0.0001	Critic Loss: 29998.0194	Entropy: 1.0405
2025-06-03 10:45:19,543 INFO PPO Iter: 570	Total Steps: 1167360	Avg Reward (Batch): 41.04	Avg Reward (Roll100): 55.65	Actor Loss: -0.0002	Critic Loss: 21660.5028	Entropy: 1.0414
2025-06-03 10:45:23,794 INFO PPO Iter: 580	Total Steps: 1187840	Avg Reward (Batch): 94.71	Avg Reward (Roll100): 76.63	Actor Loss: -0.0005	Critic Loss: 30000.0706	Entropy: 1.0235
2025-06-03 10:45:28,099 INFO PPO Iter: 590	Total Steps: 1208320	Avg Reward (Batch): 41.04	Avg Reward (Roll100): 45.16	Actor Loss: -0.0012	Critic Loss: 21661.9733	Entropy: 1.0510
2025-06-03 10:45:32,338 INFO PPO Iter: 600	Total Steps: 1228800	Avg Reward (Batch): 67.22	Avg Reward (Roll100): 45.14	Actor Loss: -0.0002	Critic Loss: 25823.2382	Entropy: 1.0365
2025-06-03 10:45:32,339 INFO Saved PPO actor to /Users/ifditahasanorney/Documents/GitHub/Exploration-Policy/data/ppo-0.5/ppo_iter_600.pth
2025-06-03 10:45:36,586 INFO PPO Iter: 610	Total Steps: 1249280	Avg Reward (Batch): 128.87	Avg Reward (Roll100): 76.62	Actor Loss: -0.0006	Critic Loss: 38444.4561	Entropy: 1.0131
2025-06-03 10:45:40,788 INFO PPO Iter: 620	Total Steps: 1269760	Avg Reward (Batch): 53.77	Avg Reward (Roll100): 66.15	Actor Loss: -0.0014	Critic Loss: 25880.6840	Entropy: 1.0404
2025-06-03 10:45:45,175 INFO PPO Iter: 630	Total Steps: 1290240	Avg Reward (Batch): 65.09	Avg Reward (Roll100): 97.61	Actor Loss: -0.0012	Critic Loss: 25841.4315	Entropy: 1.0419
2025-06-03 10:45:49,402 INFO PPO Iter: 640	Total Steps: 1310720	Avg Reward (Batch): 41.04	Avg Reward (Roll100): 87.13	Actor Loss: -0.0018	Critic Loss: 21650.7133	Entropy: 1.0559
2025-06-03 10:45:53,683 INFO PPO Iter: 650	Total Steps: 1331200	Avg Reward (Batch): 135.88	Avg Reward (Roll100): 87.13	Actor Loss: -0.0013	Critic Loss: 38405.0754	Entropy: 1.0244
2025-06-03 10:45:53,684 INFO Saved PPO actor to /Users/ifditahasanorney/Documents/GitHub/Exploration-Policy/data/ppo-0.5/ppo_iter_650.pth
2025-06-03 10:45:58,004 INFO PPO Iter: 660	Total Steps: 1351680	Avg Reward (Batch): 91.92	Avg Reward (Roll100): 97.61	Actor Loss: -0.0001	Critic Loss: 30020.9252	Entropy: 1.0301
2025-06-03 10:46:02,253 INFO PPO Iter: 670	Total Steps: 1372160	Avg Reward (Batch): 2.13	Avg Reward (Roll100): 13.67	Actor Loss: -0.0010	Critic Loss: 13267.1891	Entropy: 1.0643
2025-06-03 10:46:06,500 INFO PPO Iter: 680	Total Steps: 1392640	Avg Reward (Batch): 92.88	Avg Reward (Roll100): 55.68	Actor Loss: -0.0031	Critic Loss: 34282.5265	Entropy: 1.0148
2025-06-03 10:46:10,740 INFO PPO Iter: 690	Total Steps: 1413120	Avg Reward (Batch): 67.22	Avg Reward (Roll100): 97.61	Actor Loss: -0.0019	Critic Loss: 25820.5581	Entropy: 1.0449
2025-06-03 10:46:14,998 INFO PPO Iter: 700	Total Steps: 1433600	Avg Reward (Batch): 125.56	Avg Reward (Roll100): 66.13	Actor Loss: -0.0003	Critic Loss: 38432.9174	Entropy: 1.0316
2025-06-03 10:46:14,998 INFO Saved PPO actor to /Users/ifditahasanorney/Documents/GitHub/Exploration-Policy/data/ppo-0.5/ppo_iter_700.pth
2025-06-03 10:46:19,262 INFO PPO Iter: 710	Total Steps: 1454080	Avg Reward (Batch): 36.56	Avg Reward (Roll100): 45.16	Actor Loss: -0.0005	Critic Loss: 21684.8072	Entropy: 1.0410
2025-06-03 10:46:23,641 INFO PPO Iter: 720	Total Steps: 1474560	Avg Reward (Batch): 79.18	Avg Reward (Roll100): 77.10	Actor Loss: -0.0011	Critic Loss: 25774.3904	Entropy: 1.0447
2025-06-03 10:46:27,917 INFO PPO Iter: 730	Total Steps: 1495040	Avg Reward (Batch): 57.76	Avg Reward (Roll100): 119.09	Actor Loss: -0.0033	Critic Loss: 21562.6829	Entropy: 1.0438
2025-06-03 10:46:32,179 INFO PPO Iter: 740	Total Steps: 1515520	Avg Reward (Batch): 106.11	Avg Reward (Roll100): 129.10	Actor Loss: -0.0007	Critic Loss: 34231.3393	Entropy: 1.0258
2025-06-03 10:46:36,434 INFO PPO Iter: 750	Total Steps: 1536000	Avg Reward (Batch): 51.54	Avg Reward (Roll100): 118.60	Actor Loss: -0.0001	Critic Loss: 21605.9609	Entropy: 1.0448
2025-06-03 10:46:36,436 INFO Saved PPO actor to /Users/ifditahasanorney/Documents/GitHub/Exploration-Policy/data/ppo-0.5/ppo_iter_750.pth
2025-06-03 10:46:40,730 INFO PPO Iter: 760	Total Steps: 1556480	Avg Reward (Batch): 106.11	Avg Reward (Roll100): 87.11	Actor Loss: -0.0004	Critic Loss: 34227.2581	Entropy: 1.0297
2025-06-03 10:46:45,094 INFO PPO Iter: 770	Total Steps: 1576960	Avg Reward (Batch): 151.70	Avg Reward (Roll100): 87.10	Actor Loss: -0.0006	Critic Loss: 38382.9226	Entropy: 1.0168
2025-06-03 10:46:49,813 INFO PPO Iter: 780	Total Steps: 1597440	Avg Reward (Batch): 69.43	Avg Reward (Roll100): 86.61	Actor Loss: -0.0011	Critic Loss: 25800.8707	Entropy: 1.0473
2025-06-03 10:46:54,286 INFO PPO Iter: 790	Total Steps: 1617920	Avg Reward (Batch): 25.54	Avg Reward (Roll100): 87.12	Actor Loss: -0.0013	Critic Loss: 17433.7289	Entropy: 1.0518
2025-06-03 10:46:58,517 INFO PPO Iter: 800	Total Steps: 1638400	Avg Reward (Batch): 112.12	Avg Reward (Roll100): 66.13	Actor Loss: -0.0005	Critic Loss: 34218.0068	Entropy: 1.0148
2025-06-03 10:46:58,519 INFO Saved PPO actor to /Users/ifditahasanorney/Documents/GitHub/Exploration-Policy/data/ppo-0.5/ppo_iter_800.pth
2025-06-03 10:47:02,793 INFO PPO Iter: 810	Total Steps: 1658880	Avg Reward (Batch): 106.11	Avg Reward (Roll100): 129.11	Actor Loss: -0.0003	Critic Loss: 34239.3321	Entropy: 1.0260
2025-06-03 10:47:07,056 INFO PPO Iter: 820	Total Steps: 1679360	Avg Reward (Batch): 51.54	Avg Reward (Roll100): 76.62	Actor Loss: -0.0010	Critic Loss: 21590.9429	Entropy: 1.0553
2025-06-03 10:47:11,336 INFO PPO Iter: 830	Total Steps: 1699840	Avg Reward (Batch): 213.12	Avg Reward (Roll100): 150.10	Actor Loss: -0.0003	Critic Loss: 50997.4226	Entropy: 1.0046
2025-06-03 10:47:15,600 INFO PPO Iter: 840	Total Steps: 1720320	Avg Reward (Batch): 125.56	Avg Reward (Roll100): 129.11	Actor Loss: -0.0001	Critic Loss: 38439.8555	Entropy: 1.0256
2025-06-03 10:47:19,914 INFO PPO Iter: 850	Total Steps: 1740800	Avg Reward (Batch): 86.67	Avg Reward (Roll100): 97.62	Actor Loss: -0.0004	Critic Loss: 30034.8080	Entropy: 1.0367
2025-06-03 10:47:19,915 INFO Saved PPO actor to /Users/ifditahasanorney/Documents/GitHub/Exploration-Policy/data/ppo-0.5/ppo_iter_850.pth
2025-06-03 10:47:24,197 INFO PPO Iter: 860	Total Steps: 1761280	Avg Reward (Batch): 79.48	Avg Reward (Roll100): 76.64	Actor Loss: -0.0010	Critic Loss: 30059.1434	Entropy: 1.0376
2025-06-03 10:47:28,574 INFO PPO Iter: 870	Total Steps: 1781760	Avg Reward (Batch): 93.73	Avg Reward (Roll100): 86.61	Actor Loss: -0.0007	Critic Loss: 29993.8564	Entropy: 1.0399
2025-06-03 10:47:33,030 INFO PPO Iter: 880	Total Steps: 1802240	Avg Reward (Batch): 67.22	Avg Reward (Roll100): 66.12	Actor Loss: -0.0003	Critic Loss: 25818.6201	Entropy: 1.0525
2025-06-03 10:47:37,589 INFO PPO Iter: 890	Total Steps: 1822720	Avg Reward (Batch): 135.88	Avg Reward (Roll100): 118.61	Actor Loss: -0.0008	Critic Loss: 38406.9306	Entropy: 1.0295
2025-06-03 10:47:41,895 INFO PPO Iter: 900	Total Steps: 1843200	Avg Reward (Batch): 76.60	Avg Reward (Roll100): 87.10	Actor Loss: -0.0003	Critic Loss: 25785.5331	Entropy: 1.0421
2025-06-03 10:47:41,897 INFO Saved PPO actor to /Users/ifditahasanorney/Documents/GitHub/Exploration-Policy/data/ppo-0.5/ppo_iter_900.pth
2025-06-03 10:47:46,190 INFO PPO Iter: 910	Total Steps: 1863680	Avg Reward (Batch): 184.00	Avg Reward (Roll100): 129.60	Actor Loss: -0.0001	Critic Loss: 42555.5887	Entropy: 1.0247
2025-06-03 10:47:50,502 INFO PPO Iter: 920	Total Steps: 1884160	Avg Reward (Batch): 178.91	Avg Reward (Roll100): 150.60	Actor Loss: -0.0000	Critic Loss: 42576.6765	Entropy: 1.0145
2025-06-03 10:47:54,895 INFO PPO Iter: 930	Total Steps: 1904640	Avg Reward (Batch): -12.63	Avg Reward (Roll100): 34.65	Actor Loss: -0.0004	Critic Loss: 9030.9395	Entropy: 1.0719
2025-06-03 10:47:59,248 INFO PPO Iter: 940	Total Steps: 1925120	Avg Reward (Batch): 60.00	Avg Reward (Roll100): 45.60	Actor Loss: -0.0001	Critic Loss: 21559.0756	Entropy: 1.0543
2025-06-03 10:48:03,660 INFO PPO Iter: 950	Total Steps: 1945600	Avg Reward (Batch): 42.63	Avg Reward (Roll100): 108.12	Actor Loss: -0.0007	Critic Loss: 21644.3092	Entropy: 1.0582
2025-06-03 10:48:03,662 INFO Saved PPO actor to /Users/ifditahasanorney/Documents/GitHub/Exploration-Policy/data/ppo-0.5/ppo_iter_950.pth
2025-06-03 10:48:08,089 INFO PPO Iter: 960	Total Steps: 1966080	Avg Reward (Batch): 24.21	Avg Reward (Roll100): 45.13	Actor Loss: -0.0007	Critic Loss: 17440.5847	Entropy: 1.0544
2025-06-03 10:48:12,587 INFO PPO Iter: 970	Total Steps: 1986560	Avg Reward (Batch): 186.33	Avg Reward (Roll100): 140.09	Actor Loss: -0.0003	Critic Loss: 46774.4490	Entropy: 1.0254
2025-06-03 10:48:17,153 INFO PPO Iter: 980	Total Steps: 2007040	Avg Reward (Batch): 94.71	Avg Reward (Roll100): 139.61	Actor Loss: -0.0006	Critic Loss: 29989.9057	Entropy: 1.0465
2025-06-03 10:48:21,642 INFO PPO Iter: 990	Total Steps: 2027520	Avg Reward (Batch): 194.88	Avg Reward (Roll100): 150.56	Actor Loss: -0.0001	Critic Loss: 42542.9218	Entropy: 1.0179
2025-06-03 10:48:26,143 INFO PPO Iter: 1000	Total Steps: 2048000	Avg Reward (Batch): 122.04	Avg Reward (Roll100): 118.60	Actor Loss: -0.0005	Critic Loss: 34178.2672	Entropy: 1.0308
2025-06-03 10:48:26,144 INFO Saved PPO actor to /Users/ifditahasanorney/Documents/GitHub/Exploration-Policy/data/ppo-0.5/ppo_iter_1000.pth
2025-06-03 10:48:30,433 INFO PPO Iter: 1010	Total Steps: 2068480	Avg Reward (Batch): 71.73	Avg Reward (Roll100): 118.60	Actor Loss: -0.0007	Critic Loss: 25822.3064	Entropy: 1.0332
2025-06-03 10:48:34,742 INFO PPO Iter: 1020	Total Steps: 2088960	Avg Reward (Batch): 51.54	Avg Reward (Roll100): 55.64	Actor Loss: -0.0004	Critic Loss: 21580.3657	Entropy: 1.0452
2025-06-03 10:48:39,034 INFO PPO Iter: 1030	Total Steps: 2109440	Avg Reward (Batch): 118.60	Avg Reward (Roll100): 66.13	Actor Loss: -0.0003	Critic Loss: 34178.8261	Entropy: 1.0393
2025-06-03 10:48:43,342 INFO PPO Iter: 1040	Total Steps: 2129920	Avg Reward (Batch): 91.92	Avg Reward (Roll100): 108.11	Actor Loss: -0.0001	Critic Loss: 30024.4442	Entropy: 1.0210
2025-06-03 10:48:47,703 INFO PPO Iter: 1050	Total Steps: 2150400	Avg Reward (Batch): 51.54	Avg Reward (Roll100): 76.62	Actor Loss: -0.0029	Critic Loss: 21590.7121	Entropy: 1.0561
2025-06-03 10:48:47,704 INFO Saved PPO actor to /Users/ifditahasanorney/Documents/GitHub/Exploration-Policy/data/ppo-0.5/ppo_iter_1050.pth
2025-06-03 10:48:52,014 INFO PPO Iter: 1060	Total Steps: 2170880	Avg Reward (Batch): 89.25	Avg Reward (Roll100): 66.12	Actor Loss: -0.0009	Critic Loss: 30001.8259	Entropy: 1.0443
2025-06-03 10:48:56,304 INFO PPO Iter: 1070	Total Steps: 2191360	Avg Reward (Batch): 107.02	Avg Reward (Roll100): 119.10	Actor Loss: -0.0002	Critic Loss: 29965.2408	Entropy: 1.0337
2025-06-03 10:49:00,596 INFO PPO Iter: 1080	Total Steps: 2211840	Avg Reward (Batch): 28.33	Avg Reward (Roll100): 55.62	Actor Loss: -0.0003	Critic Loss: 17408.9367	Entropy: 1.0686
2025-06-03 10:49:04,836 INFO PPO Iter: 1090	Total Steps: 2232320	Avg Reward (Batch): 41.04	Avg Reward (Roll100): 66.13	Actor Loss: -0.0017	Critic Loss: 21661.5236	Entropy: 1.0562
2025-06-03 10:49:09,217 INFO PPO Iter: 1100	Total Steps: 2252800	Avg Reward (Batch): 32.94	Avg Reward (Roll100): 13.62	Actor Loss: -0.0002	Critic Loss: 17369.8698	Entropy: 1.0597
2025-06-03 10:49:09,218 INFO Saved PPO actor to /Users/ifditahasanorney/Documents/GitHub/Exploration-Policy/data/ppo-0.5/ppo_iter_1100.pth
2025-06-03 10:49:13,555 INFO PPO Iter: 1110	Total Steps: 2273280	Avg Reward (Batch): 84.18	Avg Reward (Roll100): 66.15	Actor Loss: -0.0003	Critic Loss: 30037.5609	Entropy: 1.0385
2025-06-03 10:49:17,974 INFO PPO Iter: 1120	Total Steps: 2293760	Avg Reward (Batch): 69.43	Avg Reward (Roll100): 97.61	Actor Loss: -0.0002	Critic Loss: 25821.6402	Entropy: 1.0370
2025-06-03 10:49:22,261 INFO PPO Iter: 1130	Total Steps: 2314240	Avg Reward (Batch): 91.92	Avg Reward (Roll100): 108.60	Actor Loss: -0.0006	Critic Loss: 30000.2873	Entropy: 1.0484
2025-06-03 10:49:26,523 INFO PPO Iter: 1140	Total Steps: 2334720	Avg Reward (Batch): 63.04	Avg Reward (Roll100): 66.14	Actor Loss: -0.0004	Critic Loss: 25837.7156	Entropy: 1.0489
2025-06-03 10:49:30,850 INFO PPO Iter: 1150	Total Steps: 2355200	Avg Reward (Batch): 122.04	Avg Reward (Roll100): 108.10	Actor Loss: -0.0005	Critic Loss: 34180.5861	Entropy: 1.0302
2025-06-03 10:49:30,852 INFO Saved PPO actor to /Users/ifditahasanorney/Documents/GitHub/Exploration-Policy/data/ppo-0.5/ppo_iter_1150.pth
2025-06-03 10:49:35,149 INFO PPO Iter: 1160	Total Steps: 2375680	Avg Reward (Batch): 69.43	Avg Reward (Roll100): 66.12	Actor Loss: -0.0019	Critic Loss: 25815.7758	Entropy: 1.0428
2025-06-03 10:49:39,460 INFO PPO Iter: 1170	Total Steps: 2396160	Avg Reward (Batch): 10.00	Avg Reward (Roll100): 66.59	Actor Loss: -0.0004	Critic Loss: 13196.2478	Entropy: 1.0705
2025-06-03 10:49:43,840 INFO PPO Iter: 1180	Total Steps: 2416640	Avg Reward (Batch): 74.12	Avg Reward (Roll100): 66.11	Actor Loss: -0.0010	Critic Loss: 25777.7807	Entropy: 1.0520
2025-06-03 10:49:48,215 INFO PPO Iter: 1190	Total Steps: 2437120	Avg Reward (Batch): 112.12	Avg Reward (Roll100): 87.11	Actor Loss: -0.0001	Critic Loss: 34205.2103	Entropy: 1.0333
2025-06-03 10:49:52,559 INFO PPO Iter: 1200	Total Steps: 2457600	Avg Reward (Batch): 89.25	Avg Reward (Roll100): 87.13	Actor Loss: -0.0017	Critic Loss: 30011.8129	Entropy: 1.0455
2025-06-03 10:49:52,560 INFO Saved PPO actor to /Users/ifditahasanorney/Documents/GitHub/Exploration-Policy/data/ppo-0.5/ppo_iter_1200.pth
2025-06-03 10:49:56,947 INFO PPO Iter: 1210	Total Steps: 2478080	Avg Reward (Batch): 94.71	Avg Reward (Roll100): 129.60	Actor Loss: -0.0008	Critic Loss: 29985.0331	Entropy: 1.0480
2025-06-03 10:50:01,290 INFO PPO Iter: 1220	Total Steps: 2498560	Avg Reward (Batch): 26.91	Avg Reward (Roll100): 24.16	Actor Loss: -0.0002	Critic Loss: 17415.9659	Entropy: 1.0622
2025-06-03 10:50:05,615 INFO PPO Iter: 1230	Total Steps: 2519040	Avg Reward (Batch): 69.43	Avg Reward (Roll100): 66.12	Actor Loss: -0.0006	Critic Loss: 25797.9958	Entropy: 1.0496
2025-06-03 10:50:10,011 INFO PPO Iter: 1240	Total Steps: 2539520	Avg Reward (Batch): 53.53	Avg Reward (Roll100): 76.61	Actor Loss: -0.0012	Critic Loss: 21584.2725	Entropy: 1.0581
2025-06-03 10:50:14,294 INFO PPO Iter: 1250	Total Steps: 2560000	Avg Reward (Batch): 42.63	Avg Reward (Roll100): 45.15	Actor Loss: -0.0009	Critic Loss: 21636.6093	Entropy: 1.0620
2025-06-03 10:50:14,294 INFO Saved PPO actor to /Users/ifditahasanorney/Documents/GitHub/Exploration-Policy/data/ppo-0.5/ppo_iter_1250.pth
2025-06-03 10:50:18,656 INFO PPO Iter: 1260	Total Steps: 2580480	Avg Reward (Batch): 125.56	Avg Reward (Roll100): 87.15	Actor Loss: -0.0024	Critic Loss: 38431.9469	Entropy: 1.0281
2025-06-03 10:50:22,967 INFO PPO Iter: 1270	Total Steps: 2600960	Avg Reward (Batch): 69.43	Avg Reward (Roll100): 76.62	Actor Loss: -0.0007	Critic Loss: 25800.7548	Entropy: 1.0511
2025-06-03 10:50:27,336 INFO PPO Iter: 1280	Total Steps: 2621440	Avg Reward (Batch): 63.04	Avg Reward (Roll100): 66.11	Actor Loss: 0.0001	Critic Loss: 25845.6444	Entropy: 1.0471
2025-06-03 10:50:31,649 INFO PPO Iter: 1290	Total Steps: 2641920	Avg Reward (Batch): 59.14	Avg Reward (Roll100): 87.12	Actor Loss: -0.0015	Critic Loss: 25850.1953	Entropy: 1.0472
2025-06-03 10:50:35,956 INFO PPO Iter: 1300	Total Steps: 2662400	Avg Reward (Batch): 114.00	Avg Reward (Roll100): 98.07	Actor Loss: -0.0007	Critic Loss: 29938.5435	Entropy: 1.0308
2025-06-03 10:50:35,958 INFO Saved PPO actor to /Users/ifditahasanorney/Documents/GitHub/Exploration-Policy/data/ppo-0.5/ppo_iter_1300.pth
2025-06-03 10:50:40,280 INFO PPO Iter: 1310	Total Steps: 2682880	Avg Reward (Batch): 76.60	Avg Reward (Roll100): 45.12	Actor Loss: -0.0009	Critic Loss: 25785.8530	Entropy: 1.0486
2025-06-03 10:50:44,527 INFO PPO Iter: 1320	Total Steps: 2703360	Avg Reward (Batch): 46.00	Avg Reward (Roll100): 76.62	Actor Loss: -0.0004	Critic Loss: 21632.6095	Entropy: 1.0497
2025-06-03 10:50:48,792 INFO PPO Iter: 1330	Total Steps: 2723840	Avg Reward (Batch): 151.70	Avg Reward (Roll100): 139.58	Actor Loss: -0.0007	Critic Loss: 38381.9926	Entropy: 1.0247
2025-06-03 10:50:53,171 INFO PPO Iter: 1340	Total Steps: 2744320	Avg Reward (Batch): 46.00	Avg Reward (Roll100): 44.63	Actor Loss: -0.0017	Critic Loss: 21618.4954	Entropy: 1.0569
2025-06-03 10:50:57,557 INFO PPO Iter: 1350	Total Steps: 2764800	Avg Reward (Batch): 6.79	Avg Reward (Roll100): 66.13	Actor Loss: -0.0006	Critic Loss: 13223.7367	Entropy: 1.0601
2025-06-03 10:50:57,558 INFO Saved PPO actor to /Users/ifditahasanorney/Documents/GitHub/Exploration-Policy/data/ppo-0.5/ppo_iter_1350.pth
2025-06-03 10:51:01,844 INFO PPO Iter: 1360	Total Steps: 2785280	Avg Reward (Batch): 42.63	Avg Reward (Roll100): 34.64	Actor Loss: -0.0001	Critic Loss: 21640.8845	Entropy: 1.0480
2025-06-03 10:51:06,217 INFO PPO Iter: 1370	Total Steps: 2805760	Avg Reward (Batch): 147.50	Avg Reward (Roll100): 66.11	Actor Loss: -0.0006	Critic Loss: 38376.5725	Entropy: 1.0269
2025-06-03 10:51:10,454 INFO PPO Iter: 1380	Total Steps: 2826240	Avg Reward (Batch): 112.12	Avg Reward (Roll100): 118.61	Actor Loss: -0.0006	Critic Loss: 34196.9001	Entropy: 1.0379
2025-06-03 10:51:14,677 INFO PPO Iter: 1390	Total Steps: 2846720	Avg Reward (Batch): 84.18	Avg Reward (Roll100): 87.13	Actor Loss: -0.0000	Critic Loss: 30022.8252	Entropy: 1.0455
2025-06-03 10:51:18,979 INFO PPO Iter: 1400	Total Steps: 2867200	Avg Reward (Batch): 26.91	Avg Reward (Roll100): 45.14	Actor Loss: -0.0002	Critic Loss: 17422.9105	Entropy: 1.0638
2025-06-03 10:51:18,981 INFO Saved PPO actor to /Users/ifditahasanorney/Documents/GitHub/Exploration-Policy/data/ppo-0.5/ppo_iter_1400.pth
2025-06-03 10:51:23,333 INFO PPO Iter: 1410	Total Steps: 2887680	Avg Reward (Batch): 67.22	Avg Reward (Roll100): 108.11	Actor Loss: -0.0002	Critic Loss: 25811.1269	Entropy: 1.0494
2025-06-03 10:51:27,936 INFO PPO Iter: 1420	Total Steps: 2908160	Avg Reward (Batch): 156.47	Avg Reward (Roll100): 108.13	Actor Loss: 0.0001	Critic Loss: 42597.2180	Entropy: 1.0321
2025-06-03 10:51:32,360 INFO PPO Iter: 1430	Total Steps: 2928640	Avg Reward (Batch): 106.11	Avg Reward (Roll100): 87.12	Actor Loss: -0.0005	Critic Loss: 34223.3161	Entropy: 1.0440
2025-06-03 10:51:36,853 INFO PPO Iter: 1440	Total Steps: 2949120	Avg Reward (Batch): 46.00	Avg Reward (Roll100): 55.62	Actor Loss: -0.0002	Critic Loss: 21606.7808	Entropy: 1.0615
2025-06-03 10:51:41,174 INFO PPO Iter: 1450	Total Steps: 2969600	Avg Reward (Batch): 55.60	Avg Reward (Roll100): 76.61	Actor Loss: -0.0012	Critic Loss: 21571.7628	Entropy: 1.0539
2025-06-03 10:51:41,176 INFO Saved PPO actor to /Users/ifditahasanorney/Documents/GitHub/Exploration-Policy/data/ppo-0.5/ppo_iter_1450.pth
2025-06-03 10:51:45,544 INFO PPO Iter: 1460	Total Steps: 2990080	Avg Reward (Batch): 32.94	Avg Reward (Roll100): 24.13	Actor Loss: -0.0002	Critic Loss: 17376.8977	Entropy: 1.0641
2025-06-03 10:51:49,885 INFO PPO Iter: 1470	Total Steps: 3010560	Avg Reward (Batch): 132.31	Avg Reward (Roll100): 97.63	Actor Loss: -0.0002	Critic Loss: 38423.1914	Entropy: 1.0357
2025-06-03 10:51:54,223 INFO PPO Iter: 1480	Total Steps: 3031040	Avg Reward (Batch): 42.63	Avg Reward (Roll100): 87.12	Actor Loss: -0.0004	Critic Loss: 21631.6290	Entropy: 1.0543
2025-06-03 10:51:58,529 INFO PPO Iter: 1490	Total Steps: 3051520	Avg Reward (Batch): 237.04	Avg Reward (Roll100): 150.11	Actor Loss: -0.0012	Critic Loss: 50933.3967	Entropy: 1.0106
2025-06-03 10:52:02,989 INFO PPO Iter: 1500	Total Steps: 3072000	Avg Reward (Batch): 51.54	Avg Reward (Roll100): 66.12	Actor Loss: -0.0006	Critic Loss: 21587.7137	Entropy: 1.0602
2025-06-03 10:52:02,990 INFO Saved PPO actor to /Users/ifditahasanorney/Documents/GitHub/Exploration-Policy/data/ppo-0.5/ppo_iter_1500.pth
2025-06-03 10:52:02,990 INFO --- PPO Fine-tuning Complete ---
2025-06-03 10:52:02,991 INFO Final PPO-tuned actor saved to /Users/ifditahasanorney/Documents/GitHub/Exploration-Policy/data/ppo-0.5/ppo_final.pth
2025-06-03 10:52:02,991 INFO --- Visualizing Trajectory with: Final PPO-Tuned Policy (Deterministic) ---
2025-06-03 10:52:06,349 INFO Visualization: Trajectory length 11, Final state: (18, 21), Total Reward: -50.10
2025-06-03 10:52:06,349 INFO --- PPO Script Finished ---
