2025-06-03 10:28:30,455 INFO Using device: cpu
2025-06-03 10:28:30,464 INFO Attempting to load IL-trained actor from: /Users/ifditahasanorney/Documents/GitHub/Exploration-Policy/saved_models_exp/policy_il_trained.pth
2025-06-03 10:28:30,469 INFO Successfully loaded pre-trained IL actor.
2025-06-03 10:28:31,230 INFO --- Starting PPO Fine-tuning ---
2025-06-03 10:28:31,232 INFO Loaded pretrained imitation policy from /Users/ifditahasanorney/Documents/GitHub/Exploration-Policy/saved_models_exp/policy_il_trained.pth for KL computation.
2025-06-03 10:28:31,233 INFO Logging experiment at: /Users/ifditahasanorney/Documents/GitHub/Exploration-Policy/data/tensorboard/ppo_grid_0.0001
2025-06-03 10:28:35,626 INFO PPO Iter: 10	Total Steps: 20480	Avg Reward (Batch): 869.68	Avg Reward (Roll100): 780.42	Actor Loss: -0.0007	Critic Loss: 118159.0121	Entropy: 0.6260
2025-06-03 10:28:39,945 INFO PPO Iter: 20	Total Steps: 40960	Avg Reward (Batch): 846.47	Avg Reward (Roll100): 822.42	Actor Loss: -0.0004	Critic Loss: 122383.6269	Entropy: 0.5977
2025-06-03 10:28:44,227 INFO PPO Iter: 30	Total Steps: 61440	Avg Reward (Batch): 858.92	Avg Reward (Roll100): 832.96	Actor Loss: -0.0010	Critic Loss: 134912.9248	Entropy: 0.5685
2025-06-03 10:28:48,470 INFO PPO Iter: 40	Total Steps: 81920	Avg Reward (Batch): 758.46	Avg Reward (Roll100): 717.50	Actor Loss: -0.0004	Critic Loss: 126624.4353	Entropy: 0.5927
2025-06-03 10:28:52,729 INFO PPO Iter: 50	Total Steps: 102400	Avg Reward (Batch): 913.33	Avg Reward (Roll100): 833.43	Actor Loss: -0.0005	Critic Loss: 139218.8847	Entropy: 0.5591
2025-06-03 10:28:52,732 INFO Saved PPO actor to /Users/ifditahasanorney/Documents/GitHub/Exploration-Policy/data/ppo-0.0001/ppo_iter_50.pth
2025-06-03 10:28:57,002 INFO PPO Iter: 60	Total Steps: 122880	Avg Reward (Batch): 970.85	Avg Reward (Roll100): 885.46	Actor Loss: -0.0009	Critic Loss: 143439.2857	Entropy: 0.5458
2025-06-03 10:29:01,368 INFO PPO Iter: 70	Total Steps: 143360	Avg Reward (Batch): 862.63	Avg Reward (Roll100): 832.98	Actor Loss: -0.0004	Critic Loss: 139190.5854	Entropy: 0.5464
2025-06-03 10:29:05,674 INFO PPO Iter: 80	Total Steps: 163840	Avg Reward (Batch): 942.50	Avg Reward (Roll100): 885.46	Actor Loss: -0.0003	Critic Loss: 143477.9240	Entropy: 0.5428
2025-06-03 10:29:10,033 INFO PPO Iter: 90	Total Steps: 184320	Avg Reward (Batch): 970.85	Avg Reward (Roll100): 916.95	Actor Loss: -0.0006	Critic Loss: 143445.2646	Entropy: 0.5143
2025-06-03 10:29:14,317 INFO PPO Iter: 100	Total Steps: 204800	Avg Reward (Batch): 843.25	Avg Reward (Roll100): 853.99	Actor Loss: -0.0005	Critic Loss: 143494.7272	Entropy: 0.5091
2025-06-03 10:29:14,320 INFO Saved PPO actor to /Users/ifditahasanorney/Documents/GitHub/Exploration-Policy/data/ppo-0.0001/ppo_iter_100.pth
2025-06-03 10:29:18,593 INFO PPO Iter: 110	Total Steps: 225280	Avg Reward (Batch): 944.05	Avg Reward (Roll100): 906.47	Actor Loss: -0.0003	Critic Loss: 147619.5471	Entropy: 0.4931
2025-06-03 10:29:22,848 INFO PPO Iter: 120	Total Steps: 245760	Avg Reward (Batch): 944.05	Avg Reward (Roll100): 895.97	Actor Loss: -0.0002	Critic Loss: 147642.8807	Entropy: 0.4942
2025-06-03 10:29:27,134 INFO PPO Iter: 130	Total Steps: 266240	Avg Reward (Batch): 866.15	Avg Reward (Roll100): 895.97	Actor Loss: -0.0004	Critic Loss: 143456.0021	Entropy: 0.5045
2025-06-03 10:29:31,390 INFO PPO Iter: 140	Total Steps: 286720	Avg Reward (Batch): 843.25	Avg Reward (Roll100): 812.00	Actor Loss: -0.0007	Critic Loss: 143432.2962	Entropy: 0.5190
2025-06-03 10:29:35,705 INFO PPO Iter: 150	Total Steps: 307200	Avg Reward (Batch): 944.05	Avg Reward (Roll100): 916.97	Actor Loss: -0.0003	Critic Loss: 147658.2941	Entropy: 0.4619
2025-06-03 10:29:35,706 INFO Saved PPO actor to /Users/ifditahasanorney/Documents/GitHub/Exploration-Policy/data/ppo-0.0001/ppo_iter_150.pth
2025-06-03 10:29:39,949 INFO PPO Iter: 160	Total Steps: 327680	Avg Reward (Batch): 944.05	Avg Reward (Roll100): 937.96	Actor Loss: -0.0005	Critic Loss: 147619.7965	Entropy: 0.4798
2025-06-03 10:29:44,266 INFO PPO Iter: 170	Total Steps: 348160	Avg Reward (Batch): 917.89	Avg Reward (Roll100): 885.49	Actor Loss: -0.0005	Critic Loss: 147596.5828	Entropy: 0.4845
2025-06-03 10:29:48,518 INFO PPO Iter: 180	Total Steps: 368640	Avg Reward (Batch): 944.05	Avg Reward (Roll100): 916.97	Actor Loss: -0.0005	Critic Loss: 147648.0740	Entropy: 0.4758
2025-06-03 10:29:52,771 INFO PPO Iter: 190	Total Steps: 389120	Avg Reward (Batch): 866.15	Avg Reward (Roll100): 853.99	Actor Loss: -0.0009	Critic Loss: 143493.2451	Entropy: 0.5073
2025-06-03 10:29:57,128 INFO PPO Iter: 200	Total Steps: 409600	Avg Reward (Batch): 866.15	Avg Reward (Roll100): 906.48	Actor Loss: -0.0007	Critic Loss: 143418.9407	Entropy: 0.5027
2025-06-03 10:29:57,130 INFO Saved PPO actor to /Users/ifditahasanorney/Documents/GitHub/Exploration-Policy/data/ppo-0.0001/ppo_iter_200.pth
2025-06-03 10:30:01,378 INFO PPO Iter: 210	Total Steps: 430080	Avg Reward (Batch): 843.25	Avg Reward (Roll100): 864.49	Actor Loss: -0.0006	Critic Loss: 143423.9742	Entropy: 0.4845
2025-06-03 10:30:05,698 INFO PPO Iter: 220	Total Steps: 450560	Avg Reward (Batch): 945.52	Avg Reward (Roll100): 885.49	Actor Loss: -0.0001	Critic Loss: 151856.6284	Entropy: 0.4739
2025-06-03 10:30:09,966 INFO PPO Iter: 230	Total Steps: 471040	Avg Reward (Batch): 893.07	Avg Reward (Roll100): 895.98	Actor Loss: -0.0008	Critic Loss: 147711.4787	Entropy: 0.4704
2025-06-03 10:30:14,218 INFO PPO Iter: 240	Total Steps: 491520	Avg Reward (Batch): 945.52	Avg Reward (Roll100): 937.97	Actor Loss: -0.0002	Critic Loss: 151826.0190	Entropy: 0.4606
2025-06-03 10:30:18,491 INFO PPO Iter: 250	Total Steps: 512000	Avg Reward (Batch): 917.89	Avg Reward (Roll100): 885.48	Actor Loss: -0.0006	Critic Loss: 147646.6806	Entropy: 0.4650
2025-06-03 10:30:18,493 INFO Saved PPO actor to /Users/ifditahasanorney/Documents/GitHub/Exploration-Policy/data/ppo-0.0001/ppo_iter_250.pth
2025-06-03 10:30:22,755 INFO PPO Iter: 260	Total Steps: 532480	Avg Reward (Batch): 780.93	Avg Reward (Roll100): 864.50	Actor Loss: -0.0013	Critic Loss: 143444.5057	Entropy: 0.4895
2025-06-03 10:30:27,043 INFO PPO Iter: 270	Total Steps: 552960	Avg Reward (Batch): 866.15	Avg Reward (Roll100): 906.48	Actor Loss: -0.0002	Critic Loss: 143443.3981	Entropy: 0.4910
2025-06-03 10:30:31,383 INFO PPO Iter: 280	Total Steps: 573440	Avg Reward (Batch): 972.43	Avg Reward (Roll100): 948.46	Actor Loss: -0.0002	Critic Loss: 151833.2996	Entropy: 0.4556
2025-06-03 10:30:35,638 INFO PPO Iter: 290	Total Steps: 593920	Avg Reward (Batch): 945.52	Avg Reward (Roll100): 937.98	Actor Loss: -0.0008	Critic Loss: 151806.7650	Entropy: 0.4641
2025-06-03 10:30:39,898 INFO PPO Iter: 300	Total Steps: 614400	Avg Reward (Batch): 917.89	Avg Reward (Roll100): 864.49	Actor Loss: -0.0006	Critic Loss: 147671.9096	Entropy: 0.4825
2025-06-03 10:30:39,900 INFO Saved PPO actor to /Users/ifditahasanorney/Documents/GitHub/Exploration-Policy/data/ppo-0.0001/ppo_iter_300.pth
2025-06-03 10:30:44,133 INFO PPO Iter: 310	Total Steps: 634880	Avg Reward (Batch): 843.25	Avg Reward (Roll100): 874.99	Actor Loss: -0.0003	Critic Loss: 143469.3806	Entropy: 0.4965
2025-06-03 10:30:48,408 INFO PPO Iter: 320	Total Steps: 655360	Avg Reward (Batch): 890.26	Avg Reward (Roll100): 864.50	Actor Loss: -0.0003	Critic Loss: 143448.0048	Entropy: 0.4586
2025-06-03 10:30:52,704 INFO PPO Iter: 330	Total Steps: 675840	Avg Reward (Batch): 756.51	Avg Reward (Roll100): 843.51	Actor Loss: -0.0018	Critic Loss: 139303.8204	Entropy: 0.4850
2025-06-03 10:30:56,975 INFO PPO Iter: 340	Total Steps: 696320	Avg Reward (Batch): 920.00	Avg Reward (Roll100): 906.48	Actor Loss: -0.0001	Critic Loss: 151894.3713	Entropy: 0.4624
2025-06-03 10:31:01,319 INFO PPO Iter: 350	Total Steps: 716800	Avg Reward (Batch): 920.00	Avg Reward (Roll100): 927.48	Actor Loss: -0.0005	Critic Loss: 151793.3004	Entropy: 0.4614
2025-06-03 10:31:01,321 INFO Saved PPO actor to /Users/ifditahasanorney/Documents/GitHub/Exploration-Policy/data/ppo-0.0001/ppo_iter_350.pth
2025-06-03 10:31:05,608 INFO PPO Iter: 360	Total Steps: 737280	Avg Reward (Batch): 972.43	Avg Reward (Roll100): 927.47	Actor Loss: -0.0008	Critic Loss: 151873.1356	Entropy: 0.4589
2025-06-03 10:31:09,860 INFO PPO Iter: 370	Total Steps: 757760	Avg Reward (Batch): 869.50	Avg Reward (Roll100): 895.99	Actor Loss: -0.0007	Critic Loss: 147612.9871	Entropy: 0.4608
2025-06-03 10:31:14,169 INFO PPO Iter: 380	Total Steps: 778240	Avg Reward (Batch): 973.15	Avg Reward (Roll100): 948.48	Actor Loss: -0.0008	Critic Loss: 156050.8889	Entropy: 0.4563
2025-06-03 10:31:18,415 INFO PPO Iter: 390	Total Steps: 798720	Avg Reward (Batch): 945.52	Avg Reward (Roll100): 895.99	Actor Loss: -0.0002	Critic Loss: 151826.9086	Entropy: 0.4436
2025-06-03 10:31:22,661 INFO PPO Iter: 400	Total Steps: 819200	Avg Reward (Batch): 895.75	Avg Reward (Roll100): 916.98	Actor Loss: -0.0004	Critic Loss: 151839.6774	Entropy: 0.4367
2025-06-03 10:31:22,663 INFO Saved PPO actor to /Users/ifditahasanorney/Documents/GitHub/Exploration-Policy/data/ppo-0.0001/ppo_iter_400.pth
2025-06-03 10:31:26,939 INFO PPO Iter: 410	Total Steps: 839680	Avg Reward (Batch): 922.00	Avg Reward (Roll100): 917.00	Actor Loss: 0.0000	Critic Loss: 156026.4265	Entropy: 0.4336
2025-06-03 10:31:31,254 INFO PPO Iter: 420	Total Steps: 860160	Avg Reward (Batch): 898.29	Avg Reward (Roll100): 917.00	Actor Loss: -0.0003	Critic Loss: 156025.3140	Entropy: 0.4375
2025-06-03 10:31:35,528 INFO PPO Iter: 430	Total Steps: 880640	Avg Reward (Batch): 946.92	Avg Reward (Roll100): 937.99	Actor Loss: -0.0003	Critic Loss: 156044.7692	Entropy: 0.4332
2025-06-03 10:31:39,766 INFO PPO Iter: 440	Total Steps: 901120	Avg Reward (Batch): 946.92	Avg Reward (Roll100): 937.99	Actor Loss: -0.0015	Critic Loss: 155963.3801	Entropy: 0.4273
2025-06-03 10:31:44,003 INFO PPO Iter: 450	Total Steps: 921600	Avg Reward (Batch): 946.92	Avg Reward (Roll100): 916.97	Actor Loss: -0.0003	Critic Loss: 155972.2430	Entropy: 0.4290
2025-06-03 10:31:44,006 INFO Saved PPO actor to /Users/ifditahasanorney/Documents/GitHub/Exploration-Policy/data/ppo-0.0001/ppo_iter_450.pth
2025-06-03 10:31:48,346 INFO PPO Iter: 460	Total Steps: 942080	Avg Reward (Batch): 973.15	Avg Reward (Roll100): 948.48	Actor Loss: -0.0020	Critic Loss: 156020.2531	Entropy: 0.4269
2025-06-03 10:31:52,603 INFO PPO Iter: 470	Total Steps: 962560	Avg Reward (Batch): 866.15	Avg Reward (Roll100): 895.99	Actor Loss: -0.0016	Critic Loss: 143374.5291	Entropy: 0.4074
2025-06-03 10:31:56,868 INFO PPO Iter: 480	Total Steps: 983040	Avg Reward (Batch): 946.92	Avg Reward (Roll100): 948.48	Actor Loss: -0.0003	Critic Loss: 156083.1814	Entropy: 0.4031
2025-06-03 10:32:01,217 INFO PPO Iter: 490	Total Steps: 1003520	Avg Reward (Batch): 973.84	Avg Reward (Roll100): 958.99	Actor Loss: -0.0004	Critic Loss: 160204.3511	Entropy: 0.3771
2025-06-03 10:32:05,515 INFO PPO Iter: 500	Total Steps: 1024000	Avg Reward (Batch): 999.48	Avg Reward (Roll100): 958.50	Actor Loss: -0.0003	Critic Loss: 164398.3845	Entropy: 0.3760
2025-06-03 10:32:05,517 INFO Saved PPO actor to /Users/ifditahasanorney/Documents/GitHub/Exploration-Policy/data/ppo-0.0001/ppo_iter_500.pth
2025-06-03 10:32:09,820 INFO PPO Iter: 510	Total Steps: 1044480	Avg Reward (Batch): 973.84	Avg Reward (Roll100): 948.00	Actor Loss: -0.0009	Critic Loss: 160256.1053	Entropy: 0.3830
2025-06-03 10:32:14,103 INFO PPO Iter: 520	Total Steps: 1064960	Avg Reward (Batch): 923.90	Avg Reward (Roll100): 906.51	Actor Loss: -0.0004	Critic Loss: 160206.5634	Entropy: 0.3761
2025-06-03 10:32:18,428 INFO PPO Iter: 530	Total Steps: 1085440	Avg Reward (Batch): 922.00	Avg Reward (Roll100): 885.52	Actor Loss: -0.0006	Critic Loss: 156069.3467	Entropy: 0.3991
2025-06-03 10:32:22,674 INFO PPO Iter: 540	Total Steps: 1105920	Avg Reward (Batch): 949.51	Avg Reward (Roll100): 938.01	Actor Loss: -0.0006	Critic Loss: 164349.4943	Entropy: 0.3629
2025-06-03 10:32:26,998 INFO PPO Iter: 550	Total Steps: 1126400	Avg Reward (Batch): 923.90	Avg Reward (Roll100): 927.51	Actor Loss: -0.0003	Critic Loss: 160165.4496	Entropy: 0.3713
2025-06-03 10:32:27,000 INFO Saved PPO actor to /Users/ifditahasanorney/Documents/GitHub/Exploration-Policy/data/ppo-0.0001/ppo_iter_550.pth
2025-06-03 10:32:31,262 INFO PPO Iter: 560	Total Steps: 1146880	Avg Reward (Batch): 923.90	Avg Reward (Roll100): 948.50	Actor Loss: -0.0003	Critic Loss: 160222.7335	Entropy: 0.3970
2025-06-03 10:32:35,580 INFO PPO Iter: 570	Total Steps: 1167360	Avg Reward (Batch): 973.84	Avg Reward (Roll100): 969.49	Actor Loss: -0.0005	Critic Loss: 160242.2274	Entropy: 0.3839
2025-06-03 10:32:39,873 INFO PPO Iter: 580	Total Steps: 1187840	Avg Reward (Batch): 949.51	Avg Reward (Roll100): 938.01	Actor Loss: -0.0005	Critic Loss: 164349.7221	Entropy: 0.3681
2025-06-03 10:32:44,167 INFO PPO Iter: 590	Total Steps: 1208320	Avg Reward (Batch): 923.90	Avg Reward (Roll100): 927.51	Actor Loss: -0.0004	Critic Loss: 160219.2687	Entropy: 0.3663
2025-06-03 10:32:48,429 INFO PPO Iter: 600	Total Steps: 1228800	Avg Reward (Batch): 973.25	Avg Reward (Roll100): 969.00	Actor Loss: -0.0006	Critic Loss: 164376.7457	Entropy: 0.3677
2025-06-03 10:32:48,431 INFO Saved PPO actor to /Users/ifditahasanorney/Documents/GitHub/Exploration-Policy/data/ppo-0.0001/ppo_iter_600.pth
2025-06-03 10:32:52,672 INFO PPO Iter: 610	Total Steps: 1249280	Avg Reward (Batch): 948.25	Avg Reward (Roll100): 959.00	Actor Loss: -0.0005	Critic Loss: 160218.8862	Entropy: 0.3724
2025-06-03 10:32:57,003 INFO PPO Iter: 620	Total Steps: 1269760	Avg Reward (Batch): 975.12	Avg Reward (Roll100): 969.50	Actor Loss: -0.0004	Critic Loss: 168534.5777	Entropy: 0.3450
2025-06-03 10:33:01,251 INFO PPO Iter: 630	Total Steps: 1290240	Avg Reward (Batch): 949.51	Avg Reward (Roll100): 958.50	Actor Loss: -0.0001	Critic Loss: 164392.2922	Entropy: 0.3583
2025-06-03 10:33:05,507 INFO PPO Iter: 640	Total Steps: 1310720	Avg Reward (Batch): 974.50	Avg Reward (Roll100): 948.51	Actor Loss: -0.0004	Critic Loss: 164363.9788	Entropy: 0.3408
2025-06-03 10:33:09,760 INFO PPO Iter: 650	Total Steps: 1331200	Avg Reward (Batch): 950.71	Avg Reward (Roll100): 959.02	Actor Loss: -0.0008	Critic Loss: 168527.3389	Entropy: 0.3300
2025-06-03 10:33:09,762 INFO Saved PPO actor to /Users/ifditahasanorney/Documents/GitHub/Exploration-Policy/data/ppo-0.0001/ppo_iter_650.pth
2025-06-03 10:33:14,044 INFO PPO Iter: 660	Total Steps: 1351680	Avg Reward (Batch): 974.50	Avg Reward (Roll100): 958.50	Actor Loss: -0.0005	Critic Loss: 164368.5471	Entropy: 0.3356
2025-06-03 10:33:18,301 INFO PPO Iter: 670	Total Steps: 1372160	Avg Reward (Batch): 975.12	Avg Reward (Roll100): 958.51	Actor Loss: -0.0005	Critic Loss: 168526.4391	Entropy: 0.3243
2025-06-03 10:33:22,536 INFO PPO Iter: 680	Total Steps: 1392640	Avg Reward (Batch): 950.71	Avg Reward (Roll100): 927.52	Actor Loss: -0.0011	Critic Loss: 168534.8857	Entropy: 0.3225
2025-06-03 10:33:26,849 INFO PPO Iter: 690	Total Steps: 1413120	Avg Reward (Batch): 925.71	Avg Reward (Roll100): 938.01	Actor Loss: -0.0007	Critic Loss: 164334.9238	Entropy: 0.3299
2025-06-03 10:33:31,097 INFO PPO Iter: 700	Total Steps: 1433600	Avg Reward (Batch): 975.12	Avg Reward (Roll100): 927.52	Actor Loss: -0.0006	Critic Loss: 168562.3562	Entropy: 0.3372
2025-06-03 10:33:31,100 INFO Saved PPO actor to /Users/ifditahasanorney/Documents/GitHub/Exploration-Policy/data/ppo-0.0001/ppo_iter_700.pth
2025-06-03 10:33:35,347 INFO PPO Iter: 710	Total Steps: 1454080	Avg Reward (Batch): 975.12	Avg Reward (Roll100): 959.01	Actor Loss: -0.0003	Critic Loss: 168488.6193	Entropy: 0.3176
2025-06-03 10:33:39,663 INFO PPO Iter: 720	Total Steps: 1474560	Avg Reward (Batch): 927.44	Avg Reward (Roll100): 948.52	Actor Loss: -0.0005	Critic Loss: 168522.9090	Entropy: 0.3144
2025-06-03 10:33:43,890 INFO PPO Iter: 730	Total Steps: 1495040	Avg Reward (Batch): 949.51	Avg Reward (Roll100): 969.01	Actor Loss: -0.0004	Critic Loss: 164314.8045	Entropy: 0.3210
2025-06-03 10:33:48,139 INFO PPO Iter: 740	Total Steps: 1515520	Avg Reward (Batch): 974.50	Avg Reward (Roll100): 948.51	Actor Loss: -0.0011	Critic Loss: 164384.0903	Entropy: 0.3282
2025-06-03 10:33:52,460 INFO PPO Iter: 750	Total Steps: 1536000	Avg Reward (Batch): 927.44	Avg Reward (Roll100): 938.03	Actor Loss: -0.0007	Critic Loss: 168497.8456	Entropy: 0.3239
2025-06-03 10:33:52,461 INFO Saved PPO actor to /Users/ifditahasanorney/Documents/GitHub/Exploration-Policy/data/ppo-0.0001/ppo_iter_750.pth
2025-06-03 10:33:56,696 INFO PPO Iter: 760	Total Steps: 1556480	Avg Reward (Batch): 950.71	Avg Reward (Roll100): 938.03	Actor Loss: -0.0008	Critic Loss: 168535.0654	Entropy: 0.3180
2025-06-03 10:34:00,941 INFO PPO Iter: 770	Total Steps: 1576960	Avg Reward (Batch): 949.51	Avg Reward (Roll100): 948.53	Actor Loss: -0.0001	Critic Loss: 164372.0120	Entropy: 0.3205
2025-06-03 10:34:05,180 INFO PPO Iter: 780	Total Steps: 1597440	Avg Reward (Batch): 929.09	Avg Reward (Roll100): 948.53	Actor Loss: -0.0004	Critic Loss: 172638.1559	Entropy: 0.2856
2025-06-03 10:34:09,494 INFO PPO Iter: 790	Total Steps: 1617920	Avg Reward (Batch): 949.51	Avg Reward (Roll100): 959.01	Actor Loss: -0.0006	Critic Loss: 164400.7736	Entropy: 0.3308
2025-06-03 10:34:13,799 INFO PPO Iter: 800	Total Steps: 1638400	Avg Reward (Batch): 881.36	Avg Reward (Roll100): 906.53	Actor Loss: -0.0007	Critic Loss: 164369.7524	Entropy: 0.3279
2025-06-03 10:34:13,801 INFO Saved PPO actor to /Users/ifditahasanorney/Documents/GitHub/Exploration-Policy/data/ppo-0.0001/ppo_iter_800.pth
2025-06-03 10:34:18,201 INFO PPO Iter: 810	Total Steps: 1658880	Avg Reward (Batch): 950.71	Avg Reward (Roll100): 958.52	Actor Loss: -0.0009	Critic Loss: 168490.0748	Entropy: 0.3066
2025-06-03 10:34:22,633 INFO PPO Iter: 820	Total Steps: 1679360	Avg Reward (Batch): 950.71	Avg Reward (Roll100): 948.53	Actor Loss: -0.0007	Critic Loss: 168514.5398	Entropy: 0.3173
2025-06-03 10:34:27,244 INFO PPO Iter: 830	Total Steps: 1699840	Avg Reward (Batch): 949.51	Avg Reward (Roll100): 927.52	Actor Loss: -0.0005	Critic Loss: 164315.5178	Entropy: 0.3215
2025-06-03 10:34:31,802 INFO PPO Iter: 840	Total Steps: 1720320	Avg Reward (Batch): 863.69	Avg Reward (Roll100): 906.54	Actor Loss: -0.0006	Critic Loss: 168414.2963	Entropy: 0.2956
2025-06-03 10:34:36,438 INFO PPO Iter: 850	Total Steps: 1740800	Avg Reward (Batch): 927.44	Avg Reward (Roll100): 927.54	Actor Loss: -0.0004	Critic Loss: 168480.5603	Entropy: 0.3031
2025-06-03 10:34:36,452 INFO Saved PPO actor to /Users/ifditahasanorney/Documents/GitHub/Exploration-Policy/data/ppo-0.0001/ppo_iter_850.pth
2025-06-03 10:34:40,980 INFO PPO Iter: 860	Total Steps: 1761280	Avg Reward (Batch): 975.71	Avg Reward (Roll100): 959.03	Actor Loss: -0.0001	Critic Loss: 172607.0104	Entropy: 0.2897
2025-06-03 10:34:45,485 INFO PPO Iter: 870	Total Steps: 1781760	Avg Reward (Batch): 950.71	Avg Reward (Roll100): 959.02	Actor Loss: -0.0007	Critic Loss: 168483.3050	Entropy: 0.3109
2025-06-03 10:34:50,310 INFO PPO Iter: 880	Total Steps: 1802240	Avg Reward (Batch): 951.86	Avg Reward (Roll100): 917.05	Actor Loss: -0.0012	Critic Loss: 172695.2445	Entropy: 0.2928
2025-06-03 10:34:54,807 INFO PPO Iter: 890	Total Steps: 1822720	Avg Reward (Batch): 950.70	Avg Reward (Roll100): 927.04	Actor Loss: -0.0001	Critic Loss: 172676.9030	Entropy: 0.2816
2025-06-03 10:34:59,138 INFO PPO Iter: 900	Total Steps: 1843200	Avg Reward (Batch): 929.09	Avg Reward (Roll100): 938.04	Actor Loss: -0.0008	Critic Loss: 172594.5235	Entropy: 0.2809
2025-06-03 10:34:59,140 INFO Saved PPO actor to /Users/ifditahasanorney/Documents/GitHub/Exploration-Policy/data/ppo-0.0001/ppo_iter_900.pth
2025-06-03 10:35:03,388 INFO PPO Iter: 910	Total Steps: 1863680	Avg Reward (Batch): 952.95	Avg Reward (Roll100): 948.54	Actor Loss: -0.0008	Critic Loss: 176733.1055	Entropy: 0.2582
2025-06-03 10:35:07,662 INFO PPO Iter: 920	Total Steps: 1884160	Avg Reward (Batch): 929.09	Avg Reward (Roll100): 938.04	Actor Loss: -0.0001	Critic Loss: 172569.4178	Entropy: 0.2713
2025-06-03 10:35:11,941 INFO PPO Iter: 930	Total Steps: 1904640	Avg Reward (Batch): 929.09	Avg Reward (Roll100): 938.04	Actor Loss: -0.0009	Critic Loss: 172638.1085	Entropy: 0.2932
2025-06-03 10:35:16,201 INFO PPO Iter: 940	Total Steps: 1925120	Avg Reward (Batch): 975.71	Avg Reward (Roll100): 948.53	Actor Loss: -0.0008	Critic Loss: 172630.4094	Entropy: 0.2832
2025-06-03 10:35:20,426 INFO PPO Iter: 950	Total Steps: 1945600	Avg Reward (Batch): 952.95	Avg Reward (Roll100): 959.04	Actor Loss: -0.0003	Critic Loss: 176756.1326	Entropy: 0.2727
2025-06-03 10:35:20,428 INFO Saved PPO actor to /Users/ifditahasanorney/Documents/GitHub/Exploration-Policy/data/ppo-0.0001/ppo_iter_950.pth
2025-06-03 10:35:24,859 INFO PPO Iter: 960	Total Steps: 1966080	Avg Reward (Batch): 975.71	Avg Reward (Roll100): 959.03	Actor Loss: -0.0005	Critic Loss: 172603.5690	Entropy: 0.2763
2025-06-03 10:35:29,135 INFO PPO Iter: 970	Total Steps: 1986560	Avg Reward (Batch): 884.00	Avg Reward (Roll100): 917.04	Actor Loss: -0.0003	Critic Loss: 168442.9691	Entropy: 0.2936
2025-06-03 10:35:33,505 INFO PPO Iter: 980	Total Steps: 2007040	Avg Reward (Batch): 976.28	Avg Reward (Roll100): 969.53	Actor Loss: -0.0004	Critic Loss: 176699.3884	Entropy: 0.2678
2025-06-03 10:35:37,794 INFO PPO Iter: 990	Total Steps: 2027520	Avg Reward (Batch): 976.82	Avg Reward (Roll100): 948.54	Actor Loss: -0.0007	Critic Loss: 180836.2416	Entropy: 0.2475
2025-06-03 10:35:42,033 INFO PPO Iter: 1000	Total Steps: 2048000	Avg Reward (Batch): 951.86	Avg Reward (Roll100): 948.54	Actor Loss: -0.0004	Critic Loss: 172511.3546	Entropy: 0.2704
2025-06-03 10:35:42,034 INFO Saved PPO actor to /Users/ifditahasanorney/Documents/GitHub/Exploration-Policy/data/ppo-0.0001/ppo_iter_1000.pth
2025-06-03 10:35:46,292 INFO PPO Iter: 1010	Total Steps: 2068480	Avg Reward (Batch): 975.12	Avg Reward (Roll100): 938.02	Actor Loss: -0.0007	Critic Loss: 168462.2462	Entropy: 0.2948
2025-06-03 10:35:50,580 INFO PPO Iter: 1020	Total Steps: 2088960	Avg Reward (Batch): 929.09	Avg Reward (Roll100): 906.55	Actor Loss: -0.0004	Critic Loss: 172555.5278	Entropy: 0.2730
2025-06-03 10:35:54,833 INFO PPO Iter: 1030	Total Steps: 2109440	Avg Reward (Batch): 950.71	Avg Reward (Roll100): 959.03	Actor Loss: -0.0006	Critic Loss: 168441.8885	Entropy: 0.2801
2025-06-03 10:35:59,189 INFO PPO Iter: 1040	Total Steps: 2129920	Avg Reward (Batch): 951.86	Avg Reward (Roll100): 959.03	Actor Loss: -0.0006	Critic Loss: 172621.2734	Entropy: 0.2693
2025-06-03 10:36:03,460 INFO PPO Iter: 1050	Total Steps: 2150400	Avg Reward (Batch): 976.28	Avg Reward (Roll100): 969.53	Actor Loss: -0.0003	Critic Loss: 176703.1332	Entropy: 0.2597
2025-06-03 10:36:03,462 INFO Saved PPO actor to /Users/ifditahasanorney/Documents/GitHub/Exploration-Policy/data/ppo-0.0001/ppo_iter_1050.pth
2025-06-03 10:36:07,724 INFO PPO Iter: 1060	Total Steps: 2170880	Avg Reward (Batch): 927.44	Avg Reward (Roll100): 938.04	Actor Loss: -0.0003	Critic Loss: 168302.1097	Entropy: 0.2608
2025-06-03 10:36:12,007 INFO PPO Iter: 1070	Total Steps: 2191360	Avg Reward (Batch): 999.53	Avg Reward (Roll100): 969.04	Actor Loss: -0.0003	Critic Loss: 180782.6348	Entropy: 0.2290
2025-06-03 10:36:16,290 INFO PPO Iter: 1080	Total Steps: 2211840	Avg Reward (Batch): 905.23	Avg Reward (Roll100): 927.54	Actor Loss: -0.0006	Critic Loss: 168233.0508	Entropy: 0.2468
2025-06-03 10:36:20,515 INFO PPO Iter: 1090	Total Steps: 2232320	Avg Reward (Batch): 975.71	Avg Reward (Roll100): 938.04	Actor Loss: -0.0017	Critic Loss: 172556.3198	Entropy: 0.2568
2025-06-03 10:36:24,779 INFO PPO Iter: 1100	Total Steps: 2252800	Avg Reward (Batch): 975.71	Avg Reward (Roll100): 959.03	Actor Loss: -0.0004	Critic Loss: 172446.2570	Entropy: 0.2419
2025-06-03 10:36:24,780 INFO Saved PPO actor to /Users/ifditahasanorney/Documents/GitHub/Exploration-Policy/data/ppo-0.0001/ppo_iter_1100.pth
2025-06-03 10:36:29,144 INFO PPO Iter: 1110	Total Steps: 2273280	Avg Reward (Batch): 884.00	Avg Reward (Roll100): 917.05	Actor Loss: -0.0003	Critic Loss: 168220.0392	Entropy: 0.2351
2025-06-03 10:36:33,409 INFO PPO Iter: 1120	Total Steps: 2293760	Avg Reward (Batch): 954.00	Avg Reward (Roll100): 959.06	Actor Loss: -0.0008	Critic Loss: 180802.0546	Entropy: 0.2224
2025-06-03 10:36:37,667 INFO PPO Iter: 1130	Total Steps: 2314240	Avg Reward (Batch): 954.00	Avg Reward (Roll100): 938.06	Actor Loss: -0.0005	Critic Loss: 180752.0050	Entropy: 0.2117
2025-06-03 10:36:41,938 INFO PPO Iter: 1140	Total Steps: 2334720	Avg Reward (Batch): 909.35	Avg Reward (Roll100): 917.07	Actor Loss: -0.0002	Critic Loss: 176634.4916	Entropy: 0.2256
2025-06-03 10:36:46,199 INFO PPO Iter: 1150	Total Steps: 2355200	Avg Reward (Batch): 955.00	Avg Reward (Roll100): 948.55	Actor Loss: -0.0003	Critic Loss: 184918.4971	Entropy: 0.2063
2025-06-03 10:36:46,202 INFO Saved PPO actor to /Users/ifditahasanorney/Documents/GitHub/Exploration-Policy/data/ppo-0.0001/ppo_iter_1150.pth
2025-06-03 10:36:50,466 INFO PPO Iter: 1160	Total Steps: 2375680	Avg Reward (Batch): 952.95	Avg Reward (Roll100): 927.54	Actor Loss: -0.0003	Critic Loss: 176588.0155	Entropy: 0.2203
2025-06-03 10:36:54,705 INFO PPO Iter: 1170	Total Steps: 2396160	Avg Reward (Batch): 976.28	Avg Reward (Roll100): 969.54	Actor Loss: -0.0003	Critic Loss: 176656.1080	Entropy: 0.2025
2025-06-03 10:36:59,044 INFO PPO Iter: 1180	Total Steps: 2416640	Avg Reward (Batch): 932.17	Avg Reward (Roll100): 927.57	Actor Loss: -0.0003	Critic Loss: 180768.1749	Entropy: 0.1927
2025-06-03 10:37:03,286 INFO PPO Iter: 1190	Total Steps: 2437120	Avg Reward (Batch): 955.96	Avg Reward (Roll100): 938.07	Actor Loss: -0.0006	Critic Loss: 189006.0720	Entropy: 0.1829
2025-06-03 10:37:07,591 INFO PPO Iter: 1200	Total Steps: 2457600	Avg Reward (Batch): 933.62	Avg Reward (Roll100): 938.07	Actor Loss: -0.0009	Critic Loss: 184908.9009	Entropy: 0.1832
2025-06-03 10:37:07,593 INFO Saved PPO actor to /Users/ifditahasanorney/Documents/GitHub/Exploration-Policy/data/ppo-0.0001/ppo_iter_1200.pth
2025-06-03 10:37:11,827 INFO PPO Iter: 1210	Total Steps: 2478080	Avg Reward (Batch): 886.52	Avg Reward (Roll100): 917.07	Actor Loss: -0.0006	Critic Loss: 172346.2072	Entropy: 0.1980
2025-06-03 10:37:16,123 INFO PPO Iter: 1220	Total Steps: 2498560	Avg Reward (Batch): 954.00	Avg Reward (Roll100): 938.06	Actor Loss: -0.0002	Critic Loss: 180804.6072	Entropy: 0.2014
2025-06-03 10:37:20,344 INFO PPO Iter: 1230	Total Steps: 2519040	Avg Reward (Batch): 977.83	Avg Reward (Roll100): 969.57	Actor Loss: -0.0005	Critic Loss: 189054.5160	Entropy: 0.1728
2025-06-03 10:37:24,790 INFO PPO Iter: 1240	Total Steps: 2539520	Avg Reward (Batch): 955.00	Avg Reward (Roll100): 938.07	Actor Loss: -0.0003	Critic Loss: 184844.7608	Entropy: 0.1697
2025-06-03 10:37:29,045 INFO PPO Iter: 1250	Total Steps: 2560000	Avg Reward (Batch): 909.35	Avg Reward (Roll100): 917.07	Actor Loss: -0.0004	Critic Loss: 176499.7002	Entropy: 0.1905
2025-06-03 10:37:29,046 INFO Saved PPO actor to /Users/ifditahasanorney/Documents/GitHub/Exploration-Policy/data/ppo-0.0001/ppo_iter_1250.pth
2025-06-03 10:37:33,282 INFO PPO Iter: 1260	Total Steps: 2580480	Avg Reward (Batch): 977.33	Avg Reward (Roll100): 969.56	Actor Loss: -0.0004	Critic Loss: 184853.0786	Entropy: 0.1745
2025-06-03 10:37:37,532 INFO PPO Iter: 1270	Total Steps: 2600960	Avg Reward (Batch): 955.00	Avg Reward (Roll100): 948.57	Actor Loss: -0.0003	Critic Loss: 184879.5804	Entropy: 0.1740
2025-06-03 10:37:41,788 INFO PPO Iter: 1280	Total Steps: 2621440	Avg Reward (Batch): 935.00	Avg Reward (Roll100): 927.57	Actor Loss: -0.0005	Critic Loss: 188955.4713	Entropy: 0.1601
2025-06-03 10:37:46,028 INFO PPO Iter: 1290	Total Steps: 2641920	Avg Reward (Batch): 955.96	Avg Reward (Roll100): 927.58	Actor Loss: -0.0001	Critic Loss: 189037.2374	Entropy: 0.1659
2025-06-03 10:37:50,302 INFO PPO Iter: 1300	Total Steps: 2662400	Avg Reward (Batch): 977.83	Avg Reward (Roll100): 959.08	Actor Loss: -0.0004	Critic Loss: 189051.5645	Entropy: 0.1612
2025-06-03 10:37:50,304 INFO Saved PPO actor to /Users/ifditahasanorney/Documents/GitHub/Exploration-Policy/data/ppo-0.0001/ppo_iter_1300.pth
2025-06-03 10:37:54,633 INFO PPO Iter: 1310	Total Steps: 2682880	Avg Reward (Batch): 914.90	Avg Reward (Roll100): 927.59	Actor Loss: -0.0003	Critic Loss: 188885.5347	Entropy: 0.1500
2025-06-03 10:37:58,905 INFO PPO Iter: 1320	Total Steps: 2703360	Avg Reward (Batch): 978.30	Avg Reward (Roll100): 969.57	Actor Loss: -0.0001	Critic Loss: 193060.2673	Entropy: 0.1493
2025-06-03 10:38:03,150 INFO PPO Iter: 1330	Total Steps: 2723840	Avg Reward (Batch): 978.30	Avg Reward (Roll100): 959.07	Actor Loss: -0.0001	Critic Loss: 193163.3975	Entropy: 0.1585
2025-06-03 10:38:07,419 INFO PPO Iter: 1340	Total Steps: 2744320	Avg Reward (Batch): 977.83	Avg Reward (Roll100): 969.57	Actor Loss: -0.0005	Critic Loss: 188982.4723	Entropy: 0.1592
2025-06-03 10:38:11,655 INFO PPO Iter: 1350	Total Steps: 2764800	Avg Reward (Batch): 955.96	Avg Reward (Roll100): 948.58	Actor Loss: -0.0005	Critic Loss: 189020.4369	Entropy: 0.1620
2025-06-03 10:38:11,658 INFO Saved PPO actor to /Users/ifditahasanorney/Documents/GitHub/Exploration-Policy/data/ppo-0.0001/ppo_iter_1350.pth
2025-06-03 10:38:15,932 INFO PPO Iter: 1360	Total Steps: 2785280	Avg Reward (Batch): 955.96	Avg Reward (Roll100): 948.58	Actor Loss: -0.0003	Critic Loss: 188946.4870	Entropy: 0.1509
2025-06-03 10:38:20,316 INFO PPO Iter: 1370	Total Steps: 2805760	Avg Reward (Batch): 978.30	Avg Reward (Roll100): 969.58	Actor Loss: -0.0003	Critic Loss: 193117.0084	Entropy: 0.1500
2025-06-03 10:38:24,560 INFO PPO Iter: 1380	Total Steps: 2826240	Avg Reward (Batch): 935.00	Avg Reward (Roll100): 938.09	Actor Loss: -0.0002	Critic Loss: 188884.2387	Entropy: 0.1485
2025-06-03 10:38:28,852 INFO PPO Iter: 1390	Total Steps: 2846720	Avg Reward (Batch): 935.00	Avg Reward (Roll100): 938.08	Actor Loss: -0.0012	Critic Loss: 189005.5588	Entropy: 0.1583
2025-06-03 10:38:33,088 INFO PPO Iter: 1400	Total Steps: 2867200	Avg Reward (Batch): 913.12	Avg Reward (Roll100): 938.09	Actor Loss: -0.0003	Critic Loss: 184778.0814	Entropy: 0.1618
2025-06-03 10:38:33,090 INFO Saved PPO actor to /Users/ifditahasanorney/Documents/GitHub/Exploration-Policy/data/ppo-0.0001/ppo_iter_1400.pth
2025-06-03 10:38:37,345 INFO PPO Iter: 1410	Total Steps: 2887680	Avg Reward (Batch): 935.00	Avg Reward (Roll100): 948.58	Actor Loss: -0.0006	Critic Loss: 189003.3511	Entropy: 0.1502
2025-06-03 10:38:41,747 INFO PPO Iter: 1420	Total Steps: 2908160	Avg Reward (Batch): 936.33	Avg Reward (Roll100): 917.10	Actor Loss: -0.0004	Critic Loss: 193055.2006	Entropy: 0.1389
2025-06-03 10:38:46,067 INFO PPO Iter: 1430	Total Steps: 2928640	Avg Reward (Batch): 957.76	Avg Reward (Roll100): 959.09	Actor Loss: -0.0001	Critic Loss: 197219.1832	Entropy: 0.1299
2025-06-03 10:38:50,326 INFO PPO Iter: 1440	Total Steps: 2949120	Avg Reward (Batch): 916.60	Avg Reward (Roll100): 948.09	Actor Loss: -0.0006	Critic Loss: 193025.7770	Entropy: 0.1291
2025-06-03 10:38:54,569 INFO PPO Iter: 1450	Total Steps: 2969600	Avg Reward (Batch): 978.75	Avg Reward (Roll100): 948.59	Actor Loss: -0.0004	Critic Loss: 197235.9062	Entropy: 0.1218
2025-06-03 10:38:54,572 INFO Saved PPO actor to /Users/ifditahasanorney/Documents/GitHub/Exploration-Policy/data/ppo-0.0001/ppo_iter_1450.pth
2025-06-03 10:38:58,831 INFO PPO Iter: 1460	Total Steps: 2990080	Avg Reward (Batch): 957.76	Avg Reward (Roll100): 959.09	Actor Loss: -0.0003	Critic Loss: 197176.6103	Entropy: 0.1217
2025-06-03 10:39:03,117 INFO PPO Iter: 1470	Total Steps: 3010560	Avg Reward (Batch): 957.76	Avg Reward (Roll100): 948.59	Actor Loss: -0.0001	Critic Loss: 197172.6219	Entropy: 0.1137
2025-06-03 10:39:07,366 INFO PPO Iter: 1480	Total Steps: 3031040	Avg Reward (Batch): 918.24	Avg Reward (Roll100): 927.11	Actor Loss: -0.0001	Critic Loss: 197177.8723	Entropy: 0.1140
2025-06-03 10:39:11,708 INFO PPO Iter: 1490	Total Steps: 3051520	Avg Reward (Batch): 957.76	Avg Reward (Roll100): 938.10	Actor Loss: -0.0000	Critic Loss: 197175.9930	Entropy: 0.1158
2025-06-03 10:39:16,041 INFO PPO Iter: 1500	Total Steps: 3072000	Avg Reward (Batch): 979.18	Avg Reward (Roll100): 969.59	Actor Loss: -0.0002	Critic Loss: 201357.4213	Entropy: 0.1131
2025-06-03 10:39:16,042 INFO Saved PPO actor to /Users/ifditahasanorney/Documents/GitHub/Exploration-Policy/data/ppo-0.0001/ppo_iter_1500.pth
2025-06-03 10:39:16,042 INFO --- PPO Fine-tuning Complete ---
2025-06-03 10:39:16,043 INFO Final PPO-tuned actor saved to /Users/ifditahasanorney/Documents/GitHub/Exploration-Policy/data/ppo-0.0001/ppo_final.pth
2025-06-03 10:39:16,044 INFO --- Visualizing Trajectory with: Final PPO-Tuned Policy (Deterministic) ---
2025-06-03 10:39:18,750 INFO Visualization: Trajectory length 42, Final state: (-18, 10), Total Reward: 999.59
2025-06-03 10:39:18,751 INFO SUCCESS: Reached Goal!
2025-06-03 10:39:18,751 INFO --- PPO Script Finished ---
