2025-05-27 21:28:14,963 INFO Observation shape: (4, 84, 84), Num actions: 4
2025-05-27 21:28:23,783 INFO Step 2048 | Avg Reward (100): 1.27 | Actor Loss: -0.0009 | Critic Loss: 0.0230 | Entropy: 1.3851
2025-05-27 21:28:23,791 INFO Saved model to /home/ubuntu/Exploration-Policy/data/ppo_atari_final_entropy_0.0.pth
2025-05-27 21:28:32,643 INFO Step 4096 | Avg Reward (100): 1.13 | Actor Loss: 0.0004 | Critic Loss: 0.0218 | Entropy: 1.3846
2025-05-27 21:28:41,362 INFO Step 6144 | Avg Reward (100): 0.94 | Actor Loss: -0.0020 | Critic Loss: 0.0093 | Entropy: 1.3838
2025-05-27 21:28:50,116 INFO Step 8192 | Avg Reward (100): 1.04 | Actor Loss: -0.0010 | Critic Loss: 0.0130 | Entropy: 1.3852
2025-05-27 21:28:58,853 INFO Step 10240 | Avg Reward (100): 1.13 | Actor Loss: -0.0018 | Critic Loss: 0.0111 | Entropy: 1.3823
2025-05-27 21:29:07,836 INFO Step 12288 | Avg Reward (100): 1.15 | Actor Loss: -0.0015 | Critic Loss: 0.0100 | Entropy: 1.3694
2025-05-27 21:29:16,852 INFO Step 14336 | Avg Reward (100): 1.19 | Actor Loss: -0.0042 | Critic Loss: 0.0121 | Entropy: 1.3517
2025-05-27 21:29:25,865 INFO Step 16384 | Avg Reward (100): 1.29 | Actor Loss: -0.0011 | Critic Loss: 0.0274 | Entropy: 1.3385
2025-05-27 21:29:34,894 INFO Step 18432 | Avg Reward (100): 1.22 | Actor Loss: -0.0015 | Critic Loss: 0.0074 | Entropy: 1.3133
2025-05-27 21:29:43,968 INFO Step 20480 | Avg Reward (100): 1.36 | Actor Loss: -0.0002 | Critic Loss: 0.0466 | Entropy: 1.3086
2025-05-27 21:29:52,980 INFO Step 22528 | Avg Reward (100): 1.43 | Actor Loss: 0.0004 | Critic Loss: 0.0122 | Entropy: 1.3131
2025-05-27 21:30:02,423 INFO Step 24576 | Avg Reward (100): 1.55 | Actor Loss: -0.0022 | Critic Loss: 0.0142 | Entropy: 1.3169
2025-05-27 21:30:12,112 INFO Step 26624 | Avg Reward (100): 1.64 | Actor Loss: 0.0003 | Critic Loss: 0.0150 | Entropy: 1.3136
2025-05-27 21:30:21,812 INFO Step 28672 | Avg Reward (100): 1.78 | Actor Loss: -0.0003 | Critic Loss: 0.0302 | Entropy: 1.2989
2025-05-27 21:30:31,465 INFO Step 30720 | Avg Reward (100): 1.88 | Actor Loss: -0.0026 | Critic Loss: 0.0135 | Entropy: 1.2680
2025-05-27 21:30:41,198 INFO Step 32768 | Avg Reward (100): 1.98 | Actor Loss: -0.0013 | Critic Loss: 0.0211 | Entropy: 1.2457
2025-05-27 21:30:50,922 INFO Step 34816 | Avg Reward (100): 1.97 | Actor Loss: -0.0008 | Critic Loss: 0.0110 | Entropy: 1.2595
2025-05-27 21:31:00,648 INFO Step 36864 | Avg Reward (100): 2.03 | Actor Loss: -0.0027 | Critic Loss: 0.0243 | Entropy: 1.2900
2025-05-27 21:31:10,318 INFO Step 38912 | Avg Reward (100): 2.19 | Actor Loss: -0.0006 | Critic Loss: 0.0157 | Entropy: 1.3129
2025-05-27 21:31:20,191 INFO Step 40960 | Avg Reward (100): 2.01 | Actor Loss: -0.0010 | Critic Loss: 0.0146 | Entropy: 1.3166
2025-05-27 21:31:29,905 INFO Step 43008 | Avg Reward (100): 2.08 | Actor Loss: -0.0020 | Critic Loss: 0.0155 | Entropy: 1.2895
2025-05-27 21:31:39,725 INFO Step 45056 | Avg Reward (100): 2.06 | Actor Loss: -0.0007 | Critic Loss: 0.0164 | Entropy: 1.2799
2025-05-27 21:31:49,378 INFO Step 47104 | Avg Reward (100): 2.16 | Actor Loss: -0.0036 | Critic Loss: 0.0145 | Entropy: 1.2308
2025-05-27 21:31:59,088 INFO Step 49152 | Avg Reward (100): 2.12 | Actor Loss: -0.0008 | Critic Loss: 0.0105 | Entropy: 1.2503
2025-05-27 21:32:08,751 INFO Step 51200 | Avg Reward (100): 2.08 | Actor Loss: 0.0001 | Critic Loss: 0.0082 | Entropy: 1.2494
2025-05-27 21:32:18,468 INFO Step 53248 | Avg Reward (100): 2.06 | Actor Loss: -0.0023 | Critic Loss: 0.0101 | Entropy: 1.2262
2025-05-27 21:32:28,179 INFO Step 55296 | Avg Reward (100): 2.11 | Actor Loss: 0.0003 | Critic Loss: 0.0112 | Entropy: 1.2173
2025-05-27 21:32:37,906 INFO Step 57344 | Avg Reward (100): 2.22 | Actor Loss: -0.0010 | Critic Loss: 0.0092 | Entropy: 1.2063
2025-05-27 21:32:47,550 INFO Step 59392 | Avg Reward (100): 2.22 | Actor Loss: -0.0010 | Critic Loss: 0.0120 | Entropy: 1.1942
2025-05-27 21:32:57,305 INFO Step 61440 | Avg Reward (100): 2.23 | Actor Loss: -0.0022 | Critic Loss: 0.0120 | Entropy: 1.1987
2025-05-27 21:33:07,039 INFO Step 63488 | Avg Reward (100): 2.29 | Actor Loss: -0.0013 | Critic Loss: 0.0106 | Entropy: 1.1889
2025-05-27 21:33:16,753 INFO Step 65536 | Avg Reward (100): 2.35 | Actor Loss: -0.0040 | Critic Loss: 0.0094 | Entropy: 1.1903
2025-05-27 21:33:26,432 INFO Step 67584 | Avg Reward (100): 2.25 | Actor Loss: -0.0018 | Critic Loss: 0.0141 | Entropy: 1.1758
2025-05-27 21:33:36,140 INFO Step 69632 | Avg Reward (100): 2.22 | Actor Loss: -0.0010 | Critic Loss: 0.0140 | Entropy: 1.1596
2025-05-27 21:33:45,843 INFO Step 71680 | Avg Reward (100): 2.15 | Actor Loss: -0.0015 | Critic Loss: 0.0107 | Entropy: 1.1166
2025-05-27 21:33:55,533 INFO Step 73728 | Avg Reward (100): 2.22 | Actor Loss: -0.0020 | Critic Loss: 0.0101 | Entropy: 1.1263
2025-05-27 21:34:05,170 INFO Step 75776 | Avg Reward (100): 2.22 | Actor Loss: -0.0032 | Critic Loss: 0.0082 | Entropy: 1.1569
2025-05-27 21:34:14,867 INFO Step 77824 | Avg Reward (100): 2.20 | Actor Loss: -0.0044 | Critic Loss: 0.0082 | Entropy: 1.1320
2025-05-27 21:34:24,499 INFO Step 79872 | Avg Reward (100): 2.21 | Actor Loss: -0.0036 | Critic Loss: 0.0071 | Entropy: 1.1809
2025-05-27 21:34:34,175 INFO Step 81920 | Avg Reward (100): 2.08 | Actor Loss: -0.0032 | Critic Loss: 0.0077 | Entropy: 1.1540
2025-05-27 21:34:44,022 INFO Step 83968 | Avg Reward (100): 2.11 | Actor Loss: -0.0050 | Critic Loss: 0.0088 | Entropy: 1.1326
2025-05-27 21:34:53,694 INFO Step 86016 | Avg Reward (100): 2.07 | Actor Loss: -0.0012 | Critic Loss: 0.0067 | Entropy: 1.1264
2025-05-27 21:35:03,380 INFO Step 88064 | Avg Reward (100): 2.12 | Actor Loss: -0.0042 | Critic Loss: 0.0081 | Entropy: 1.1134
2025-05-27 21:35:13,105 INFO Step 90112 | Avg Reward (100): 2.07 | Actor Loss: -0.0021 | Critic Loss: 0.0081 | Entropy: 1.1184
2025-05-27 21:35:22,863 INFO Step 92160 | Avg Reward (100): 2.09 | Actor Loss: -0.0032 | Critic Loss: 0.0064 | Entropy: 1.0889
2025-05-27 21:35:32,624 INFO Step 94208 | Avg Reward (100): 2.11 | Actor Loss: -0.0038 | Critic Loss: 0.0099 | Entropy: 1.1004
2025-05-27 21:35:42,333 INFO Step 96256 | Avg Reward (100): 2.12 | Actor Loss: -0.0027 | Critic Loss: 0.0075 | Entropy: 1.0912
2025-05-27 21:35:52,055 INFO Step 98304 | Avg Reward (100): 2.12 | Actor Loss: -0.0035 | Critic Loss: 0.0096 | Entropy: 1.0951
2025-05-27 21:36:01,781 INFO Step 100352 | Avg Reward (100): 2.07 | Actor Loss: -0.0043 | Critic Loss: 0.0062 | Entropy: 1.0764
2025-05-27 21:36:11,601 INFO Step 102400 | Avg Reward (100): 2.07 | Actor Loss: -0.0045 | Critic Loss: 0.0066 | Entropy: 1.0429
2025-05-27 21:36:21,358 INFO Step 104448 | Avg Reward (100): 2.10 | Actor Loss: -0.0038 | Critic Loss: 0.0076 | Entropy: 1.0163
2025-05-27 21:36:21,378 INFO Saved model to /home/ubuntu/Exploration-Policy/data/ppo_atari_final_entropy_0.0.pth
2025-05-27 21:36:31,159 INFO Step 106496 | Avg Reward (100): 2.09 | Actor Loss: -0.0013 | Critic Loss: 0.0081 | Entropy: 1.0039
2025-05-27 21:36:40,921 INFO Step 108544 | Avg Reward (100): 2.10 | Actor Loss: -0.0040 | Critic Loss: 0.0082 | Entropy: 0.9962
2025-05-27 21:36:50,698 INFO Step 110592 | Avg Reward (100): 2.07 | Actor Loss: -0.0035 | Critic Loss: 0.0063 | Entropy: 0.9850
2025-05-27 21:37:00,450 INFO Step 112640 | Avg Reward (100): 2.01 | Actor Loss: -0.0047 | Critic Loss: 0.0067 | Entropy: 0.9535
2025-05-27 21:37:09,879 INFO Step 114688 | Avg Reward (100): 2.03 | Actor Loss: -0.0038 | Critic Loss: 0.0066 | Entropy: 0.9069
2025-05-27 21:37:18,897 INFO Step 116736 | Avg Reward (100): 2.01 | Actor Loss: -0.0029 | Critic Loss: 0.0048 | Entropy: 0.9106
2025-05-27 21:37:27,974 INFO Step 118784 | Avg Reward (100): 2.03 | Actor Loss: -0.0025 | Critic Loss: 0.0042 | Entropy: 0.9055
2025-05-27 21:37:37,031 INFO Step 120832 | Avg Reward (100): 2.02 | Actor Loss: -0.0027 | Critic Loss: 0.0042 | Entropy: 0.8742
2025-05-27 21:37:46,091 INFO Step 122880 | Avg Reward (100): 2.04 | Actor Loss: -0.0023 | Critic Loss: 0.0042 | Entropy: 0.8437
2025-05-27 21:37:55,133 INFO Step 124928 | Avg Reward (100): 2.06 | Actor Loss: -0.0025 | Critic Loss: 0.0035 | Entropy: 0.8341
2025-05-27 21:38:04,206 INFO Step 126976 | Avg Reward (100): 2.05 | Actor Loss: -0.0027 | Critic Loss: 0.0047 | Entropy: 0.8167
2025-05-27 21:38:13,224 INFO Step 129024 | Avg Reward (100): 2.12 | Actor Loss: -0.0033 | Critic Loss: 0.0032 | Entropy: 0.8398
2025-05-27 21:38:22,305 INFO Step 131072 | Avg Reward (100): 2.11 | Actor Loss: -0.0029 | Critic Loss: 0.0027 | Entropy: 0.8297
2025-05-27 21:38:31,341 INFO Step 133120 | Avg Reward (100): 2.14 | Actor Loss: -0.0027 | Critic Loss: 0.0042 | Entropy: 0.8210
2025-05-27 21:38:40,414 INFO Step 135168 | Avg Reward (100): 2.11 | Actor Loss: -0.0033 | Critic Loss: 0.0032 | Entropy: 0.8087
2025-05-27 21:38:49,513 INFO Step 137216 | Avg Reward (100): 2.07 | Actor Loss: -0.0037 | Critic Loss: 0.0045 | Entropy: 0.8239
2025-05-27 21:38:58,559 INFO Step 139264 | Avg Reward (100): 2.06 | Actor Loss: -0.0049 | Critic Loss: 0.0041 | Entropy: 0.8299
2025-05-27 21:39:07,584 INFO Step 141312 | Avg Reward (100): 2.17 | Actor Loss: -0.0036 | Critic Loss: 0.0027 | Entropy: 0.8523
2025-05-27 21:39:16,630 INFO Step 143360 | Avg Reward (100): 2.15 | Actor Loss: -0.0040 | Critic Loss: 0.0042 | Entropy: 0.8078
2025-05-27 21:39:25,649 INFO Step 145408 | Avg Reward (100): 2.19 | Actor Loss: -0.0045 | Critic Loss: 0.0030 | Entropy: 0.8505
2025-05-27 21:39:34,681 INFO Step 147456 | Avg Reward (100): 2.23 | Actor Loss: -0.0032 | Critic Loss: 0.0026 | Entropy: 0.8318
2025-05-27 21:39:43,751 INFO Step 149504 | Avg Reward (100): 2.18 | Actor Loss: -0.0018 | Critic Loss: 0.0036 | Entropy: 0.8147
2025-05-27 21:39:52,852 INFO Step 151552 | Avg Reward (100): 2.21 | Actor Loss: -0.0036 | Critic Loss: 0.0033 | Entropy: 0.8372
2025-05-27 21:40:01,950 INFO Step 153600 | Avg Reward (100): 2.30 | Actor Loss: -0.0047 | Critic Loss: 0.0032 | Entropy: 0.8463
2025-05-27 21:40:11,139 INFO Step 155648 | Avg Reward (100): 2.34 | Actor Loss: -0.0040 | Critic Loss: 0.0024 | Entropy: 0.8402
2025-05-27 21:40:20,256 INFO Step 157696 | Avg Reward (100): 2.33 | Actor Loss: -0.0040 | Critic Loss: 0.0025 | Entropy: 0.8140
2025-05-27 21:40:29,359 INFO Step 159744 | Avg Reward (100): 2.40 | Actor Loss: -0.0049 | Critic Loss: 0.0033 | Entropy: 0.8478
2025-05-27 21:40:38,447 INFO Step 161792 | Avg Reward (100): 2.34 | Actor Loss: -0.0044 | Critic Loss: 0.0043 | Entropy: 0.8036
2025-05-27 21:40:47,555 INFO Step 163840 | Avg Reward (100): 2.35 | Actor Loss: -0.0044 | Critic Loss: 0.0028 | Entropy: 0.8114
2025-05-27 21:40:56,646 INFO Step 165888 | Avg Reward (100): 2.25 | Actor Loss: -0.0035 | Critic Loss: 0.0045 | Entropy: 0.7782
2025-05-27 21:41:05,749 INFO Step 167936 | Avg Reward (100): 2.32 | Actor Loss: -0.0051 | Critic Loss: 0.0032 | Entropy: 0.8221
2025-05-27 21:41:14,847 INFO Step 169984 | Avg Reward (100): 2.34 | Actor Loss: -0.0042 | Critic Loss: 0.0025 | Entropy: 0.8244
2025-05-27 21:41:24,031 INFO Step 172032 | Avg Reward (100): 2.35 | Actor Loss: -0.0059 | Critic Loss: 0.0026 | Entropy: 0.8063
2025-05-27 21:41:33,119 INFO Step 174080 | Avg Reward (100): 2.35 | Actor Loss: -0.0051 | Critic Loss: 0.0030 | Entropy: 0.7965
2025-05-27 21:41:42,268 INFO Step 176128 | Avg Reward (100): 2.31 | Actor Loss: -0.0039 | Critic Loss: 0.0017 | Entropy: 0.7415
2025-05-27 21:41:51,423 INFO Step 178176 | Avg Reward (100): 2.30 | Actor Loss: -0.0031 | Critic Loss: 0.0023 | Entropy: 0.7037
2025-05-27 21:42:00,513 INFO Step 180224 | Avg Reward (100): 2.32 | Actor Loss: -0.0060 | Critic Loss: 0.0028 | Entropy: 0.7947
2025-05-27 21:42:09,609 INFO Step 182272 | Avg Reward (100): 2.36 | Actor Loss: -0.0049 | Critic Loss: 0.0048 | Entropy: 0.7796
2025-05-27 21:42:18,763 INFO Step 184320 | Avg Reward (100): 2.32 | Actor Loss: -0.0045 | Critic Loss: 0.0042 | Entropy: 0.7280
2025-05-27 21:42:27,859 INFO Step 186368 | Avg Reward (100): 2.37 | Actor Loss: -0.0033 | Critic Loss: 0.0030 | Entropy: 0.7529
2025-05-27 21:42:36,927 INFO Step 188416 | Avg Reward (100): 2.40 | Actor Loss: -0.0038 | Critic Loss: 0.0019 | Entropy: 0.7597
2025-05-27 21:42:46,040 INFO Step 190464 | Avg Reward (100): 2.42 | Actor Loss: -0.0049 | Critic Loss: 0.0024 | Entropy: 0.8077
2025-05-27 21:42:55,106 INFO Step 192512 | Avg Reward (100): 2.44 | Actor Loss: -0.0034 | Critic Loss: 0.0030 | Entropy: 0.8050
2025-05-27 21:43:04,173 INFO Step 194560 | Avg Reward (100): 2.44 | Actor Loss: -0.0032 | Critic Loss: 0.0017 | Entropy: 0.7801
2025-05-27 21:43:13,346 INFO Step 196608 | Avg Reward (100): 2.49 | Actor Loss: -0.0028 | Critic Loss: 0.0050 | Entropy: 0.8023
2025-05-27 21:43:22,488 INFO Step 198656 | Avg Reward (100): 2.53 | Actor Loss: -0.0063 | Critic Loss: 0.0037 | Entropy: 0.8525
2025-05-27 21:43:31,597 INFO Step 200704 | Avg Reward (100): 2.57 | Actor Loss: -0.0069 | Critic Loss: 0.0023 | Entropy: 0.8195
2025-05-27 21:43:40,683 INFO Step 202752 | Avg Reward (100): 2.58 | Actor Loss: -0.0049 | Critic Loss: 0.0025 | Entropy: 0.8290
2025-05-27 21:43:49,858 INFO Step 204800 | Avg Reward (100): 2.59 | Actor Loss: -0.0078 | Critic Loss: 0.0027 | Entropy: 0.8267
2025-05-27 21:43:58,973 INFO Step 206848 | Avg Reward (100): 2.60 | Actor Loss: -0.0039 | Critic Loss: 0.0047 | Entropy: 0.7655
2025-05-27 21:43:58,993 INFO Saved model to /home/ubuntu/Exploration-Policy/data/ppo_atari_final_entropy_0.0.pth
2025-05-27 21:44:08,150 INFO Step 208896 | Avg Reward (100): 2.62 | Actor Loss: -0.0053 | Critic Loss: 0.0021 | Entropy: 0.7884
2025-05-27 21:44:17,242 INFO Step 210944 | Avg Reward (100): 2.66 | Actor Loss: -0.0032 | Critic Loss: 0.0023 | Entropy: 0.8177
2025-05-27 21:44:26,313 INFO Step 212992 | Avg Reward (100): 2.70 | Actor Loss: -0.0051 | Critic Loss: 0.0060 | Entropy: 0.8234
2025-05-27 21:44:35,383 INFO Step 215040 | Avg Reward (100): 2.69 | Actor Loss: -0.0031 | Critic Loss: 0.0030 | Entropy: 0.7996
2025-05-27 21:44:44,490 INFO Step 217088 | Avg Reward (100): 2.75 | Actor Loss: -0.0045 | Critic Loss: 0.0044 | Entropy: 0.7758
2025-05-27 21:44:53,539 INFO Step 219136 | Avg Reward (100): 2.77 | Actor Loss: -0.0060 | Critic Loss: 0.0071 | Entropy: 0.8172
2025-05-27 21:45:02,610 INFO Step 221184 | Avg Reward (100): 2.75 | Actor Loss: -0.0061 | Critic Loss: 0.0020 | Entropy: 0.7942
2025-05-27 21:45:11,638 INFO Step 223232 | Avg Reward (100): 2.78 | Actor Loss: -0.0037 | Critic Loss: 0.0033 | Entropy: 0.7735
2025-05-27 21:45:20,649 INFO Step 225280 | Avg Reward (100): 2.78 | Actor Loss: -0.0071 | Critic Loss: 0.0024 | Entropy: 0.7393
2025-05-27 21:45:29,697 INFO Step 227328 | Avg Reward (100): 2.75 | Actor Loss: -0.0054 | Critic Loss: 0.0029 | Entropy: 0.7826
2025-05-27 21:45:38,770 INFO Step 229376 | Avg Reward (100): 2.83 | Actor Loss: -0.0040 | Critic Loss: 0.0040 | Entropy: 0.7771
2025-05-27 21:45:47,877 INFO Step 231424 | Avg Reward (100): 2.84 | Actor Loss: -0.0050 | Critic Loss: 0.0038 | Entropy: 0.7446
2025-05-27 21:45:56,933 INFO Step 233472 | Avg Reward (100): 2.84 | Actor Loss: -0.0030 | Critic Loss: 0.0031 | Entropy: 0.7402
2025-05-27 21:46:05,999 INFO Step 235520 | Avg Reward (100): 2.88 | Actor Loss: -0.0047 | Critic Loss: 0.0032 | Entropy: 0.7865
2025-05-27 21:46:15,100 INFO Step 237568 | Avg Reward (100): 2.87 | Actor Loss: -0.0063 | Critic Loss: 0.0029 | Entropy: 0.7794
2025-05-27 21:46:24,185 INFO Step 239616 | Avg Reward (100): 2.81 | Actor Loss: -0.0044 | Critic Loss: 0.0026 | Entropy: 0.7444
2025-05-27 21:46:33,316 INFO Step 241664 | Avg Reward (100): 2.82 | Actor Loss: -0.0047 | Critic Loss: 0.0049 | Entropy: 0.7672
2025-05-27 21:46:42,456 INFO Step 243712 | Avg Reward (100): 2.77 | Actor Loss: -0.0042 | Critic Loss: 0.0039 | Entropy: 0.7199
2025-05-27 21:46:51,560 INFO Step 245760 | Avg Reward (100): 2.80 | Actor Loss: -0.0046 | Critic Loss: 0.0030 | Entropy: 0.7159
2025-05-27 21:47:00,631 INFO Step 247808 | Avg Reward (100): 2.79 | Actor Loss: -0.0043 | Critic Loss: 0.0024 | Entropy: 0.7115
2025-05-27 21:47:09,835 INFO Step 249856 | Avg Reward (100): 2.81 | Actor Loss: -0.0044 | Critic Loss: 0.0018 | Entropy: 0.6652
2025-05-27 21:47:18,980 INFO Step 251904 | Avg Reward (100): 2.78 | Actor Loss: -0.0038 | Critic Loss: 0.0034 | Entropy: 0.6820
2025-05-27 21:47:28,074 INFO Step 253952 | Avg Reward (100): 2.74 | Actor Loss: -0.0066 | Critic Loss: 0.0019 | Entropy: 0.6566
2025-05-27 21:47:37,146 INFO Step 256000 | Avg Reward (100): 2.85 | Actor Loss: -0.0050 | Critic Loss: 0.0030 | Entropy: 0.6922
2025-05-27 21:47:46,258 INFO Step 258048 | Avg Reward (100): 2.82 | Actor Loss: -0.0032 | Critic Loss: 0.0064 | Entropy: 0.6768
2025-05-27 21:47:55,336 INFO Step 260096 | Avg Reward (100): 2.81 | Actor Loss: -0.0052 | Critic Loss: 0.0023 | Entropy: 0.6820
2025-05-27 21:48:04,412 INFO Step 262144 | Avg Reward (100): 2.86 | Actor Loss: -0.0045 | Critic Loss: 0.0016 | Entropy: 0.6949
2025-05-27 21:48:13,491 INFO Step 264192 | Avg Reward (100): 2.86 | Actor Loss: -0.0038 | Critic Loss: 0.0015 | Entropy: 0.6347
2025-05-27 21:48:22,582 INFO Step 266240 | Avg Reward (100): 2.84 | Actor Loss: -0.0036 | Critic Loss: 0.0018 | Entropy: 0.6644
2025-05-27 21:48:31,704 INFO Step 268288 | Avg Reward (100): 2.79 | Actor Loss: -0.0074 | Critic Loss: 0.0038 | Entropy: 0.6981
2025-05-27 21:48:40,814 INFO Step 270336 | Avg Reward (100): 2.80 | Actor Loss: -0.0042 | Critic Loss: 0.0024 | Entropy: 0.6609
2025-05-27 21:48:49,903 INFO Step 272384 | Avg Reward (100): 2.81 | Actor Loss: -0.0042 | Critic Loss: 0.0014 | Entropy: 0.6156
2025-05-27 21:48:59,052 INFO Step 274432 | Avg Reward (100): 2.82 | Actor Loss: -0.0042 | Critic Loss: 0.0036 | Entropy: 0.6329
2025-05-27 21:49:08,182 INFO Step 276480 | Avg Reward (100): 2.92 | Actor Loss: -0.0059 | Critic Loss: 0.0039 | Entropy: 0.7008
2025-05-27 21:49:17,313 INFO Step 278528 | Avg Reward (100): 2.88 | Actor Loss: -0.0056 | Critic Loss: 0.0017 | Entropy: 0.6339
2025-05-27 21:49:26,356 INFO Step 280576 | Avg Reward (100): 2.85 | Actor Loss: -0.0039 | Critic Loss: 0.0038 | Entropy: 0.6934
2025-05-27 21:49:35,487 INFO Step 282624 | Avg Reward (100): 2.81 | Actor Loss: -0.0048 | Critic Loss: 0.0008 | Entropy: 0.5513
2025-05-27 21:49:44,636 INFO Step 284672 | Avg Reward (100): 2.86 | Actor Loss: -0.0065 | Critic Loss: 0.0017 | Entropy: 0.6206
2025-05-27 21:49:53,697 INFO Step 286720 | Avg Reward (100): 2.85 | Actor Loss: -0.0035 | Critic Loss: 0.0023 | Entropy: 0.6029
2025-05-27 21:50:02,779 INFO Step 288768 | Avg Reward (100): 2.75 | Actor Loss: -0.0058 | Critic Loss: 0.0015 | Entropy: 0.4991
2025-05-27 21:50:11,810 INFO Step 290816 | Avg Reward (100): 2.78 | Actor Loss: -0.0065 | Critic Loss: 0.0037 | Entropy: 0.6089
2025-05-27 21:50:20,886 INFO Step 292864 | Avg Reward (100): 2.72 | Actor Loss: -0.0030 | Critic Loss: 0.0014 | Entropy: 0.6071
2025-05-27 21:50:30,089 INFO Step 294912 | Avg Reward (100): 2.70 | Actor Loss: -0.0065 | Critic Loss: 0.0025 | Entropy: 0.6935
2025-05-27 21:50:39,217 INFO Step 296960 | Avg Reward (100): 2.71 | Actor Loss: -0.0042 | Critic Loss: 0.0031 | Entropy: 0.6576
2025-05-27 21:50:48,344 INFO Step 299008 | Avg Reward (100): 2.70 | Actor Loss: -0.0067 | Critic Loss: 0.0036 | Entropy: 0.6735
2025-05-27 21:50:57,391 INFO Step 301056 | Avg Reward (100): 2.70 | Actor Loss: -0.0052 | Critic Loss: 0.0023 | Entropy: 0.6780
2025-05-27 21:51:06,576 INFO Step 303104 | Avg Reward (100): 2.55 | Actor Loss: -0.0068 | Critic Loss: 0.0010 | Entropy: 0.6165
2025-05-27 21:51:15,629 INFO Step 305152 | Avg Reward (100): 2.59 | Actor Loss: -0.0057 | Critic Loss: 0.0022 | Entropy: 0.7418
2025-05-27 21:51:24,736 INFO Step 307200 | Avg Reward (100): 2.52 | Actor Loss: -0.0057 | Critic Loss: 0.0011 | Entropy: 0.6905
2025-05-27 21:51:33,834 INFO Step 309248 | Avg Reward (100): 2.56 | Actor Loss: -0.0060 | Critic Loss: 0.0035 | Entropy: 0.7360
2025-05-27 21:51:33,854 INFO Saved model to /home/ubuntu/Exploration-Policy/data/ppo_atari_final_entropy_0.0.pth
2025-05-27 21:51:42,908 INFO Step 311296 | Avg Reward (100): 2.75 | Actor Loss: -0.0084 | Critic Loss: 0.0079 | Entropy: 0.8024
2025-05-27 21:51:51,988 INFO Step 313344 | Avg Reward (100): 2.74 | Actor Loss: -0.0057 | Critic Loss: 0.0027 | Entropy: 0.7000
2025-05-27 21:52:01,124 INFO Step 315392 | Avg Reward (100): 2.81 | Actor Loss: -0.0083 | Critic Loss: 0.0034 | Entropy: 0.7335
2025-05-27 21:52:10,227 INFO Step 317440 | Avg Reward (100): 2.77 | Actor Loss: -0.0038 | Critic Loss: 0.0024 | Entropy: 0.6650
2025-05-27 21:52:19,314 INFO Step 319488 | Avg Reward (100): 2.80 | Actor Loss: -0.0071 | Critic Loss: 0.0049 | Entropy: 0.7487
2025-05-27 21:52:28,423 INFO Step 321536 | Avg Reward (100): 2.78 | Actor Loss: -0.0075 | Critic Loss: 0.0031 | Entropy: 0.7362
2025-05-27 21:52:37,514 INFO Step 323584 | Avg Reward (100): 2.82 | Actor Loss: -0.0062 | Critic Loss: 0.0026 | Entropy: 0.7252
2025-05-27 21:52:46,679 INFO Step 325632 | Avg Reward (100): 2.82 | Actor Loss: -0.0055 | Critic Loss: 0.0032 | Entropy: 0.7121
2025-05-27 21:52:55,762 INFO Step 327680 | Avg Reward (100): 2.89 | Actor Loss: -0.0061 | Critic Loss: 0.0027 | Entropy: 0.7634
2025-05-27 21:53:04,883 INFO Step 329728 | Avg Reward (100): 2.80 | Actor Loss: -0.0040 | Critic Loss: 0.0018 | Entropy: 0.6698
2025-05-27 21:53:13,981 INFO Step 331776 | Avg Reward (100): 2.86 | Actor Loss: -0.0056 | Critic Loss: 0.0027 | Entropy: 0.7342
2025-05-27 21:53:23,024 INFO Step 333824 | Avg Reward (100): 2.83 | Actor Loss: -0.0071 | Critic Loss: 0.0029 | Entropy: 0.7202
2025-05-27 21:53:32,152 INFO Step 335872 | Avg Reward (100): 2.70 | Actor Loss: 0.0007 | Critic Loss: 0.0035 | Entropy: 0.7083
2025-05-27 21:53:41,234 INFO Step 337920 | Avg Reward (100): 2.73 | Actor Loss: -0.0039 | Critic Loss: 0.0059 | Entropy: 0.7244
2025-05-27 21:53:50,318 INFO Step 339968 | Avg Reward (100): 2.81 | Actor Loss: -0.0074 | Critic Loss: 0.0033 | Entropy: 0.6839
2025-05-27 21:53:59,486 INFO Step 342016 | Avg Reward (100): 2.72 | Actor Loss: -0.0059 | Critic Loss: 0.0018 | Entropy: 0.7222
2025-05-27 21:54:08,586 INFO Step 344064 | Avg Reward (100): 2.73 | Actor Loss: -0.0084 | Critic Loss: 0.0034 | Entropy: 0.7387
2025-05-27 21:54:17,617 INFO Step 346112 | Avg Reward (100): 2.80 | Actor Loss: -0.0075 | Critic Loss: 0.0050 | Entropy: 0.7454
2025-05-27 21:54:26,691 INFO Step 348160 | Avg Reward (100): 2.81 | Actor Loss: -0.0054 | Critic Loss: 0.0056 | Entropy: 0.7160
2025-05-27 21:54:35,758 INFO Step 350208 | Avg Reward (100): 3.01 | Actor Loss: -0.0080 | Critic Loss: 0.0110 | Entropy: 0.7687
2025-05-27 21:54:44,822 INFO Step 352256 | Avg Reward (100): 2.97 | Actor Loss: -0.0095 | Critic Loss: 0.0044 | Entropy: 0.6974
2025-05-27 21:54:53,877 INFO Step 354304 | Avg Reward (100): 3.00 | Actor Loss: -0.0081 | Critic Loss: 0.0029 | Entropy: 0.6911
2025-05-27 21:55:03,016 INFO Step 356352 | Avg Reward (100): 2.90 | Actor Loss: -0.0063 | Critic Loss: 0.0032 | Entropy: 0.6700
2025-05-27 21:55:12,115 INFO Step 358400 | Avg Reward (100): 2.95 | Actor Loss: -0.0086 | Critic Loss: 0.0031 | Entropy: 0.7291
2025-05-27 21:55:21,236 INFO Step 360448 | Avg Reward (100): 2.95 | Actor Loss: -0.0031 | Critic Loss: 0.0058 | Entropy: 0.7081
2025-05-27 21:55:30,349 INFO Step 362496 | Avg Reward (100): 2.83 | Actor Loss: -0.0072 | Critic Loss: 0.0029 | Entropy: 0.6907
2025-05-27 21:55:39,438 INFO Step 364544 | Avg Reward (100): 2.91 | Actor Loss: -0.0070 | Critic Loss: 0.0024 | Entropy: 0.6960
2025-05-27 21:55:48,546 INFO Step 366592 | Avg Reward (100): 2.82 | Actor Loss: -0.0060 | Critic Loss: 0.0015 | Entropy: 0.6509
2025-05-27 21:55:57,633 INFO Step 368640 | Avg Reward (100): 2.78 | Actor Loss: -0.0035 | Critic Loss: 0.0036 | Entropy: 0.6823
2025-05-27 21:56:06,736 INFO Step 370688 | Avg Reward (100): 2.71 | Actor Loss: -0.0054 | Critic Loss: 0.0043 | Entropy: 0.6675
2025-05-27 21:56:15,772 INFO Step 372736 | Avg Reward (100): 2.56 | Actor Loss: -0.0070 | Critic Loss: 0.0059 | Entropy: 0.6882
2025-05-27 21:56:24,807 INFO Step 374784 | Avg Reward (100): 2.65 | Actor Loss: -0.0055 | Critic Loss: 0.0040 | Entropy: 0.6932
2025-05-27 21:56:33,842 INFO Step 376832 | Avg Reward (100): 2.66 | Actor Loss: -0.0067 | Critic Loss: 0.0047 | Entropy: 0.6813
2025-05-27 21:56:42,923 INFO Step 378880 | Avg Reward (100): 2.74 | Actor Loss: -0.0067 | Critic Loss: 0.0032 | Entropy: 0.6726
2025-05-27 21:56:52,018 INFO Step 380928 | Avg Reward (100): 2.81 | Actor Loss: -0.0080 | Critic Loss: 0.0045 | Entropy: 0.6936
2025-05-27 21:57:01,139 INFO Step 382976 | Avg Reward (100): 2.82 | Actor Loss: -0.0037 | Critic Loss: 0.0060 | Entropy: 0.6880
2025-05-27 21:57:10,235 INFO Step 385024 | Avg Reward (100): 2.84 | Actor Loss: -0.0070 | Critic Loss: 0.0020 | Entropy: 0.6508
2025-05-27 21:57:19,298 INFO Step 387072 | Avg Reward (100): 2.89 | Actor Loss: -0.0050 | Critic Loss: 0.0021 | Entropy: 0.6741
2025-05-27 21:57:28,387 INFO Step 389120 | Avg Reward (100): 2.84 | Actor Loss: -0.0052 | Critic Loss: 0.0009 | Entropy: 0.7139
2025-05-27 21:57:37,434 INFO Step 391168 | Avg Reward (100): 3.03 | Actor Loss: -0.0065 | Critic Loss: 0.0056 | Entropy: 0.6950
2025-05-27 21:57:46,467 INFO Step 393216 | Avg Reward (100): 3.11 | Actor Loss: -0.0061 | Critic Loss: 0.0051 | Entropy: 0.7151
2025-05-27 21:57:55,506 INFO Step 395264 | Avg Reward (100): 3.02 | Actor Loss: -0.0048 | Critic Loss: 0.0026 | Entropy: 0.7290
2025-05-27 21:58:04,568 INFO Step 397312 | Avg Reward (100): 3.06 | Actor Loss: -0.0050 | Critic Loss: 0.0030 | Entropy: 0.7168
2025-05-27 21:58:13,626 INFO Step 399360 | Avg Reward (100): 3.00 | Actor Loss: -0.0049 | Critic Loss: 0.0048 | Entropy: 0.7008
2025-05-27 21:58:22,739 INFO Step 401408 | Avg Reward (100): 3.00 | Actor Loss: -0.0055 | Critic Loss: 0.0049 | Entropy: 0.6920
2025-05-27 21:58:31,868 INFO Step 403456 | Avg Reward (100): 2.96 | Actor Loss: -0.0071 | Critic Loss: 0.0043 | Entropy: 0.7056
2025-05-27 21:58:40,920 INFO Step 405504 | Avg Reward (100): 2.98 | Actor Loss: -0.0081 | Critic Loss: 0.0046 | Entropy: 0.7072
2025-05-27 21:58:50,022 INFO Step 407552 | Avg Reward (100): 2.97 | Actor Loss: -0.0047 | Critic Loss: 0.0020 | Entropy: 0.6758
2025-05-27 21:58:59,046 INFO Step 409600 | Avg Reward (100): 3.01 | Actor Loss: -0.0080 | Critic Loss: 0.0022 | Entropy: 0.6590
2025-05-27 21:59:08,114 INFO Step 411648 | Avg Reward (100): 2.96 | Actor Loss: -0.0077 | Critic Loss: 0.0027 | Entropy: 0.6881
2025-05-27 21:59:08,134 INFO Saved model to /home/ubuntu/Exploration-Policy/data/ppo_atari_final_entropy_0.0.pth
2025-05-27 21:59:17,197 INFO Step 413696 | Avg Reward (100): 3.13 | Actor Loss: -0.0094 | Critic Loss: 0.0076 | Entropy: 0.6722
2025-05-27 21:59:26,244 INFO Step 415744 | Avg Reward (100): 3.00 | Actor Loss: -0.0069 | Critic Loss: 0.0044 | Entropy: 0.6954
2025-05-27 21:59:35,299 INFO Step 417792 | Avg Reward (100): 2.87 | Actor Loss: -0.0026 | Critic Loss: 0.0038 | Entropy: 0.6734
2025-05-27 21:59:44,346 INFO Step 419840 | Avg Reward (100): 2.91 | Actor Loss: -0.0054 | Critic Loss: 0.0042 | Entropy: 0.6541
2025-05-27 21:59:53,395 INFO Step 421888 | Avg Reward (100): 2.94 | Actor Loss: -0.0058 | Critic Loss: 0.0058 | Entropy: 0.6569
2025-05-27 22:00:02,448 INFO Step 423936 | Avg Reward (100): 3.02 | Actor Loss: -0.0059 | Critic Loss: 0.0074 | Entropy: 0.6956
2025-05-27 22:00:11,518 INFO Step 425984 | Avg Reward (100): 3.06 | Actor Loss: -0.0039 | Critic Loss: 0.0074 | Entropy: 0.6519
2025-05-27 22:00:20,577 INFO Step 428032 | Avg Reward (100): 3.09 | Actor Loss: -0.0074 | Critic Loss: 0.0052 | Entropy: 0.6728
2025-05-27 22:00:29,610 INFO Step 430080 | Avg Reward (100): 3.13 | Actor Loss: -0.0076 | Critic Loss: 0.0044 | Entropy: 0.6802
2025-05-27 22:00:38,631 INFO Step 432128 | Avg Reward (100): 3.15 | Actor Loss: -0.0057 | Critic Loss: 0.0042 | Entropy: 0.6941
2025-05-27 22:00:47,674 INFO Step 434176 | Avg Reward (100): 3.13 | Actor Loss: -0.0043 | Critic Loss: 0.0035 | Entropy: 0.6653
2025-05-27 22:00:56,720 INFO Step 436224 | Avg Reward (100): 3.28 | Actor Loss: -0.0065 | Critic Loss: 0.0081 | Entropy: 0.6759
2025-05-27 22:01:05,786 INFO Step 438272 | Avg Reward (100): 3.35 | Actor Loss: -0.0062 | Critic Loss: 0.0120 | Entropy: 0.6559
2025-05-27 22:01:14,878 INFO Step 440320 | Avg Reward (100): 3.40 | Actor Loss: -0.0097 | Critic Loss: 0.0071 | Entropy: 0.6633
2025-05-27 22:01:23,953 INFO Step 442368 | Avg Reward (100): 3.44 | Actor Loss: -0.0053 | Critic Loss: 0.0027 | Entropy: 0.7225
2025-05-27 22:01:32,987 INFO Step 444416 | Avg Reward (100): 3.57 | Actor Loss: -0.0067 | Critic Loss: 0.0088 | Entropy: 0.6756
2025-05-27 22:01:42,100 INFO Step 446464 | Avg Reward (100): 3.68 | Actor Loss: -0.0079 | Critic Loss: 0.0042 | Entropy: 0.6553
2025-05-27 22:01:51,140 INFO Step 448512 | Avg Reward (100): 3.72 | Actor Loss: -0.0049 | Critic Loss: 0.0055 | Entropy: 0.6629
2025-05-27 22:02:00,164 INFO Step 450560 | Avg Reward (100): 3.73 | Actor Loss: -0.0021 | Critic Loss: 0.0110 | Entropy: 0.6766
2025-05-27 22:02:09,263 INFO Step 452608 | Avg Reward (100): 3.68 | Actor Loss: -0.0070 | Critic Loss: 0.0059 | Entropy: 0.6935
2025-05-27 22:02:18,318 INFO Step 454656 | Avg Reward (100): 3.73 | Actor Loss: -0.0073 | Critic Loss: 0.0052 | Entropy: 0.6851
2025-05-27 22:02:27,479 INFO Step 456704 | Avg Reward (100): 3.77 | Actor Loss: -0.0066 | Critic Loss: 0.0042 | Entropy: 0.6734
2025-05-27 22:02:36,563 INFO Step 458752 | Avg Reward (100): 3.79 | Actor Loss: -0.0068 | Critic Loss: 0.0050 | Entropy: 0.7076
2025-05-27 22:02:45,625 INFO Step 460800 | Avg Reward (100): 3.90 | Actor Loss: -0.0083 | Critic Loss: 0.0043 | Entropy: 0.6905
2025-05-27 22:02:54,617 INFO Step 462848 | Avg Reward (100): 3.85 | Actor Loss: -0.0097 | Critic Loss: 0.0038 | Entropy: 0.6659
2025-05-27 22:03:03,640 INFO Step 464896 | Avg Reward (100): 3.79 | Actor Loss: -0.0047 | Critic Loss: 0.0084 | Entropy: 0.6516
2025-05-27 22:03:12,671 INFO Step 466944 | Avg Reward (100): 3.82 | Actor Loss: -0.0064 | Critic Loss: 0.0051 | Entropy: 0.6189
2025-05-27 22:03:21,786 INFO Step 468992 | Avg Reward (100): 3.79 | Actor Loss: -0.0104 | Critic Loss: 0.0052 | Entropy: 0.6891
2025-05-27 22:03:30,835 INFO Step 471040 | Avg Reward (100): 3.76 | Actor Loss: -0.0063 | Critic Loss: 0.0049 | Entropy: 0.6029
2025-05-27 22:03:40,246 INFO Step 473088 | Avg Reward (100): 3.48 | Actor Loss: -0.0091 | Critic Loss: 0.0030 | Entropy: 0.6516
2025-05-27 22:03:50,012 INFO Step 475136 | Avg Reward (100): 3.27 | Actor Loss: -0.0063 | Critic Loss: 0.0044 | Entropy: 0.6472
2025-05-27 22:03:59,753 INFO Step 477184 | Avg Reward (100): 3.42 | Actor Loss: -0.0046 | Critic Loss: 0.0062 | Entropy: 0.6280
2025-05-27 22:04:09,479 INFO Step 479232 | Avg Reward (100): 3.39 | Actor Loss: -0.0078 | Critic Loss: 0.0046 | Entropy: 0.6380
2025-05-27 22:04:19,244 INFO Step 481280 | Avg Reward (100): 3.38 | Actor Loss: -0.0046 | Critic Loss: 0.0050 | Entropy: 0.5821
2025-05-27 22:04:28,955 INFO Step 483328 | Avg Reward (100): 3.36 | Actor Loss: -0.0103 | Critic Loss: 0.0041 | Entropy: 0.6397
2025-05-27 22:04:38,761 INFO Step 485376 | Avg Reward (100): 3.19 | Actor Loss: -0.0042 | Critic Loss: 0.0044 | Entropy: 0.6136
2025-05-27 22:04:48,686 INFO Step 487424 | Avg Reward (100): 3.18 | Actor Loss: -0.0055 | Critic Loss: 0.0055 | Entropy: 0.6345
2025-05-27 22:04:58,473 INFO Step 489472 | Avg Reward (100): 3.08 | Actor Loss: -0.0076 | Critic Loss: 0.0040 | Entropy: 0.6241
2025-05-27 22:05:08,282 INFO Step 491520 | Avg Reward (100): 3.09 | Actor Loss: -0.0092 | Critic Loss: 0.0038 | Entropy: 0.6357
2025-05-27 22:05:18,069 INFO Step 493568 | Avg Reward (100): 3.16 | Actor Loss: -0.0084 | Critic Loss: 0.0042 | Entropy: 0.6366
2025-05-27 22:05:27,795 INFO Step 495616 | Avg Reward (100): 3.22 | Actor Loss: -0.0079 | Critic Loss: 0.0044 | Entropy: 0.6211
2025-05-27 22:05:37,518 INFO Step 497664 | Avg Reward (100): 3.35 | Actor Loss: -0.0076 | Critic Loss: 0.0064 | Entropy: 0.6596
2025-05-27 22:05:47,270 INFO Step 499712 | Avg Reward (100): 3.41 | Actor Loss: -0.0084 | Critic Loss: 0.0046 | Entropy: 0.6250
2025-05-27 22:05:57,001 INFO Step 501760 | Avg Reward (100): 3.45 | Actor Loss: -0.0088 | Critic Loss: 0.0042 | Entropy: 0.5761
2025-05-27 22:06:06,653 INFO Step 503808 | Avg Reward (100): 3.43 | Actor Loss: -0.0061 | Critic Loss: 0.0045 | Entropy: 0.5307
2025-05-27 22:06:16,444 INFO Step 505856 | Avg Reward (100): 3.47 | Actor Loss: -0.0079 | Critic Loss: 0.0062 | Entropy: 0.5657
2025-05-27 22:06:26,164 INFO Step 507904 | Avg Reward (100): 3.61 | Actor Loss: -0.0075 | Critic Loss: 0.0062 | Entropy: 0.5506
2025-05-27 22:06:35,627 INFO Step 509952 | Avg Reward (100): 3.69 | Actor Loss: -0.0097 | Critic Loss: 0.0050 | Entropy: 0.5891
2025-05-27 22:06:44,690 INFO Step 512000 | Avg Reward (100): 3.85 | Actor Loss: -0.0093 | Critic Loss: 0.0050 | Entropy: 0.5683
2025-05-27 22:06:53,733 INFO Step 514048 | Avg Reward (100): 3.90 | Actor Loss: -0.0109 | Critic Loss: 0.0074 | Entropy: 0.6391
2025-05-27 22:06:53,753 INFO Saved model to /home/ubuntu/Exploration-Policy/data/ppo_atari_final_entropy_0.0.pth
2025-05-27 22:07:02,943 INFO Step 516096 | Avg Reward (100): 3.97 | Actor Loss: -0.0126 | Critic Loss: 0.0056 | Entropy: 0.6338
2025-05-27 22:07:12,060 INFO Step 518144 | Avg Reward (100): 3.98 | Actor Loss: -0.0101 | Critic Loss: 0.0051 | Entropy: 0.6937
2025-05-27 22:07:21,156 INFO Step 520192 | Avg Reward (100): 3.99 | Actor Loss: -0.0077 | Critic Loss: 0.0063 | Entropy: 0.6398
2025-05-27 22:07:30,229 INFO Step 522240 | Avg Reward (100): 4.03 | Actor Loss: -0.0111 | Critic Loss: 0.0072 | Entropy: 0.6402
2025-05-27 22:07:39,313 INFO Step 524288 | Avg Reward (100): 4.15 | Actor Loss: -0.0133 | Critic Loss: 0.0058 | Entropy: 0.5756
2025-05-27 22:07:48,391 INFO Step 526336 | Avg Reward (100): 4.17 | Actor Loss: -0.0097 | Critic Loss: 0.0094 | Entropy: 0.6283
2025-05-27 22:07:57,419 INFO Step 528384 | Avg Reward (100): 4.31 | Actor Loss: -0.0073 | Critic Loss: 0.0153 | Entropy: 0.6002
2025-05-27 22:08:06,455 INFO Step 530432 | Avg Reward (100): 4.44 | Actor Loss: -0.0126 | Critic Loss: 0.0066 | Entropy: 0.5387
2025-05-27 22:08:15,499 INFO Step 532480 | Avg Reward (100): 4.60 | Actor Loss: -0.0083 | Critic Loss: 0.0091 | Entropy: 0.5455
2025-05-27 22:08:24,586 INFO Step 534528 | Avg Reward (100): 4.58 | Actor Loss: -0.0133 | Critic Loss: 0.0050 | Entropy: 0.6021
2025-05-27 22:08:33,619 INFO Step 536576 | Avg Reward (100): 4.76 | Actor Loss: -0.0057 | Critic Loss: 0.0277 | Entropy: 0.5222
2025-05-27 22:08:42,670 INFO Step 538624 | Avg Reward (100): 4.84 | Actor Loss: -0.0070 | Critic Loss: 0.0267 | Entropy: 0.5080
2025-05-27 22:08:51,764 INFO Step 540672 | Avg Reward (100): 4.90 | Actor Loss: -0.0080 | Critic Loss: 0.0175 | Entropy: 0.5015
2025-05-27 22:09:00,846 INFO Step 542720 | Avg Reward (100): 5.14 | Actor Loss: -0.0085 | Critic Loss: 0.0118 | Entropy: 0.4830
2025-05-27 22:09:09,879 INFO Step 544768 | Avg Reward (100): 5.28 | Actor Loss: -0.0083 | Critic Loss: 0.0106 | Entropy: 0.5243
2025-05-27 22:09:18,932 INFO Step 546816 | Avg Reward (100): 5.45 | Actor Loss: -0.0069 | Critic Loss: 0.0099 | Entropy: 0.5935
2025-05-27 22:09:28,053 INFO Step 548864 | Avg Reward (100): 5.72 | Actor Loss: -0.0062 | Critic Loss: 0.0144 | Entropy: 0.5497
2025-05-27 22:09:37,245 INFO Step 550912 | Avg Reward (100): 5.85 | Actor Loss: -0.0131 | Critic Loss: 0.0056 | Entropy: 0.6256
2025-05-27 22:09:46,338 INFO Step 552960 | Avg Reward (100): 6.20 | Actor Loss: -0.0076 | Critic Loss: 0.0156 | Entropy: 0.5373
2025-05-27 22:09:55,446 INFO Step 555008 | Avg Reward (100): 6.31 | Actor Loss: -0.0098 | Critic Loss: 0.0076 | Entropy: 0.5140
2025-05-27 22:10:04,497 INFO Step 557056 | Avg Reward (100): 6.45 | Actor Loss: -0.0092 | Critic Loss: 0.0075 | Entropy: 0.4604
2025-05-27 22:10:13,633 INFO Step 559104 | Avg Reward (100): 6.66 | Actor Loss: -0.0105 | Critic Loss: 0.0118 | Entropy: 0.5148
2025-05-27 22:10:22,756 INFO Step 561152 | Avg Reward (100): 6.89 | Actor Loss: -0.0092 | Critic Loss: 0.0106 | Entropy: 0.5042
2025-05-27 22:10:31,855 INFO Step 563200 | Avg Reward (100): 7.01 | Actor Loss: -0.0104 | Critic Loss: 0.0073 | Entropy: 0.5014
2025-05-27 22:10:40,948 INFO Step 565248 | Avg Reward (100): 7.14 | Actor Loss: -0.0087 | Critic Loss: 0.0056 | Entropy: 0.5033
2025-05-27 22:10:50,011 INFO Step 567296 | Avg Reward (100): 7.05 | Actor Loss: -0.0113 | Critic Loss: 0.0066 | Entropy: 0.5765
2025-05-27 22:10:59,075 INFO Step 569344 | Avg Reward (100): 7.22 | Actor Loss: -0.0083 | Critic Loss: 0.0064 | Entropy: 0.6466
2025-05-27 22:11:08,201 INFO Step 571392 | Avg Reward (100): 7.33 | Actor Loss: -0.0108 | Critic Loss: 0.0042 | Entropy: 0.4242
2025-05-27 22:11:17,315 INFO Step 573440 | Avg Reward (100): 7.29 | Actor Loss: -0.0077 | Critic Loss: 0.0132 | Entropy: 0.4473
2025-05-27 22:11:26,397 INFO Step 575488 | Avg Reward (100): 7.48 | Actor Loss: -0.0024 | Critic Loss: 0.0105 | Entropy: 0.3392
2025-05-27 22:11:35,538 INFO Step 577536 | Avg Reward (100): 7.55 | Actor Loss: -0.0067 | Critic Loss: 0.0098 | Entropy: 0.3550
2025-05-27 22:11:44,677 INFO Step 579584 | Avg Reward (100): 7.48 | Actor Loss: -0.0058 | Critic Loss: 0.0108 | Entropy: 0.5634
2025-05-27 22:11:53,798 INFO Step 581632 | Avg Reward (100): 7.74 | Actor Loss: -0.0062 | Critic Loss: 0.0120 | Entropy: 0.4502
2025-05-27 22:12:02,889 INFO Step 583680 | Avg Reward (100): 8.04 | Actor Loss: -0.0068 | Critic Loss: 0.0381 | Entropy: 0.5875
2025-05-27 22:12:11,983 INFO Step 585728 | Avg Reward (100): 8.20 | Actor Loss: -0.0078 | Critic Loss: 0.0256 | Entropy: 0.6398
2025-05-27 22:12:21,090 INFO Step 587776 | Avg Reward (100): 8.31 | Actor Loss: -0.0055 | Critic Loss: 0.0109 | Entropy: 0.3762
2025-05-27 22:12:30,221 INFO Step 589824 | Avg Reward (100): 8.48 | Actor Loss: -0.0119 | Critic Loss: 0.0102 | Entropy: 0.5075
2025-05-27 22:12:39,336 INFO Step 591872 | Avg Reward (100): 8.56 | Actor Loss: -0.0142 | Critic Loss: 0.0104 | Entropy: 0.8108
2025-05-27 22:12:48,411 INFO Step 593920 | Avg Reward (100): 8.67 | Actor Loss: -0.0127 | Critic Loss: 0.0091 | Entropy: 0.6221
2025-05-27 22:12:57,612 INFO Step 595968 | Avg Reward (100): 8.61 | Actor Loss: -0.0101 | Critic Loss: 0.0122 | Entropy: 0.7226
2025-05-27 22:13:06,776 INFO Step 598016 | Avg Reward (100): 8.74 | Actor Loss: -0.0058 | Critic Loss: 0.0284 | Entropy: 0.4667
2025-05-27 22:13:15,866 INFO Step 600064 | Avg Reward (100): 8.94 | Actor Loss: -0.0101 | Critic Loss: 0.0071 | Entropy: 0.4828
2025-05-27 22:13:24,989 INFO Step 602112 | Avg Reward (100): 9.03 | Actor Loss: -0.0108 | Critic Loss: 0.0134 | Entropy: 0.5459
2025-05-27 22:13:34,115 INFO Step 604160 | Avg Reward (100): 9.04 | Actor Loss: -0.0120 | Critic Loss: 0.0093 | Entropy: 0.6015
2025-05-27 22:13:43,255 INFO Step 606208 | Avg Reward (100): 9.10 | Actor Loss: -0.0076 | Critic Loss: 0.0146 | Entropy: 0.6087
2025-05-27 22:13:52,383 INFO Step 608256 | Avg Reward (100): 9.24 | Actor Loss: -0.0082 | Critic Loss: 0.0088 | Entropy: 0.5915
2025-05-27 22:14:01,548 INFO Step 610304 | Avg Reward (100): 9.20 | Actor Loss: -0.0076 | Critic Loss: 0.0095 | Entropy: 0.4393
2025-05-27 22:14:10,705 INFO Step 612352 | Avg Reward (100): 9.17 | Actor Loss: -0.0112 | Critic Loss: 0.0074 | Entropy: 0.6752
2025-05-27 22:14:19,883 INFO Step 614400 | Avg Reward (100): 9.03 | Actor Loss: -0.0130 | Critic Loss: 0.0097 | Entropy: 0.6301
2025-05-27 22:14:29,048 INFO Step 616448 | Avg Reward (100): 8.83 | Actor Loss: -0.0121 | Critic Loss: 0.0097 | Entropy: 0.7547
2025-05-27 22:14:29,068 INFO Saved model to /home/ubuntu/Exploration-Policy/data/ppo_atari_final_entropy_0.0.pth
2025-05-27 22:14:38,212 INFO Step 618496 | Avg Reward (100): 8.89 | Actor Loss: -0.0096 | Critic Loss: 0.0119 | Entropy: 0.5560
2025-05-27 22:14:47,360 INFO Step 620544 | Avg Reward (100): 8.68 | Actor Loss: -0.0131 | Critic Loss: 0.0071 | Entropy: 0.6064
2025-05-27 22:14:56,516 INFO Step 622592 | Avg Reward (100): 8.63 | Actor Loss: -0.0058 | Critic Loss: 0.0564 | Entropy: 0.4548
2025-05-27 22:15:05,665 INFO Step 624640 | Avg Reward (100): 8.58 | Actor Loss: -0.0100 | Critic Loss: 0.0132 | Entropy: 0.5722
2025-05-27 22:15:14,880 INFO Step 626688 | Avg Reward (100): 8.52 | Actor Loss: -0.0060 | Critic Loss: 0.0140 | Entropy: 0.5785
2025-05-27 22:15:24,001 INFO Step 628736 | Avg Reward (100): 8.49 | Actor Loss: -0.0142 | Critic Loss: 0.0078 | Entropy: 0.6944
2025-05-27 22:15:33,092 INFO Step 630784 | Avg Reward (100): 8.60 | Actor Loss: -0.0113 | Critic Loss: 0.0041 | Entropy: 0.4935
2025-05-27 22:15:42,258 INFO Step 632832 | Avg Reward (100): 8.21 | Actor Loss: -0.0137 | Critic Loss: 0.0091 | Entropy: 0.7597
2025-05-27 22:15:51,417 INFO Step 634880 | Avg Reward (100): 8.09 | Actor Loss: -0.0114 | Critic Loss: 0.0049 | Entropy: 0.7050
2025-05-27 22:16:00,571 INFO Step 636928 | Avg Reward (100): 8.00 | Actor Loss: -0.0127 | Critic Loss: 0.0088 | Entropy: 0.6511
2025-05-27 22:16:09,708 INFO Step 638976 | Avg Reward (100): 8.15 | Actor Loss: -0.0105 | Critic Loss: 0.0126 | Entropy: 0.7000
2025-05-27 22:16:18,860 INFO Step 641024 | Avg Reward (100): 8.30 | Actor Loss: -0.0117 | Critic Loss: 0.0192 | Entropy: 0.6767
2025-05-27 22:16:28,076 INFO Step 643072 | Avg Reward (100): 8.42 | Actor Loss: -0.0094 | Critic Loss: 0.0111 | Entropy: 0.6274
2025-05-27 22:16:37,220 INFO Step 645120 | Avg Reward (100): 8.29 | Actor Loss: -0.0106 | Critic Loss: 0.0123 | Entropy: 0.5275
2025-05-27 22:16:46,376 INFO Step 647168 | Avg Reward (100): 8.51 | Actor Loss: -0.0094 | Critic Loss: 0.0042 | Entropy: 0.3890
2025-05-27 22:16:55,569 INFO Step 649216 | Avg Reward (100): 8.56 | Actor Loss: -0.0145 | Critic Loss: 0.0057 | Entropy: 0.7173
2025-05-27 22:17:04,741 INFO Step 651264 | Avg Reward (100): 8.76 | Actor Loss: -0.0143 | Critic Loss: 0.0091 | Entropy: 0.5229
2025-05-27 22:17:13,901 INFO Step 653312 | Avg Reward (100): 8.88 | Actor Loss: -0.0130 | Critic Loss: 0.0142 | Entropy: 0.6220
2025-05-27 22:17:23,031 INFO Step 655360 | Avg Reward (100): 8.90 | Actor Loss: -0.0111 | Critic Loss: 0.0080 | Entropy: 0.6305
2025-05-27 22:17:32,234 INFO Step 657408 | Avg Reward (100): 8.60 | Actor Loss: -0.0125 | Critic Loss: 0.0052 | Entropy: 0.6649
2025-05-27 22:17:41,380 INFO Step 659456 | Avg Reward (100): 8.78 | Actor Loss: -0.0144 | Critic Loss: 0.0118 | Entropy: 0.6570
2025-05-27 22:17:50,564 INFO Step 661504 | Avg Reward (100): 8.93 | Actor Loss: -0.0047 | Critic Loss: 0.0122 | Entropy: 0.1935
2025-05-27 22:17:59,767 INFO Step 663552 | Avg Reward (100): 8.92 | Actor Loss: -0.0098 | Critic Loss: 0.0069 | Entropy: 0.4035
2025-05-27 22:18:08,927 INFO Step 665600 | Avg Reward (100): 8.84 | Actor Loss: -0.0137 | Critic Loss: 0.0067 | Entropy: 0.5546
2025-05-27 22:18:18,110 INFO Step 667648 | Avg Reward (100): 8.99 | Actor Loss: -0.0115 | Critic Loss: 0.0072 | Entropy: 0.6313
2025-05-27 22:18:27,334 INFO Step 669696 | Avg Reward (100): 8.95 | Actor Loss: -0.0146 | Critic Loss: 0.0056 | Entropy: 0.6601
2025-05-27 22:18:36,621 INFO Step 671744 | Avg Reward (100): 8.91 | Actor Loss: -0.0134 | Critic Loss: 0.0041 | Entropy: 0.5125
2025-05-27 22:18:45,881 INFO Step 673792 | Avg Reward (100): 8.83 | Actor Loss: -0.0129 | Critic Loss: 0.0052 | Entropy: 0.5330
2025-05-27 22:18:55,080 INFO Step 675840 | Avg Reward (100): 8.61 | Actor Loss: -0.0129 | Critic Loss: 0.0061 | Entropy: 0.5302
2025-05-27 22:19:04,281 INFO Step 677888 | Avg Reward (100): 8.59 | Actor Loss: -0.0084 | Critic Loss: 0.0211 | Entropy: 0.5288
2025-05-27 22:19:13,474 INFO Step 679936 | Avg Reward (100): 8.72 | Actor Loss: -0.0141 | Critic Loss: 0.0028 | Entropy: 0.3504
2025-05-27 22:19:22,660 INFO Step 681984 | Avg Reward (100): 8.81 | Actor Loss: -0.0100 | Critic Loss: 0.0017 | Entropy: 0.2964
2025-05-27 22:19:31,872 INFO Step 684032 | Avg Reward (100): 8.90 | Actor Loss: -0.0127 | Critic Loss: 0.0050 | Entropy: 0.6314
2025-05-27 22:19:41,152 INFO Step 686080 | Avg Reward (100): 8.95 | Actor Loss: -0.0091 | Critic Loss: 0.0028 | Entropy: 0.1977
2025-05-27 22:19:50,426 INFO Step 688128 | Avg Reward (100): 8.82 | Actor Loss: -0.0085 | Critic Loss: 0.0117 | Entropy: 0.3456
2025-05-27 22:19:59,681 INFO Step 690176 | Avg Reward (100): 8.71 | Actor Loss: -0.0054 | Critic Loss: 0.0115 | Entropy: 0.3896
2025-05-27 22:20:08,957 INFO Step 692224 | Avg Reward (100): 8.87 | Actor Loss: -0.0053 | Critic Loss: 0.0033 | Entropy: 0.2825
2025-05-27 22:20:18,195 INFO Step 694272 | Avg Reward (100): 8.68 | Actor Loss: -0.0057 | Critic Loss: 0.0043 | Entropy: 0.2380
2025-05-27 22:20:27,393 INFO Step 696320 | Avg Reward (100): 8.61 | Actor Loss: -0.0096 | Critic Loss: 0.0114 | Entropy: 0.4986
2025-05-27 22:20:36,613 INFO Step 698368 | Avg Reward (100): 8.67 | Actor Loss: -0.0065 | Critic Loss: 0.0090 | Entropy: 0.6086
2025-05-27 22:20:45,839 INFO Step 700416 | Avg Reward (100): 8.85 | Actor Loss: -0.0076 | Critic Loss: 0.0141 | Entropy: 0.4378
2025-05-27 22:20:55,049 INFO Step 702464 | Avg Reward (100): 8.89 | Actor Loss: -0.0130 | Critic Loss: 0.0047 | Entropy: 0.5078
2025-05-27 22:21:04,315 INFO Step 704512 | Avg Reward (100): 9.32 | Actor Loss: 0.0012 | Critic Loss: 0.0017 | Entropy: 0.1402
2025-05-27 22:21:13,538 INFO Step 706560 | Avg Reward (100): 9.57 | Actor Loss: -0.0077 | Critic Loss: 0.0083 | Entropy: 0.4896
2025-05-27 22:21:22,729 INFO Step 708608 | Avg Reward (100): 9.77 | Actor Loss: -0.0068 | Critic Loss: 0.0072 | Entropy: 0.4890
2025-05-27 22:21:31,939 INFO Step 710656 | Avg Reward (100): 9.66 | Actor Loss: -0.0061 | Critic Loss: 0.0131 | Entropy: 0.3485
2025-05-27 22:21:41,184 INFO Step 712704 | Avg Reward (100): 9.59 | Actor Loss: -0.0110 | Critic Loss: 0.0113 | Entropy: 0.6469
2025-05-27 22:21:50,416 INFO Step 714752 | Avg Reward (100): 9.62 | Actor Loss: -0.0120 | Critic Loss: 0.0069 | Entropy: 0.6299
2025-05-27 22:21:59,658 INFO Step 716800 | Avg Reward (100): 9.45 | Actor Loss: -0.0101 | Critic Loss: 0.0130 | Entropy: 0.6098
2025-05-27 22:22:08,934 INFO Step 718848 | Avg Reward (100): 9.46 | Actor Loss: -0.0081 | Critic Loss: 0.0090 | Entropy: 0.5334
2025-05-27 22:22:08,954 INFO Saved model to /home/ubuntu/Exploration-Policy/data/ppo_atari_final_entropy_0.0.pth
2025-05-27 22:22:18,234 INFO Step 720896 | Avg Reward (100): 9.46 | Actor Loss: -0.0009 | Critic Loss: 0.0016 | Entropy: 0.1766
2025-05-27 22:22:27,469 INFO Step 722944 | Avg Reward (100): 9.40 | Actor Loss: -0.0119 | Critic Loss: 0.0043 | Entropy: 0.5207
2025-05-27 22:22:36,694 INFO Step 724992 | Avg Reward (100): 9.65 | Actor Loss: -0.0074 | Critic Loss: 0.0051 | Entropy: 0.4673
2025-05-27 22:22:45,939 INFO Step 727040 | Avg Reward (100): 9.62 | Actor Loss: -0.0063 | Critic Loss: 0.0045 | Entropy: 0.2682
2025-05-27 22:22:55,242 INFO Step 729088 | Avg Reward (100): 9.53 | Actor Loss: -0.0159 | Critic Loss: 0.0040 | Entropy: 0.5555
2025-05-27 22:23:04,480 INFO Step 731136 | Avg Reward (100): 9.53 | Actor Loss: -0.0117 | Critic Loss: 0.0103 | Entropy: 0.6850
2025-05-27 22:23:13,788 INFO Step 733184 | Avg Reward (100): 9.49 | Actor Loss: -0.0122 | Critic Loss: 0.0058 | Entropy: 0.6330
2025-05-27 22:23:23,057 INFO Step 735232 | Avg Reward (100): 9.21 | Actor Loss: -0.0091 | Critic Loss: 0.0112 | Entropy: 0.4821
2025-05-27 22:23:32,303 INFO Step 737280 | Avg Reward (100): 9.22 | Actor Loss: -0.0127 | Critic Loss: 0.0049 | Entropy: 0.4451
2025-05-27 22:23:41,534 INFO Step 739328 | Avg Reward (100): 9.01 | Actor Loss: -0.0126 | Critic Loss: 0.0041 | Entropy: 0.4631
2025-05-27 22:23:50,805 INFO Step 741376 | Avg Reward (100): 8.70 | Actor Loss: -0.0107 | Critic Loss: 0.0046 | Entropy: 0.6265
2025-05-27 22:24:00,084 INFO Step 743424 | Avg Reward (100): 8.59 | Actor Loss: -0.0089 | Critic Loss: 0.0037 | Entropy: 0.4417
2025-05-27 22:24:09,375 INFO Step 745472 | Avg Reward (100): 8.79 | Actor Loss: -0.0090 | Critic Loss: 0.0302 | Entropy: 0.6439
2025-05-27 22:24:18,638 INFO Step 747520 | Avg Reward (100): 8.86 | Actor Loss: -0.0137 | Critic Loss: 0.0079 | Entropy: 0.5717
2025-05-27 22:24:27,951 INFO Step 749568 | Avg Reward (100): 8.66 | Actor Loss: -0.0138 | Critic Loss: 0.0072 | Entropy: 0.6131
2025-05-27 22:24:37,197 INFO Step 751616 | Avg Reward (100): 8.76 | Actor Loss: -0.0143 | Critic Loss: 0.0097 | Entropy: 0.6327
2025-05-27 22:24:46,456 INFO Step 753664 | Avg Reward (100): 8.64 | Actor Loss: -0.0149 | Critic Loss: 0.0047 | Entropy: 0.6266
2025-05-27 22:24:55,708 INFO Step 755712 | Avg Reward (100): 8.40 | Actor Loss: -0.0147 | Critic Loss: 0.0085 | Entropy: 0.7192
2025-05-27 22:25:05,086 INFO Step 757760 | Avg Reward (100): 8.48 | Actor Loss: -0.0094 | Critic Loss: 0.0155 | Entropy: 0.7553
2025-05-27 22:25:14,352 INFO Step 759808 | Avg Reward (100): 8.55 | Actor Loss: -0.0123 | Critic Loss: 0.0101 | Entropy: 0.7116
2025-05-27 22:25:23,675 INFO Step 761856 | Avg Reward (100): 8.53 | Actor Loss: -0.0122 | Critic Loss: 0.0097 | Entropy: 0.4262
2025-05-27 22:25:32,975 INFO Step 763904 | Avg Reward (100): 8.69 | Actor Loss: -0.0106 | Critic Loss: 0.0125 | Entropy: 0.6930
2025-05-27 22:25:42,239 INFO Step 765952 | Avg Reward (100): 8.98 | Actor Loss: -0.0094 | Critic Loss: 0.0396 | Entropy: 0.6820
2025-05-27 22:25:51,519 INFO Step 768000 | Avg Reward (100): 9.14 | Actor Loss: -0.0088 | Critic Loss: 0.0507 | Entropy: 0.6254
2025-05-27 22:26:00,801 INFO Step 770048 | Avg Reward (100): 9.32 | Actor Loss: -0.0103 | Critic Loss: 0.0209 | Entropy: 0.6583
2025-05-27 22:26:10,063 INFO Step 772096 | Avg Reward (100): 9.44 | Actor Loss: -0.0022 | Critic Loss: 0.0160 | Entropy: 0.5629
2025-05-27 22:26:19,350 INFO Step 774144 | Avg Reward (100): 9.35 | Actor Loss: -0.0151 | Critic Loss: 0.0081 | Entropy: 0.7158
2025-05-27 22:26:28,612 INFO Step 776192 | Avg Reward (100): 9.31 | Actor Loss: -0.0128 | Critic Loss: 0.0071 | Entropy: 0.7216
2025-05-27 22:26:37,929 INFO Step 778240 | Avg Reward (100): 9.42 | Actor Loss: -0.0038 | Critic Loss: 0.0073 | Entropy: 0.4043
2025-05-27 22:26:47,231 INFO Step 780288 | Avg Reward (100): 9.22 | Actor Loss: -0.0119 | Critic Loss: 0.0073 | Entropy: 0.5698
2025-05-27 22:26:56,498 INFO Step 782336 | Avg Reward (100): 9.31 | Actor Loss: -0.0076 | Critic Loss: 0.0099 | Entropy: 0.5327
2025-05-27 22:27:05,802 INFO Step 784384 | Avg Reward (100): 9.52 | Actor Loss: -0.0066 | Critic Loss: 0.0087 | Entropy: 0.3759
2025-05-27 22:27:15,107 INFO Step 786432 | Avg Reward (100): 9.57 | Actor Loss: -0.0155 | Critic Loss: 0.0077 | Entropy: 0.7030
2025-05-27 22:27:24,396 INFO Step 788480 | Avg Reward (100): 9.74 | Actor Loss: -0.0065 | Critic Loss: 0.0359 | Entropy: 0.6209
2025-05-27 22:27:33,718 INFO Step 790528 | Avg Reward (100): 9.99 | Actor Loss: -0.0167 | Critic Loss: 0.0104 | Entropy: 0.7785
2025-05-27 22:27:42,991 INFO Step 792576 | Avg Reward (100): 9.98 | Actor Loss: -0.0142 | Critic Loss: 0.0086 | Entropy: 0.8859
2025-05-27 22:27:52,239 INFO Step 794624 | Avg Reward (100): 9.66 | Actor Loss: -0.0155 | Critic Loss: 0.0121 | Entropy: 0.7828
2025-05-27 22:28:01,561 INFO Step 796672 | Avg Reward (100): 9.74 | Actor Loss: -0.0117 | Critic Loss: 0.0109 | Entropy: 0.5594
2025-05-27 22:28:10,883 INFO Step 798720 | Avg Reward (100): 9.61 | Actor Loss: -0.0161 | Critic Loss: 0.0101 | Entropy: 0.5818
2025-05-27 22:28:20,176 INFO Step 800768 | Avg Reward (100): 9.33 | Actor Loss: -0.0139 | Critic Loss: 0.0059 | Entropy: 0.9243
2025-05-27 22:28:29,496 INFO Step 802816 | Avg Reward (100): 9.21 | Actor Loss: -0.0121 | Critic Loss: 0.0075 | Entropy: 0.6805
2025-05-27 22:28:38,764 INFO Step 804864 | Avg Reward (100): 9.22 | Actor Loss: -0.0137 | Critic Loss: 0.0158 | Entropy: 0.7357
2025-05-27 22:28:48,177 INFO Step 806912 | Avg Reward (100): 9.26 | Actor Loss: -0.0110 | Critic Loss: 0.0116 | Entropy: 0.4465
2025-05-27 22:28:57,456 INFO Step 808960 | Avg Reward (100): 9.29 | Actor Loss: -0.0151 | Critic Loss: 0.0124 | Entropy: 0.6473
2025-05-27 22:29:06,751 INFO Step 811008 | Avg Reward (100): 9.32 | Actor Loss: -0.0178 | Critic Loss: 0.0080 | Entropy: 0.7971
2025-05-27 22:29:16,028 INFO Step 813056 | Avg Reward (100): 9.34 | Actor Loss: -0.0078 | Critic Loss: 0.0308 | Entropy: 0.6383
2025-05-27 22:29:25,331 INFO Step 815104 | Avg Reward (100): 9.53 | Actor Loss: -0.0093 | Critic Loss: 0.0182 | Entropy: 0.6489
2025-05-27 22:29:34,574 INFO Step 817152 | Avg Reward (100): 9.72 | Actor Loss: -0.0141 | Critic Loss: 0.0062 | Entropy: 0.6099
2025-05-27 22:29:43,838 INFO Step 819200 | Avg Reward (100): 9.86 | Actor Loss: -0.0070 | Critic Loss: 0.0246 | Entropy: 0.4443
2025-05-27 22:29:53,166 INFO Step 821248 | Avg Reward (100): 9.74 | Actor Loss: -0.0074 | Critic Loss: 0.0087 | Entropy: 0.6608
2025-05-27 22:29:53,185 INFO Saved model to /home/ubuntu/Exploration-Policy/data/ppo_atari_final_entropy_0.0.pth
2025-05-27 22:30:02,547 INFO Step 823296 | Avg Reward (100): 9.68 | Actor Loss: -0.0151 | Critic Loss: 0.0093 | Entropy: 0.6031
2025-05-27 22:30:11,823 INFO Step 825344 | Avg Reward (100): 9.70 | Actor Loss: -0.0122 | Critic Loss: 0.0063 | Entropy: 0.4241
2025-05-27 22:30:21,191 INFO Step 827392 | Avg Reward (100): 9.47 | Actor Loss: -0.0190 | Critic Loss: 0.0080 | Entropy: 0.8438
2025-05-27 22:30:30,525 INFO Step 829440 | Avg Reward (100): 9.72 | Actor Loss: -0.0092 | Critic Loss: 0.0175 | Entropy: 0.5230
2025-05-27 22:30:39,840 INFO Step 831488 | Avg Reward (100): 9.86 | Actor Loss: -0.0156 | Critic Loss: 0.0105 | Entropy: 0.5379
2025-05-27 22:30:49,135 INFO Step 833536 | Avg Reward (100): 10.04 | Actor Loss: -0.0164 | Critic Loss: 0.0065 | Entropy: 0.6791
2025-05-27 22:30:58,463 INFO Step 835584 | Avg Reward (100): 10.01 | Actor Loss: -0.0140 | Critic Loss: 0.0116 | Entropy: 0.5424
2025-05-27 22:31:07,760 INFO Step 837632 | Avg Reward (100): 10.06 | Actor Loss: -0.0117 | Critic Loss: 0.0166 | Entropy: 0.7188
2025-05-27 22:31:17,079 INFO Step 839680 | Avg Reward (100): 10.15 | Actor Loss: -0.0142 | Critic Loss: 0.0074 | Entropy: 0.6799
2025-05-27 22:31:26,436 INFO Step 841728 | Avg Reward (100): 9.92 | Actor Loss: -0.0148 | Critic Loss: 0.0111 | Entropy: 0.7752
2025-05-27 22:31:35,802 INFO Step 843776 | Avg Reward (100): 10.08 | Actor Loss: -0.0173 | Critic Loss: 0.0068 | Entropy: 0.7440
2025-05-27 22:31:45,109 INFO Step 845824 | Avg Reward (100): 10.24 | Actor Loss: -0.0172 | Critic Loss: 0.0056 | Entropy: 0.6840
2025-05-27 22:31:54,413 INFO Step 847872 | Avg Reward (100): 10.41 | Actor Loss: -0.0135 | Critic Loss: 0.0147 | Entropy: 0.7115
2025-05-27 22:32:03,678 INFO Step 849920 | Avg Reward (100): 10.30 | Actor Loss: -0.0097 | Critic Loss: 0.0084 | Entropy: 0.6142
2025-05-27 22:32:13,047 INFO Step 851968 | Avg Reward (100): 10.37 | Actor Loss: -0.0113 | Critic Loss: 0.0113 | Entropy: 0.5255
2025-05-27 22:32:22,369 INFO Step 854016 | Avg Reward (100): 10.44 | Actor Loss: -0.0057 | Critic Loss: 0.0532 | Entropy: 0.4102
2025-05-27 22:32:31,668 INFO Step 856064 | Avg Reward (100): 10.42 | Actor Loss: -0.0068 | Critic Loss: 0.0412 | Entropy: 0.5722
2025-05-27 22:32:40,920 INFO Step 858112 | Avg Reward (100): 10.51 | Actor Loss: -0.0136 | Critic Loss: 0.0121 | Entropy: 0.7851
2025-05-27 22:32:50,290 INFO Step 860160 | Avg Reward (100): 10.69 | Actor Loss: -0.0076 | Critic Loss: 0.0302 | Entropy: 0.6832
2025-05-27 22:32:59,636 INFO Step 862208 | Avg Reward (100): 10.76 | Actor Loss: -0.0106 | Critic Loss: 0.0260 | Entropy: 0.7472
2025-05-27 22:33:08,956 INFO Step 864256 | Avg Reward (100): 11.26 | Actor Loss: -0.0069 | Critic Loss: 0.0551 | Entropy: 0.4835
2025-05-27 22:33:18,319 INFO Step 866304 | Avg Reward (100): 10.98 | Actor Loss: -0.0149 | Critic Loss: 0.0099 | Entropy: 0.7449
2025-05-27 22:33:27,678 INFO Step 868352 | Avg Reward (100): 10.95 | Actor Loss: -0.0099 | Critic Loss: 0.0159 | Entropy: 0.4994
2025-05-27 22:33:37,018 INFO Step 870400 | Avg Reward (100): 11.08 | Actor Loss: -0.0076 | Critic Loss: 0.0183 | Entropy: 0.5071
2025-05-27 22:33:46,354 INFO Step 872448 | Avg Reward (100): 11.16 | Actor Loss: -0.0119 | Critic Loss: 0.0129 | Entropy: 0.6738
2025-05-27 22:33:55,652 INFO Step 874496 | Avg Reward (100): 11.13 | Actor Loss: -0.0089 | Critic Loss: 0.0175 | Entropy: 0.8517
2025-05-27 22:34:04,943 INFO Step 876544 | Avg Reward (100): 11.07 | Actor Loss: -0.0145 | Critic Loss: 0.0135 | Entropy: 0.7969
2025-05-27 22:34:14,304 INFO Step 878592 | Avg Reward (100): 11.10 | Actor Loss: -0.0110 | Critic Loss: 0.0102 | Entropy: 0.6771
2025-05-27 22:34:23,626 INFO Step 880640 | Avg Reward (100): 11.09 | Actor Loss: -0.0136 | Critic Loss: 0.0129 | Entropy: 0.7593
2025-05-27 22:34:32,975 INFO Step 882688 | Avg Reward (100): 11.07 | Actor Loss: -0.0167 | Critic Loss: 0.0065 | Entropy: 0.7583
2025-05-27 22:34:42,436 INFO Step 884736 | Avg Reward (100): 11.19 | Actor Loss: -0.0049 | Critic Loss: 0.0517 | Entropy: 0.4673
2025-05-27 22:34:51,789 INFO Step 886784 | Avg Reward (100): 11.47 | Actor Loss: -0.0052 | Critic Loss: 0.0376 | Entropy: 0.5898
2025-05-27 22:35:01,116 INFO Step 888832 | Avg Reward (100): 11.60 | Actor Loss: -0.0132 | Critic Loss: 0.0215 | Entropy: 0.6267
2025-05-27 22:35:10,534 INFO Step 890880 | Avg Reward (100): 11.19 | Actor Loss: -0.0171 | Critic Loss: 0.0156 | Entropy: 0.7834
2025-05-27 22:35:19,851 INFO Step 892928 | Avg Reward (100): 11.34 | Actor Loss: -0.0095 | Critic Loss: 0.0153 | Entropy: 0.6043
2025-05-27 22:35:29,233 INFO Step 894976 | Avg Reward (100): 11.82 | Actor Loss: -0.0063 | Critic Loss: 0.0380 | Entropy: 0.4972
2025-05-27 22:35:38,678 INFO Step 897024 | Avg Reward (100): 11.67 | Actor Loss: -0.0174 | Critic Loss: 0.0177 | Entropy: 0.7944
2025-05-27 22:35:48,045 INFO Step 899072 | Avg Reward (100): 11.79 | Actor Loss: -0.0096 | Critic Loss: 0.0390 | Entropy: 0.5110
2025-05-27 22:35:57,402 INFO Step 901120 | Avg Reward (100): 11.46 | Actor Loss: -0.0181 | Critic Loss: 0.0124 | Entropy: 0.8166
2025-05-27 22:36:06,809 INFO Step 903168 | Avg Reward (100): 11.27 | Actor Loss: -0.0185 | Critic Loss: 0.0132 | Entropy: 0.8118
2025-05-27 22:36:16,135 INFO Step 905216 | Avg Reward (100): 11.27 | Actor Loss: -0.0167 | Critic Loss: 0.0120 | Entropy: 0.8332
2025-05-27 22:36:25,483 INFO Step 907264 | Avg Reward (100): 11.09 | Actor Loss: -0.0161 | Critic Loss: 0.0164 | Entropy: 0.7970
2025-05-27 22:36:34,854 INFO Step 909312 | Avg Reward (100): 11.20 | Actor Loss: -0.0125 | Critic Loss: 0.0278 | Entropy: 0.6530
2025-05-27 22:36:44,259 INFO Step 911360 | Avg Reward (100): 11.19 | Actor Loss: -0.0154 | Critic Loss: 0.0187 | Entropy: 0.8492
2025-05-27 22:36:53,685 INFO Step 913408 | Avg Reward (100): 11.43 | Actor Loss: -0.0112 | Critic Loss: 0.0203 | Entropy: 0.5848
2025-05-27 22:37:03,069 INFO Step 915456 | Avg Reward (100): 11.40 | Actor Loss: -0.0177 | Critic Loss: 0.0083 | Entropy: 0.8866
2025-05-27 22:37:12,451 INFO Step 917504 | Avg Reward (100): 11.34 | Actor Loss: -0.0184 | Critic Loss: 0.0138 | Entropy: 0.7578
2025-05-27 22:37:21,820 INFO Step 919552 | Avg Reward (100): 11.83 | Actor Loss: -0.0100 | Critic Loss: 0.0539 | Entropy: 0.7686
2025-05-27 22:37:31,225 INFO Step 921600 | Avg Reward (100): 11.73 | Actor Loss: -0.0171 | Critic Loss: 0.0106 | Entropy: 0.8743
2025-05-27 22:37:40,556 INFO Step 923648 | Avg Reward (100): 11.37 | Actor Loss: -0.0159 | Critic Loss: 0.0087 | Entropy: 0.8474
2025-05-27 22:37:40,576 INFO Saved model to /home/ubuntu/Exploration-Policy/data/ppo_atari_final_entropy_0.0.pth
2025-05-27 22:37:49,991 INFO Step 925696 | Avg Reward (100): 11.72 | Actor Loss: -0.0105 | Critic Loss: 0.0296 | Entropy: 0.5683
2025-05-27 22:37:59,386 INFO Step 927744 | Avg Reward (100): 11.15 | Actor Loss: -0.0192 | Critic Loss: 0.0091 | Entropy: 0.7919
2025-05-27 22:38:08,788 INFO Step 929792 | Avg Reward (100): 11.04 | Actor Loss: -0.0099 | Critic Loss: 0.0170 | Entropy: 0.7360
2025-05-27 22:38:18,151 INFO Step 931840 | Avg Reward (100): 11.41 | Actor Loss: -0.0095 | Critic Loss: 0.0362 | Entropy: 0.7242
2025-05-27 22:38:27,521 INFO Step 933888 | Avg Reward (100): 10.89 | Actor Loss: -0.0177 | Critic Loss: 0.0145 | Entropy: 0.8512
2025-05-27 22:38:36,855 INFO Step 935936 | Avg Reward (100): 10.69 | Actor Loss: -0.0194 | Critic Loss: 0.0092 | Entropy: 0.7790
2025-05-27 22:38:46,253 INFO Step 937984 | Avg Reward (100): 10.52 | Actor Loss: -0.0145 | Critic Loss: 0.0155 | Entropy: 0.7295
2025-05-27 22:38:55,639 INFO Step 940032 | Avg Reward (100): 10.53 | Actor Loss: -0.0092 | Critic Loss: 0.0341 | Entropy: 0.6658
2025-05-27 22:39:05,068 INFO Step 942080 | Avg Reward (100): 10.68 | Actor Loss: -0.0123 | Critic Loss: 0.0162 | Entropy: 0.7582
2025-05-27 22:39:14,556 INFO Step 944128 | Avg Reward (100): 11.15 | Actor Loss: -0.0082 | Critic Loss: 0.0245 | Entropy: 0.6653
2025-05-27 22:39:23,951 INFO Step 946176 | Avg Reward (100): 11.14 | Actor Loss: -0.0135 | Critic Loss: 0.0176 | Entropy: 0.7059
2025-05-27 22:39:33,342 INFO Step 948224 | Avg Reward (100): 11.77 | Actor Loss: -0.0155 | Critic Loss: 0.0626 | Entropy: 0.6877
2025-05-27 22:39:42,762 INFO Step 950272 | Avg Reward (100): 11.52 | Actor Loss: -0.0111 | Critic Loss: 0.0289 | Entropy: 0.6374
2025-05-27 22:39:52,169 INFO Step 952320 | Avg Reward (100): 11.85 | Actor Loss: -0.0152 | Critic Loss: 0.0213 | Entropy: 0.7400
2025-05-27 22:40:01,518 INFO Step 954368 | Avg Reward (100): 11.75 | Actor Loss: -0.0110 | Critic Loss: 0.0357 | Entropy: 0.5868
2025-05-27 22:40:10,937 INFO Step 956416 | Avg Reward (100): 11.75 | Actor Loss: -0.0150 | Critic Loss: 0.0143 | Entropy: 0.6503
2025-05-27 22:40:20,351 INFO Step 958464 | Avg Reward (100): 11.80 | Actor Loss: -0.0141 | Critic Loss: 0.0387 | Entropy: 0.6829
2025-05-27 22:40:29,806 INFO Step 960512 | Avg Reward (100): 11.39 | Actor Loss: -0.0136 | Critic Loss: 0.0099 | Entropy: 0.8224
2025-05-27 22:40:39,234 INFO Step 962560 | Avg Reward (100): 11.52 | Actor Loss: -0.0136 | Critic Loss: 0.0293 | Entropy: 0.8165
2025-05-27 22:40:48,594 INFO Step 964608 | Avg Reward (100): 11.59 | Actor Loss: -0.0106 | Critic Loss: 0.0292 | Entropy: 0.8847
2025-05-27 22:40:58,017 INFO Step 966656 | Avg Reward (100): 11.79 | Actor Loss: -0.0163 | Critic Loss: 0.0208 | Entropy: 0.8432
2025-05-27 22:41:07,420 INFO Step 968704 | Avg Reward (100): 11.80 | Actor Loss: -0.0100 | Critic Loss: 0.0425 | Entropy: 0.7736
2025-05-27 22:41:16,859 INFO Step 970752 | Avg Reward (100): 11.90 | Actor Loss: -0.0106 | Critic Loss: 0.0268 | Entropy: 0.7478
2025-05-27 22:41:26,283 INFO Step 972800 | Avg Reward (100): 13.98 | Actor Loss: -0.0037 | Critic Loss: 1.4104 | Entropy: 0.8477
2025-05-27 22:41:35,674 INFO Step 974848 | Avg Reward (100): 13.97 | Actor Loss: -0.0076 | Critic Loss: 0.0694 | Entropy: 0.8912
2025-05-27 22:41:45,089 INFO Step 976896 | Avg Reward (100): 14.22 | Actor Loss: -0.0061 | Critic Loss: 0.1025 | Entropy: 0.6782
2025-05-27 22:41:54,521 INFO Step 978944 | Avg Reward (100): 13.80 | Actor Loss: -0.0137 | Critic Loss: 0.0421 | Entropy: 0.7998
2025-05-27 22:42:03,896 INFO Step 980992 | Avg Reward (100): 13.96 | Actor Loss: -0.0137 | Critic Loss: 0.0480 | Entropy: 0.8576
2025-05-27 22:42:13,342 INFO Step 983040 | Avg Reward (100): 13.58 | Actor Loss: -0.0163 | Critic Loss: 0.0374 | Entropy: 0.7505
2025-05-27 22:42:22,732 INFO Step 985088 | Avg Reward (100): 15.37 | Actor Loss: -0.0137 | Critic Loss: 0.8555 | Entropy: 0.8819
2025-05-27 22:42:32,132 INFO Step 987136 | Avg Reward (100): 15.59 | Actor Loss: -0.0091 | Critic Loss: 0.4183 | Entropy: 0.8420
2025-05-27 22:42:41,533 INFO Step 989184 | Avg Reward (100): 15.77 | Actor Loss: -0.0125 | Critic Loss: 0.1698 | Entropy: 0.8573
2025-05-27 22:42:50,991 INFO Step 991232 | Avg Reward (100): 15.53 | Actor Loss: -0.0103 | Critic Loss: 0.1255 | Entropy: 0.6510
2025-05-27 22:43:00,417 INFO Step 993280 | Avg Reward (100): 15.24 | Actor Loss: -0.0190 | Critic Loss: 0.0320 | Entropy: 0.9128
2025-05-27 22:43:09,840 INFO Step 995328 | Avg Reward (100): 15.21 | Actor Loss: -0.0143 | Critic Loss: 0.0340 | Entropy: 0.8702
2025-05-27 22:43:19,294 INFO Step 997376 | Avg Reward (100): 15.21 | Actor Loss: -0.0178 | Critic Loss: 0.0272 | Entropy: 0.8664
2025-05-27 22:43:28,779 INFO Step 999424 | Avg Reward (100): 15.66 | Actor Loss: -0.0115 | Critic Loss: 0.0754 | Entropy: 0.7145
2025-05-27 22:43:38,226 INFO Step 1001472 | Avg Reward (100): 15.67 | Actor Loss: -0.0145 | Critic Loss: 0.0511 | Entropy: 0.6947
2025-05-27 22:43:38,246 INFO Final model saved to /home/ubuntu/Exploration-Policy/data/ppo_atari_final_entropy_0.0.pth
2025-05-27 22:43:38,710 INFO generated new fontManager
