2025-05-24 23:20:51,578 INFO Using device: cpu
2025-05-24 23:20:51,580 INFO Attempting to load IL-trained actor from: /Users/iddah/Documents/CS224R/Exploration-Policy/saved_models_exp/policy_il_trained.pth
2025-05-24 23:20:51,583 INFO Successfully loaded pre-trained IL actor.
2025-05-24 23:20:53,268 INFO --- Starting PPO Fine-tuning ---
2025-05-24 23:21:07,062 INFO PPO Iter: 10	Total Steps: 20480	Avg Reward (Batch): 660.27	Avg Reward (Roll100): 559.99	Actor Loss: -0.0006	Critic Loss: 105649.9823	Entropy: 0.6411
2025-05-24 23:21:21,942 INFO PPO Iter: 20	Total Steps: 40960	Avg Reward (Batch): 499.54	Avg Reward (Roll100): 434.06	Actor Loss: -0.0007	Critic Loss: 97277.3995	Entropy: 0.6707
2025-05-24 23:21:36,544 INFO PPO Iter: 30	Total Steps: 61440	Avg Reward (Batch): 300.56	Avg Reward (Roll100): 318.12	Actor Loss: -0.0004	Critic Loss: 76337.9768	Entropy: 0.6961
2025-05-24 23:21:51,608 INFO PPO Iter: 40	Total Steps: 81920	Avg Reward (Batch): 194.29	Avg Reward (Roll100): 223.63	Actor Loss: -0.0010	Critic Loss: 55318.3404	Entropy: 0.7215
2025-05-24 23:22:05,020 INFO PPO Iter: 50	Total Steps: 102400	Avg Reward (Batch): 256.00	Avg Reward (Roll100): 244.64	Actor Loss: -0.0003	Critic Loss: 67914.8563	Entropy: 0.7650
2025-05-24 23:22:05,025 INFO Saved PPO actor to /Users/iddah/Documents/CS224R/Exploration-Policy/data/ppo-0.5/ppo_iter_50.pth
2025-05-24 23:22:19,154 INFO PPO Iter: 60	Total Steps: 122880	Avg Reward (Batch): 40.43	Avg Reward (Roll100): 66.20	Actor Loss: -0.0004	Critic Loss: 25994.5239	Entropy: 0.8289
2025-05-24 23:22:33,338 INFO PPO Iter: 70	Total Steps: 143360	Avg Reward (Batch): 67.09	Avg Reward (Roll100): 97.71	Actor Loss: -0.0004	Critic Loss: 34410.5108	Entropy: 0.8536
2025-05-24 23:22:47,690 INFO PPO Iter: 80	Total Steps: 163840	Avg Reward (Batch): 93.64	Avg Reward (Roll100): 139.67	Actor Loss: -0.0003	Critic Loss: 38587.1450	Entropy: 0.8743
2025-05-24 23:23:08,017 INFO PPO Iter: 90	Total Steps: 184320	Avg Reward (Batch): 149.66	Avg Reward (Roll100): 150.15	Actor Loss: -0.0002	Critic Loss: 46913.1765	Entropy: 0.8943
2025-05-24 23:23:25,921 INFO PPO Iter: 100	Total Steps: 204800	Avg Reward (Batch): 131.55	Avg Reward (Roll100): 97.67	Actor Loss: -0.0003	Critic Loss: 42698.1473	Entropy: 0.9180
2025-05-24 23:23:25,927 INFO Saved PPO actor to /Users/iddah/Documents/CS224R/Exploration-Policy/data/ppo-0.5/ppo_iter_100.pth
2025-05-24 23:23:41,596 INFO PPO Iter: 110	Total Steps: 225280	Avg Reward (Batch): 192.89	Avg Reward (Roll100): 129.14	Actor Loss: -0.0011	Critic Loss: 51058.9843	Entropy: 0.9266
2025-05-24 23:23:59,410 INFO PPO Iter: 120	Total Steps: 245760	Avg Reward (Batch): 186.33	Avg Reward (Roll100): 171.10	Actor Loss: -0.0013	Critic Loss: 46807.7841	Entropy: 0.9569
2025-05-24 23:24:17,478 INFO PPO Iter: 130	Total Steps: 266240	Avg Reward (Batch): 168.49	Avg Reward (Roll100): 234.59	Actor Loss: -0.0006	Critic Loss: 46858.7157	Entropy: 0.9369
2025-05-24 23:24:33,366 INFO PPO Iter: 140	Total Steps: 286720	Avg Reward (Batch): 131.55	Avg Reward (Roll100): 181.62	Actor Loss: -0.0006	Critic Loss: 42686.2023	Entropy: 0.9832
2025-05-24 23:24:47,844 INFO PPO Iter: 150	Total Steps: 307200	Avg Reward (Batch): 132.31	Avg Reward (Roll100): 76.65	Actor Loss: -0.0002	Critic Loss: 38433.5489	Entropy: 0.9610
2025-05-24 23:24:47,847 INFO Saved PPO actor to /Users/iddah/Documents/CS224R/Exploration-Policy/data/ppo-0.5/ppo_iter_150.pth
2025-05-24 23:25:01,372 INFO PPO Iter: 160	Total Steps: 327680	Avg Reward (Batch): 191.25	Avg Reward (Roll100): 139.61	Actor Loss: -0.0004	Critic Loss: 46791.2235	Entropy: 0.9783
2025-05-24 23:25:14,906 INFO PPO Iter: 170	Total Steps: 348160	Avg Reward (Batch): 112.59	Avg Reward (Roll100): 86.65	Actor Loss: -0.0006	Critic Loss: 38493.0801	Entropy: 0.9935
2025-05-24 23:25:28,753 INFO PPO Iter: 180	Total Steps: 368640	Avg Reward (Batch): 61.05	Avg Reward (Roll100): 129.11	Actor Loss: -0.0008	Critic Loss: 25871.4722	Entropy: 1.0074
2025-05-24 23:25:42,669 INFO PPO Iter: 190	Total Steps: 389120	Avg Reward (Batch): 169.37	Avg Reward (Roll100): 139.60	Actor Loss: -0.0015	Critic Loss: 42587.5921	Entropy: 0.9864
2025-05-24 23:25:55,819 INFO PPO Iter: 200	Total Steps: 409600	Avg Reward (Batch): 213.12	Avg Reward (Roll100): 213.59	Actor Loss: -0.0006	Critic Loss: 50987.9368	Entropy: 0.9712
2025-05-24 23:25:55,822 INFO Saved PPO actor to /Users/iddah/Documents/CS224R/Exploration-Policy/data/ppo-0.5/ppo_iter_200.pth
2025-05-24 23:26:13,650 INFO PPO Iter: 210	Total Steps: 430080	Avg Reward (Batch): 91.92	Avg Reward (Roll100): 108.11	Actor Loss: -0.0014	Critic Loss: 30004.8236	Entropy: 1.0186
2025-05-24 23:26:28,917 INFO PPO Iter: 220	Total Steps: 450560	Avg Reward (Batch): 128.87	Avg Reward (Roll100): 108.12	Actor Loss: 0.0001	Critic Loss: 38426.2456	Entropy: 1.0016
2025-05-24 23:26:45,015 INFO PPO Iter: 230	Total Steps: 471040	Avg Reward (Batch): 156.09	Avg Reward (Roll100): 140.09	Actor Loss: -0.0007	Critic Loss: 38366.3260	Entropy: 0.9731
2025-05-24 23:26:59,827 INFO PPO Iter: 240	Total Steps: 491520	Avg Reward (Batch): 207.76	Avg Reward (Roll100): 139.61	Actor Loss: -0.0006	Critic Loss: 51023.0418	Entropy: 0.9664
2025-05-24 23:27:18,768 INFO PPO Iter: 250	Total Steps: 512000	Avg Reward (Batch): 235.00	Avg Reward (Roll100): 203.07	Actor Loss: -0.0004	Critic Loss: 55183.2237	Entropy: 0.9878
2025-05-24 23:27:18,774 INFO Saved PPO actor to /Users/iddah/Documents/CS224R/Exploration-Policy/data/ppo-0.5/ppo_iter_250.pth
2025-05-24 23:27:33,963 INFO PPO Iter: 260	Total Steps: 532480	Avg Reward (Batch): 191.25	Avg Reward (Roll100): 161.09	Actor Loss: -0.0004	Critic Loss: 46779.3921	Entropy: 0.9973
2025-05-24 23:27:50,662 INFO PPO Iter: 270	Total Steps: 552960	Avg Reward (Batch): 86.67	Avg Reward (Roll100): 108.11	Actor Loss: -0.0012	Critic Loss: 30024.8535	Entropy: 1.0116
2025-05-24 23:28:06,061 INFO PPO Iter: 280	Total Steps: 573440	Avg Reward (Batch): 186.33	Avg Reward (Roll100): 108.12	Actor Loss: -0.0006	Critic Loss: 46780.9239	Entropy: 0.9992
2025-05-24 23:28:21,909 INFO PPO Iter: 290	Total Steps: 593920	Avg Reward (Batch): 109.06	Avg Reward (Roll100): 150.59	Actor Loss: -0.0002	Critic Loss: 34228.4010	Entropy: 1.0163
2025-05-24 23:28:37,273 INFO PPO Iter: 300	Total Steps: 614400	Avg Reward (Batch): 53.53	Avg Reward (Roll100): 97.60	Actor Loss: -0.0005	Critic Loss: 21593.6733	Entropy: 1.0234
2025-05-24 23:28:37,278 INFO Saved PPO actor to /Users/iddah/Documents/CS224R/Exploration-Policy/data/ppo-0.5/ppo_iter_300.pth
2025-05-24 23:28:52,131 INFO PPO Iter: 310	Total Steps: 634880	Avg Reward (Batch): 76.60	Avg Reward (Roll100): 55.62	Actor Loss: -0.0005	Critic Loss: 25783.5778	Entropy: 1.0083
2025-05-24 23:29:07,427 INFO PPO Iter: 320	Total Steps: 655360	Avg Reward (Batch): 103.27	Avg Reward (Roll100): 139.60	Actor Loss: -0.0008	Critic Loss: 34229.6416	Entropy: 1.0300
2025-05-24 23:29:21,093 INFO PPO Iter: 330	Total Steps: 675840	Avg Reward (Batch): 26.91	Avg Reward (Roll100): 87.11	Actor Loss: -0.0007	Critic Loss: 17409.1151	Entropy: 1.0471
2025-05-24 23:29:35,229 INFO PPO Iter: 340	Total Steps: 696320	Avg Reward (Batch): 44.29	Avg Reward (Roll100): 45.14	Actor Loss: -0.0002	Critic Loss: 21634.4823	Entropy: 1.0417
2025-05-24 23:29:50,231 INFO PPO Iter: 350	Total Steps: 716800	Avg Reward (Batch): 230.67	Avg Reward (Roll100): 192.56	Actor Loss: -0.0005	Critic Loss: 50962.1369	Entropy: 0.9806
2025-05-24 23:29:50,236 INFO Saved PPO actor to /Users/iddah/Documents/CS224R/Exploration-Policy/data/ppo-0.5/ppo_iter_350.pth
2025-05-24 23:30:05,804 INFO PPO Iter: 360	Total Steps: 737280	Avg Reward (Batch): 208.11	Avg Reward (Roll100): 224.08	Actor Loss: -0.0008	Critic Loss: 55245.1249	Entropy: 0.9757
2025-05-24 23:30:21,692 INFO PPO Iter: 370	Total Steps: 757760	Avg Reward (Batch): 100.61	Avg Reward (Roll100): 129.10	Actor Loss: -0.0004	Critic Loss: 29977.0532	Entropy: 1.0244
2025-05-24 23:30:37,662 INFO PPO Iter: 380	Total Steps: 778240	Avg Reward (Batch): 63.04	Avg Reward (Roll100): 66.12	Actor Loss: -0.0006	Critic Loss: 25843.2384	Entropy: 1.0209
2025-05-24 23:30:53,377 INFO PPO Iter: 390	Total Steps: 798720	Avg Reward (Batch): 178.91	Avg Reward (Roll100): 171.59	Actor Loss: -0.0001	Critic Loss: 42573.4917	Entropy: 1.0050
2025-05-24 23:31:09,581 INFO PPO Iter: 400	Total Steps: 819200	Avg Reward (Batch): 71.73	Avg Reward (Roll100): 87.12	Actor Loss: -0.0003	Critic Loss: 25796.6096	Entropy: 1.0324
2025-05-24 23:31:09,585 INFO Saved PPO actor to /Users/iddah/Documents/CS224R/Exploration-Policy/data/ppo-0.5/ppo_iter_400.pth
2025-05-24 23:31:25,167 INFO PPO Iter: 410	Total Steps: 839680	Avg Reward (Batch): 74.12	Avg Reward (Roll100): 108.60	Actor Loss: -0.0003	Critic Loss: 25802.3866	Entropy: 1.0373
2025-05-24 23:31:38,922 INFO PPO Iter: 420	Total Steps: 860160	Avg Reward (Batch): 41.04	Avg Reward (Roll100): 66.13	Actor Loss: -0.0001	Critic Loss: 21649.1500	Entropy: 1.0440
2025-05-24 23:31:52,275 INFO PPO Iter: 430	Total Steps: 880640	Avg Reward (Batch): -13.90	Avg Reward (Roll100): 45.14	Actor Loss: -0.0002	Critic Loss: 9032.3474	Entropy: 1.0557
2025-05-24 23:32:07,762 INFO PPO Iter: 440	Total Steps: 901120	Avg Reward (Batch): 42.63	Avg Reward (Roll100): 66.15	Actor Loss: -0.0006	Critic Loss: 21624.7078	Entropy: 1.0451
2025-05-24 23:32:20,386 INFO PPO Iter: 450	Total Steps: 921600	Avg Reward (Batch): 86.67	Avg Reward (Roll100): 66.12	Actor Loss: -0.0004	Critic Loss: 30014.0941	Entropy: 1.0309
2025-05-24 23:32:20,390 INFO Saved PPO actor to /Users/iddah/Documents/CS224R/Exploration-Policy/data/ppo-0.5/ppo_iter_450.pth
2025-05-24 23:32:32,632 INFO PPO Iter: 460	Total Steps: 942080	Avg Reward (Batch): 213.12	Avg Reward (Roll100): 139.61	Actor Loss: -0.0016	Critic Loss: 50995.9615	Entropy: 0.9930
2025-05-24 23:32:46,271 INFO PPO Iter: 470	Total Steps: 962560	Avg Reward (Batch): 86.67	Avg Reward (Roll100): 55.65	Actor Loss: -0.0007	Critic Loss: 30039.4468	Entropy: 1.0367
2025-05-24 23:32:59,277 INFO PPO Iter: 480	Total Steps: 983040	Avg Reward (Batch): 143.47	Avg Reward (Roll100): 119.09	Actor Loss: 0.0001	Critic Loss: 38375.6848	Entropy: 1.0285
2025-05-24 23:33:13,910 INFO PPO Iter: 490	Total Steps: 1003520	Avg Reward (Batch): 22.93	Avg Reward (Roll100): 2.65	Actor Loss: -0.0012	Critic Loss: 17448.7940	Entropy: 1.0586
2025-05-24 23:33:25,066 INFO PPO Iter: 500	Total Steps: 1024000	Avg Reward (Batch): 26.91	Avg Reward (Roll100): 24.14	Actor Loss: -0.0005	Critic Loss: 17421.6605	Entropy: 1.0484
2025-05-24 23:33:25,069 INFO Saved PPO actor to /Users/iddah/Documents/CS224R/Exploration-Policy/data/ppo-0.5/ppo_iter_500.pth
2025-05-24 23:33:36,467 INFO PPO Iter: 510	Total Steps: 1044480	Avg Reward (Batch): 22.93	Avg Reward (Roll100): 24.15	Actor Loss: -0.0007	Critic Loss: 17437.9205	Entropy: 1.0596
2025-05-24 23:33:47,488 INFO PPO Iter: 520	Total Steps: 1064960	Avg Reward (Batch): 135.88	Avg Reward (Roll100): 76.61	Actor Loss: -0.0008	Critic Loss: 38385.8972	Entropy: 1.0241
2025-05-24 23:33:58,024 INFO PPO Iter: 530	Total Steps: 1085440	Avg Reward (Batch): 107.02	Avg Reward (Roll100): 108.60	Actor Loss: -0.0007	Critic Loss: 29949.8947	Entropy: 1.0258
2025-05-24 23:34:08,537 INFO PPO Iter: 540	Total Steps: 1105920	Avg Reward (Batch): 109.06	Avg Reward (Roll100): 129.60	Actor Loss: 0.0000	Critic Loss: 34211.3209	Entropy: 1.0231
2025-05-24 23:34:19,310 INFO PPO Iter: 550	Total Steps: 1126400	Avg Reward (Batch): 25.54	Avg Reward (Roll100): 23.64	Actor Loss: -0.0005	Critic Loss: 17423.5711	Entropy: 1.0489
2025-05-24 23:34:19,314 INFO Saved PPO actor to /Users/iddah/Documents/CS224R/Exploration-Policy/data/ppo-0.5/ppo_iter_550.pth
2025-05-24 23:34:30,829 INFO PPO Iter: 560	Total Steps: 1146880	Avg Reward (Batch): 86.67	Avg Reward (Roll100): 76.64	Actor Loss: -0.0001	Critic Loss: 30015.8031	Entropy: 1.0382
2025-05-24 23:34:44,940 INFO PPO Iter: 570	Total Steps: 1167360	Avg Reward (Batch): 51.54	Avg Reward (Roll100): 98.09	Actor Loss: -0.0003	Critic Loss: 21604.7771	Entropy: 1.0418
2025-05-24 23:34:58,546 INFO PPO Iter: 580	Total Steps: 1187840	Avg Reward (Batch): 67.22	Avg Reward (Roll100): 55.64	Actor Loss: -0.0009	Critic Loss: 25810.1200	Entropy: 1.0456
2025-05-24 23:35:10,513 INFO PPO Iter: 590	Total Steps: 1208320	Avg Reward (Batch): 25.54	Avg Reward (Roll100): 97.61	Actor Loss: -0.0010	Critic Loss: 17426.7392	Entropy: 1.0560
2025-05-24 23:35:22,292 INFO PPO Iter: 600	Total Steps: 1228800	Avg Reward (Batch): 79.18	Avg Reward (Roll100): 87.10	Actor Loss: -0.0004	Critic Loss: 25767.2895	Entropy: 1.0317
2025-05-24 23:35:22,295 INFO Saved PPO actor to /Users/iddah/Documents/CS224R/Exploration-Policy/data/ppo-0.5/ppo_iter_600.pth
2025-05-24 23:35:33,703 INFO PPO Iter: 610	Total Steps: 1249280	Avg Reward (Batch): 207.33	Avg Reward (Roll100): 192.57	Actor Loss: -0.0002	Critic Loss: 46747.8232	Entropy: 1.0129
2025-05-24 23:35:44,965 INFO PPO Iter: 620	Total Steps: 1269760	Avg Reward (Batch): 46.00	Avg Reward (Roll100): 97.61	Actor Loss: -0.0006	Critic Loss: 21618.4953	Entropy: 1.0438
2025-05-24 23:35:55,822 INFO PPO Iter: 630	Total Steps: 1290240	Avg Reward (Batch): 34.60	Avg Reward (Roll100): 77.08	Actor Loss: -0.0001	Critic Loss: 17373.8966	Entropy: 1.0529
2025-05-24 23:36:06,666 INFO PPO Iter: 640	Total Steps: 1310720	Avg Reward (Batch): 42.63	Avg Reward (Roll100): 34.63	Actor Loss: -0.0008	Critic Loss: 21643.5381	Entropy: 1.0548
2025-05-24 23:36:17,427 INFO PPO Iter: 650	Total Steps: 1331200	Avg Reward (Batch): 69.43	Avg Reward (Roll100): 65.63	Actor Loss: -0.0007	Critic Loss: 25808.6039	Entropy: 1.0455
2025-05-24 23:36:17,430 INFO Saved PPO actor to /Users/iddah/Documents/CS224R/Exploration-Policy/data/ppo-0.5/ppo_iter_650.pth
2025-05-24 23:36:28,426 INFO PPO Iter: 660	Total Steps: 1351680	Avg Reward (Batch): 26.91	Avg Reward (Roll100): 34.64	Actor Loss: -0.0021	Critic Loss: 17416.3483	Entropy: 1.0536
2025-05-24 23:36:40,093 INFO PPO Iter: 670	Total Steps: 1372160	Avg Reward (Batch): 71.73	Avg Reward (Roll100): 140.09	Actor Loss: -0.0003	Critic Loss: 25794.6064	Entropy: 1.0389
2025-05-24 23:36:51,524 INFO PPO Iter: 680	Total Steps: 1392640	Avg Reward (Batch): 25.54	Avg Reward (Roll100): 66.13	Actor Loss: -0.0004	Critic Loss: 17423.4731	Entropy: 1.0577
2025-05-24 23:37:02,473 INFO PPO Iter: 690	Total Steps: 1413120	Avg Reward (Batch): 91.92	Avg Reward (Roll100): 118.60	Actor Loss: 0.0000	Critic Loss: 29999.7569	Entropy: 1.0399
2025-05-24 23:37:13,472 INFO PPO Iter: 700	Total Steps: 1433600	Avg Reward (Batch): 184.00	Avg Reward (Roll100): 97.60	Actor Loss: -0.0010	Critic Loss: 42562.7736	Entropy: 1.0097
2025-05-24 23:37:13,476 INFO Saved PPO actor to /Users/iddah/Documents/CS224R/Exploration-Policy/data/ppo-0.5/ppo_iter_700.pth
2025-05-24 23:37:25,110 INFO PPO Iter: 710	Total Steps: 1454080	Avg Reward (Batch): 94.71	Avg Reward (Roll100): 66.11	Actor Loss: -0.0006	Critic Loss: 29988.7252	Entropy: 1.0385
2025-05-24 23:37:36,662 INFO PPO Iter: 720	Total Steps: 1474560	Avg Reward (Batch): 194.88	Avg Reward (Roll100): 119.08	Actor Loss: -0.0005	Critic Loss: 42522.8451	Entropy: 1.0198
2025-05-24 23:37:48,205 INFO PPO Iter: 730	Total Steps: 1495040	Avg Reward (Batch): 207.33	Avg Reward (Roll100): 161.09	Actor Loss: -0.0005	Critic Loss: 46742.8050	Entropy: 1.0114
2025-05-24 23:37:59,633 INFO PPO Iter: 740	Total Steps: 1515520	Avg Reward (Batch): 81.79	Avg Reward (Roll100): 87.14	Actor Loss: -0.0007	Critic Loss: 30018.6505	Entropy: 1.0338
2025-05-24 23:38:11,446 INFO PPO Iter: 750	Total Steps: 1536000	Avg Reward (Batch): 122.04	Avg Reward (Roll100): 129.59	Actor Loss: -0.0002	Critic Loss: 34171.7889	Entropy: 1.0318
2025-05-24 23:38:11,449 INFO Saved PPO actor to /Users/iddah/Documents/CS224R/Exploration-Policy/data/ppo-0.5/ppo_iter_750.pth
2025-05-24 23:38:23,746 INFO PPO Iter: 760	Total Steps: 1556480	Avg Reward (Batch): 81.79	Avg Reward (Roll100): 118.63	Actor Loss: -0.0005	Critic Loss: 30029.2422	Entropy: 1.0461
2025-05-24 23:38:35,096 INFO PPO Iter: 770	Total Steps: 1576960	Avg Reward (Batch): 26.91	Avg Reward (Roll100): 34.64	Actor Loss: -0.0010	Critic Loss: 17426.0835	Entropy: 1.0473
2025-05-24 23:38:47,625 INFO PPO Iter: 780	Total Steps: 1597440	Avg Reward (Batch): 75.09	Avg Reward (Roll100): 97.63	Actor Loss: -0.0003	Critic Loss: 30059.6785	Entropy: 1.0371
2025-05-24 23:38:59,390 INFO PPO Iter: 790	Total Steps: 1617920	Avg Reward (Batch): 100.54	Avg Reward (Roll100): 118.62	Actor Loss: -0.0010	Critic Loss: 34232.8077	Entropy: 1.0385
2025-05-24 23:39:11,001 INFO PPO Iter: 800	Total Steps: 1638400	Avg Reward (Batch): 65.09	Avg Reward (Roll100): 55.64	Actor Loss: -0.0003	Critic Loss: 25820.4034	Entropy: 1.0445
2025-05-24 23:39:11,069 INFO Saved PPO actor to /Users/iddah/Documents/CS224R/Exploration-Policy/data/ppo-0.5/ppo_iter_800.pth
2025-05-24 23:39:23,252 INFO PPO Iter: 810	Total Steps: 1658880	Avg Reward (Batch): 118.60	Avg Reward (Roll100): 129.60	Actor Loss: -0.0008	Critic Loss: 34182.0789	Entropy: 1.0265
2025-05-24 23:39:36,219 INFO PPO Iter: 820	Total Steps: 1679360	Avg Reward (Batch): 125.62	Avg Reward (Roll100): 119.09	Actor Loss: -0.0012	Critic Loss: 34169.6153	Entropy: 1.0291
2025-05-24 23:39:48,777 INFO PPO Iter: 830	Total Steps: 1699840	Avg Reward (Batch): 41.04	Avg Reward (Roll100): 87.13	Actor Loss: -0.0010	Critic Loss: 21661.5696	Entropy: 1.0449
2025-05-24 23:40:01,475 INFO PPO Iter: 840	Total Steps: 1720320	Avg Reward (Batch): 76.60	Avg Reward (Roll100): 76.62	Actor Loss: -0.0002	Critic Loss: 25772.8094	Entropy: 1.0418
2025-05-24 23:40:13,663 INFO PPO Iter: 850	Total Steps: 1740800	Avg Reward (Batch): 61.05	Avg Reward (Roll100): 108.12	Actor Loss: -0.0007	Critic Loss: 25840.8173	Entropy: 1.0508
2025-05-24 23:40:13,667 INFO Saved PPO actor to /Users/iddah/Documents/CS224R/Exploration-Policy/data/ppo-0.5/ppo_iter_850.pth
2025-05-24 23:40:28,009 INFO PPO Iter: 860	Total Steps: 1761280	Avg Reward (Batch): 100.61	Avg Reward (Roll100): 65.61	Actor Loss: -0.0007	Critic Loss: 29974.2795	Entropy: 1.0373
2025-05-24 23:40:41,249 INFO PPO Iter: 870	Total Steps: 1781760	Avg Reward (Batch): -15.64	Avg Reward (Roll100): -17.83	Actor Loss: -0.0001	Critic Loss: 9071.1781	Entropy: 1.0708
2025-05-24 23:40:53,989 INFO PPO Iter: 880	Total Steps: 1802240	Avg Reward (Batch): 132.31	Avg Reward (Roll100): 108.12	Actor Loss: -0.0015	Critic Loss: 38412.7526	Entropy: 1.0234
2025-05-24 23:41:06,501 INFO PPO Iter: 890	Total Steps: 1822720	Avg Reward (Batch): 139.60	Avg Reward (Roll100): 118.61	Actor Loss: -0.0001	Critic Loss: 38393.2523	Entropy: 1.0303
2025-05-24 23:41:20,389 INFO PPO Iter: 900	Total Steps: 1843200	Avg Reward (Batch): 69.43	Avg Reward (Roll100): 55.63	Actor Loss: -0.0006	Critic Loss: 25813.7095	Entropy: 1.0469
2025-05-24 23:41:20,393 INFO Saved PPO actor to /Users/iddah/Documents/CS224R/Exploration-Policy/data/ppo-0.5/ppo_iter_900.pth
2025-05-24 23:41:31,699 INFO PPO Iter: 910	Total Steps: 1863680	Avg Reward (Batch): 94.71	Avg Reward (Roll100): 108.11	Actor Loss: -0.0001	Critic Loss: 29987.4552	Entropy: 1.0354
2025-05-24 23:41:46,455 INFO PPO Iter: 920	Total Steps: 1884160	Avg Reward (Batch): 65.09	Avg Reward (Roll100): 97.61	Actor Loss: -0.0011	Critic Loss: 25827.9244	Entropy: 1.0463
2025-05-24 23:41:57,667 INFO PPO Iter: 930	Total Steps: 1904640	Avg Reward (Batch): 65.09	Avg Reward (Roll100): 55.63	Actor Loss: -0.0007	Critic Loss: 25819.3687	Entropy: 1.0472
2025-05-24 23:42:11,562 INFO PPO Iter: 940	Total Steps: 1925120	Avg Reward (Batch): 189.32	Avg Reward (Roll100): 119.09	Actor Loss: -0.0002	Critic Loss: 42547.1463	Entropy: 1.0208
2025-05-24 23:42:22,243 INFO PPO Iter: 950	Total Steps: 1945600	Avg Reward (Batch): 53.53	Avg Reward (Roll100): 98.10	Actor Loss: -0.0000	Critic Loss: 21581.8327	Entropy: 1.0511
2025-05-24 23:42:22,246 INFO Saved PPO actor to /Users/iddah/Documents/CS224R/Exploration-Policy/data/ppo-0.5/ppo_iter_950.pth
2025-05-24 23:42:33,448 INFO PPO Iter: 960	Total Steps: 1966080	Avg Reward (Batch): 49.62	Avg Reward (Roll100): 76.62	Actor Loss: -0.0000	Critic Loss: 21607.3185	Entropy: 1.0610
2025-05-24 23:42:47,996 INFO PPO Iter: 970	Total Steps: 1986560	Avg Reward (Batch): 28.33	Avg Reward (Roll100): 45.14	Actor Loss: -0.0012	Critic Loss: 17408.4976	Entropy: 1.0587
2025-05-24 23:43:00,078 INFO PPO Iter: 980	Total Steps: 2007040	Avg Reward (Batch): 44.29	Avg Reward (Roll100): 55.63	Actor Loss: -0.0008	Critic Loss: 21631.3736	Entropy: 1.0512
2025-05-24 23:43:12,661 INFO PPO Iter: 990	Total Steps: 2027520	Avg Reward (Batch): 86.67	Avg Reward (Roll100): 76.61	Actor Loss: -0.0004	Critic Loss: 30018.2280	Entropy: 1.0415
2025-05-24 23:43:24,633 INFO PPO Iter: 1000	Total Steps: 2048000	Avg Reward (Batch): 125.62	Avg Reward (Roll100): 140.08	Actor Loss: -0.0005	Critic Loss: 34170.6619	Entropy: 1.0297
2025-05-24 23:43:24,637 INFO Saved PPO actor to /Users/iddah/Documents/CS224R/Exploration-Policy/data/ppo-0.5/ppo_iter_1000.pth
2025-05-24 23:43:36,771 INFO PPO Iter: 1010	Total Steps: 2068480	Avg Reward (Batch): 25.54	Avg Reward (Roll100): 45.13	Actor Loss: -0.0009	Critic Loss: 17425.7939	Entropy: 1.0542
2025-05-24 23:43:49,298 INFO PPO Iter: 1020	Total Steps: 2088960	Avg Reward (Batch): 109.06	Avg Reward (Roll100): 76.63	Actor Loss: -0.0008	Critic Loss: 34215.8145	Entropy: 1.0340
2025-05-24 23:44:01,385 INFO PPO Iter: 1030	Total Steps: 2109440	Avg Reward (Batch): 67.22	Avg Reward (Roll100): 45.16	Actor Loss: -0.0001	Critic Loss: 25816.8526	Entropy: 1.0545
2025-05-24 23:44:12,830 INFO PPO Iter: 1040	Total Steps: 2129920	Avg Reward (Batch): 51.54	Avg Reward (Roll100): 45.12	Actor Loss: -0.0003	Critic Loss: 21582.9982	Entropy: 1.0605
2025-05-24 23:44:24,814 INFO PPO Iter: 1050	Total Steps: 2150400	Avg Reward (Batch): 97.90	Avg Reward (Roll100): 97.62	Actor Loss: -0.0002	Critic Loss: 34247.4002	Entropy: 1.0451
2025-05-24 23:44:24,818 INFO Saved PPO actor to /Users/iddah/Documents/CS224R/Exploration-Policy/data/ppo-0.5/ppo_iter_1050.pth
2025-05-24 23:44:36,822 INFO PPO Iter: 1060	Total Steps: 2170880	Avg Reward (Batch): 76.60	Avg Reward (Roll100): 87.10	Actor Loss: -0.0007	Critic Loss: 25766.5235	Entropy: 1.0470
2025-05-24 23:44:48,838 INFO PPO Iter: 1070	Total Steps: 2191360	Avg Reward (Batch): 139.60	Avg Reward (Roll100): 76.62	Actor Loss: -0.0007	Critic Loss: 38389.9035	Entropy: 1.0294
2025-05-24 23:45:00,923 INFO PPO Iter: 1080	Total Steps: 2211840	Avg Reward (Batch): 6.79	Avg Reward (Roll100): 66.13	Actor Loss: -0.0006	Critic Loss: 13220.4032	Entropy: 1.0611
2025-05-24 23:45:12,762 INFO PPO Iter: 1090	Total Steps: 2232320	Avg Reward (Batch): 122.04	Avg Reward (Roll100): 119.09	Actor Loss: -0.0003	Critic Loss: 34177.4325	Entropy: 1.0310
2025-05-24 23:45:25,018 INFO PPO Iter: 1100	Total Steps: 2252800	Avg Reward (Batch): 89.25	Avg Reward (Roll100): 118.61	Actor Loss: -0.0001	Critic Loss: 30001.9700	Entropy: 1.0379
2025-05-24 23:45:25,021 INFO Saved PPO actor to /Users/iddah/Documents/CS224R/Exploration-Policy/data/ppo-0.5/ppo_iter_1100.pth
2025-05-24 23:45:37,566 INFO PPO Iter: 1110	Total Steps: 2273280	Avg Reward (Batch): 106.11	Avg Reward (Roll100): 97.63	Actor Loss: -0.0002	Critic Loss: 34235.5941	Entropy: 1.0371
2025-05-24 23:45:48,782 INFO PPO Iter: 1120	Total Steps: 2293760	Avg Reward (Batch): 225.71	Avg Reward (Roll100): 171.57	Actor Loss: -0.0002	Critic Loss: 46722.1801	Entropy: 1.0168
2025-05-24 23:45:59,529 INFO PPO Iter: 1130	Total Steps: 2314240	Avg Reward (Batch): 129.36	Avg Reward (Roll100): 77.10	Actor Loss: -0.0002	Critic Loss: 34176.8218	Entropy: 1.0205
2025-05-24 23:46:11,996 INFO PPO Iter: 1140	Total Steps: 2334720	Avg Reward (Batch): 156.09	Avg Reward (Roll100): 108.10	Actor Loss: -0.0008	Critic Loss: 38357.2577	Entropy: 1.0285
2025-05-24 23:46:25,416 INFO PPO Iter: 1150	Total Steps: 2355200	Avg Reward (Batch): 39.49	Avg Reward (Roll100): 45.13	Actor Loss: -0.0005	Critic Loss: 21662.6490	Entropy: 1.0573
2025-05-24 23:46:25,419 INFO Saved PPO actor to /Users/iddah/Documents/CS224R/Exploration-Policy/data/ppo-0.5/ppo_iter_1150.pth
2025-05-24 23:46:36,555 INFO PPO Iter: 1160	Total Steps: 2375680	Avg Reward (Batch): 29.81	Avg Reward (Roll100): 45.11	Actor Loss: -0.0007	Critic Loss: 17394.9067	Entropy: 1.0660
2025-05-24 23:46:46,821 INFO PPO Iter: 1170	Total Steps: 2396160	Avg Reward (Batch): 135.88	Avg Reward (Roll100): 118.61	Actor Loss: -0.0004	Critic Loss: 38413.2011	Entropy: 1.0318
2025-05-24 23:46:56,594 INFO PPO Iter: 1180	Total Steps: 2416640	Avg Reward (Batch): 46.00	Avg Reward (Roll100): 34.15	Actor Loss: -0.0002	Critic Loss: 21619.5100	Entropy: 1.0572
2025-05-24 23:47:06,101 INFO PPO Iter: 1190	Total Steps: 2437120	Avg Reward (Batch): 53.53	Avg Reward (Roll100): 34.11	Actor Loss: -0.0002	Critic Loss: 21583.6522	Entropy: 1.0511
2025-05-24 23:47:15,827 INFO PPO Iter: 1200	Total Steps: 2457600	Avg Reward (Batch): 91.92	Avg Reward (Roll100): 87.12	Actor Loss: -0.0002	Critic Loss: 29995.4786	Entropy: 1.0412
2025-05-24 23:47:15,829 INFO Saved PPO actor to /Users/iddah/Documents/CS224R/Exploration-Policy/data/ppo-0.5/ppo_iter_1200.pth
2025-05-24 23:47:27,808 INFO PPO Iter: 1210	Total Steps: 2478080	Avg Reward (Batch): 143.47	Avg Reward (Roll100): 97.61	Actor Loss: -0.0012	Critic Loss: 38382.7224	Entropy: 1.0343
2025-05-24 23:47:44,424 INFO PPO Iter: 1220	Total Steps: 2498560	Avg Reward (Batch): 25.54	Avg Reward (Roll100): 76.63	Actor Loss: -0.0003	Critic Loss: 17424.8704	Entropy: 1.0607
2025-05-24 23:47:58,257 INFO PPO Iter: 1230	Total Steps: 2519040	Avg Reward (Batch): 97.60	Avg Reward (Roll100): 45.12	Actor Loss: -0.0007	Critic Loss: 29976.0448	Entropy: 1.0426
2025-05-24 23:48:11,854 INFO PPO Iter: 1240	Total Steps: 2539520	Avg Reward (Batch): 143.47	Avg Reward (Roll100): 129.59	Actor Loss: 0.0003	Critic Loss: 38386.9929	Entropy: 1.0261
2025-05-24 23:48:26,893 INFO PPO Iter: 1250	Total Steps: 2560000	Avg Reward (Batch): 74.12	Avg Reward (Roll100): 98.09	Actor Loss: -0.0003	Critic Loss: 25789.6127	Entropy: 1.0389
2025-05-24 23:48:26,896 INFO Saved PPO actor to /Users/iddah/Documents/CS224R/Exploration-Policy/data/ppo-0.5/ppo_iter_1250.pth
2025-05-24 23:48:47,407 INFO PPO Iter: 1260	Total Steps: 2580480	Avg Reward (Batch): 156.47	Avg Reward (Roll100): 87.14	Actor Loss: -0.0004	Critic Loss: 42613.2838	Entropy: 1.0206
2025-05-24 23:49:04,146 INFO PPO Iter: 1270	Total Steps: 2600960	Avg Reward (Batch): 29.81	Avg Reward (Roll100): 76.61	Actor Loss: -0.0010	Critic Loss: 17401.6838	Entropy: 1.0643
2025-05-24 23:49:16,386 INFO PPO Iter: 1280	Total Steps: 2621440	Avg Reward (Batch): 85.74	Avg Reward (Roll100): 44.65	Actor Loss: -0.0003	Critic Loss: 30021.7265	Entropy: 1.0491
2025-05-24 23:49:29,452 INFO PPO Iter: 1290	Total Steps: 2641920	Avg Reward (Batch): 69.43	Avg Reward (Roll100): 87.12	Actor Loss: -0.0003	Critic Loss: 25807.8003	Entropy: 1.0507
2025-05-24 23:49:43,454 INFO PPO Iter: 1300	Total Steps: 2662400	Avg Reward (Batch): 189.32	Avg Reward (Roll100): 140.09	Actor Loss: -0.0004	Critic Loss: 42535.8025	Entropy: 1.0241
2025-05-24 23:49:43,458 INFO Saved PPO actor to /Users/iddah/Documents/CS224R/Exploration-Policy/data/ppo-0.5/ppo_iter_1300.pth
2025-05-24 23:49:56,796 INFO PPO Iter: 1310	Total Steps: 2682880	Avg Reward (Batch): 137.33	Avg Reward (Roll100): 87.12	Actor Loss: -0.0003	Critic Loss: 34141.3589	Entropy: 1.0365
2025-05-24 23:50:07,644 INFO PPO Iter: 1320	Total Steps: 2703360	Avg Reward (Batch): 69.43	Avg Reward (Roll100): 97.61	Actor Loss: -0.0004	Critic Loss: 25797.7569	Entropy: 1.0439
2025-05-24 23:50:18,477 INFO PPO Iter: 1330	Total Steps: 2723840	Avg Reward (Batch): 122.04	Avg Reward (Roll100): 87.10	Actor Loss: -0.0003	Critic Loss: 34162.5835	Entropy: 1.0363
2025-05-24 23:50:30,439 INFO PPO Iter: 1340	Total Steps: 2744320	Avg Reward (Batch): 7.82	Avg Reward (Roll100): 55.62	Actor Loss: -0.0004	Critic Loss: 13205.7209	Entropy: 1.0620
2025-05-24 23:50:41,724 INFO PPO Iter: 1350	Total Steps: 2764800	Avg Reward (Batch): 47.78	Avg Reward (Roll100): 76.62	Actor Loss: -0.0009	Critic Loss: 21616.4995	Entropy: 1.0516
2025-05-24 23:50:41,728 INFO Saved PPO actor to /Users/iddah/Documents/CS224R/Exploration-Policy/data/ppo-0.5/ppo_iter_1350.pth
2025-05-24 23:50:52,506 INFO PPO Iter: 1360	Total Steps: 2785280	Avg Reward (Batch): 135.88	Avg Reward (Roll100): 108.60	Actor Loss: -0.0002	Critic Loss: 38382.1789	Entropy: 1.0316
2025-05-24 23:51:03,359 INFO PPO Iter: 1370	Total Steps: 2805760	Avg Reward (Batch): 122.04	Avg Reward (Roll100): 76.62	Actor Loss: -0.0012	Critic Loss: 34168.0887	Entropy: 1.0403
2025-05-24 23:51:16,128 INFO PPO Iter: 1380	Total Steps: 2826240	Avg Reward (Batch): 84.18	Avg Reward (Roll100): 87.12	Actor Loss: -0.0003	Critic Loss: 30035.3399	Entropy: 1.0383
2025-05-24 23:51:29,024 INFO PPO Iter: 1390	Total Steps: 2846720	Avg Reward (Batch): 84.18	Avg Reward (Roll100): 55.65	Actor Loss: -0.0001	Critic Loss: 30015.9776	Entropy: 1.0466
2025-05-24 23:51:42,225 INFO PPO Iter: 1400	Total Steps: 2867200	Avg Reward (Batch): 47.78	Avg Reward (Roll100): 55.63	Actor Loss: -0.0006	Critic Loss: 21626.1649	Entropy: 1.0551
2025-05-24 23:51:42,229 INFO Saved PPO actor to /Users/iddah/Documents/CS224R/Exploration-Policy/data/ppo-0.5/ppo_iter_1400.pth
2025-05-24 23:51:53,625 INFO PPO Iter: 1410	Total Steps: 2887680	Avg Reward (Batch): 63.04	Avg Reward (Roll100): 55.65	Actor Loss: -0.0004	Critic Loss: 25833.3961	Entropy: 1.0523
2025-05-24 23:52:04,527 INFO PPO Iter: 1420	Total Steps: 2908160	Avg Reward (Batch): 151.70	Avg Reward (Roll100): 129.57	Actor Loss: -0.0003	Critic Loss: 38352.9695	Entropy: 1.0231
2025-05-24 23:52:15,990 INFO PPO Iter: 1430	Total Steps: 2928640	Avg Reward (Batch): 61.05	Avg Reward (Roll100): 76.63	Actor Loss: -0.0004	Critic Loss: 25839.4682	Entropy: 1.0457
2025-05-24 23:52:26,770 INFO PPO Iter: 1440	Total Steps: 2949120	Avg Reward (Batch): 19.35	Avg Reward (Roll100): 34.66	Actor Loss: -0.0004	Critic Loss: 17470.5834	Entropy: 1.0557
2025-05-24 23:52:36,291 INFO PPO Iter: 1450	Total Steps: 2969600	Avg Reward (Batch): -10.55	Avg Reward (Roll100): 55.12	Actor Loss: -0.0004	Critic Loss: 9001.5041	Entropy: 1.0716
2025-05-24 23:52:36,293 INFO Saved PPO actor to /Users/iddah/Documents/CS224R/Exploration-Policy/data/ppo-0.5/ppo_iter_1450.pth
2025-05-24 23:52:44,094 INFO PPO Iter: 1460	Total Steps: 2990080	Avg Reward (Batch): 118.60	Avg Reward (Roll100): 97.62	Actor Loss: -0.0008	Critic Loss: 34168.8470	Entropy: 1.0354
2025-05-24 23:52:52,745 INFO PPO Iter: 1470	Total Steps: 3010560	Avg Reward (Batch): 119.29	Avg Reward (Roll100): 87.15	Actor Loss: -0.0001	Critic Loss: 38437.7450	Entropy: 1.0282
2025-05-24 23:53:00,565 INFO PPO Iter: 1480	Total Steps: 3031040	Avg Reward (Batch): 100.61	Avg Reward (Roll100): 55.61	Actor Loss: -0.0005	Critic Loss: 29962.7865	Entropy: 1.0362
2025-05-24 23:53:08,919 INFO PPO Iter: 1490	Total Steps: 3051520	Avg Reward (Batch): 94.71	Avg Reward (Roll100): 150.59	Actor Loss: -0.0003	Critic Loss: 29978.5236	Entropy: 1.0497
2025-05-24 23:53:17,378 INFO PPO Iter: 1500	Total Steps: 3072000	Avg Reward (Batch): 67.22	Avg Reward (Roll100): 87.13	Actor Loss: -0.0006	Critic Loss: 25809.1190	Entropy: 1.0484
2025-05-24 23:53:17,381 INFO Saved PPO actor to /Users/iddah/Documents/CS224R/Exploration-Policy/data/ppo-0.5/ppo_iter_1500.pth
2025-05-24 23:53:17,381 INFO --- PPO Fine-tuning Complete ---
2025-05-24 23:53:17,381 INFO Final PPO-tuned actor saved to /Users/iddah/Documents/CS224R/Exploration-Policy/data/ppo-0.5/ppo_final.pth
2025-05-24 23:53:19,646 INFO --- Visualizing Trajectory with: Final PPO-Tuned Policy (Deterministic) ---
2025-05-24 23:53:21,409 INFO Visualization: Trajectory length 11, Final state: (18, 21), Total Reward: -50.10
2025-05-24 23:53:21,410 INFO --- PPO Script Finished ---
