2025-05-24 20:41:30,629 INFO Using device: cpu
2025-05-24 20:41:30,632 INFO Attempting to load IL-trained actor from: /Users/iddah/Documents/CS224R/Exploration-Policy/saved_models_exp/policy_il_trained.pth
2025-05-24 20:41:30,634 INFO Successfully loaded pre-trained IL actor.
2025-05-24 20:41:31,226 INFO --- Starting PPO Fine-tuning ---
2025-05-24 20:41:36,202 INFO PPO Iter: 10	Total Steps: 20480	Avg Reward (Batch): 631.89	Avg Reward (Roll100): 685.94	Actor Loss: -0.0005	Critic Loss: 101385.9397	Entropy: 0.6394
2025-05-24 20:41:40,771 INFO PPO Iter: 20	Total Steps: 40960	Avg Reward (Batch): 778.18	Avg Reward (Roll100): 812.39	Actor Loss: -0.0008	Critic Loss: 109715.6655	Entropy: 0.6223
2025-05-24 20:41:45,174 INFO PPO Iter: 30	Total Steps: 61440	Avg Reward (Batch): 880.85	Avg Reward (Roll100): 853.92	Actor Loss: -0.0003	Critic Loss: 130741.9130	Entropy: 0.5780
2025-05-24 20:41:49,600 INFO PPO Iter: 40	Total Steps: 81920	Avg Reward (Batch): 825.83	Avg Reward (Roll100): 895.93	Actor Loss: -0.0003	Critic Loss: 126557.2773	Entropy: 0.5544
2025-05-24 20:41:54,219 INFO PPO Iter: 50	Total Steps: 102400	Avg Reward (Batch): 855.00	Avg Reward (Roll100): 832.97	Actor Loss: -0.0005	Critic Loss: 130737.7166	Entropy: 0.5764
2025-05-24 20:41:54,221 INFO Saved PPO actor to /Users/iddah/Documents/CS224R/Exploration-Policy/data/ppo-0.01-rerun/ppo_iter_50.pth
2025-05-24 20:41:58,747 INFO PPO Iter: 60	Total Steps: 122880	Avg Reward (Batch): 830.54	Avg Reward (Roll100): 864.46	Actor Loss: -0.0004	Critic Loss: 130815.0906	Entropy: 0.5633
2025-05-24 20:42:03,301 INFO PPO Iter: 70	Total Steps: 143360	Avg Reward (Batch): 910.85	Avg Reward (Roll100): 864.46	Actor Loss: -0.0005	Critic Loss: 134965.8773	Entropy: 0.5313
2025-05-24 20:42:07,796 INFO PPO Iter: 80	Total Steps: 163840	Avg Reward (Batch): 830.54	Avg Reward (Roll100): 832.98	Actor Loss: -0.0004	Critic Loss: 130763.6270	Entropy: 0.5409
2025-05-24 20:42:12,292 INFO PPO Iter: 90	Total Steps: 184320	Avg Reward (Batch): 910.85	Avg Reward (Roll100): 832.97	Actor Loss: -0.0004	Critic Loss: 135077.3703	Entropy: 0.5456
2025-05-24 20:42:16,745 INFO PPO Iter: 100	Total Steps: 204800	Avg Reward (Batch): 942.50	Avg Reward (Roll100): 895.96	Actor Loss: -0.0001	Critic Loss: 143445.4582	Entropy: 0.5274
2025-05-24 20:42:16,746 INFO Saved PPO actor to /Users/iddah/Documents/CS224R/Exploration-Policy/data/ppo-0.01-rerun/ppo_iter_100.pth
2025-05-24 20:42:21,227 INFO PPO Iter: 110	Total Steps: 225280	Avg Reward (Batch): 790.75	Avg Reward (Roll100): 864.47	Actor Loss: -0.0007	Critic Loss: 135086.4730	Entropy: 0.5508
2025-05-24 20:42:25,756 INFO PPO Iter: 120	Total Steps: 245760	Avg Reward (Batch): 890.26	Avg Reward (Roll100): 853.98	Actor Loss: -0.0002	Critic Loss: 143441.6443	Entropy: 0.5367
2025-05-24 20:42:30,237 INFO PPO Iter: 130	Total Steps: 266240	Avg Reward (Batch): 917.89	Avg Reward (Roll100): 874.99	Actor Loss: -0.0003	Critic Loss: 147651.4793	Entropy: 0.5190
2025-05-24 20:42:34,655 INFO PPO Iter: 140	Total Steps: 286720	Avg Reward (Batch): 944.05	Avg Reward (Roll100): 927.47	Actor Loss: -0.0009	Critic Loss: 147647.1728	Entropy: 0.5287
2025-05-24 20:42:39,103 INFO PPO Iter: 150	Total Steps: 307200	Avg Reward (Batch): 915.67	Avg Reward (Roll100): 927.46	Actor Loss: -0.0005	Critic Loss: 143438.9938	Entropy: 0.5315
2025-05-24 20:42:39,105 INFO Saved PPO actor to /Users/iddah/Documents/CS224R/Exploration-Policy/data/ppo-0.01-rerun/ppo_iter_150.pth
2025-05-24 20:42:43,611 INFO PPO Iter: 160	Total Steps: 327680	Avg Reward (Batch): 944.05	Avg Reward (Roll100): 895.97	Actor Loss: -0.0009	Critic Loss: 147621.2930	Entropy: 0.5056
2025-05-24 20:42:48,050 INFO PPO Iter: 170	Total Steps: 348160	Avg Reward (Batch): 944.05	Avg Reward (Roll100): 937.96	Actor Loss: -0.0002	Critic Loss: 147634.6248	Entropy: 0.5130
2025-05-24 20:42:52,700 INFO PPO Iter: 180	Total Steps: 368640	Avg Reward (Batch): 915.67	Avg Reward (Roll100): 916.96	Actor Loss: -0.0012	Critic Loss: 143441.7971	Entropy: 0.5117
2025-05-24 20:42:57,069 INFO PPO Iter: 190	Total Steps: 389120	Avg Reward (Batch): 890.26	Avg Reward (Roll100): 833.00	Actor Loss: -0.0006	Critic Loss: 143476.9760	Entropy: 0.5133
2025-05-24 20:43:01,444 INFO PPO Iter: 200	Total Steps: 409600	Avg Reward (Batch): 915.67	Avg Reward (Roll100): 885.47	Actor Loss: -0.0009	Critic Loss: 143446.4140	Entropy: 0.5050
2025-05-24 20:43:01,446 INFO Saved PPO actor to /Users/iddah/Documents/CS224R/Exploration-Policy/data/ppo-0.01-rerun/ppo_iter_200.pth
2025-05-24 20:43:05,881 INFO PPO Iter: 210	Total Steps: 430080	Avg Reward (Batch): 915.67	Avg Reward (Roll100): 906.47	Actor Loss: -0.0003	Critic Loss: 143433.8709	Entropy: 0.5102
2025-05-24 20:43:10,264 INFO PPO Iter: 220	Total Steps: 450560	Avg Reward (Batch): 944.05	Avg Reward (Roll100): 885.48	Actor Loss: -0.0002	Critic Loss: 147660.3374	Entropy: 0.5059
2025-05-24 20:43:14,659 INFO PPO Iter: 230	Total Steps: 471040	Avg Reward (Batch): 893.07	Avg Reward (Roll100): 926.96	Actor Loss: -0.0002	Critic Loss: 147723.7488	Entropy: 0.4879
2025-05-24 20:43:18,993 INFO PPO Iter: 240	Total Steps: 491520	Avg Reward (Batch): 890.26	Avg Reward (Roll100): 864.48	Actor Loss: -0.0004	Critic Loss: 143468.5145	Entropy: 0.4852
2025-05-24 20:43:23,339 INFO PPO Iter: 250	Total Steps: 512000	Avg Reward (Batch): 917.89	Avg Reward (Roll100): 895.98	Actor Loss: -0.0002	Critic Loss: 147658.9393	Entropy: 0.4960
2025-05-24 20:43:23,340 INFO Saved PPO actor to /Users/iddah/Documents/CS224R/Exploration-Policy/data/ppo-0.01-rerun/ppo_iter_250.pth
2025-05-24 20:43:27,755 INFO PPO Iter: 260	Total Steps: 532480	Avg Reward (Batch): 843.25	Avg Reward (Roll100): 822.51	Actor Loss: -0.0006	Critic Loss: 143455.6925	Entropy: 0.4959
2025-05-24 20:43:32,183 INFO PPO Iter: 270	Total Steps: 552960	Avg Reward (Batch): 869.50	Avg Reward (Roll100): 864.49	Actor Loss: -0.0007	Critic Loss: 147689.0799	Entropy: 0.4842
2025-05-24 20:43:36,516 INFO PPO Iter: 280	Total Steps: 573440	Avg Reward (Batch): 893.07	Avg Reward (Roll100): 833.00	Actor Loss: -0.0012	Critic Loss: 147610.3521	Entropy: 0.4944
2025-05-24 20:43:41,814 INFO PPO Iter: 290	Total Steps: 593920	Avg Reward (Batch): 869.50	Avg Reward (Roll100): 853.99	Actor Loss: -0.0003	Critic Loss: 147660.7309	Entropy: 0.5004
2025-05-24 20:43:46,440 INFO PPO Iter: 300	Total Steps: 614400	Avg Reward (Batch): 866.15	Avg Reward (Roll100): 874.99	Actor Loss: -0.0006	Critic Loss: 143484.5110	Entropy: 0.4863
2025-05-24 20:43:46,442 INFO Saved PPO actor to /Users/iddah/Documents/CS224R/Exploration-Policy/data/ppo-0.01-rerun/ppo_iter_300.pth
2025-05-24 20:43:51,135 INFO PPO Iter: 310	Total Steps: 634880	Avg Reward (Batch): 893.07	Avg Reward (Roll100): 833.00	Actor Loss: -0.0006	Critic Loss: 147691.2822	Entropy: 0.4932
2025-05-24 20:43:55,642 INFO PPO Iter: 320	Total Steps: 655360	Avg Reward (Batch): 869.50	Avg Reward (Roll100): 822.50	Actor Loss: -0.0001	Critic Loss: 147709.0839	Entropy: 0.4863
2025-05-24 20:44:00,013 INFO PPO Iter: 330	Total Steps: 675840	Avg Reward (Batch): 869.50	Avg Reward (Roll100): 874.99	Actor Loss: -0.0008	Critic Loss: 147725.1388	Entropy: 0.4896
2025-05-24 20:44:04,415 INFO PPO Iter: 340	Total Steps: 696320	Avg Reward (Batch): 893.07	Avg Reward (Roll100): 864.49	Actor Loss: -0.0002	Critic Loss: 147704.7408	Entropy: 0.4832
2025-05-24 20:44:08,773 INFO PPO Iter: 350	Total Steps: 716800	Avg Reward (Batch): 920.00	Avg Reward (Roll100): 885.49	Actor Loss: -0.0002	Critic Loss: 151852.4964	Entropy: 0.4798
2025-05-24 20:44:08,774 INFO Saved PPO actor to /Users/iddah/Documents/CS224R/Exploration-Policy/data/ppo-0.01-rerun/ppo_iter_350.pth
2025-05-24 20:44:13,183 INFO PPO Iter: 360	Total Steps: 737280	Avg Reward (Batch): 795.85	Avg Reward (Roll100): 833.00	Actor Loss: -0.0005	Critic Loss: 139312.8083	Entropy: 0.5057
2025-05-24 20:44:17,558 INFO PPO Iter: 370	Total Steps: 757760	Avg Reward (Batch): 891.79	Avg Reward (Roll100): 853.50	Actor Loss: -0.0003	Critic Loss: 147664.8146	Entropy: 0.4767
2025-05-24 20:44:21,916 INFO PPO Iter: 380	Total Steps: 778240	Avg Reward (Batch): 869.50	Avg Reward (Roll100): 885.49	Actor Loss: -0.0003	Critic Loss: 147696.2813	Entropy: 0.4797
2025-05-24 20:44:26,252 INFO PPO Iter: 390	Total Steps: 798720	Avg Reward (Batch): 843.25	Avg Reward (Roll100): 854.00	Actor Loss: -0.0002	Critic Loss: 143463.2938	Entropy: 0.4726
2025-05-24 20:44:30,610 INFO PPO Iter: 400	Total Steps: 819200	Avg Reward (Batch): 972.43	Avg Reward (Roll100): 906.48	Actor Loss: -0.0008	Critic Loss: 151867.4895	Entropy: 0.4810
2025-05-24 20:44:30,611 INFO Saved PPO actor to /Users/iddah/Documents/CS224R/Exploration-Policy/data/ppo-0.01-rerun/ppo_iter_400.pth
2025-05-24 20:44:35,084 INFO PPO Iter: 410	Total Steps: 839680	Avg Reward (Batch): 945.52	Avg Reward (Roll100): 916.98	Actor Loss: -0.0002	Critic Loss: 151799.9928	Entropy: 0.4658
2025-05-24 20:44:39,491 INFO PPO Iter: 420	Total Steps: 860160	Avg Reward (Batch): 795.85	Avg Reward (Roll100): 833.00	Actor Loss: -0.0005	Critic Loss: 139267.7880	Entropy: 0.4946
2025-05-24 20:44:43,851 INFO PPO Iter: 430	Total Steps: 880640	Avg Reward (Batch): 920.00	Avg Reward (Roll100): 875.00	Actor Loss: -0.0002	Critic Loss: 151804.8596	Entropy: 0.4600
2025-05-24 20:44:48,220 INFO PPO Iter: 440	Total Steps: 901120	Avg Reward (Batch): 800.71	Avg Reward (Roll100): 843.51	Actor Loss: -0.0010	Critic Loss: 143435.0060	Entropy: 0.4931
2025-05-24 20:44:52,753 INFO PPO Iter: 450	Total Steps: 921600	Avg Reward (Batch): 866.15	Avg Reward (Roll100): 885.48	Actor Loss: -0.0005	Critic Loss: 143417.6649	Entropy: 0.4731
2025-05-24 20:44:52,754 INFO Saved PPO actor to /Users/iddah/Documents/CS224R/Exploration-Policy/data/ppo-0.01-rerun/ppo_iter_450.pth
2025-05-24 20:44:57,147 INFO PPO Iter: 460	Total Steps: 942080	Avg Reward (Batch): 690.45	Avg Reward (Roll100): 717.54	Actor Loss: -0.0007	Critic Loss: 130916.6144	Entropy: 0.5114
2025-05-24 20:45:01,541 INFO PPO Iter: 470	Total Steps: 962560	Avg Reward (Batch): 775.71	Avg Reward (Roll100): 780.52	Actor Loss: -0.0003	Critic Loss: 139293.6118	Entropy: 0.5042
2025-05-24 20:45:05,868 INFO PPO Iter: 480	Total Steps: 983040	Avg Reward (Batch): 917.89	Avg Reward (Roll100): 864.49	Actor Loss: -0.0013	Critic Loss: 147582.8510	Entropy: 0.4823
2025-05-24 20:45:10,203 INFO PPO Iter: 490	Total Steps: 1003520	Avg Reward (Batch): 866.15	Avg Reward (Roll100): 833.00	Actor Loss: -0.0011	Critic Loss: 143444.8788	Entropy: 0.5011
2025-05-24 20:45:14,564 INFO PPO Iter: 500	Total Steps: 1024000	Avg Reward (Batch): 775.71	Avg Reward (Roll100): 791.00	Actor Loss: -0.0005	Critic Loss: 139184.9206	Entropy: 0.5107
2025-05-24 20:45:14,565 INFO Saved PPO actor to /Users/iddah/Documents/CS224R/Exploration-Policy/data/ppo-0.01-rerun/ppo_iter_500.pth
2025-05-24 20:45:18,991 INFO PPO Iter: 510	Total Steps: 1044480	Avg Reward (Batch): 817.00	Avg Reward (Roll100): 801.51	Actor Loss: -0.0013	Critic Loss: 139221.2416	Entropy: 0.5134
2025-05-24 20:45:23,451 INFO PPO Iter: 520	Total Steps: 1064960	Avg Reward (Batch): 942.50	Avg Reward (Roll100): 937.95	Actor Loss: -0.0009	Critic Loss: 143377.3812	Entropy: 0.4832
2025-05-24 20:45:27,797 INFO PPO Iter: 530	Total Steps: 1085440	Avg Reward (Batch): 770.24	Avg Reward (Roll100): 832.99	Actor Loss: -0.0016	Critic Loss: 135065.5456	Entropy: 0.4980
2025-05-24 20:45:32,398 INFO PPO Iter: 540	Total Steps: 1105920	Avg Reward (Batch): 843.25	Avg Reward (Roll100): 832.49	Actor Loss: -0.0005	Critic Loss: 143439.1888	Entropy: 0.4926
2025-05-24 20:45:36,809 INFO PPO Iter: 550	Total Steps: 1126400	Avg Reward (Batch): 858.92	Avg Reward (Roll100): 895.96	Actor Loss: -0.0010	Critic Loss: 135015.6242	Entropy: 0.5090
2025-05-24 20:45:36,811 INFO Saved PPO actor to /Users/iddah/Documents/CS224R/Exploration-Policy/data/ppo-0.01-rerun/ppo_iter_550.pth
2025-05-24 20:45:41,333 INFO PPO Iter: 560	Total Steps: 1146880	Avg Reward (Batch): 817.00	Avg Reward (Roll100): 833.00	Actor Loss: -0.0004	Critic Loss: 139193.7573	Entropy: 0.4877
2025-05-24 20:45:45,678 INFO PPO Iter: 570	Total Steps: 1167360	Avg Reward (Batch): 944.05	Avg Reward (Roll100): 927.47	Actor Loss: -0.0006	Critic Loss: 147618.9120	Entropy: 0.5025
2025-05-24 20:45:50,026 INFO PPO Iter: 580	Total Steps: 1187840	Avg Reward (Batch): 847.07	Avg Reward (Roll100): 885.48	Actor Loss: -0.0006	Critic Loss: 147553.4879	Entropy: 0.4901
2025-05-24 20:45:54,471 INFO PPO Iter: 590	Total Steps: 1208320	Avg Reward (Batch): 916.58	Avg Reward (Roll100): 811.50	Actor Loss: -0.0010	Critic Loss: 147657.5728	Entropy: 0.4844
2025-05-24 20:45:58,823 INFO PPO Iter: 600	Total Steps: 1228800	Avg Reward (Batch): 866.15	Avg Reward (Roll100): 874.98	Actor Loss: -0.0004	Critic Loss: 143435.5273	Entropy: 0.4904
2025-05-24 20:45:58,824 INFO Saved PPO actor to /Users/iddah/Documents/CS224R/Exploration-Policy/data/ppo-0.01-rerun/ppo_iter_600.pth
2025-05-24 20:46:03,225 INFO PPO Iter: 610	Total Steps: 1249280	Avg Reward (Batch): 732.09	Avg Reward (Roll100): 822.50	Actor Loss: -0.0006	Critic Loss: 135103.2288	Entropy: 0.5017
2025-05-24 20:46:07,607 INFO PPO Iter: 620	Total Steps: 1269760	Avg Reward (Batch): 890.26	Avg Reward (Roll100): 864.48	Actor Loss: -0.0006	Critic Loss: 143427.8203	Entropy: 0.4929
2025-05-24 20:46:12,330 INFO PPO Iter: 630	Total Steps: 1290240	Avg Reward (Batch): 920.00	Avg Reward (Roll100): 927.47	Actor Loss: -0.0004	Critic Loss: 151800.3821	Entropy: 0.4667
2025-05-24 20:46:16,827 INFO PPO Iter: 640	Total Steps: 1310720	Avg Reward (Batch): 890.26	Avg Reward (Roll100): 926.96	Actor Loss: -0.0005	Critic Loss: 143433.6488	Entropy: 0.4999
2025-05-24 20:46:21,207 INFO PPO Iter: 650	Total Steps: 1331200	Avg Reward (Batch): 770.24	Avg Reward (Roll100): 822.50	Actor Loss: -0.0003	Critic Loss: 135063.7479	Entropy: 0.5116
2025-05-24 20:46:21,208 INFO Saved PPO actor to /Users/iddah/Documents/CS224R/Exploration-Policy/data/ppo-0.01-rerun/ppo_iter_650.pth
2025-05-24 20:46:25,587 INFO PPO Iter: 660	Total Steps: 1351680	Avg Reward (Batch): 812.31	Avg Reward (Roll100): 885.48	Actor Loss: -0.0014	Critic Loss: 135078.7884	Entropy: 0.5112
2025-05-24 20:46:29,991 INFO PPO Iter: 670	Total Steps: 1372160	Avg Reward (Batch): 843.25	Avg Reward (Roll100): 843.49	Actor Loss: -0.0013	Critic Loss: 143396.1207	Entropy: 0.4866
2025-05-24 20:46:34,372 INFO PPO Iter: 680	Total Steps: 1392640	Avg Reward (Batch): 895.75	Avg Reward (Roll100): 916.98	Actor Loss: -0.0002	Critic Loss: 151780.2244	Entropy: 0.4733
2025-05-24 20:46:38,975 INFO PPO Iter: 690	Total Steps: 1413120	Avg Reward (Batch): 866.15	Avg Reward (Roll100): 885.48	Actor Loss: -0.0007	Critic Loss: 143473.5148	Entropy: 0.4928
2025-05-24 20:46:43,436 INFO PPO Iter: 700	Total Steps: 1433600	Avg Reward (Batch): 866.15	Avg Reward (Roll100): 885.48	Actor Loss: -0.0004	Critic Loss: 143434.5283	Entropy: 0.4877
2025-05-24 20:46:43,437 INFO Saved PPO actor to /Users/iddah/Documents/CS224R/Exploration-Policy/data/ppo-0.01-rerun/ppo_iter_700.pth
2025-05-24 20:46:47,837 INFO PPO Iter: 710	Total Steps: 1454080	Avg Reward (Batch): 866.15	Avg Reward (Roll100): 895.48	Actor Loss: -0.0007	Critic Loss: 143463.0177	Entropy: 0.4885
2025-05-24 20:46:52,300 INFO PPO Iter: 720	Total Steps: 1474560	Avg Reward (Batch): 843.25	Avg Reward (Roll100): 843.50	Actor Loss: -0.0012	Critic Loss: 143430.2089	Entropy: 0.4911
2025-05-24 20:46:56,644 INFO PPO Iter: 730	Total Steps: 1495040	Avg Reward (Batch): 893.07	Avg Reward (Roll100): 895.98	Actor Loss: -0.0004	Critic Loss: 147682.0699	Entropy: 0.4828
2025-05-24 20:47:01,010 INFO PPO Iter: 740	Total Steps: 1515520	Avg Reward (Batch): 821.46	Avg Reward (Roll100): 885.48	Actor Loss: -0.0002	Critic Loss: 143459.4485	Entropy: 0.4824
2025-05-24 20:47:05,534 INFO PPO Iter: 750	Total Steps: 1536000	Avg Reward (Batch): 890.26	Avg Reward (Roll100): 853.98	Actor Loss: -0.0001	Critic Loss: 143446.4793	Entropy: 0.4816
2025-05-24 20:47:05,535 INFO Saved PPO actor to /Users/iddah/Documents/CS224R/Exploration-Policy/data/ppo-0.01-rerun/ppo_iter_750.pth
2025-05-24 20:47:09,903 INFO PPO Iter: 760	Total Steps: 1556480	Avg Reward (Batch): 917.89	Avg Reward (Roll100): 916.97	Actor Loss: -0.0003	Critic Loss: 147638.8146	Entropy: 0.4668
2025-05-24 20:47:14,374 INFO PPO Iter: 770	Total Steps: 1576960	Avg Reward (Batch): 944.05	Avg Reward (Roll100): 895.97	Actor Loss: -0.0005	Critic Loss: 147681.3207	Entropy: 0.4804
2025-05-24 20:47:18,741 INFO PPO Iter: 780	Total Steps: 1597440	Avg Reward (Batch): 917.89	Avg Reward (Roll100): 916.96	Actor Loss: -0.0009	Critic Loss: 147634.1354	Entropy: 0.4749
2025-05-24 20:47:23,083 INFO PPO Iter: 790	Total Steps: 1617920	Avg Reward (Batch): 944.05	Avg Reward (Roll100): 937.96	Actor Loss: -0.0007	Critic Loss: 147699.4222	Entropy: 0.4659
2025-05-24 20:47:27,474 INFO PPO Iter: 800	Total Steps: 1638400	Avg Reward (Batch): 917.89	Avg Reward (Roll100): 916.97	Actor Loss: -0.0005	Critic Loss: 147620.2361	Entropy: 0.4779
2025-05-24 20:47:27,475 INFO Saved PPO actor to /Users/iddah/Documents/CS224R/Exploration-Policy/data/ppo-0.01-rerun/ppo_iter_800.pth
2025-05-24 20:47:31,848 INFO PPO Iter: 810	Total Steps: 1658880	Avg Reward (Batch): 971.66	Avg Reward (Roll100): 927.47	Actor Loss: -0.0011	Critic Loss: 147667.9490	Entropy: 0.4775
2025-05-24 20:47:36,232 INFO PPO Iter: 820	Total Steps: 1679360	Avg Reward (Batch): 893.07	Avg Reward (Roll100): 937.97	Actor Loss: -0.0003	Critic Loss: 147658.5647	Entropy: 0.4750
2025-05-24 20:47:40,607 INFO PPO Iter: 830	Total Steps: 1699840	Avg Reward (Batch): 893.07	Avg Reward (Roll100): 895.98	Actor Loss: -0.0006	Critic Loss: 147664.5576	Entropy: 0.4827
2025-05-24 20:47:44,962 INFO PPO Iter: 840	Total Steps: 1720320	Avg Reward (Batch): 944.05	Avg Reward (Roll100): 885.48	Actor Loss: -0.0004	Critic Loss: 147663.8740	Entropy: 0.4767
2025-05-24 20:47:49,325 INFO PPO Iter: 850	Total Steps: 1740800	Avg Reward (Batch): 893.07	Avg Reward (Roll100): 916.98	Actor Loss: -0.0004	Critic Loss: 147629.1343	Entropy: 0.4741
2025-05-24 20:47:49,327 INFO Saved PPO actor to /Users/iddah/Documents/CS224R/Exploration-Policy/data/ppo-0.01-rerun/ppo_iter_850.pth
2025-05-24 20:47:54,265 INFO PPO Iter: 860	Total Steps: 1761280	Avg Reward (Batch): 944.21	Avg Reward (Roll100): 916.48	Actor Loss: -0.0003	Critic Loss: 151850.6792	Entropy: 0.4768
2025-05-24 20:47:58,944 INFO PPO Iter: 870	Total Steps: 1781760	Avg Reward (Batch): 917.89	Avg Reward (Roll100): 895.98	Actor Loss: -0.0002	Critic Loss: 147695.4460	Entropy: 0.4739
2025-05-24 20:48:03,484 INFO PPO Iter: 880	Total Steps: 1802240	Avg Reward (Batch): 843.25	Avg Reward (Roll100): 885.47	Actor Loss: -0.0004	Critic Loss: 143485.3561	Entropy: 0.4832
2025-05-24 20:48:07,942 INFO PPO Iter: 890	Total Steps: 1822720	Avg Reward (Batch): 945.52	Avg Reward (Roll100): 874.99	Actor Loss: -0.0008	Critic Loss: 151828.3070	Entropy: 0.4771
2025-05-24 20:48:12,398 INFO PPO Iter: 900	Total Steps: 1843200	Avg Reward (Batch): 817.00	Avg Reward (Roll100): 885.48	Actor Loss: -0.0016	Critic Loss: 139234.8739	Entropy: 0.5113
2025-05-24 20:48:12,400 INFO Saved PPO actor to /Users/iddah/Documents/CS224R/Exploration-Policy/data/ppo-0.01-rerun/ppo_iter_900.pth
2025-05-24 20:48:16,948 INFO PPO Iter: 910	Total Steps: 1863680	Avg Reward (Batch): 944.05	Avg Reward (Roll100): 906.48	Actor Loss: -0.0004	Critic Loss: 147646.7193	Entropy: 0.4998
2025-05-24 20:48:21,454 INFO PPO Iter: 920	Total Steps: 1884160	Avg Reward (Batch): 821.46	Avg Reward (Roll100): 822.50	Actor Loss: -0.0007	Critic Loss: 143483.5984	Entropy: 0.4902
2025-05-24 20:48:25,868 INFO PPO Iter: 930	Total Steps: 1904640	Avg Reward (Batch): 944.05	Avg Reward (Roll100): 895.98	Actor Loss: -0.0009	Critic Loss: 147660.9691	Entropy: 0.4909
2025-05-24 20:48:30,306 INFO PPO Iter: 940	Total Steps: 1925120	Avg Reward (Batch): 917.89	Avg Reward (Roll100): 906.48	Actor Loss: -0.0010	Critic Loss: 147659.0620	Entropy: 0.4755
2025-05-24 20:48:34,758 INFO PPO Iter: 950	Total Steps: 1945600	Avg Reward (Batch): 944.05	Avg Reward (Roll100): 948.46	Actor Loss: -0.0007	Critic Loss: 147673.4362	Entropy: 0.4770
2025-05-24 20:48:34,759 INFO Saved PPO actor to /Users/iddah/Documents/CS224R/Exploration-Policy/data/ppo-0.01-rerun/ppo_iter_950.pth
2025-05-24 20:48:39,336 INFO PPO Iter: 960	Total Steps: 1966080	Avg Reward (Batch): 862.63	Avg Reward (Roll100): 895.98	Actor Loss: -0.0007	Critic Loss: 139243.0203	Entropy: 0.4925
2025-05-24 20:48:43,932 INFO PPO Iter: 970	Total Steps: 1986560	Avg Reward (Batch): 893.07	Avg Reward (Roll100): 916.96	Actor Loss: -0.0005	Critic Loss: 147667.0665	Entropy: 0.4742
2025-05-24 20:48:48,405 INFO PPO Iter: 980	Total Steps: 2007040	Avg Reward (Batch): 917.89	Avg Reward (Roll100): 843.49	Actor Loss: 0.0000	Critic Loss: 147648.4567	Entropy: 0.4715
2025-05-24 20:48:53,097 INFO PPO Iter: 990	Total Steps: 2027520	Avg Reward (Batch): 843.25	Avg Reward (Roll100): 843.49	Actor Loss: -0.0002	Critic Loss: 143478.2321	Entropy: 0.4805
2025-05-24 20:48:57,611 INFO PPO Iter: 1000	Total Steps: 2048000	Avg Reward (Batch): 839.23	Avg Reward (Roll100): 864.48	Actor Loss: -0.0007	Critic Loss: 139262.9863	Entropy: 0.5056
2025-05-24 20:48:57,613 INFO Saved PPO actor to /Users/iddah/Documents/CS224R/Exploration-Policy/data/ppo-0.01-rerun/ppo_iter_1000.pth
2025-05-24 20:49:02,146 INFO PPO Iter: 1010	Total Steps: 2068480	Avg Reward (Batch): 893.07	Avg Reward (Roll100): 885.48	Actor Loss: -0.0006	Critic Loss: 147703.6201	Entropy: 0.4813
2025-05-24 20:49:06,646 INFO PPO Iter: 1020	Total Steps: 2088960	Avg Reward (Batch): 890.26	Avg Reward (Roll100): 895.97	Actor Loss: -0.0009	Critic Loss: 143463.4179	Entropy: 0.4865
2025-05-24 20:49:11,122 INFO PPO Iter: 1030	Total Steps: 2109440	Avg Reward (Batch): 945.52	Avg Reward (Roll100): 895.98	Actor Loss: -0.0023	Critic Loss: 151850.6095	Entropy: 0.4922
2025-05-24 20:49:15,686 INFO PPO Iter: 1040	Total Steps: 2129920	Avg Reward (Batch): 944.05	Avg Reward (Roll100): 937.96	Actor Loss: -0.0006	Critic Loss: 147653.9518	Entropy: 0.4855
2025-05-24 20:49:20,172 INFO PPO Iter: 1050	Total Steps: 2150400	Avg Reward (Batch): 973.15	Avg Reward (Roll100): 948.47	Actor Loss: -0.0002	Critic Loss: 155987.3148	Entropy: 0.4765
2025-05-24 20:49:20,173 INFO Saved PPO actor to /Users/iddah/Documents/CS224R/Exploration-Policy/data/ppo-0.01-rerun/ppo_iter_1050.pth
2025-05-24 20:49:24,609 INFO PPO Iter: 1060	Total Steps: 2170880	Avg Reward (Batch): 866.15	Avg Reward (Roll100): 895.97	Actor Loss: -0.0006	Critic Loss: 143409.3059	Entropy: 0.4974
2025-05-24 20:49:28,929 INFO PPO Iter: 1070	Total Steps: 2191360	Avg Reward (Batch): 866.15	Avg Reward (Roll100): 885.48	Actor Loss: -0.0000	Critic Loss: 143433.1573	Entropy: 0.4912
2025-05-24 20:49:33,423 INFO PPO Iter: 1080	Total Steps: 2211840	Avg Reward (Batch): 893.07	Avg Reward (Roll100): 885.49	Actor Loss: -0.0021	Critic Loss: 147618.6782	Entropy: 0.4985
2025-05-24 20:49:37,764 INFO PPO Iter: 1090	Total Steps: 2232320	Avg Reward (Batch): 890.26	Avg Reward (Roll100): 906.47	Actor Loss: -0.0002	Critic Loss: 143453.6120	Entropy: 0.4782
2025-05-24 20:49:42,120 INFO PPO Iter: 1100	Total Steps: 2252800	Avg Reward (Batch): 866.15	Avg Reward (Roll100): 874.99	Actor Loss: -0.0004	Critic Loss: 143437.9668	Entropy: 0.4801
2025-05-24 20:49:42,120 INFO Saved PPO actor to /Users/iddah/Documents/CS224R/Exploration-Policy/data/ppo-0.01-rerun/ppo_iter_1100.pth
2025-05-24 20:49:46,519 INFO PPO Iter: 1110	Total Steps: 2273280	Avg Reward (Batch): 944.05	Avg Reward (Roll100): 864.47	Actor Loss: -0.0005	Critic Loss: 147609.4394	Entropy: 0.4797
2025-05-24 20:49:51,005 INFO PPO Iter: 1120	Total Steps: 2293760	Avg Reward (Batch): 839.23	Avg Reward (Roll100): 853.48	Actor Loss: -0.0005	Critic Loss: 139291.6871	Entropy: 0.4981
2025-05-24 20:49:55,450 INFO PPO Iter: 1130	Total Steps: 2314240	Avg Reward (Batch): 944.05	Avg Reward (Roll100): 906.47	Actor Loss: -0.0001	Critic Loss: 147664.5588	Entropy: 0.4936
2025-05-24 20:49:59,767 INFO PPO Iter: 1140	Total Steps: 2334720	Avg Reward (Batch): 917.89	Avg Reward (Roll100): 916.97	Actor Loss: -0.0007	Critic Loss: 147644.4773	Entropy: 0.4894
2025-05-24 20:50:04,109 INFO PPO Iter: 1150	Total Steps: 2355200	Avg Reward (Batch): 893.07	Avg Reward (Roll100): 916.98	Actor Loss: -0.0003	Critic Loss: 147647.3977	Entropy: 0.4920
2025-05-24 20:50:04,110 INFO Saved PPO actor to /Users/iddah/Documents/CS224R/Exploration-Policy/data/ppo-0.01-rerun/ppo_iter_1150.pth
2025-05-24 20:50:08,436 INFO PPO Iter: 1160	Total Steps: 2375680	Avg Reward (Batch): 866.15	Avg Reward (Roll100): 885.48	Actor Loss: -0.0003	Critic Loss: 143397.3909	Entropy: 0.5136
2025-05-24 20:50:12,781 INFO PPO Iter: 1170	Total Steps: 2396160	Avg Reward (Batch): 915.67	Avg Reward (Roll100): 906.47	Actor Loss: -0.0008	Critic Loss: 143410.0566	Entropy: 0.5114
2025-05-24 20:50:17,154 INFO PPO Iter: 1180	Total Steps: 2416640	Avg Reward (Batch): 893.07	Avg Reward (Roll100): 885.48	Actor Loss: -0.0003	Critic Loss: 147630.6505	Entropy: 0.4964
2025-05-24 20:50:21,559 INFO PPO Iter: 1190	Total Steps: 2437120	Avg Reward (Batch): 999.44	Avg Reward (Roll100): 895.47	Actor Loss: -0.0009	Critic Loss: 151815.2816	Entropy: 0.4918
2025-05-24 20:50:26,039 INFO PPO Iter: 1200	Total Steps: 2457600	Avg Reward (Batch): 944.05	Avg Reward (Roll100): 864.49	Actor Loss: -0.0004	Critic Loss: 147646.4088	Entropy: 0.4952
2025-05-24 20:50:26,041 INFO Saved PPO actor to /Users/iddah/Documents/CS224R/Exploration-Policy/data/ppo-0.01-rerun/ppo_iter_1200.pth
2025-05-24 20:50:30,661 INFO PPO Iter: 1210	Total Steps: 2478080	Avg Reward (Batch): 893.07	Avg Reward (Roll100): 916.97	Actor Loss: -0.0003	Critic Loss: 147634.6112	Entropy: 0.4962
2025-05-24 20:50:35,199 INFO PPO Iter: 1220	Total Steps: 2498560	Avg Reward (Batch): 893.07	Avg Reward (Roll100): 885.49	Actor Loss: -0.0001	Critic Loss: 147646.3074	Entropy: 0.4716
2025-05-24 20:50:39,546 INFO PPO Iter: 1230	Total Steps: 2519040	Avg Reward (Batch): 893.07	Avg Reward (Roll100): 885.48	Actor Loss: -0.0010	Critic Loss: 147628.2467	Entropy: 0.4871
2025-05-24 20:50:43,665 INFO PPO Iter: 1240	Total Steps: 2539520	Avg Reward (Batch): 916.58	Avg Reward (Roll100): 874.48	Actor Loss: -0.0005	Critic Loss: 147639.9450	Entropy: 0.4794
2025-05-24 20:50:47,779 INFO PPO Iter: 1250	Total Steps: 2560000	Avg Reward (Batch): 917.89	Avg Reward (Roll100): 927.47	Actor Loss: -0.0002	Critic Loss: 147632.4919	Entropy: 0.4764
2025-05-24 20:50:47,781 INFO Saved PPO actor to /Users/iddah/Documents/CS224R/Exploration-Policy/data/ppo-0.01-rerun/ppo_iter_1250.pth
2025-05-24 20:50:51,960 INFO PPO Iter: 1260	Total Steps: 2580480	Avg Reward (Batch): 920.00	Avg Reward (Roll100): 916.98	Actor Loss: -0.0010	Critic Loss: 151833.2817	Entropy: 0.4715
2025-05-24 20:50:56,093 INFO PPO Iter: 1270	Total Steps: 2600960	Avg Reward (Batch): 890.26	Avg Reward (Roll100): 853.99	Actor Loss: -0.0002	Critic Loss: 143451.6507	Entropy: 0.5022
2025-05-24 20:51:00,236 INFO PPO Iter: 1280	Total Steps: 2621440	Avg Reward (Batch): 891.79	Avg Reward (Roll100): 905.98	Actor Loss: -0.0008	Critic Loss: 147619.5643	Entropy: 0.4968
2025-05-24 20:51:04,361 INFO PPO Iter: 1290	Total Steps: 2641920	Avg Reward (Batch): 890.26	Avg Reward (Roll100): 916.96	Actor Loss: -0.0008	Critic Loss: 143428.9000	Entropy: 0.5187
2025-05-24 20:51:08,479 INFO PPO Iter: 1300	Total Steps: 2662400	Avg Reward (Batch): 917.89	Avg Reward (Roll100): 948.46	Actor Loss: -0.0004	Critic Loss: 147623.2742	Entropy: 0.4862
2025-05-24 20:51:08,481 INFO Saved PPO actor to /Users/iddah/Documents/CS224R/Exploration-Policy/data/ppo-0.01-rerun/ppo_iter_1300.pth
2025-05-24 20:51:12,681 INFO PPO Iter: 1310	Total Steps: 2682880	Avg Reward (Batch): 817.00	Avg Reward (Roll100): 874.98	Actor Loss: -0.0004	Critic Loss: 139179.2336	Entropy: 0.5476
2025-05-24 20:51:16,838 INFO PPO Iter: 1320	Total Steps: 2703360	Avg Reward (Batch): 917.89	Avg Reward (Roll100): 885.48	Actor Loss: -0.0008	Critic Loss: 147587.2371	Entropy: 0.5132
2025-05-24 20:51:20,958 INFO PPO Iter: 1330	Total Steps: 2723840	Avg Reward (Batch): 971.66	Avg Reward (Roll100): 937.96	Actor Loss: -0.0003	Critic Loss: 147648.7927	Entropy: 0.4986
2025-05-24 20:51:25,078 INFO PPO Iter: 1340	Total Steps: 2744320	Avg Reward (Batch): 915.67	Avg Reward (Roll100): 843.48	Actor Loss: -0.0001	Critic Loss: 143472.7285	Entropy: 0.4949
2025-05-24 20:51:29,187 INFO PPO Iter: 1350	Total Steps: 2764800	Avg Reward (Batch): 817.00	Avg Reward (Roll100): 822.50	Actor Loss: -0.0003	Critic Loss: 139226.6218	Entropy: 0.5076
2025-05-24 20:51:29,189 INFO Saved PPO actor to /Users/iddah/Documents/CS224R/Exploration-Policy/data/ppo-0.01-rerun/ppo_iter_1350.pth
2025-05-24 20:51:33,307 INFO PPO Iter: 1360	Total Steps: 2785280	Avg Reward (Batch): 890.26	Avg Reward (Roll100): 906.46	Actor Loss: -0.0014	Critic Loss: 143452.4361	Entropy: 0.4973
2025-05-24 20:51:37,448 INFO PPO Iter: 1370	Total Steps: 2805760	Avg Reward (Batch): 775.71	Avg Reward (Roll100): 822.51	Actor Loss: -0.0009	Critic Loss: 139233.9899	Entropy: 0.5004
2025-05-24 20:51:41,570 INFO PPO Iter: 1380	Total Steps: 2826240	Avg Reward (Batch): 842.00	Avg Reward (Roll100): 853.49	Actor Loss: -0.0004	Critic Loss: 143395.4103	Entropy: 0.5267
2025-05-24 20:51:45,675 INFO PPO Iter: 1390	Total Steps: 2846720	Avg Reward (Batch): 866.15	Avg Reward (Roll100): 916.97	Actor Loss: -0.0008	Critic Loss: 143423.0382	Entropy: 0.5165
2025-05-24 20:51:49,772 INFO PPO Iter: 1400	Total Steps: 2867200	Avg Reward (Batch): 944.05	Avg Reward (Roll100): 885.48	Actor Loss: -0.0002	Critic Loss: 147595.4044	Entropy: 0.4923
2025-05-24 20:51:49,774 INFO Saved PPO actor to /Users/iddah/Documents/CS224R/Exploration-Policy/data/ppo-0.01-rerun/ppo_iter_1400.pth
2025-05-24 20:51:53,984 INFO PPO Iter: 1410	Total Steps: 2887680	Avg Reward (Batch): 945.52	Avg Reward (Roll100): 937.97	Actor Loss: -0.0007	Critic Loss: 151792.5182	Entropy: 0.4880
2025-05-24 20:51:58,255 INFO PPO Iter: 1420	Total Steps: 2908160	Avg Reward (Batch): 944.05	Avg Reward (Roll100): 874.97	Actor Loss: -0.0003	Critic Loss: 147640.4549	Entropy: 0.4973
2025-05-24 20:52:02,382 INFO PPO Iter: 1430	Total Steps: 2928640	Avg Reward (Batch): 750.71	Avg Reward (Roll100): 832.99	Actor Loss: -0.0007	Critic Loss: 135034.8665	Entropy: 0.5277
2025-05-24 20:52:06,513 INFO PPO Iter: 1440	Total Steps: 2949120	Avg Reward (Batch): 917.89	Avg Reward (Roll100): 874.98	Actor Loss: -0.0008	Critic Loss: 147628.7025	Entropy: 0.5011
2025-05-24 20:52:10,631 INFO PPO Iter: 1450	Total Steps: 2969600	Avg Reward (Batch): 944.05	Avg Reward (Roll100): 927.46	Actor Loss: -0.0003	Critic Loss: 147585.4671	Entropy: 0.5478
2025-05-24 20:52:10,632 INFO Saved PPO actor to /Users/iddah/Documents/CS224R/Exploration-Policy/data/ppo-0.01-rerun/ppo_iter_1450.pth
2025-05-24 20:52:14,768 INFO PPO Iter: 1460	Total Steps: 2990080	Avg Reward (Batch): 866.15	Avg Reward (Roll100): 864.49	Actor Loss: -0.0002	Critic Loss: 143465.8959	Entropy: 0.5361
2025-05-24 20:52:18,898 INFO PPO Iter: 1470	Total Steps: 3010560	Avg Reward (Batch): 944.05	Avg Reward (Roll100): 895.97	Actor Loss: -0.0006	Critic Loss: 147546.4154	Entropy: 0.5131
2025-05-24 20:52:23,036 INFO PPO Iter: 1480	Total Steps: 3031040	Avg Reward (Batch): 890.26	Avg Reward (Roll100): 916.95	Actor Loss: -0.0002	Critic Loss: 143399.5884	Entropy: 0.5219
2025-05-24 20:52:27,173 INFO PPO Iter: 1490	Total Steps: 3051520	Avg Reward (Batch): 812.31	Avg Reward (Roll100): 843.49	Actor Loss: -0.0005	Critic Loss: 135046.2957	Entropy: 0.5350
2025-05-24 20:52:31,321 INFO PPO Iter: 1500	Total Steps: 3072000	Avg Reward (Batch): 843.25	Avg Reward (Roll100): 853.98	Actor Loss: -0.0006	Critic Loss: 143406.2570	Entropy: 0.5047
2025-05-24 20:52:31,321 INFO Saved PPO actor to /Users/iddah/Documents/CS224R/Exploration-Policy/data/ppo-0.01-rerun/ppo_iter_1500.pth
2025-05-24 20:52:31,321 INFO --- PPO Fine-tuning Complete ---
2025-05-24 20:52:31,322 INFO Final PPO-tuned actor saved to /Users/iddah/Documents/CS224R/Exploration-Policy/data/ppo-0.01-rerun/ppo_final.pth
