2025-05-24 22:41:02,296 INFO Using device: cpu
2025-05-24 22:41:02,298 INFO Attempting to load IL-trained actor from: /Users/iddah/Documents/CS224R/Exploration-Policy/saved_models_exp/policy_il_trained.pth
2025-05-24 22:41:02,300 INFO Successfully loaded pre-trained IL actor.
2025-05-24 22:41:03,591 INFO --- Starting PPO Fine-tuning ---
2025-05-24 22:41:15,547 INFO PPO Iter: 10	Total Steps: 20480	Avg Reward (Batch): 784.70	Avg Reward (Roll100): 780.42	Actor Loss: -0.0003	Critic Loss: 113979.8272	Entropy: 0.6157
2025-05-24 22:41:26,874 INFO PPO Iter: 20	Total Steps: 40960	Avg Reward (Batch): 840.30	Avg Reward (Roll100): 779.91	Actor Loss: -0.0003	Critic Loss: 118172.0874	Entropy: 0.6150
2025-05-24 22:41:38,364 INFO PPO Iter: 30	Total Steps: 61440	Avg Reward (Batch): 790.85	Avg Reward (Roll100): 727.96	Actor Loss: -0.0004	Critic Loss: 118123.7106	Entropy: 0.6244
2025-05-24 22:41:49,806 INFO PPO Iter: 40	Total Steps: 81920	Avg Reward (Batch): 745.40	Avg Reward (Roll100): 811.94	Actor Loss: -0.0006	Critic Loss: 118062.5970	Entropy: 0.5534
2025-05-24 22:42:02,564 INFO PPO Iter: 50	Total Steps: 102400	Avg Reward (Batch): 905.45	Avg Reward (Roll100): 832.94	Actor Loss: -0.0007	Critic Loss: 126473.1984	Entropy: 0.5732
2025-05-24 22:42:02,568 INFO Saved PPO actor to /Users/iddah/Documents/CS224R/Exploration-Policy/data/ppo-0.0001/ppo_iter_50.pth
2025-05-24 22:42:14,939 INFO PPO Iter: 60	Total Steps: 122880	Avg Reward (Batch): 887.29	Avg Reward (Roll100): 906.45	Actor Loss: -0.0014	Critic Loss: 139176.2326	Entropy: 0.5454
2025-05-24 22:42:27,985 INFO PPO Iter: 70	Total Steps: 143360	Avg Reward (Batch): 913.33	Avg Reward (Roll100): 895.94	Actor Loss: -0.0004	Critic Loss: 139216.1456	Entropy: 0.5417
2025-05-24 22:42:41,600 INFO PPO Iter: 80	Total Steps: 163840	Avg Reward (Batch): 887.29	Avg Reward (Roll100): 874.97	Actor Loss: -0.0007	Critic Loss: 139174.2404	Entropy: 0.5271
2025-05-24 22:42:54,669 INFO PPO Iter: 90	Total Steps: 184320	Avg Reward (Batch): 817.00	Avg Reward (Roll100): 822.50	Actor Loss: -0.0007	Critic Loss: 139283.0377	Entropy: 0.5425
2025-05-24 22:43:07,450 INFO PPO Iter: 100	Total Steps: 204800	Avg Reward (Batch): 917.89	Avg Reward (Roll100): 874.98	Actor Loss: -0.0002	Critic Loss: 147649.3552	Entropy: 0.5154
2025-05-24 22:43:07,453 INFO Saved PPO actor to /Users/iddah/Documents/CS224R/Exploration-Policy/data/ppo-0.0001/ppo_iter_100.pth
2025-05-24 22:43:20,110 INFO PPO Iter: 110	Total Steps: 225280	Avg Reward (Batch): 914.32	Avg Reward (Roll100): 905.96	Actor Loss: -0.0004	Critic Loss: 143437.6350	Entropy: 0.4998
2025-05-24 22:43:32,473 INFO PPO Iter: 120	Total Steps: 245760	Avg Reward (Batch): 839.23	Avg Reward (Roll100): 853.99	Actor Loss: -0.0006	Critic Loss: 139305.6979	Entropy: 0.5226
2025-05-24 22:43:45,395 INFO PPO Iter: 130	Total Steps: 266240	Avg Reward (Batch): 917.89	Avg Reward (Roll100): 874.99	Actor Loss: -0.0002	Critic Loss: 147628.3494	Entropy: 0.4916
2025-05-24 22:43:58,073 INFO PPO Iter: 140	Total Steps: 286720	Avg Reward (Batch): 893.07	Avg Reward (Roll100): 916.97	Actor Loss: -0.0009	Critic Loss: 147680.9027	Entropy: 0.5181
2025-05-24 22:44:10,767 INFO PPO Iter: 150	Total Steps: 307200	Avg Reward (Batch): 945.52	Avg Reward (Roll100): 916.98	Actor Loss: -0.0005	Critic Loss: 151781.4079	Entropy: 0.4719
2025-05-24 22:44:10,771 INFO Saved PPO actor to /Users/iddah/Documents/CS224R/Exploration-Policy/data/ppo-0.0001/ppo_iter_150.pth
2025-05-24 22:44:23,317 INFO PPO Iter: 160	Total Steps: 327680	Avg Reward (Batch): 890.26	Avg Reward (Roll100): 906.48	Actor Loss: -0.0002	Critic Loss: 143488.5540	Entropy: 0.5038
2025-05-24 22:44:36,604 INFO PPO Iter: 170	Total Steps: 348160	Avg Reward (Batch): 800.71	Avg Reward (Roll100): 833.01	Actor Loss: -0.0005	Critic Loss: 143483.1172	Entropy: 0.5043
2025-05-24 22:44:48,761 INFO PPO Iter: 180	Total Steps: 368640	Avg Reward (Batch): 893.07	Avg Reward (Roll100): 833.00	Actor Loss: -0.0013	Critic Loss: 147700.9733	Entropy: 0.4872
2025-05-24 22:45:00,170 INFO PPO Iter: 190	Total Steps: 389120	Avg Reward (Batch): 893.07	Avg Reward (Roll100): 854.00	Actor Loss: -0.0008	Critic Loss: 147643.1797	Entropy: 0.5023
2025-05-24 22:45:11,055 INFO PPO Iter: 200	Total Steps: 409600	Avg Reward (Batch): 893.07	Avg Reward (Roll100): 864.50	Actor Loss: -0.0004	Critic Loss: 147649.0728	Entropy: 0.5018
2025-05-24 22:45:11,058 INFO Saved PPO actor to /Users/iddah/Documents/CS224R/Exploration-Policy/data/ppo-0.0001/ppo_iter_200.pth
2025-05-24 22:45:22,491 INFO PPO Iter: 210	Total Steps: 430080	Avg Reward (Batch): 944.05	Avg Reward (Roll100): 885.49	Actor Loss: -0.0016	Critic Loss: 147630.8895	Entropy: 0.4809
2025-05-24 22:45:33,718 INFO PPO Iter: 220	Total Steps: 450560	Avg Reward (Batch): 847.07	Avg Reward (Roll100): 822.50	Actor Loss: -0.0000	Critic Loss: 147678.6379	Entropy: 0.4927
2025-05-24 22:45:45,364 INFO PPO Iter: 230	Total Steps: 471040	Avg Reward (Batch): 800.71	Avg Reward (Roll100): 885.50	Actor Loss: -0.0014	Critic Loss: 143488.6689	Entropy: 0.4983
2025-05-24 22:45:56,933 INFO PPO Iter: 240	Total Steps: 491520	Avg Reward (Batch): 893.07	Avg Reward (Roll100): 864.49	Actor Loss: -0.0020	Critic Loss: 147644.2004	Entropy: 0.4831
2025-05-24 22:46:08,315 INFO PPO Iter: 250	Total Steps: 512000	Avg Reward (Batch): 843.25	Avg Reward (Roll100): 885.49	Actor Loss: -0.0004	Critic Loss: 143448.6291	Entropy: 0.4870
2025-05-24 22:46:08,319 INFO Saved PPO actor to /Users/iddah/Documents/CS224R/Exploration-Policy/data/ppo-0.0001/ppo_iter_250.pth
2025-05-24 22:46:20,512 INFO PPO Iter: 260	Total Steps: 532480	Avg Reward (Batch): 890.26	Avg Reward (Roll100): 864.49	Actor Loss: -0.0006	Critic Loss: 143451.4240	Entropy: 0.4834
2025-05-24 22:46:32,761 INFO PPO Iter: 270	Total Steps: 552960	Avg Reward (Batch): 920.00	Avg Reward (Roll100): 948.47	Actor Loss: -0.0005	Critic Loss: 151868.5969	Entropy: 0.4854
2025-05-24 22:46:44,545 INFO PPO Iter: 280	Total Steps: 573440	Avg Reward (Batch): 945.52	Avg Reward (Roll100): 885.49	Actor Loss: -0.0006	Critic Loss: 151861.8469	Entropy: 0.4741
2025-05-24 22:46:55,854 INFO PPO Iter: 290	Total Steps: 593920	Avg Reward (Batch): 866.15	Avg Reward (Roll100): 864.49	Actor Loss: -0.0004	Critic Loss: 143470.5743	Entropy: 0.4689
2025-05-24 22:47:06,807 INFO PPO Iter: 300	Total Steps: 614400	Avg Reward (Batch): 944.05	Avg Reward (Roll100): 937.98	Actor Loss: -0.0002	Critic Loss: 147681.6481	Entropy: 0.4633
2025-05-24 22:47:06,810 INFO Saved PPO actor to /Users/iddah/Documents/CS224R/Exploration-Policy/data/ppo-0.0001/ppo_iter_300.pth
2025-05-24 22:47:18,044 INFO PPO Iter: 310	Total Steps: 634880	Avg Reward (Batch): 944.05	Avg Reward (Roll100): 895.98	Actor Loss: -0.0004	Critic Loss: 147622.2440	Entropy: 0.4847
2025-05-24 22:47:30,803 INFO PPO Iter: 320	Total Steps: 655360	Avg Reward (Batch): 847.07	Avg Reward (Roll100): 885.49	Actor Loss: -0.0001	Critic Loss: 147580.0633	Entropy: 0.4880
2025-05-24 22:47:42,119 INFO PPO Iter: 330	Total Steps: 675840	Avg Reward (Batch): 869.50	Avg Reward (Roll100): 927.48	Actor Loss: -0.0002	Critic Loss: 147703.6001	Entropy: 0.4684
2025-05-24 22:47:51,555 INFO PPO Iter: 340	Total Steps: 696320	Avg Reward (Batch): 944.05	Avg Reward (Roll100): 916.97	Actor Loss: -0.0014	Critic Loss: 147641.6884	Entropy: 0.4913
2025-05-24 22:48:01,969 INFO PPO Iter: 350	Total Steps: 716800	Avg Reward (Batch): 973.15	Avg Reward (Roll100): 927.48	Actor Loss: -0.0012	Critic Loss: 156045.9673	Entropy: 0.4584
2025-05-24 22:48:01,972 INFO Saved PPO actor to /Users/iddah/Documents/CS224R/Exploration-Policy/data/ppo-0.0001/ppo_iter_350.pth
2025-05-24 22:48:11,847 INFO PPO Iter: 360	Total Steps: 737280	Avg Reward (Batch): 945.52	Avg Reward (Roll100): 895.99	Actor Loss: -0.0001	Critic Loss: 151856.1775	Entropy: 0.4594
2025-05-24 22:48:21,735 INFO PPO Iter: 370	Total Steps: 757760	Avg Reward (Batch): 945.52	Avg Reward (Roll100): 916.48	Actor Loss: -0.0004	Critic Loss: 151806.6049	Entropy: 0.4527
2025-05-24 22:48:31,391 INFO PPO Iter: 380	Total Steps: 778240	Avg Reward (Batch): 944.05	Avg Reward (Roll100): 906.48	Actor Loss: -0.0003	Critic Loss: 147671.6968	Entropy: 0.4683
2025-05-24 22:48:41,740 INFO PPO Iter: 390	Total Steps: 798720	Avg Reward (Batch): 971.66	Avg Reward (Roll100): 927.47	Actor Loss: -0.0007	Critic Loss: 147666.7067	Entropy: 0.4653
2025-05-24 22:48:51,441 INFO PPO Iter: 400	Total Steps: 819200	Avg Reward (Batch): 893.07	Avg Reward (Roll100): 895.99	Actor Loss: -0.0006	Critic Loss: 147663.1305	Entropy: 0.4515
2025-05-24 22:48:51,444 INFO Saved PPO actor to /Users/iddah/Documents/CS224R/Exploration-Policy/data/ppo-0.0001/ppo_iter_400.pth
2025-05-24 22:49:01,848 INFO PPO Iter: 410	Total Steps: 839680	Avg Reward (Batch): 920.00	Avg Reward (Roll100): 937.98	Actor Loss: -0.0003	Critic Loss: 151858.0013	Entropy: 0.4488
2025-05-24 22:49:12,091 INFO PPO Iter: 420	Total Steps: 860160	Avg Reward (Batch): 945.52	Avg Reward (Roll100): 916.98	Actor Loss: -0.0002	Critic Loss: 151837.7508	Entropy: 0.4449
2025-05-24 22:49:22,088 INFO PPO Iter: 430	Total Steps: 880640	Avg Reward (Batch): 973.15	Avg Reward (Roll100): 937.98	Actor Loss: -0.0003	Critic Loss: 156019.7097	Entropy: 0.4246
2025-05-24 22:49:31,630 INFO PPO Iter: 440	Total Steps: 901120	Avg Reward (Batch): 920.00	Avg Reward (Roll100): 916.99	Actor Loss: -0.0002	Critic Loss: 151781.7685	Entropy: 0.4652
2025-05-24 22:49:41,475 INFO PPO Iter: 450	Total Steps: 921600	Avg Reward (Batch): 920.00	Avg Reward (Roll100): 864.50	Actor Loss: -0.0005	Critic Loss: 151869.2717	Entropy: 0.4456
2025-05-24 22:49:41,479 INFO Saved PPO actor to /Users/iddah/Documents/CS224R/Exploration-Policy/data/ppo-0.0001/ppo_iter_450.pth
2025-05-24 22:49:50,799 INFO PPO Iter: 460	Total Steps: 942080	Avg Reward (Batch): 920.00	Avg Reward (Roll100): 906.49	Actor Loss: -0.0001	Critic Loss: 151883.6997	Entropy: 0.4343
2025-05-24 22:50:00,464 INFO PPO Iter: 470	Total Steps: 962560	Avg Reward (Batch): 945.52	Avg Reward (Roll100): 937.99	Actor Loss: -0.0017	Critic Loss: 151867.3837	Entropy: 0.4247
2025-05-24 22:50:09,650 INFO PPO Iter: 480	Total Steps: 983040	Avg Reward (Batch): 850.71	Avg Reward (Roll100): 854.02	Actor Loss: -0.0006	Critic Loss: 151842.4746	Entropy: 0.4393
2025-05-24 22:50:19,414 INFO PPO Iter: 490	Total Steps: 1003520	Avg Reward (Batch): 895.75	Avg Reward (Roll100): 896.00	Actor Loss: -0.0002	Critic Loss: 151865.8455	Entropy: 0.4374
2025-05-24 22:50:28,888 INFO PPO Iter: 500	Total Steps: 1024000	Avg Reward (Batch): 971.84	Avg Reward (Roll100): 926.49	Actor Loss: -0.0004	Critic Loss: 156042.5476	Entropy: 0.4341
2025-05-24 22:50:28,891 INFO Saved PPO actor to /Users/iddah/Documents/CS224R/Exploration-Policy/data/ppo-0.0001/ppo_iter_500.pth
2025-05-24 22:50:38,898 INFO PPO Iter: 510	Total Steps: 1044480	Avg Reward (Batch): 946.92	Avg Reward (Roll100): 927.49	Actor Loss: -0.0028	Critic Loss: 156098.7795	Entropy: 0.4282
2025-05-24 22:50:48,854 INFO PPO Iter: 520	Total Steps: 1064960	Avg Reward (Batch): 946.92	Avg Reward (Roll100): 937.99	Actor Loss: -0.0009	Critic Loss: 156069.8455	Entropy: 0.4285
2025-05-24 22:50:59,355 INFO PPO Iter: 530	Total Steps: 1085440	Avg Reward (Batch): 972.43	Avg Reward (Roll100): 937.98	Actor Loss: -0.0002	Critic Loss: 151913.0385	Entropy: 0.4315
2025-05-24 22:51:08,371 INFO PPO Iter: 540	Total Steps: 1105920	Avg Reward (Batch): 973.84	Avg Reward (Roll100): 958.99	Actor Loss: -0.0005	Critic Loss: 160260.7990	Entropy: 0.4122
2025-05-24 22:51:17,767 INFO PPO Iter: 550	Total Steps: 1126400	Avg Reward (Batch): 973.15	Avg Reward (Roll100): 948.49	Actor Loss: -0.0002	Critic Loss: 156070.4731	Entropy: 0.4148
2025-05-24 22:51:17,771 INFO Saved PPO actor to /Users/iddah/Documents/CS224R/Exploration-Policy/data/ppo-0.0001/ppo_iter_550.pth
2025-05-24 22:51:27,027 INFO PPO Iter: 560	Total Steps: 1146880	Avg Reward (Batch): 895.75	Avg Reward (Roll100): 916.99	Actor Loss: -0.0005	Critic Loss: 151843.3536	Entropy: 0.4288
2025-05-24 22:51:36,752 INFO PPO Iter: 570	Total Steps: 1167360	Avg Reward (Batch): 948.25	Avg Reward (Roll100): 917.01	Actor Loss: -0.0022	Critic Loss: 160216.1987	Entropy: 0.4066
2025-05-24 22:51:45,566 INFO PPO Iter: 580	Total Steps: 1187840	Avg Reward (Batch): 898.29	Avg Reward (Roll100): 916.99	Actor Loss: -0.0003	Critic Loss: 156047.1396	Entropy: 0.4087
2025-05-24 22:51:56,067 INFO PPO Iter: 590	Total Steps: 1208320	Avg Reward (Batch): 973.84	Avg Reward (Roll100): 948.49	Actor Loss: -0.0005	Critic Loss: 160201.4366	Entropy: 0.3873
2025-05-24 22:52:07,055 INFO PPO Iter: 600	Total Steps: 1228800	Avg Reward (Batch): 923.90	Avg Reward (Roll100): 938.00	Actor Loss: -0.0007	Critic Loss: 160190.2880	Entropy: 0.3917
2025-05-24 22:52:07,058 INFO Saved PPO actor to /Users/iddah/Documents/CS224R/Exploration-Policy/data/ppo-0.0001/ppo_iter_600.pth
2025-05-24 22:52:16,854 INFO PPO Iter: 610	Total Steps: 1249280	Avg Reward (Batch): 948.25	Avg Reward (Roll100): 948.50	Actor Loss: -0.0006	Critic Loss: 160233.4999	Entropy: 0.3927
2025-05-24 22:52:26,684 INFO PPO Iter: 620	Total Steps: 1269760	Avg Reward (Batch): 946.92	Avg Reward (Roll100): 927.50	Actor Loss: -0.0014	Critic Loss: 156077.2336	Entropy: 0.3921
2025-05-24 22:52:37,600 INFO PPO Iter: 630	Total Steps: 1290240	Avg Reward (Batch): 974.50	Avg Reward (Roll100): 917.00	Actor Loss: -0.0003	Critic Loss: 164402.6729	Entropy: 0.3646
2025-05-24 22:52:47,925 INFO PPO Iter: 640	Total Steps: 1310720	Avg Reward (Batch): 923.90	Avg Reward (Roll100): 917.01	Actor Loss: -0.0005	Critic Loss: 160237.9888	Entropy: 0.3735
2025-05-24 22:52:57,644 INFO PPO Iter: 650	Total Steps: 1331200	Avg Reward (Batch): 898.29	Avg Reward (Roll100): 938.00	Actor Loss: -0.0008	Critic Loss: 156004.5330	Entropy: 0.3675
2025-05-24 22:52:57,647 INFO Saved PPO actor to /Users/iddah/Documents/CS224R/Exploration-Policy/data/ppo-0.0001/ppo_iter_650.pth
2025-05-24 22:53:07,641 INFO PPO Iter: 660	Total Steps: 1351680	Avg Reward (Batch): 900.71	Avg Reward (Roll100): 896.02	Actor Loss: -0.0008	Critic Loss: 160220.9654	Entropy: 0.3758
2025-05-24 22:53:17,353 INFO PPO Iter: 670	Total Steps: 1372160	Avg Reward (Batch): 923.90	Avg Reward (Roll100): 917.00	Actor Loss: -0.0004	Critic Loss: 160166.7756	Entropy: 0.3669
2025-05-24 22:53:27,023 INFO PPO Iter: 680	Total Steps: 1392640	Avg Reward (Batch): 898.29	Avg Reward (Roll100): 937.50	Actor Loss: -0.0003	Critic Loss: 156073.3320	Entropy: 0.3600
2025-05-24 22:53:37,548 INFO PPO Iter: 690	Total Steps: 1413120	Avg Reward (Batch): 975.12	Avg Reward (Roll100): 948.51	Actor Loss: -0.0001	Critic Loss: 168549.9390	Entropy: 0.3550
2025-05-24 22:53:47,183 INFO PPO Iter: 700	Total Steps: 1433600	Avg Reward (Batch): 922.00	Avg Reward (Roll100): 938.01	Actor Loss: -0.0002	Critic Loss: 156056.4240	Entropy: 0.3565
2025-05-24 22:53:47,186 INFO Saved PPO actor to /Users/iddah/Documents/CS224R/Exploration-Policy/data/ppo-0.0001/ppo_iter_700.pth
2025-05-24 22:53:57,213 INFO PPO Iter: 710	Total Steps: 1454080	Avg Reward (Batch): 974.50	Avg Reward (Roll100): 948.51	Actor Loss: -0.0004	Critic Loss: 164417.5620	Entropy: 0.3440
2025-05-24 22:54:08,399 INFO PPO Iter: 720	Total Steps: 1474560	Avg Reward (Batch): 974.50	Avg Reward (Roll100): 948.51	Actor Loss: -0.0006	Critic Loss: 164375.9313	Entropy: 0.3448
2025-05-24 22:54:19,439 INFO PPO Iter: 730	Total Steps: 1495040	Avg Reward (Batch): 974.50	Avg Reward (Roll100): 959.00	Actor Loss: -0.0015	Critic Loss: 164362.4910	Entropy: 0.3283
2025-05-24 22:54:31,584 INFO PPO Iter: 740	Total Steps: 1515520	Avg Reward (Batch): 948.25	Avg Reward (Roll100): 906.51	Actor Loss: -0.0007	Critic Loss: 160211.1598	Entropy: 0.3425
2025-05-24 22:54:43,025 INFO PPO Iter: 750	Total Steps: 1536000	Avg Reward (Batch): 974.50	Avg Reward (Roll100): 927.52	Actor Loss: -0.0008	Critic Loss: 164366.7742	Entropy: 0.3270
2025-05-24 22:54:43,029 INFO Saved PPO actor to /Users/iddah/Documents/CS224R/Exploration-Policy/data/ppo-0.0001/ppo_iter_750.pth
2025-05-24 22:54:53,915 INFO PPO Iter: 760	Total Steps: 1556480	Avg Reward (Batch): 925.71	Avg Reward (Roll100): 937.51	Actor Loss: -0.0005	Critic Loss: 164381.9485	Entropy: 0.3342
2025-05-24 22:55:05,846 INFO PPO Iter: 770	Total Steps: 1576960	Avg Reward (Batch): 975.12	Avg Reward (Roll100): 959.01	Actor Loss: -0.0004	Critic Loss: 168525.7311	Entropy: 0.3033
2025-05-24 22:55:15,184 INFO PPO Iter: 780	Total Steps: 1597440	Avg Reward (Batch): 974.50	Avg Reward (Roll100): 959.01	Actor Loss: -0.0000	Critic Loss: 164439.9822	Entropy: 0.3272
2025-05-24 22:55:25,547 INFO PPO Iter: 790	Total Steps: 1617920	Avg Reward (Batch): 881.36	Avg Reward (Roll100): 917.03	Actor Loss: -0.0002	Critic Loss: 164290.3008	Entropy: 0.3186
2025-05-24 22:55:35,894 INFO PPO Iter: 800	Total Steps: 1638400	Avg Reward (Batch): 927.44	Avg Reward (Roll100): 927.52	Actor Loss: -0.0003	Critic Loss: 168464.2300	Entropy: 0.3007
2025-05-24 22:55:35,897 INFO Saved PPO actor to /Users/iddah/Documents/CS224R/Exploration-Policy/data/ppo-0.0001/ppo_iter_800.pth
2025-05-24 22:55:47,637 INFO PPO Iter: 810	Total Steps: 1658880	Avg Reward (Batch): 881.36	Avg Reward (Roll100): 895.54	Actor Loss: -0.0002	Critic Loss: 164293.8189	Entropy: 0.2998
2025-05-24 22:55:57,978 INFO PPO Iter: 820	Total Steps: 1679360	Avg Reward (Batch): 925.71	Avg Reward (Roll100): 927.53	Actor Loss: -0.0003	Critic Loss: 164392.2422	Entropy: 0.3296
2025-05-24 22:56:08,402 INFO PPO Iter: 830	Total Steps: 1699840	Avg Reward (Batch): 927.44	Avg Reward (Roll100): 938.02	Actor Loss: -0.0000	Critic Loss: 168548.8142	Entropy: 0.3186
2025-05-24 22:56:18,508 INFO PPO Iter: 840	Total Steps: 1720320	Avg Reward (Batch): 903.02	Avg Reward (Roll100): 938.03	Actor Loss: -0.0010	Critic Loss: 164286.2128	Entropy: 0.3049
2025-05-24 22:56:28,973 INFO PPO Iter: 850	Total Steps: 1740800	Avg Reward (Batch): 881.36	Avg Reward (Roll100): 896.04	Actor Loss: -0.0018	Critic Loss: 164388.4720	Entropy: 0.3061
2025-05-24 22:56:28,977 INFO Saved PPO actor to /Users/iddah/Documents/CS224R/Exploration-Policy/data/ppo-0.0001/ppo_iter_850.pth
2025-05-24 22:56:39,019 INFO PPO Iter: 860	Total Steps: 1761280	Avg Reward (Batch): 884.00	Avg Reward (Roll100): 917.03	Actor Loss: -0.0001	Critic Loss: 168507.4590	Entropy: 0.3003
2025-05-24 22:56:48,984 INFO PPO Iter: 870	Total Steps: 1781760	Avg Reward (Batch): 950.71	Avg Reward (Roll100): 959.02	Actor Loss: -0.0007	Critic Loss: 168510.9396	Entropy: 0.3209
2025-05-24 22:56:59,220 INFO PPO Iter: 880	Total Steps: 1802240	Avg Reward (Batch): 950.71	Avg Reward (Roll100): 948.52	Actor Loss: -0.0004	Critic Loss: 168519.4260	Entropy: 0.3141
2025-05-24 22:57:08,625 INFO PPO Iter: 890	Total Steps: 1822720	Avg Reward (Batch): 975.12	Avg Reward (Roll100): 969.51	Actor Loss: -0.0005	Critic Loss: 168528.3855	Entropy: 0.3151
2025-05-24 22:57:18,888 INFO PPO Iter: 900	Total Steps: 1843200	Avg Reward (Batch): 975.12	Avg Reward (Roll100): 959.01	Actor Loss: -0.0002	Critic Loss: 168490.6589	Entropy: 0.3109
2025-05-24 22:57:18,892 INFO Saved PPO actor to /Users/iddah/Documents/CS224R/Exploration-Policy/data/ppo-0.0001/ppo_iter_900.pth
2025-05-24 22:57:28,335 INFO PPO Iter: 910	Total Steps: 1863680	Avg Reward (Batch): 975.12	Avg Reward (Roll100): 959.02	Actor Loss: -0.0006	Critic Loss: 168563.7749	Entropy: 0.3151
2025-05-24 22:57:38,624 INFO PPO Iter: 920	Total Steps: 1884160	Avg Reward (Batch): 974.50	Avg Reward (Roll100): 969.51	Actor Loss: -0.0013	Critic Loss: 164371.2489	Entropy: 0.3153
2025-05-24 22:57:49,172 INFO PPO Iter: 930	Total Steps: 1904640	Avg Reward (Batch): 950.71	Avg Reward (Roll100): 938.03	Actor Loss: -0.0006	Critic Loss: 168523.6819	Entropy: 0.2890
2025-05-24 22:57:58,892 INFO PPO Iter: 940	Total Steps: 1925120	Avg Reward (Batch): 975.12	Avg Reward (Roll100): 959.02	Actor Loss: -0.0004	Critic Loss: 168511.6649	Entropy: 0.3035
2025-05-24 22:58:07,946 INFO PPO Iter: 950	Total Steps: 1945600	Avg Reward (Batch): 950.71	Avg Reward (Roll100): 938.02	Actor Loss: -0.0007	Critic Loss: 168509.8666	Entropy: 0.3041
2025-05-24 22:58:07,948 INFO Saved PPO actor to /Users/iddah/Documents/CS224R/Exploration-Policy/data/ppo-0.0001/ppo_iter_950.pth
2025-05-24 22:58:17,557 INFO PPO Iter: 960	Total Steps: 1966080	Avg Reward (Batch): 999.48	Avg Reward (Roll100): 979.00	Actor Loss: -0.0018	Critic Loss: 164442.2420	Entropy: 0.3166
2025-05-24 22:58:26,825 INFO PPO Iter: 970	Total Steps: 1986560	Avg Reward (Batch): 975.12	Avg Reward (Roll100): 938.02	Actor Loss: -0.0004	Critic Loss: 168519.1677	Entropy: 0.3096
2025-05-24 22:58:37,393 INFO PPO Iter: 980	Total Steps: 2007040	Avg Reward (Batch): 975.12	Avg Reward (Roll100): 948.52	Actor Loss: -0.0002	Critic Loss: 168497.3365	Entropy: 0.2966
2025-05-24 22:58:48,249 INFO PPO Iter: 990	Total Steps: 2027520	Avg Reward (Batch): 925.71	Avg Reward (Roll100): 958.52	Actor Loss: -0.0016	Critic Loss: 164391.0022	Entropy: 0.3107
2025-05-24 22:58:59,466 INFO PPO Iter: 1000	Total Steps: 2048000	Avg Reward (Batch): 950.71	Avg Reward (Roll100): 938.03	Actor Loss: -0.0006	Critic Loss: 168489.3410	Entropy: 0.2981
2025-05-24 22:58:59,469 INFO Saved PPO actor to /Users/iddah/Documents/CS224R/Exploration-Policy/data/ppo-0.0001/ppo_iter_1000.pth
2025-05-24 22:59:11,528 INFO PPO Iter: 1010	Total Steps: 2068480	Avg Reward (Batch): 950.71	Avg Reward (Roll100): 948.52	Actor Loss: -0.0014	Critic Loss: 168457.0473	Entropy: 0.2867
2025-05-24 22:59:24,670 INFO PPO Iter: 1020	Total Steps: 2088960	Avg Reward (Batch): 974.50	Avg Reward (Roll100): 959.01	Actor Loss: -0.0003	Critic Loss: 164363.1338	Entropy: 0.3154
2025-05-24 22:59:38,210 INFO PPO Iter: 1030	Total Steps: 2109440	Avg Reward (Batch): 975.12	Avg Reward (Roll100): 959.02	Actor Loss: -0.0004	Critic Loss: 168519.0778	Entropy: 0.2960
2025-05-24 22:59:51,969 INFO PPO Iter: 1040	Total Steps: 2129920	Avg Reward (Batch): 975.12	Avg Reward (Roll100): 969.52	Actor Loss: -0.0003	Critic Loss: 168468.3952	Entropy: 0.2831
2025-05-24 23:00:04,961 INFO PPO Iter: 1050	Total Steps: 2150400	Avg Reward (Batch): 975.71	Avg Reward (Roll100): 969.53	Actor Loss: -0.0004	Critic Loss: 172676.3229	Entropy: 0.2732
2025-05-24 23:00:04,964 INFO Saved PPO actor to /Users/iddah/Documents/CS224R/Exploration-Policy/data/ppo-0.0001/ppo_iter_1050.pth
2025-05-24 23:00:17,859 INFO PPO Iter: 1060	Total Steps: 2170880	Avg Reward (Batch): 951.86	Avg Reward (Roll100): 938.03	Actor Loss: -0.0001	Critic Loss: 172651.6981	Entropy: 0.2765
2025-05-24 23:00:31,633 INFO PPO Iter: 1070	Total Steps: 2191360	Avg Reward (Batch): 952.95	Avg Reward (Roll100): 948.54	Actor Loss: -0.0006	Critic Loss: 176759.3808	Entropy: 0.2586
2025-05-24 23:00:45,278 INFO PPO Iter: 1080	Total Steps: 2211840	Avg Reward (Batch): 903.02	Avg Reward (Roll100): 906.54	Actor Loss: -0.0014	Critic Loss: 164344.5872	Entropy: 0.2915
2025-05-24 23:00:57,801 INFO PPO Iter: 1090	Total Steps: 2232320	Avg Reward (Batch): 975.71	Avg Reward (Roll100): 948.99	Actor Loss: -0.0007	Critic Loss: 172698.9590	Entropy: 0.2718
2025-05-24 23:01:10,819 INFO PPO Iter: 1100	Total Steps: 2252800	Avg Reward (Batch): 951.86	Avg Reward (Roll100): 948.53	Actor Loss: -0.0002	Critic Loss: 172687.5490	Entropy: 0.2602
2025-05-24 23:01:10,822 INFO Saved PPO actor to /Users/iddah/Documents/CS224R/Exploration-Policy/data/ppo-0.0001/ppo_iter_1100.pth
2025-05-24 23:01:24,438 INFO PPO Iter: 1110	Total Steps: 2273280	Avg Reward (Batch): 975.71	Avg Reward (Roll100): 959.03	Actor Loss: -0.0003	Critic Loss: 172657.3412	Entropy: 0.2591
2025-05-24 23:01:38,099 INFO PPO Iter: 1120	Total Steps: 2293760	Avg Reward (Batch): 927.44	Avg Reward (Roll100): 938.04	Actor Loss: -0.0004	Critic Loss: 168540.5944	Entropy: 0.2649
2025-05-24 23:01:51,223 INFO PPO Iter: 1130	Total Steps: 2314240	Avg Reward (Batch): 952.95	Avg Reward (Roll100): 948.53	Actor Loss: -0.0009	Critic Loss: 176795.0864	Entropy: 0.2351
2025-05-24 23:02:04,278 INFO PPO Iter: 1140	Total Steps: 2334720	Avg Reward (Batch): 976.28	Avg Reward (Roll100): 979.53	Actor Loss: -0.0005	Critic Loss: 176802.8400	Entropy: 0.2364
2025-05-24 23:02:18,408 INFO PPO Iter: 1150	Total Steps: 2355200	Avg Reward (Batch): 927.44	Avg Reward (Roll100): 938.03	Actor Loss: -0.0005	Critic Loss: 168492.8422	Entropy: 0.2523
2025-05-24 23:02:18,411 INFO Saved PPO actor to /Users/iddah/Documents/CS224R/Exploration-Policy/data/ppo-0.0001/ppo_iter_1150.pth
2025-05-24 23:02:31,207 INFO PPO Iter: 1160	Total Steps: 2375680	Avg Reward (Batch): 951.86	Avg Reward (Roll100): 917.04	Actor Loss: -0.0005	Critic Loss: 172661.6805	Entropy: 0.2378
2025-05-24 23:02:44,084 INFO PPO Iter: 1170	Total Steps: 2396160	Avg Reward (Batch): 976.28	Avg Reward (Roll100): 917.05	Actor Loss: 0.0001	Critic Loss: 176823.9894	Entropy: 0.2402
2025-05-24 23:02:56,219 INFO PPO Iter: 1180	Total Steps: 2416640	Avg Reward (Batch): 951.86	Avg Reward (Roll100): 938.05	Actor Loss: -0.0003	Critic Loss: 172697.6027	Entropy: 0.2489
2025-05-24 23:03:08,729 INFO PPO Iter: 1190	Total Steps: 2437120	Avg Reward (Batch): 976.28	Avg Reward (Roll100): 969.03	Actor Loss: -0.0003	Critic Loss: 176788.3628	Entropy: 0.2471
2025-05-24 23:03:20,950 INFO PPO Iter: 1200	Total Steps: 2457600	Avg Reward (Batch): 975.71	Avg Reward (Roll100): 948.53	Actor Loss: -0.0002	Critic Loss: 172707.0472	Entropy: 0.2427
2025-05-24 23:03:20,953 INFO Saved PPO actor to /Users/iddah/Documents/CS224R/Exploration-Policy/data/ppo-0.0001/ppo_iter_1200.pth
2025-05-24 23:03:33,281 INFO PPO Iter: 1210	Total Steps: 2478080	Avg Reward (Batch): 954.00	Avg Reward (Roll100): 948.55	Actor Loss: -0.0010	Critic Loss: 180904.0750	Entropy: 0.2258
2025-05-24 23:03:46,374 INFO PPO Iter: 1220	Total Steps: 2498560	Avg Reward (Batch): 976.28	Avg Reward (Roll100): 969.53	Actor Loss: -0.0001	Critic Loss: 176781.9462	Entropy: 0.2337
2025-05-24 23:03:59,252 INFO PPO Iter: 1230	Total Steps: 2519040	Avg Reward (Batch): 976.82	Avg Reward (Roll100): 948.55	Actor Loss: -0.0005	Critic Loss: 180918.2726	Entropy: 0.2175
2025-05-24 23:04:10,736 INFO PPO Iter: 1240	Total Steps: 2539520	Avg Reward (Batch): 929.09	Avg Reward (Roll100): 948.54	Actor Loss: -0.0001	Critic Loss: 172577.9146	Entropy: 0.2290
2025-05-24 23:04:22,314 INFO PPO Iter: 1250	Total Steps: 2560000	Avg Reward (Batch): 976.28	Avg Reward (Roll100): 959.04	Actor Loss: -0.0002	Critic Loss: 176778.6385	Entropy: 0.2231
2025-05-24 23:04:22,318 INFO Saved PPO actor to /Users/iddah/Documents/CS224R/Exploration-Policy/data/ppo-0.0001/ppo_iter_1250.pth
2025-05-24 23:04:33,876 INFO PPO Iter: 1260	Total Steps: 2580480	Avg Reward (Batch): 999.53	Avg Reward (Roll100): 979.54	Actor Loss: -0.0001	Critic Loss: 180955.2091	Entropy: 0.2218
2025-05-24 23:04:45,821 INFO PPO Iter: 1270	Total Steps: 2600960	Avg Reward (Batch): 975.71	Avg Reward (Roll100): 959.04	Actor Loss: -0.0010	Critic Loss: 172682.9224	Entropy: 0.2437
2025-05-24 23:04:57,698 INFO PPO Iter: 1280	Total Steps: 2621440	Avg Reward (Batch): 929.09	Avg Reward (Roll100): 948.54	Actor Loss: -0.0005	Critic Loss: 172610.3918	Entropy: 0.2253
2025-05-24 23:05:09,169 INFO PPO Iter: 1290	Total Steps: 2641920	Avg Reward (Batch): 976.82	Avg Reward (Roll100): 959.05	Actor Loss: -0.0017	Critic Loss: 180902.3862	Entropy: 0.2055
2025-05-24 23:05:20,446 INFO PPO Iter: 1300	Total Steps: 2662400	Avg Reward (Batch): 930.67	Avg Reward (Roll100): 948.54	Actor Loss: -0.0002	Critic Loss: 176685.5154	Entropy: 0.2024
2025-05-24 23:05:20,451 INFO Saved PPO actor to /Users/iddah/Documents/CS224R/Exploration-Policy/data/ppo-0.0001/ppo_iter_1300.pth
2025-05-24 23:05:32,429 INFO PPO Iter: 1310	Total Steps: 2682880	Avg Reward (Batch): 952.95	Avg Reward (Roll100): 948.55	Actor Loss: -0.0006	Critic Loss: 176754.5717	Entropy: 0.2123
2025-05-24 23:05:44,299 INFO PPO Iter: 1320	Total Steps: 2703360	Avg Reward (Batch): 976.28	Avg Reward (Roll100): 959.05	Actor Loss: -0.0003	Critic Loss: 176757.7906	Entropy: 0.2090
2025-05-24 23:05:55,918 INFO PPO Iter: 1330	Total Steps: 2723840	Avg Reward (Batch): 976.82	Avg Reward (Roll100): 959.05	Actor Loss: -0.0002	Critic Loss: 180865.0501	Entropy: 0.1908
2025-05-24 23:06:07,484 INFO PPO Iter: 1340	Total Steps: 2744320	Avg Reward (Batch): 976.82	Avg Reward (Roll100): 948.55	Actor Loss: -0.0009	Critic Loss: 180917.7665	Entropy: 0.1964
2025-05-24 23:06:20,618 INFO PPO Iter: 1350	Total Steps: 2764800	Avg Reward (Batch): 888.94	Avg Reward (Roll100): 896.07	Actor Loss: -0.0005	Critic Loss: 176680.6075	Entropy: 0.1937
2025-05-24 23:06:20,623 INFO Saved PPO actor to /Users/iddah/Documents/CS224R/Exploration-Policy/data/ppo-0.0001/ppo_iter_1350.pth
2025-05-24 23:06:33,727 INFO PPO Iter: 1360	Total Steps: 2785280	Avg Reward (Batch): 977.83	Avg Reward (Roll100): 969.56	Actor Loss: -0.0003	Critic Loss: 189075.4165	Entropy: 0.1700
2025-05-24 23:06:45,850 INFO PPO Iter: 1370	Total Steps: 2805760	Avg Reward (Batch): 977.33	Avg Reward (Roll100): 969.05	Actor Loss: -0.0005	Critic Loss: 185024.0086	Entropy: 0.1866
2025-05-24 23:06:58,016 INFO PPO Iter: 1380	Total Steps: 2826240	Avg Reward (Batch): 930.67	Avg Reward (Roll100): 917.06	Actor Loss: -0.0014	Critic Loss: 176706.2090	Entropy: 0.1916
2025-05-24 23:07:10,108 INFO PPO Iter: 1390	Total Steps: 2846720	Avg Reward (Batch): 977.33	Avg Reward (Roll100): 969.56	Actor Loss: -0.0006	Critic Loss: 184973.8170	Entropy: 0.1820
2025-05-24 23:07:22,193 INFO PPO Iter: 1400	Total Steps: 2867200	Avg Reward (Batch): 976.22	Avg Reward (Roll100): 969.06	Actor Loss: -0.0003	Critic Loss: 184982.5798	Entropy: 0.1872
2025-05-24 23:07:22,199 INFO Saved PPO actor to /Users/iddah/Documents/CS224R/Exploration-Policy/data/ppo-0.0001/ppo_iter_1400.pth
2025-05-24 23:07:34,584 INFO PPO Iter: 1410	Total Steps: 2887680	Avg Reward (Batch): 954.00	Avg Reward (Roll100): 969.05	Actor Loss: -0.0002	Critic Loss: 180864.2419	Entropy: 0.1914
2025-05-24 23:07:47,495 INFO PPO Iter: 1420	Total Steps: 2908160	Avg Reward (Batch): 977.33	Avg Reward (Roll100): 969.56	Actor Loss: -0.0003	Critic Loss: 185004.0531	Entropy: 0.1840
2025-05-24 23:07:59,876 INFO PPO Iter: 1430	Total Steps: 2928640	Avg Reward (Batch): 955.00	Avg Reward (Roll100): 959.06	Actor Loss: -0.0001	Critic Loss: 184877.7812	Entropy: 0.1662
2025-05-24 23:08:14,227 INFO PPO Iter: 1440	Total Steps: 2949120	Avg Reward (Batch): 955.00	Avg Reward (Roll100): 959.06	Actor Loss: -0.0003	Critic Loss: 185002.0583	Entropy: 0.1691
2025-05-24 23:08:26,689 INFO PPO Iter: 1450	Total Steps: 2969600	Avg Reward (Batch): 891.25	Avg Reward (Roll100): 906.58	Actor Loss: -0.0003	Critic Loss: 180713.3877	Entropy: 0.1719
2025-05-24 23:08:26,693 INFO Saved PPO actor to /Users/iddah/Documents/CS224R/Exploration-Policy/data/ppo-0.0001/ppo_iter_1450.pth
2025-05-24 23:08:40,389 INFO PPO Iter: 1460	Total Steps: 2990080	Avg Reward (Batch): 933.62	Avg Reward (Roll100): 938.07	Actor Loss: -0.0004	Critic Loss: 184925.1790	Entropy: 0.1664
2025-05-24 23:08:52,701 INFO PPO Iter: 1470	Total Steps: 3010560	Avg Reward (Batch): 977.83	Avg Reward (Roll100): 927.58	Actor Loss: 0.0000	Critic Loss: 189100.4708	Entropy: 0.1673
2025-05-24 23:09:04,867 INFO PPO Iter: 1480	Total Steps: 3031040	Avg Reward (Batch): 955.96	Avg Reward (Roll100): 938.08	Actor Loss: -0.0004	Critic Loss: 189035.7963	Entropy: 0.1646
2025-05-24 23:09:16,939 INFO PPO Iter: 1490	Total Steps: 3051520	Avg Reward (Batch): 914.90	Avg Reward (Roll100): 938.08	Actor Loss: -0.0007	Critic Loss: 188961.9709	Entropy: 0.1494
2025-05-24 23:09:29,159 INFO PPO Iter: 1500	Total Steps: 3072000	Avg Reward (Batch): 933.62	Avg Reward (Roll100): 938.07	Actor Loss: -0.0006	Critic Loss: 184857.3264	Entropy: 0.1562
2025-05-24 23:09:29,163 INFO Saved PPO actor to /Users/iddah/Documents/CS224R/Exploration-Policy/data/ppo-0.0001/ppo_iter_1500.pth
2025-05-24 23:09:29,163 INFO --- PPO Fine-tuning Complete ---
2025-05-24 23:09:29,165 INFO Final PPO-tuned actor saved to /Users/iddah/Documents/CS224R/Exploration-Policy/data/ppo-0.0001/ppo_final.pth
2025-05-24 23:09:33,520 INFO --- Visualizing Trajectory with: Final PPO-Tuned Policy (Deterministic) ---
2025-05-24 23:09:35,112 INFO Visualization: Trajectory length 42, Final state: (-18, 10), Total Reward: 999.59
2025-05-24 23:09:35,112 INFO SUCCESS: Reached Goal!
2025-05-24 23:09:35,112 INFO --- PPO Script Finished ---
