2025-05-24 23:55:05,642 INFO Loading model from /Users/iddah/Documents/CS224R/Exploration-Policy/data/ppo-0.005/ppo_final.pth
2025-05-24 23:55:05,642 INFO Using device: cpu
2025-05-24 23:55:05,644 INFO Model loaded successfully.
2025-05-24 23:55:05,644 INFO Generating stochastic trajectory 1/10
2025-05-24 23:55:07,961 INFO Saved plot to /Users/iddah/Documents/CS224R/Exploration-Policy/data/ppo-0.005/stochastic_traj_1.png
2025-05-24 23:55:07,962 INFO Generating stochastic trajectory 2/10
2025-05-24 23:55:08,624 INFO Saved plot to /Users/iddah/Documents/CS224R/Exploration-Policy/data/ppo-0.005/stochastic_traj_2.png
2025-05-24 23:55:08,624 INFO Generating stochastic trajectory 3/10
2025-05-24 23:55:09,525 INFO Saved plot to /Users/iddah/Documents/CS224R/Exploration-Policy/data/ppo-0.005/stochastic_traj_3.png
2025-05-24 23:55:09,526 INFO Generating stochastic trajectory 4/10
2025-05-24 23:55:10,176 INFO Saved plot to /Users/iddah/Documents/CS224R/Exploration-Policy/data/ppo-0.005/stochastic_traj_4.png
2025-05-24 23:55:10,176 INFO Generating stochastic trajectory 5/10
2025-05-24 23:55:10,838 INFO Saved plot to /Users/iddah/Documents/CS224R/Exploration-Policy/data/ppo-0.005/stochastic_traj_5.png
2025-05-24 23:55:10,838 INFO Generating stochastic trajectory 6/10
2025-05-24 23:55:15,010 INFO Saved plot to /Users/iddah/Documents/CS224R/Exploration-Policy/data/ppo-0.005/stochastic_traj_6.png
2025-05-24 23:55:15,010 INFO Generating stochastic trajectory 7/10
2025-05-24 23:55:15,657 INFO Saved plot to /Users/iddah/Documents/CS224R/Exploration-Policy/data/ppo-0.005/stochastic_traj_7.png
2025-05-24 23:55:15,658 INFO Generating stochastic trajectory 8/10
2025-05-24 23:55:16,403 INFO Saved plot to /Users/iddah/Documents/CS224R/Exploration-Policy/data/ppo-0.005/stochastic_traj_8.png
2025-05-24 23:55:16,403 INFO Generating stochastic trajectory 9/10
2025-05-24 23:55:17,408 INFO Saved plot to /Users/iddah/Documents/CS224R/Exploration-Policy/data/ppo-0.005/stochastic_traj_9.png
2025-05-24 23:55:17,408 INFO Generating stochastic trajectory 10/10
2025-05-24 23:55:18,222 INFO Saved plot to /Users/iddah/Documents/CS224R/Exploration-Policy/data/ppo-0.005/stochastic_traj_10.png
2025-05-24 23:55:18,223 INFO All done.
