2025-05-22 00:33:06,461 INFO Using device: cpu
2025-05-22 00:33:06,477 INFO Attempting to load IL-trained actor from: /Users/ifditahasanorney/Desktop/saved_models_exp/policy_il_trained.pth
2025-05-22 00:33:06,478 WARNING IL model not found at /Users/ifditahasanorney/Desktop/saved_models_exp/policy_il_trained.pth. Initializing PPO actor with random weights.
2025-05-22 00:33:07,257 INFO --- Starting PPO Fine-tuning ---
2025-05-22 00:33:11,413 INFO PPO Iter: 10	Total Steps: 20480	Avg Reward (Batch): -49.47	Avg Reward (Roll100): -49.30	Actor Loss: -0.0200	Critic Loss: 39.9545	Entropy: 1.2360
2025-05-22 00:33:15,505 INFO PPO Iter: 20	Total Steps: 40960	Avg Reward (Batch): -48.94	Avg Reward (Roll100): -48.76	Actor Loss: -0.0017	Critic Loss: 77.6775	Entropy: 1.1864
2025-05-22 00:33:19,589 INFO PPO Iter: 30	Total Steps: 61440	Avg Reward (Batch): -44.31	Avg Reward (Roll100): -47.55	Actor Loss: -0.0005	Critic Loss: 48.0445	Entropy: 1.0328
2025-05-22 00:33:23,691 INFO PPO Iter: 40	Total Steps: 81920	Avg Reward (Batch): -33.80	Avg Reward (Roll100): -42.40	Actor Loss: 0.0000	Critic Loss: 32.8823	Entropy: 0.8859
2025-05-22 00:33:28,014 INFO PPO Iter: 50	Total Steps: 102400	Avg Reward (Batch): -17.21	Avg Reward (Roll100): -30.05	Actor Loss: -0.0005	Critic Loss: 15.9138	Entropy: 0.7744
2025-05-22 00:33:28,019 INFO Saved PPO actor to /Users/ifditahasanorney/Desktop/PPO_Finetuned/ppo_iter_50.pth
2025-05-22 00:33:32,179 INFO PPO Iter: 60	Total Steps: 122880	Avg Reward (Batch): -31.49	Avg Reward (Roll100): -18.57	Actor Loss: -0.0020	Critic Loss: 36.2111	Entropy: 0.7960
2025-05-22 00:33:36,329 INFO PPO Iter: 70	Total Steps: 143360	Avg Reward (Batch): -3.41	Avg Reward (Roll100): -12.73	Actor Loss: -0.0037	Critic Loss: 0.1170	Entropy: 0.7340
2025-05-22 00:33:40,506 INFO PPO Iter: 80	Total Steps: 163840	Avg Reward (Batch): -20.08	Avg Reward (Roll100): -11.36	Actor Loss: -0.0013	Critic Loss: 19.4270	Entropy: 0.7080
2025-05-22 00:33:44,678 INFO PPO Iter: 90	Total Steps: 184320	Avg Reward (Batch): -3.41	Avg Reward (Roll100): -6.40	Actor Loss: -0.0074	Critic Loss: 0.0123	Entropy: 0.6694
2025-05-22 00:33:48,802 INFO PPO Iter: 100	Total Steps: 204800	Avg Reward (Batch): -3.41	Avg Reward (Roll100): -4.90	Actor Loss: -0.0003	Critic Loss: 0.0075	Entropy: 0.6879
2025-05-22 00:33:48,803 INFO Saved PPO actor to /Users/ifditahasanorney/Desktop/PPO_Finetuned/ppo_iter_100.pth
2025-05-22 00:33:53,245 INFO PPO Iter: 110	Total Steps: 225280	Avg Reward (Batch): -3.41	Avg Reward (Roll100): -4.90	Actor Loss: -0.0036	Critic Loss: 0.0051	Entropy: 0.6602
2025-05-22 00:33:57,350 INFO PPO Iter: 120	Total Steps: 245760	Avg Reward (Batch): -3.41	Avg Reward (Roll100): -4.90	Actor Loss: -0.0011	Critic Loss: 0.0027	Entropy: 0.6524
2025-05-22 00:34:01,485 INFO PPO Iter: 130	Total Steps: 266240	Avg Reward (Batch): -11.74	Avg Reward (Roll100): -5.40	Actor Loss: -0.0009	Critic Loss: 9.9430	Entropy: 0.6433
2025-05-22 00:34:05,655 INFO PPO Iter: 140	Total Steps: 286720	Avg Reward (Batch): -3.41	Avg Reward (Roll100): -5.90	Actor Loss: -0.0035	Critic Loss: 0.0028	Entropy: 0.6296
2025-05-22 00:34:09,931 INFO PPO Iter: 150	Total Steps: 307200	Avg Reward (Batch): -3.41	Avg Reward (Roll100): -4.40	Actor Loss: 0.0000	Critic Loss: 0.0027	Entropy: 0.6119
2025-05-22 00:34:09,934 INFO Saved PPO actor to /Users/ifditahasanorney/Desktop/PPO_Finetuned/ppo_iter_150.pth
2025-05-22 00:34:14,191 INFO PPO Iter: 160	Total Steps: 327680	Avg Reward (Batch): -3.41	Avg Reward (Roll100): -3.90	Actor Loss: -0.0012	Critic Loss: 0.0008	Entropy: 0.6049
2025-05-22 00:34:18,508 INFO PPO Iter: 170	Total Steps: 348160	Avg Reward (Batch): -3.41	Avg Reward (Roll100): -3.40	Actor Loss: -0.0004	Critic Loss: 0.0002	Entropy: 0.5938
2025-05-22 00:34:22,693 INFO PPO Iter: 180	Total Steps: 368640	Avg Reward (Batch): -3.41	Avg Reward (Roll100): -4.36	Actor Loss: -0.0015	Critic Loss: 0.0003	Entropy: 0.5910
2025-05-22 00:34:27,127 INFO PPO Iter: 190	Total Steps: 389120	Avg Reward (Batch): -3.41	Avg Reward (Roll100): -3.40	Actor Loss: -0.0002	Critic Loss: 0.0006	Entropy: 0.6025
2025-05-22 00:34:31,281 INFO PPO Iter: 200	Total Steps: 409600	Avg Reward (Batch): -3.41	Avg Reward (Roll100): -3.90	Actor Loss: -0.0001	Critic Loss: 0.0002	Entropy: 0.5909
2025-05-22 00:34:31,288 INFO Saved PPO actor to /Users/ifditahasanorney/Desktop/PPO_Finetuned/ppo_iter_200.pth
2025-05-22 00:34:35,673 INFO PPO Iter: 210	Total Steps: 430080	Avg Reward (Batch): -3.41	Avg Reward (Roll100): -4.40	Actor Loss: -0.0001	Critic Loss: 0.0013	Entropy: 0.6026
2025-05-22 00:34:39,921 INFO PPO Iter: 220	Total Steps: 450560	Avg Reward (Batch): -3.41	Avg Reward (Roll100): -3.40	Actor Loss: -0.0007	Critic Loss: 0.0005	Entropy: 0.5988
2025-05-22 00:34:44,051 INFO PPO Iter: 230	Total Steps: 471040	Avg Reward (Batch): -11.74	Avg Reward (Roll100): -4.40	Actor Loss: -0.0055	Critic Loss: 9.9148	Entropy: 0.5944
2025-05-22 00:34:48,357 INFO PPO Iter: 240	Total Steps: 491520	Avg Reward (Batch): -3.41	Avg Reward (Roll100): -4.90	Actor Loss: 0.0001	Critic Loss: 0.0024	Entropy: 0.5965
2025-05-22 00:34:52,785 INFO PPO Iter: 250	Total Steps: 512000	Avg Reward (Batch): -11.74	Avg Reward (Roll100): -4.40	Actor Loss: -0.0005	Critic Loss: 9.9690	Entropy: 0.6006
2025-05-22 00:34:52,786 INFO Saved PPO actor to /Users/ifditahasanorney/Desktop/PPO_Finetuned/ppo_iter_250.pth
2025-05-22 00:34:57,073 INFO PPO Iter: 260	Total Steps: 532480	Avg Reward (Batch): -3.41	Avg Reward (Roll100): -3.90	Actor Loss: -0.0004	Critic Loss: 0.0001	Entropy: 0.6069
2025-05-22 00:35:01,245 INFO PPO Iter: 270	Total Steps: 552960	Avg Reward (Batch): -3.41	Avg Reward (Roll100): -4.40	Actor Loss: -0.0088	Critic Loss: 0.0006	Entropy: 0.5919
2025-05-22 00:35:05,348 INFO PPO Iter: 280	Total Steps: 573440	Avg Reward (Batch): -3.41	Avg Reward (Roll100): -3.90	Actor Loss: -0.0004	Critic Loss: 0.0003	Entropy: 0.5822
2025-05-22 00:35:09,510 INFO PPO Iter: 290	Total Steps: 593920	Avg Reward (Batch): -3.41	Avg Reward (Roll100): -3.40	Actor Loss: -0.0006	Critic Loss: 0.0002	Entropy: 0.5771
2025-05-22 00:35:13,657 INFO PPO Iter: 300	Total Steps: 614400	Avg Reward (Batch): -3.41	Avg Reward (Roll100): -4.40	Actor Loss: -0.0003	Critic Loss: 0.0004	Entropy: 0.5790
2025-05-22 00:35:13,658 INFO Saved PPO actor to /Users/ifditahasanorney/Desktop/PPO_Finetuned/ppo_iter_300.pth
2025-05-22 00:35:17,783 INFO PPO Iter: 310	Total Steps: 634880	Avg Reward (Batch): -3.41	Avg Reward (Roll100): -3.90	Actor Loss: -0.0005	Critic Loss: 0.0001	Entropy: 0.5697
2025-05-22 00:35:21,880 INFO PPO Iter: 320	Total Steps: 655360	Avg Reward (Batch): -11.74	Avg Reward (Roll100): -3.90	Actor Loss: -0.0014	Critic Loss: 10.0180	Entropy: 0.5629
2025-05-22 00:35:26,197 INFO PPO Iter: 330	Total Steps: 675840	Avg Reward (Batch): -3.41	Avg Reward (Roll100): -4.40	Actor Loss: -0.0013	Critic Loss: 0.0001	Entropy: 0.5621
2025-05-22 00:35:30,493 INFO PPO Iter: 340	Total Steps: 696320	Avg Reward (Batch): -3.41	Avg Reward (Roll100): -3.40	Actor Loss: -0.0006	Critic Loss: 0.0001	Entropy: 0.5613
2025-05-22 00:35:34,649 INFO PPO Iter: 350	Total Steps: 716800	Avg Reward (Batch): -3.41	Avg Reward (Roll100): -3.90	Actor Loss: 0.0001	Critic Loss: 0.0001	Entropy: 0.5617
2025-05-22 00:35:34,652 INFO Saved PPO actor to /Users/ifditahasanorney/Desktop/PPO_Finetuned/ppo_iter_350.pth
2025-05-22 00:35:38,769 INFO PPO Iter: 360	Total Steps: 737280	Avg Reward (Batch): -3.41	Avg Reward (Roll100): -3.40	Actor Loss: 0.0000	Critic Loss: 0.0000	Entropy: 0.5526
2025-05-22 00:35:43,141 INFO PPO Iter: 370	Total Steps: 757760	Avg Reward (Batch): -11.74	Avg Reward (Roll100): -5.36	Actor Loss: -0.0053	Critic Loss: 9.6601	Entropy: 0.5544
2025-05-22 00:35:47,664 INFO PPO Iter: 380	Total Steps: 778240	Avg Reward (Batch): -3.41	Avg Reward (Roll100): -5.86	Actor Loss: -0.0012	Critic Loss: 0.0004	Entropy: 0.5777
2025-05-22 00:35:51,867 INFO PPO Iter: 390	Total Steps: 798720	Avg Reward (Batch): -3.41	Avg Reward (Roll100): -4.40	Actor Loss: -0.0136	Critic Loss: 0.0067	Entropy: 0.5819
2025-05-22 00:35:56,116 INFO PPO Iter: 400	Total Steps: 819200	Avg Reward (Batch): -11.74	Avg Reward (Roll100): -5.40	Actor Loss: -0.0009	Critic Loss: 10.0187	Entropy: 0.6032
2025-05-22 00:35:56,117 INFO Saved PPO actor to /Users/ifditahasanorney/Desktop/PPO_Finetuned/ppo_iter_400.pth
2025-05-22 00:36:00,243 INFO PPO Iter: 410	Total Steps: 839680	Avg Reward (Batch): -3.41	Avg Reward (Roll100): -4.90	Actor Loss: -0.0010	Critic Loss: 0.0004	Entropy: 0.5758
2025-05-22 00:36:04,461 INFO PPO Iter: 420	Total Steps: 860160	Avg Reward (Batch): -3.41	Avg Reward (Roll100): -4.40	Actor Loss: -0.0010	Critic Loss: 0.0008	Entropy: 0.5621
2025-05-22 00:36:08,624 INFO PPO Iter: 430	Total Steps: 880640	Avg Reward (Batch): -3.41	Avg Reward (Roll100): -3.90	Actor Loss: -0.0004	Critic Loss: 0.0005	Entropy: 0.5576
2025-05-22 00:36:12,776 INFO PPO Iter: 440	Total Steps: 901120	Avg Reward (Batch): -3.41	Avg Reward (Roll100): -3.40	Actor Loss: -0.0002	Critic Loss: 0.0001	Entropy: 0.5619
2025-05-22 00:36:16,958 INFO PPO Iter: 450	Total Steps: 921600	Avg Reward (Batch): -3.41	Avg Reward (Roll100): -4.40	Actor Loss: -0.0017	Critic Loss: 0.0003	Entropy: 0.5278
2025-05-22 00:36:16,960 INFO Saved PPO actor to /Users/ifditahasanorney/Desktop/PPO_Finetuned/ppo_iter_450.pth
2025-05-22 00:36:21,175 INFO PPO Iter: 460	Total Steps: 942080	Avg Reward (Batch): -3.41	Avg Reward (Roll100): -3.90	Actor Loss: -0.0002	Critic Loss: 0.0000	Entropy: 0.5415
2025-05-22 00:36:25,348 INFO PPO Iter: 470	Total Steps: 962560	Avg Reward (Batch): -3.41	Avg Reward (Roll100): -3.90	Actor Loss: -0.0118	Critic Loss: 0.0002	Entropy: 0.5240
2025-05-22 00:36:29,471 INFO PPO Iter: 480	Total Steps: 983040	Avg Reward (Batch): -3.41	Avg Reward (Roll100): -3.90	Actor Loss: -0.0008	Critic Loss: 0.0001	Entropy: 0.5391
2025-05-22 00:36:33,752 INFO PPO Iter: 490	Total Steps: 1003520	Avg Reward (Batch): -3.41	Avg Reward (Roll100): -3.90	Actor Loss: -0.0081	Critic Loss: 0.0038	Entropy: 0.5335
2025-05-22 00:36:37,906 INFO PPO Iter: 500	Total Steps: 1024000	Avg Reward (Batch): -11.74	Avg Reward (Roll100): -4.90	Actor Loss: -0.0014	Critic Loss: 9.9640	Entropy: 0.5558
2025-05-22 00:36:37,907 INFO Saved PPO actor to /Users/ifditahasanorney/Desktop/PPO_Finetuned/ppo_iter_500.pth
2025-05-22 00:36:42,008 INFO PPO Iter: 510	Total Steps: 1044480	Avg Reward (Batch): -3.41	Avg Reward (Roll100): -3.90	Actor Loss: -0.0007	Critic Loss: 0.0000	Entropy: 0.5337
2025-05-22 00:36:46,271 INFO PPO Iter: 520	Total Steps: 1064960	Avg Reward (Batch): -3.41	Avg Reward (Roll100): -3.40	Actor Loss: -0.0003	Critic Loss: 0.0000	Entropy: 0.5396
2025-05-22 00:36:50,507 INFO PPO Iter: 530	Total Steps: 1085440	Avg Reward (Batch): -3.41	Avg Reward (Roll100): -3.40	Actor Loss: 0.0001	Critic Loss: 0.0000	Entropy: 0.5414
2025-05-22 00:36:54,790 INFO PPO Iter: 540	Total Steps: 1105920	Avg Reward (Batch): -3.41	Avg Reward (Roll100): -3.40	Actor Loss: 0.0002	Critic Loss: 0.0000	Entropy: 0.5382
2025-05-22 00:36:58,926 INFO PPO Iter: 550	Total Steps: 1126400	Avg Reward (Batch): -3.41	Avg Reward (Roll100): -3.90	Actor Loss: -0.0043	Critic Loss: 0.0003	Entropy: 0.5431
2025-05-22 00:36:58,927 INFO Saved PPO actor to /Users/ifditahasanorney/Desktop/PPO_Finetuned/ppo_iter_550.pth
2025-05-22 00:37:03,041 INFO PPO Iter: 560	Total Steps: 1146880	Avg Reward (Batch): -3.41	Avg Reward (Roll100): -4.40	Actor Loss: -0.0013	Critic Loss: 0.0003	Entropy: 0.5386
2025-05-22 00:37:07,176 INFO PPO Iter: 570	Total Steps: 1167360	Avg Reward (Batch): -3.41	Avg Reward (Roll100): -3.90	Actor Loss: -0.0010	Critic Loss: 0.0004	Entropy: 0.5384
2025-05-22 00:37:11,382 INFO PPO Iter: 580	Total Steps: 1187840	Avg Reward (Batch): -3.41	Avg Reward (Roll100): -3.90	Actor Loss: -0.0003	Critic Loss: 0.0003	Entropy: 0.5630
2025-05-22 00:37:15,498 INFO PPO Iter: 590	Total Steps: 1208320	Avg Reward (Batch): -3.41	Avg Reward (Roll100): -7.36	Actor Loss: -0.0008	Critic Loss: 0.0547	Entropy: 0.5845
2025-05-22 00:37:19,598 INFO PPO Iter: 600	Total Steps: 1228800	Avg Reward (Batch): -3.41	Avg Reward (Roll100): -4.90	Actor Loss: -0.0022	Critic Loss: 0.0015	Entropy: 0.5255
2025-05-22 00:37:19,599 INFO Saved PPO actor to /Users/ifditahasanorney/Desktop/PPO_Finetuned/ppo_iter_600.pth
2025-05-22 00:37:23,735 INFO PPO Iter: 610	Total Steps: 1249280	Avg Reward (Batch): -3.41	Avg Reward (Roll100): -3.40	Actor Loss: -0.0030	Critic Loss: 0.0007	Entropy: 0.5209
2025-05-22 00:37:27,945 INFO PPO Iter: 620	Total Steps: 1269760	Avg Reward (Batch): -3.41	Avg Reward (Roll100): -5.90	Actor Loss: -0.0009	Critic Loss: 0.0035	Entropy: 0.5108
2025-05-22 00:37:32,102 INFO PPO Iter: 630	Total Steps: 1290240	Avg Reward (Batch): -3.41	Avg Reward (Roll100): -4.90	Actor Loss: -0.0001	Critic Loss: 0.0004	Entropy: 0.5284
2025-05-22 00:37:36,259 INFO PPO Iter: 640	Total Steps: 1310720	Avg Reward (Batch): -3.41	Avg Reward (Roll100): -6.36	Actor Loss: -0.0058	Critic Loss: 0.0128	Entropy: 0.5176
2025-05-22 00:37:40,411 INFO PPO Iter: 650	Total Steps: 1331200	Avg Reward (Batch): -3.41	Avg Reward (Roll100): -6.40	Actor Loss: -0.0007	Critic Loss: 0.0018	Entropy: 0.5039
2025-05-22 00:37:40,413 INFO Saved PPO actor to /Users/ifditahasanorney/Desktop/PPO_Finetuned/ppo_iter_650.pth
2025-05-22 00:37:44,532 INFO PPO Iter: 660	Total Steps: 1351680	Avg Reward (Batch): -3.41	Avg Reward (Roll100): -3.90	Actor Loss: -0.0000	Critic Loss: 0.0003	Entropy: 0.5042
2025-05-22 00:37:48,642 INFO PPO Iter: 670	Total Steps: 1372160	Avg Reward (Batch): -11.74	Avg Reward (Roll100): -4.40	Actor Loss: -0.0023	Critic Loss: 9.9418	Entropy: 0.4973
2025-05-22 00:37:52,748 INFO PPO Iter: 680	Total Steps: 1392640	Avg Reward (Batch): -11.74	Avg Reward (Roll100): -4.90	Actor Loss: -0.0032	Critic Loss: 9.8102	Entropy: 0.4884
2025-05-22 00:37:56,873 INFO PPO Iter: 690	Total Steps: 1413120	Avg Reward (Batch): -3.41	Avg Reward (Roll100): -5.40	Actor Loss: -0.0012	Critic Loss: 0.0005	Entropy: 0.4964
2025-05-22 00:38:01,009 INFO PPO Iter: 700	Total Steps: 1433600	Avg Reward (Batch): -3.41	Avg Reward (Roll100): -3.90	Actor Loss: -0.0080	Critic Loss: 0.0001	Entropy: 0.4902
2025-05-22 00:38:01,010 INFO Saved PPO actor to /Users/ifditahasanorney/Desktop/PPO_Finetuned/ppo_iter_700.pth
2025-05-22 00:38:05,185 INFO PPO Iter: 710	Total Steps: 1454080	Avg Reward (Batch): -20.08	Avg Reward (Roll100): -4.90	Actor Loss: -0.0012	Critic Loss: 19.3957	Entropy: 0.5052
2025-05-22 00:38:09,280 INFO PPO Iter: 720	Total Steps: 1474560	Avg Reward (Batch): -3.41	Avg Reward (Roll100): -6.90	Actor Loss: -0.0015	Critic Loss: 0.0024	Entropy: 0.4932
2025-05-22 00:38:13,443 INFO PPO Iter: 730	Total Steps: 1495040	Avg Reward (Batch): -3.41	Avg Reward (Roll100): -5.90	Actor Loss: -0.0011	Critic Loss: 0.0011	Entropy: 0.4936
2025-05-22 00:38:17,597 INFO PPO Iter: 740	Total Steps: 1515520	Avg Reward (Batch): -3.41	Avg Reward (Roll100): -4.40	Actor Loss: -0.0067	Critic Loss: 0.0001	Entropy: 0.4896
2025-05-22 00:38:21,722 INFO PPO Iter: 750	Total Steps: 1536000	Avg Reward (Batch): -3.41	Avg Reward (Roll100): -4.40	Actor Loss: -0.0042	Critic Loss: 0.0004	Entropy: 0.4997
2025-05-22 00:38:21,724 INFO Saved PPO actor to /Users/ifditahasanorney/Desktop/PPO_Finetuned/ppo_iter_750.pth
2025-05-22 00:38:25,851 INFO PPO Iter: 760	Total Steps: 1556480	Avg Reward (Batch): -3.41	Avg Reward (Roll100): -5.40	Actor Loss: 0.0001	Critic Loss: 0.0014	Entropy: 0.5217
2025-05-22 00:38:30,007 INFO PPO Iter: 770	Total Steps: 1576960	Avg Reward (Batch): -3.41	Avg Reward (Roll100): -4.40	Actor Loss: -0.0005	Critic Loss: 0.0002	Entropy: 0.5229
2025-05-22 00:38:34,150 INFO PPO Iter: 780	Total Steps: 1597440	Avg Reward (Batch): -3.41	Avg Reward (Roll100): -4.36	Actor Loss: -0.0039	Critic Loss: 0.0004	Entropy: 0.5176
2025-05-22 00:38:38,387 INFO PPO Iter: 790	Total Steps: 1617920	Avg Reward (Batch): -3.41	Avg Reward (Roll100): -4.36	Actor Loss: -0.0005	Critic Loss: 0.0001	Entropy: 0.5182
2025-05-22 00:38:42,510 INFO PPO Iter: 800	Total Steps: 1638400	Avg Reward (Batch): -11.74	Avg Reward (Roll100): -3.90	Actor Loss: -0.0033	Critic Loss: 9.9933	Entropy: 0.5214
2025-05-22 00:38:42,511 INFO Saved PPO actor to /Users/ifditahasanorney/Desktop/PPO_Finetuned/ppo_iter_800.pth
2025-05-22 00:38:46,624 INFO PPO Iter: 810	Total Steps: 1658880	Avg Reward (Batch): -3.41	Avg Reward (Roll100): -4.40	Actor Loss: -0.0003	Critic Loss: 0.0004	Entropy: 0.5234
2025-05-22 00:38:50,810 INFO PPO Iter: 820	Total Steps: 1679360	Avg Reward (Batch): -3.41	Avg Reward (Roll100): -3.90	Actor Loss: -0.0002	Critic Loss: 0.0001	Entropy: 0.5089
2025-05-22 00:38:55,201 INFO PPO Iter: 830	Total Steps: 1699840	Avg Reward (Batch): -3.41	Avg Reward (Roll100): -3.40	Actor Loss: -0.0000	Critic Loss: 0.0000	Entropy: 0.5113
2025-05-22 00:38:59,410 INFO PPO Iter: 840	Total Steps: 1720320	Avg Reward (Batch): -3.41	Avg Reward (Roll100): -3.90	Actor Loss: -0.0014	Critic Loss: 0.0001	Entropy: 0.4913
2025-05-22 00:39:03,602 INFO PPO Iter: 850	Total Steps: 1740800	Avg Reward (Batch): -3.41	Avg Reward (Roll100): -3.40	Actor Loss: -0.0019	Critic Loss: 0.0001	Entropy: 0.4967
2025-05-22 00:39:03,603 INFO Saved PPO actor to /Users/ifditahasanorney/Desktop/PPO_Finetuned/ppo_iter_850.pth
2025-05-22 00:39:07,768 INFO PPO Iter: 860	Total Steps: 1761280	Avg Reward (Batch): -3.41	Avg Reward (Roll100): -3.40	Actor Loss: -0.0031	Critic Loss: 0.0000	Entropy: 0.5051
2025-05-22 00:39:11,959 INFO PPO Iter: 870	Total Steps: 1781760	Avg Reward (Batch): -3.41	Avg Reward (Roll100): -4.40	Actor Loss: -0.0039	Critic Loss: 0.0001	Entropy: 0.4809
2025-05-22 00:39:16,112 INFO PPO Iter: 880	Total Steps: 1802240	Avg Reward (Batch): -11.74	Avg Reward (Roll100): -4.40	Actor Loss: -0.0004	Critic Loss: 9.7517	Entropy: 0.4851
2025-05-22 00:39:20,244 INFO PPO Iter: 890	Total Steps: 1822720	Avg Reward (Batch): -3.41	Avg Reward (Roll100): -4.40	Actor Loss: -0.0050	Critic Loss: 0.0002	Entropy: 0.5066
2025-05-22 00:39:24,401 INFO PPO Iter: 900	Total Steps: 1843200	Avg Reward (Batch): -3.41	Avg Reward (Roll100): -3.40	Actor Loss: -0.0016	Critic Loss: 0.0000	Entropy: 0.5050
2025-05-22 00:39:24,403 INFO Saved PPO actor to /Users/ifditahasanorney/Desktop/PPO_Finetuned/ppo_iter_900.pth
2025-05-22 00:39:28,539 INFO PPO Iter: 910	Total Steps: 1863680	Avg Reward (Batch): -3.41	Avg Reward (Roll100): -3.40	Actor Loss: 0.0002	Critic Loss: 0.0000	Entropy: 0.4985
2025-05-22 00:39:32,676 INFO PPO Iter: 920	Total Steps: 1884160	Avg Reward (Batch): -3.41	Avg Reward (Roll100): -3.40	Actor Loss: 0.0000	Critic Loss: 0.0000	Entropy: 0.5025
2025-05-22 00:39:36,812 INFO PPO Iter: 930	Total Steps: 1904640	Avg Reward (Batch): -3.41	Avg Reward (Roll100): -3.40	Actor Loss: 0.0001	Critic Loss: 0.0000	Entropy: 0.4961
2025-05-22 00:39:41,009 INFO PPO Iter: 940	Total Steps: 1925120	Avg Reward (Batch): -3.41	Avg Reward (Roll100): -3.40	Actor Loss: -0.0002	Critic Loss: 0.0000	Entropy: 0.4871
2025-05-22 00:39:45,164 INFO PPO Iter: 950	Total Steps: 1945600	Avg Reward (Batch): -3.41	Avg Reward (Roll100): -3.40	Actor Loss: -0.0001	Critic Loss: 0.0000	Entropy: 0.4923
2025-05-22 00:39:45,165 INFO Saved PPO actor to /Users/ifditahasanorney/Desktop/PPO_Finetuned/ppo_iter_950.pth
2025-05-22 00:39:49,478 INFO PPO Iter: 960	Total Steps: 1966080	Avg Reward (Batch): -3.41	Avg Reward (Roll100): -3.40	Actor Loss: -0.0010	Critic Loss: 0.0000	Entropy: 0.4927
2025-05-22 00:39:53,629 INFO PPO Iter: 970	Total Steps: 1986560	Avg Reward (Batch): -3.41	Avg Reward (Roll100): -3.40	Actor Loss: -0.0000	Critic Loss: 0.0000	Entropy: 0.4906
2025-05-22 00:39:57,792 INFO PPO Iter: 980	Total Steps: 2007040	Avg Reward (Batch): -3.41	Avg Reward (Roll100): -3.40	Actor Loss: -0.0000	Critic Loss: 0.0000	Entropy: 0.4962
2025-05-22 00:40:02,110 INFO PPO Iter: 990	Total Steps: 2027520	Avg Reward (Batch): -3.41	Avg Reward (Roll100): -3.40	Actor Loss: -0.0031	Critic Loss: 0.0000	Entropy: 0.4909
2025-05-22 00:40:06,221 INFO PPO Iter: 1000	Total Steps: 2048000	Avg Reward (Batch): -3.41	Avg Reward (Roll100): -3.40	Actor Loss: -0.0004	Critic Loss: 0.0000	Entropy: 0.4949
2025-05-22 00:40:06,222 INFO Saved PPO actor to /Users/ifditahasanorney/Desktop/PPO_Finetuned/ppo_iter_1000.pth
2025-05-22 00:40:10,412 INFO PPO Iter: 1010	Total Steps: 2068480	Avg Reward (Batch): -3.41	Avg Reward (Roll100): -3.40	Actor Loss: -0.0000	Critic Loss: 0.0000	Entropy: 0.5085
2025-05-22 00:40:14,807 INFO PPO Iter: 1020	Total Steps: 2088960	Avg Reward (Batch): -3.41	Avg Reward (Roll100): -3.90	Actor Loss: -0.0119	Critic Loss: 0.0048	Entropy: 0.5138
2025-05-22 00:40:18,955 INFO PPO Iter: 1030	Total Steps: 2109440	Avg Reward (Batch): -3.41	Avg Reward (Roll100): -4.90	Actor Loss: -0.0023	Critic Loss: 0.0003	Entropy: 0.5065
2025-05-22 00:40:23,211 INFO PPO Iter: 1040	Total Steps: 2129920	Avg Reward (Batch): -3.41	Avg Reward (Roll100): -4.40	Actor Loss: -0.0010	Critic Loss: 0.0000	Entropy: 0.4916
2025-05-22 00:40:27,687 INFO PPO Iter: 1050	Total Steps: 2150400	Avg Reward (Batch): -3.41	Avg Reward (Roll100): -3.40	Actor Loss: -0.0022	Critic Loss: 0.0000	Entropy: 0.4813
2025-05-22 00:40:27,689 INFO Saved PPO actor to /Users/ifditahasanorney/Desktop/PPO_Finetuned/ppo_iter_1050.pth
2025-05-22 00:40:32,149 INFO PPO Iter: 1060	Total Steps: 2170880	Avg Reward (Batch): -3.41	Avg Reward (Roll100): -3.40	Actor Loss: -0.0040	Critic Loss: 0.0000	Entropy: 0.4791
2025-05-22 00:40:36,903 INFO PPO Iter: 1070	Total Steps: 2191360	Avg Reward (Batch): -3.41	Avg Reward (Roll100): -3.40	Actor Loss: -0.0008	Critic Loss: 0.0000	Entropy: 0.4713
2025-05-22 00:40:41,412 INFO PPO Iter: 1080	Total Steps: 2211840	Avg Reward (Batch): -3.41	Avg Reward (Roll100): -3.40	Actor Loss: -0.0006	Critic Loss: 0.0000	Entropy: 0.4724
2025-05-22 00:40:46,135 INFO PPO Iter: 1090	Total Steps: 2232320	Avg Reward (Batch): -3.41	Avg Reward (Roll100): -3.40	Actor Loss: -0.0000	Critic Loss: 0.0000	Entropy: 0.4738
2025-05-22 00:40:50,467 INFO PPO Iter: 1100	Total Steps: 2252800	Avg Reward (Batch): -3.41	Avg Reward (Roll100): -3.90	Actor Loss: -0.0067	Critic Loss: 0.0000	Entropy: 0.4643
2025-05-22 00:40:50,476 INFO Saved PPO actor to /Users/ifditahasanorney/Desktop/PPO_Finetuned/ppo_iter_1100.pth
2025-05-22 00:40:54,650 INFO PPO Iter: 1110	Total Steps: 2273280	Avg Reward (Batch): -3.41	Avg Reward (Roll100): -4.90	Actor Loss: -0.0050	Critic Loss: 0.0015	Entropy: 0.4641
2025-05-22 00:40:58,887 INFO PPO Iter: 1120	Total Steps: 2293760	Avg Reward (Batch): -3.41	Avg Reward (Roll100): -4.40	Actor Loss: -0.0009	Critic Loss: 0.0001	Entropy: 0.4769
2025-05-22 00:41:03,003 INFO PPO Iter: 1130	Total Steps: 2314240	Avg Reward (Batch): -3.41	Avg Reward (Roll100): -3.40	Actor Loss: -0.0002	Critic Loss: 0.0000	Entropy: 0.4791
2025-05-22 00:41:07,175 INFO PPO Iter: 1140	Total Steps: 2334720	Avg Reward (Batch): -3.41	Avg Reward (Roll100): -4.90	Actor Loss: -0.0015	Critic Loss: 0.0007	Entropy: 0.4626
2025-05-22 00:41:11,295 INFO PPO Iter: 1150	Total Steps: 2355200	Avg Reward (Batch): -3.41	Avg Reward (Roll100): -4.40	Actor Loss: 0.0001	Critic Loss: 0.0001	Entropy: 0.4646
2025-05-22 00:41:11,297 INFO Saved PPO actor to /Users/ifditahasanorney/Desktop/PPO_Finetuned/ppo_iter_1150.pth
2025-05-22 00:41:15,439 INFO PPO Iter: 1160	Total Steps: 2375680	Avg Reward (Batch): -3.41	Avg Reward (Roll100): -3.40	Actor Loss: -0.0015	Critic Loss: 0.0000	Entropy: 0.4734
2025-05-22 00:41:19,644 INFO PPO Iter: 1170	Total Steps: 2396160	Avg Reward (Batch): -3.41	Avg Reward (Roll100): -5.90	Actor Loss: -0.0009	Critic Loss: 0.0024	Entropy: 0.4755
2025-05-22 00:41:23,950 INFO PPO Iter: 1180	Total Steps: 2416640	Avg Reward (Batch): -3.41	Avg Reward (Roll100): -6.40	Actor Loss: -0.0046	Critic Loss: 0.0003	Entropy: 0.4747
2025-05-22 00:41:28,135 INFO PPO Iter: 1190	Total Steps: 2437120	Avg Reward (Batch): -3.41	Avg Reward (Roll100): -3.90	Actor Loss: -0.0079	Critic Loss: 0.0000	Entropy: 0.4771
2025-05-22 00:41:32,447 INFO PPO Iter: 1200	Total Steps: 2457600	Avg Reward (Batch): -3.41	Avg Reward (Roll100): -3.40	Actor Loss: 0.0001	Critic Loss: 0.0000	Entropy: 0.4692
2025-05-22 00:41:32,450 INFO Saved PPO actor to /Users/ifditahasanorney/Desktop/PPO_Finetuned/ppo_iter_1200.pth
2025-05-22 00:41:36,685 INFO PPO Iter: 1210	Total Steps: 2478080	Avg Reward (Batch): -3.41	Avg Reward (Roll100): -3.40	Actor Loss: -0.0015	Critic Loss: 0.0000	Entropy: 0.4608
2025-05-22 00:41:40,832 INFO PPO Iter: 1220	Total Steps: 2498560	Avg Reward (Batch): -3.41	Avg Reward (Roll100): -3.40	Actor Loss: -0.0008	Critic Loss: 0.0000	Entropy: 0.4624
2025-05-22 00:41:44,996 INFO PPO Iter: 1230	Total Steps: 2519040	Avg Reward (Batch): -3.41	Avg Reward (Roll100): -3.40	Actor Loss: -0.0010	Critic Loss: 0.0000	Entropy: 0.4625
2025-05-22 00:41:49,235 INFO PPO Iter: 1240	Total Steps: 2539520	Avg Reward (Batch): -3.41	Avg Reward (Roll100): -3.40	Actor Loss: -0.0009	Critic Loss: 0.0000	Entropy: 0.4650
2025-05-22 00:41:53,373 INFO PPO Iter: 1250	Total Steps: 2560000	Avg Reward (Batch): -3.41	Avg Reward (Roll100): -3.40	Actor Loss: -0.0002	Critic Loss: 0.0000	Entropy: 0.4672
2025-05-22 00:41:53,374 INFO Saved PPO actor to /Users/ifditahasanorney/Desktop/PPO_Finetuned/ppo_iter_1250.pth
2025-05-22 00:41:57,756 INFO PPO Iter: 1260	Total Steps: 2580480	Avg Reward (Batch): -3.41	Avg Reward (Roll100): -4.40	Actor Loss: -0.0042	Critic Loss: 0.0092	Entropy: 0.4980
2025-05-22 00:42:02,134 INFO PPO Iter: 1270	Total Steps: 2600960	Avg Reward (Batch): -3.41	Avg Reward (Roll100): -4.90	Actor Loss: -0.0001	Critic Loss: 0.0004	Entropy: 0.4953
2025-05-22 00:42:06,266 INFO PPO Iter: 1280	Total Steps: 2621440	Avg Reward (Batch): -3.41	Avg Reward (Roll100): -4.90	Actor Loss: -0.0058	Critic Loss: 0.0081	Entropy: 0.4645
2025-05-22 00:42:10,370 INFO PPO Iter: 1290	Total Steps: 2641920	Avg Reward (Batch): -3.41	Avg Reward (Roll100): -4.40	Actor Loss: -0.0015	Critic Loss: 0.0001	Entropy: 0.4619
2025-05-22 00:42:14,517 INFO PPO Iter: 1300	Total Steps: 2662400	Avg Reward (Batch): -3.41	Avg Reward (Roll100): -3.40	Actor Loss: -0.0014	Critic Loss: 0.0001	Entropy: 0.4614
2025-05-22 00:42:14,519 INFO Saved PPO actor to /Users/ifditahasanorney/Desktop/PPO_Finetuned/ppo_iter_1300.pth
2025-05-22 00:42:18,623 INFO PPO Iter: 1310	Total Steps: 2682880	Avg Reward (Batch): -3.41	Avg Reward (Roll100): -3.90	Actor Loss: -0.0091	Critic Loss: 0.0011	Entropy: 0.4605
2025-05-22 00:42:22,960 INFO PPO Iter: 1320	Total Steps: 2703360	Avg Reward (Batch): -3.41	Avg Reward (Roll100): -4.90	Actor Loss: 0.0002	Critic Loss: 0.0004	Entropy: 0.4521
2025-05-22 00:42:27,179 INFO PPO Iter: 1330	Total Steps: 2723840	Avg Reward (Batch): -3.41	Avg Reward (Roll100): -3.90	Actor Loss: -0.0001	Critic Loss: 0.0001	Entropy: 0.4614
2025-05-22 00:42:31,317 INFO PPO Iter: 1340	Total Steps: 2744320	Avg Reward (Batch): -3.41	Avg Reward (Roll100): -5.40	Actor Loss: -0.0066	Critic Loss: 0.0030	Entropy: 0.4507
2025-05-22 00:42:35,461 INFO PPO Iter: 1350	Total Steps: 2764800	Avg Reward (Batch): -3.41	Avg Reward (Roll100): -4.40	Actor Loss: -0.0025	Critic Loss: 0.0006	Entropy: 0.4526
2025-05-22 00:42:35,462 INFO Saved PPO actor to /Users/ifditahasanorney/Desktop/PPO_Finetuned/ppo_iter_1350.pth
2025-05-22 00:42:39,592 INFO PPO Iter: 1360	Total Steps: 2785280	Avg Reward (Batch): -3.41	Avg Reward (Roll100): -3.90	Actor Loss: -0.0002	Critic Loss: 0.0001	Entropy: 0.4480
2025-05-22 00:42:43,727 INFO PPO Iter: 1370	Total Steps: 2805760	Avg Reward (Batch): -11.74	Avg Reward (Roll100): -4.40	Actor Loss: -0.0014	Critic Loss: 9.9005	Entropy: 0.4498
2025-05-22 00:42:47,866 INFO PPO Iter: 1380	Total Steps: 2826240	Avg Reward (Batch): -3.41	Avg Reward (Roll100): -4.40	Actor Loss: -0.0032	Critic Loss: 0.0001	Entropy: 0.4575
2025-05-22 00:42:52,008 INFO PPO Iter: 1390	Total Steps: 2846720	Avg Reward (Batch): -3.41	Avg Reward (Roll100): -3.90	Actor Loss: -0.0050	Critic Loss: 0.0001	Entropy: 0.4698
2025-05-22 00:42:56,088 INFO PPO Iter: 1400	Total Steps: 2867200	Avg Reward (Batch): -3.41	Avg Reward (Roll100): -4.40	Actor Loss: -0.0029	Critic Loss: 0.0018	Entropy: 0.4515
2025-05-22 00:42:56,090 INFO Saved PPO actor to /Users/ifditahasanorney/Desktop/PPO_Finetuned/ppo_iter_1400.pth
2025-05-22 00:43:00,232 INFO PPO Iter: 1410	Total Steps: 2887680	Avg Reward (Batch): -3.41	Avg Reward (Roll100): -4.40	Actor Loss: -0.0078	Critic Loss: 0.0001	Entropy: 0.4631
2025-05-22 00:43:04,375 INFO PPO Iter: 1420	Total Steps: 2908160	Avg Reward (Batch): -3.41	Avg Reward (Roll100): -3.90	Actor Loss: -0.0033	Critic Loss: 0.0001	Entropy: 0.4642
2025-05-22 00:43:08,507 INFO PPO Iter: 1430	Total Steps: 2928640	Avg Reward (Batch): -3.41	Avg Reward (Roll100): -3.90	Actor Loss: -0.0002	Critic Loss: 0.0001	Entropy: 0.4791
2025-05-22 00:43:12,638 INFO PPO Iter: 1440	Total Steps: 2949120	Avg Reward (Batch): -3.41	Avg Reward (Roll100): -3.40	Actor Loss: -0.0007	Critic Loss: 0.0000	Entropy: 0.4835
2025-05-22 00:43:16,763 INFO PPO Iter: 1450	Total Steps: 2969600	Avg Reward (Batch): -3.41	Avg Reward (Roll100): -3.90	Actor Loss: -0.0025	Critic Loss: 0.0018	Entropy: 0.4785
2025-05-22 00:43:16,764 INFO Saved PPO actor to /Users/ifditahasanorney/Desktop/PPO_Finetuned/ppo_iter_1450.pth
2025-05-22 00:43:20,925 INFO PPO Iter: 1460	Total Steps: 2990080	Avg Reward (Batch): -3.41	Avg Reward (Roll100): -3.90	Actor Loss: -0.0031	Critic Loss: 0.0000	Entropy: 0.4826
2025-05-22 00:43:25,059 INFO PPO Iter: 1470	Total Steps: 3010560	Avg Reward (Batch): -3.41	Avg Reward (Roll100): -3.40	Actor Loss: -0.0014	Critic Loss: 0.0000	Entropy: 0.4804
2025-05-22 00:43:29,198 INFO PPO Iter: 1480	Total Steps: 3031040	Avg Reward (Batch): -3.41	Avg Reward (Roll100): -3.40	Actor Loss: -0.0001	Critic Loss: 0.0000	Entropy: 0.4804
2025-05-22 00:43:33,348 INFO PPO Iter: 1490	Total Steps: 3051520	Avg Reward (Batch): -3.41	Avg Reward (Roll100): -4.40	Actor Loss: -0.0052	Critic Loss: 0.0020	Entropy: 0.4827
2025-05-22 00:43:37,479 INFO PPO Iter: 1500	Total Steps: 3072000	Avg Reward (Batch): -3.41	Avg Reward (Roll100): -4.90	Actor Loss: -0.0090	Critic Loss: 0.0002	Entropy: 0.4752
2025-05-22 00:43:37,480 INFO Saved PPO actor to /Users/ifditahasanorney/Desktop/PPO_Finetuned/ppo_iter_1500.pth
2025-05-22 00:43:37,480 INFO --- PPO Fine-tuning Complete ---
2025-05-22 00:43:37,481 INFO Final PPO-tuned actor saved to /Users/ifditahasanorney/Desktop/PPO_Finetuned/ppo_final.pth
2025-05-22 00:51:04,303 INFO --- Visualizing Trajectory with: Final PPO-Tuned Dora Policy (Deterministic) ---
2025-05-22 00:51:06,346 INFO Visualization: Trajectory length 500, Final state: (18, 14), Total Reward: -5.00
2025-05-22 00:51:06,346 INFO --- PPO Script Finished ---
