2025-06-06 01:48:31,769 INFO Logging experiment at: /home/ubuntu/Exploration-Policy/atari/data/GravitarNoFrameskip-v4/tensorboard/entropy_0.0
2025-06-06 01:48:58,737 INFO Step 5000 | Avg Reward (100): 207.14 | Actor Loss: -0.0021 | Critic Loss: 359.8953 | Entropy: 2.9200 | KL: N/A | Success Rate: 0.71
2025-06-06 01:48:59,240 INFO Saved model to /home/ubuntu/Exploration-Policy/atari/data/GravitarNoFrameskip-v4/entropy_0.0/ppo_atari_final.pth
2025-06-06 01:49:24,528 INFO Step 10000 | Avg Reward (100): 153.33 | Actor Loss: -0.0007 | Critic Loss: 143.8257 | Entropy: 2.9153 | KL: N/A | Success Rate: 0.50
2025-06-06 01:49:50,582 INFO Step 15000 | Avg Reward (100): 130.43 | Actor Loss: 0.0001 | Critic Loss: 99.4688 | Entropy: 2.9107 | KL: N/A | Success Rate: 0.50
2025-06-06 01:50:16,934 INFO Step 20000 | Avg Reward (100): 151.61 | Actor Loss: -0.0005 | Critic Loss: 257.8970 | Entropy: 2.9084 | KL: N/A | Success Rate: 0.88
2025-06-06 01:50:42,868 INFO Step 25000 | Avg Reward (100): 155.26 | Actor Loss: -0.0007 | Critic Loss: 181.7954 | Entropy: 2.9144 | KL: N/A | Success Rate: 0.57
2025-06-06 01:51:09,064 INFO Step 30000 | Avg Reward (100): 163.04 | Actor Loss: -0.0034 | Critic Loss: 205.0686 | Entropy: 2.9096 | KL: N/A | Success Rate: 0.75
2025-06-06 01:51:35,150 INFO Step 35000 | Avg Reward (100): 170.75 | Actor Loss: 0.0022 | Critic Loss: 252.0260 | Entropy: 2.9119 | KL: N/A | Success Rate: 0.86
2025-06-06 01:52:01,549 INFO Step 40000 | Avg Reward (100): 193.22 | Actor Loss: -0.0017 | Critic Loss: 353.8303 | Entropy: 2.9137 | KL: N/A | Success Rate: 0.67
2025-06-06 01:52:27,668 INFO Step 45000 | Avg Reward (100): 202.24 | Actor Loss: -0.0050 | Critic Loss: 299.7927 | Entropy: 2.9136 | KL: N/A | Success Rate: 0.88
2025-06-06 01:52:53,863 INFO Step 50000 | Avg Reward (100): 191.22 | Actor Loss: 0.0001 | Critic Loss: 101.0307 | Entropy: 2.9091 | KL: N/A | Success Rate: 0.29
2025-06-06 01:53:19,873 INFO Step 55000 | Avg Reward (100): 192.59 | Actor Loss: -0.0087 | Critic Loss: 173.9601 | Entropy: 2.9069 | KL: N/A | Success Rate: 0.57
2025-06-06 01:53:46,169 INFO Step 60000 | Avg Reward (100): 179.21 | Actor Loss: -0.0005 | Critic Loss: 63.0767 | Entropy: 2.9028 | KL: N/A | Success Rate: 0.25
2025-06-06 01:54:12,185 INFO Step 65000 | Avg Reward (100): 176.02 | Actor Loss: 0.0001 | Critic Loss: 80.7774 | Entropy: 2.9006 | KL: N/A | Success Rate: 0.67
2025-06-06 01:54:38,535 INFO Step 70000 | Avg Reward (100): 169.50 | Actor Loss: -0.0061 | Critic Loss: 124.9600 | Entropy: 2.8956 | KL: N/A | Success Rate: 0.71
2025-06-06 01:55:04,607 INFO Step 75000 | Avg Reward (100): 185.50 | Actor Loss: -0.0027 | Critic Loss: 294.4090 | Entropy: 2.9002 | KL: N/A | Success Rate: 0.75
2025-06-06 01:55:31,034 INFO Step 80000 | Avg Reward (100): 195.50 | Actor Loss: -0.0022 | Critic Loss: 255.4782 | Entropy: 2.8961 | KL: N/A | Success Rate: 0.62
2025-06-06 01:55:57,015 INFO Step 85000 | Avg Reward (100): 195.50 | Actor Loss: -0.0025 | Critic Loss: 278.3048 | Entropy: 2.9002 | KL: N/A | Success Rate: 0.62
2025-06-06 01:56:23,444 INFO Step 90000 | Avg Reward (100): 200.50 | Actor Loss: -0.0049 | Critic Loss: 216.8953 | Entropy: 2.8970 | KL: N/A | Success Rate: 0.88
2025-06-06 01:56:49,668 INFO Step 95000 | Avg Reward (100): 206.00 | Actor Loss: -0.0031 | Critic Loss: 266.6940 | Entropy: 2.8967 | KL: N/A | Success Rate: 0.71
2025-06-06 01:57:16,055 INFO Step 100000 | Avg Reward (100): 204.50 | Actor Loss: -0.0009 | Critic Loss: 199.5454 | Entropy: 2.8892 | KL: N/A | Success Rate: 0.75
2025-06-06 01:57:42,518 INFO Step 105000 | Avg Reward (100): 185.50 | Actor Loss: -0.0046 | Critic Loss: 150.2147 | Entropy: 2.8872 | KL: N/A | Success Rate: 0.50
2025-06-06 01:58:08,997 INFO Step 110000 | Avg Reward (100): 181.00 | Actor Loss: -0.0012 | Critic Loss: 241.5996 | Entropy: 2.8787 | KL: N/A | Success Rate: 0.75
2025-06-06 01:58:35,188 INFO Step 115000 | Avg Reward (100): 196.00 | Actor Loss: -0.0058 | Critic Loss: 277.1003 | Entropy: 2.8661 | KL: N/A | Success Rate: 0.62
2025-06-06 01:59:01,811 INFO Step 120000 | Avg Reward (100): 201.50 | Actor Loss: -0.0028 | Critic Loss: 212.3368 | Entropy: 2.8550 | KL: N/A | Success Rate: 0.75
2025-06-06 01:59:28,242 INFO Step 125000 | Avg Reward (100): 206.50 | Actor Loss: -0.0005 | Critic Loss: 175.3227 | Entropy: 2.8527 | KL: N/A | Success Rate: 0.43
2025-06-06 01:59:54,831 INFO Step 130000 | Avg Reward (100): 232.00 | Actor Loss: -0.0029 | Critic Loss: 469.2573 | Entropy: 2.8442 | KL: N/A | Success Rate: 0.88
2025-06-06 02:00:21,096 INFO Step 135000 | Avg Reward (100): 229.50 | Actor Loss: -0.0007 | Critic Loss: 183.7004 | Entropy: 2.8595 | KL: N/A | Success Rate: 0.75
2025-06-06 02:00:47,758 INFO Step 140000 | Avg Reward (100): 231.50 | Actor Loss: -0.0085 | Critic Loss: 231.7370 | Entropy: 2.8548 | KL: N/A | Success Rate: 0.88
2025-06-06 02:01:14,131 INFO Step 145000 | Avg Reward (100): 232.00 | Actor Loss: -0.0062 | Critic Loss: 209.6179 | Entropy: 2.8543 | KL: N/A | Success Rate: 0.88
2025-06-06 02:01:40,756 INFO Step 150000 | Avg Reward (100): 243.00 | Actor Loss: -0.0049 | Critic Loss: 385.0774 | Entropy: 2.8562 | KL: N/A | Success Rate: 0.88
2025-06-06 02:02:07,012 INFO Step 155000 | Avg Reward (100): 240.50 | Actor Loss: -0.0074 | Critic Loss: 245.3668 | Entropy: 2.8387 | KL: N/A | Success Rate: 0.50
2025-06-06 02:02:33,565 INFO Step 160000 | Avg Reward (100): 242.50 | Actor Loss: -0.0072 | Critic Loss: 267.5692 | Entropy: 2.8409 | KL: N/A | Success Rate: 0.62
2025-06-06 02:02:59,961 INFO Step 165000 | Avg Reward (100): 241.00 | Actor Loss: -0.0061 | Critic Loss: 212.0761 | Entropy: 2.8455 | KL: N/A | Success Rate: 0.88
2025-06-06 02:03:26,418 INFO Step 170000 | Avg Reward (100): 251.00 | Actor Loss: -0.0066 | Critic Loss: 261.3298 | Entropy: 2.8381 | KL: N/A | Success Rate: 0.86
2025-06-06 02:03:52,809 INFO Step 175000 | Avg Reward (100): 249.50 | Actor Loss: -0.0058 | Critic Loss: 285.2865 | Entropy: 2.8316 | KL: N/A | Success Rate: 0.78
2025-06-06 02:04:19,265 INFO Step 180000 | Avg Reward (100): 249.50 | Actor Loss: -0.0113 | Critic Loss: 156.7859 | Entropy: 2.8292 | KL: N/A | Success Rate: 0.50
2025-06-06 02:04:45,482 INFO Step 185000 | Avg Reward (100): 264.00 | Actor Loss: -0.0056 | Critic Loss: 1013.6206 | Entropy: 2.8151 | KL: N/A | Success Rate: 0.75
2025-06-06 02:05:11,886 INFO Step 190000 | Avg Reward (100): 262.00 | Actor Loss: -0.0091 | Critic Loss: 231.7301 | Entropy: 2.8044 | KL: N/A | Success Rate: 0.62
2025-06-06 02:05:38,136 INFO Step 195000 | Avg Reward (100): 243.00 | Actor Loss: -0.0075 | Critic Loss: 204.5501 | Entropy: 2.8227 | KL: N/A | Success Rate: 0.62
2025-06-06 02:06:04,578 INFO Step 200000 | Avg Reward (100): 239.50 | Actor Loss: -0.0110 | Critic Loss: 100.8880 | Entropy: 2.7765 | KL: N/A | Success Rate: 0.71
2025-06-06 02:06:30,719 INFO Step 205000 | Avg Reward (100): 240.50 | Actor Loss: -0.0124 | Critic Loss: 345.6003 | Entropy: 2.8099 | KL: N/A | Success Rate: 0.57
2025-06-06 02:06:57,052 INFO Step 210000 | Avg Reward (100): 242.00 | Actor Loss: -0.0096 | Critic Loss: 214.5741 | Entropy: 2.7811 | KL: N/A | Success Rate: 0.56
2025-06-06 02:07:23,273 INFO Step 215000 | Avg Reward (100): 233.50 | Actor Loss: -0.0119 | Critic Loss: 261.2199 | Entropy: 2.7940 | KL: N/A | Success Rate: 0.62
2025-06-06 02:07:49,720 INFO Step 220000 | Avg Reward (100): 230.50 | Actor Loss: -0.0072 | Critic Loss: 182.2323 | Entropy: 2.7750 | KL: N/A | Success Rate: 0.50
2025-06-06 02:08:15,924 INFO Step 225000 | Avg Reward (100): 228.00 | Actor Loss: -0.0110 | Critic Loss: 282.2453 | Entropy: 2.7871 | KL: N/A | Success Rate: 0.86
2025-06-06 02:08:42,350 INFO Step 230000 | Avg Reward (100): 240.50 | Actor Loss: -0.0121 | Critic Loss: 352.3679 | Entropy: 2.7750 | KL: N/A | Success Rate: 0.88
2025-06-06 02:09:08,460 INFO Step 235000 | Avg Reward (100): 229.50 | Actor Loss: -0.0097 | Critic Loss: 206.8810 | Entropy: 2.7416 | KL: N/A | Success Rate: 0.50
2025-06-06 02:09:34,898 INFO Step 240000 | Avg Reward (100): 224.50 | Actor Loss: -0.0153 | Critic Loss: 149.1818 | Entropy: 2.7304 | KL: N/A | Success Rate: 0.50
2025-06-06 02:10:01,063 INFO Step 245000 | Avg Reward (100): 207.50 | Actor Loss: -0.0101 | Critic Loss: 193.0520 | Entropy: 2.7210 | KL: N/A | Success Rate: 0.75
2025-06-06 02:10:27,437 INFO Step 250000 | Avg Reward (100): 213.00 | Actor Loss: -0.0088 | Critic Loss: 223.2890 | Entropy: 2.7246 | KL: N/A | Success Rate: 0.62
2025-06-06 02:10:28,592 INFO Saved state-action counts @ step 250000 → /home/ubuntu/Exploration-Policy/atari/data/GravitarNoFrameskip-v4/entropy_0.0/discretized_state_action_counts_250000.pkl
2025-06-06 02:10:30,418 INFO Saved bucket‐average critic loss @ step 250000 → /home/ubuntu/Exploration-Policy/atari/data/GravitarNoFrameskip-v4/entropy_0.0/bucket_loss_250000.pkl
2025-06-06 02:10:30,419 INFO Saved RLFT state visitation counts @ step 250000 → /home/ubuntu/Exploration-Policy/atari/data/GravitarNoFrameskip-v4/entropy_0.0/rlft_state_counts_250000.pkl
2025-06-06 02:10:56,136 INFO Step 255000 | Avg Reward (100): 217.00 | Actor Loss: -0.0166 | Critic Loss: 231.7767 | Entropy: 2.6976 | KL: N/A | Success Rate: 0.75
2025-06-06 02:10:56,659 INFO Saved model to /home/ubuntu/Exploration-Policy/atari/data/GravitarNoFrameskip-v4/entropy_0.0/ppo_atari_final.pth
2025-06-06 02:11:22,528 INFO Step 260000 | Avg Reward (100): 232.00 | Actor Loss: -0.0130 | Critic Loss: 384.8433 | Entropy: 2.7066 | KL: N/A | Success Rate: 0.86
2025-06-06 02:11:48,776 INFO Step 265000 | Avg Reward (100): 241.50 | Actor Loss: -0.0080 | Critic Loss: 306.1229 | Entropy: 2.7108 | KL: N/A | Success Rate: 0.75
2025-06-06 02:12:15,093 INFO Step 270000 | Avg Reward (100): 242.00 | Actor Loss: -0.0145 | Critic Loss: 235.3476 | Entropy: 2.7162 | KL: N/A | Success Rate: 1.00
2025-06-06 02:12:41,303 INFO Step 275000 | Avg Reward (100): 263.00 | Actor Loss: -0.0103 | Critic Loss: 316.5166 | Entropy: 2.7082 | KL: N/A | Success Rate: 1.00
2025-06-06 02:13:07,488 INFO Step 280000 | Avg Reward (100): 261.50 | Actor Loss: -0.0106 | Critic Loss: 198.8473 | Entropy: 2.6922 | KL: N/A | Success Rate: 0.62
2025-06-06 02:13:33,528 INFO Step 285000 | Avg Reward (100): 262.50 | Actor Loss: -0.0134 | Critic Loss: 207.0652 | Entropy: 2.6767 | KL: N/A | Success Rate: 0.75
2025-06-06 02:13:59,718 INFO Step 290000 | Avg Reward (100): 271.00 | Actor Loss: -0.0121 | Critic Loss: 368.9399 | Entropy: 2.6987 | KL: N/A | Success Rate: 0.88
2025-06-06 02:14:25,627 INFO Step 295000 | Avg Reward (100): 266.00 | Actor Loss: -0.0133 | Critic Loss: 215.4622 | Entropy: 2.6730 | KL: N/A | Success Rate: 0.75
2025-06-06 02:14:51,704 INFO Step 300000 | Avg Reward (100): 264.50 | Actor Loss: -0.0140 | Critic Loss: 155.9033 | Entropy: 2.6514 | KL: N/A | Success Rate: 0.67
2025-06-06 02:15:17,677 INFO Step 305000 | Avg Reward (100): 287.00 | Actor Loss: -0.0144 | Critic Loss: 348.0268 | Entropy: 2.6627 | KL: N/A | Success Rate: 1.00
2025-06-06 02:15:43,838 INFO Step 310000 | Avg Reward (100): 290.00 | Actor Loss: -0.0147 | Critic Loss: 220.1068 | Entropy: 2.6515 | KL: N/A | Success Rate: 1.00
2025-06-06 02:16:09,948 INFO Step 315000 | Avg Reward (100): 295.50 | Actor Loss: -0.0132 | Critic Loss: 228.3733 | Entropy: 2.6817 | KL: N/A | Success Rate: 1.00
2025-06-06 02:16:36,072 INFO Step 320000 | Avg Reward (100): 303.00 | Actor Loss: -0.0128 | Critic Loss: 179.1503 | Entropy: 2.6757 | KL: N/A | Success Rate: 1.00
2025-06-06 02:17:02,021 INFO Step 325000 | Avg Reward (100): 325.00 | Actor Loss: -0.0096 | Critic Loss: 1305.7681 | Entropy: 2.6992 | KL: N/A | Success Rate: 1.00
2025-06-06 02:17:28,148 INFO Step 330000 | Avg Reward (100): 327.50 | Actor Loss: -0.0150 | Critic Loss: 319.4491 | Entropy: 2.6785 | KL: N/A | Success Rate: 1.00
2025-06-06 02:17:54,256 INFO Step 335000 | Avg Reward (100): 331.00 | Actor Loss: -0.0127 | Critic Loss: 269.9304 | Entropy: 2.6866 | KL: N/A | Success Rate: 0.86
2025-06-06 02:18:20,309 INFO Step 340000 | Avg Reward (100): 317.50 | Actor Loss: -0.0101 | Critic Loss: 202.1005 | Entropy: 2.6842 | KL: N/A | Success Rate: 0.29
2025-06-06 02:18:46,285 INFO Step 345000 | Avg Reward (100): 322.50 | Actor Loss: -0.0121 | Critic Loss: 186.3621 | Entropy: 2.6859 | KL: N/A | Success Rate: 1.00
2025-06-06 02:19:12,423 INFO Step 350000 | Avg Reward (100): 337.50 | Actor Loss: -0.0169 | Critic Loss: 377.0590 | Entropy: 2.6607 | KL: N/A | Success Rate: 0.88
2025-06-06 02:19:38,370 INFO Step 355000 | Avg Reward (100): 331.50 | Actor Loss: -0.0149 | Critic Loss: 214.4200 | Entropy: 2.6676 | KL: N/A | Success Rate: 0.86
2025-06-06 02:20:04,582 INFO Step 360000 | Avg Reward (100): 337.00 | Actor Loss: -0.0151 | Critic Loss: 251.4451 | Entropy: 2.6565 | KL: N/A | Success Rate: 0.71
2025-06-06 02:20:30,490 INFO Step 365000 | Avg Reward (100): 342.00 | Actor Loss: -0.0133 | Critic Loss: 251.4051 | Entropy: 2.6264 | KL: N/A | Success Rate: 0.88
2025-06-06 02:20:56,623 INFO Step 370000 | Avg Reward (100): 336.50 | Actor Loss: -0.0110 | Critic Loss: 255.9375 | Entropy: 2.6577 | KL: N/A | Success Rate: 1.00
2025-06-06 02:21:22,551 INFO Step 375000 | Avg Reward (100): 333.00 | Actor Loss: -0.0135 | Critic Loss: 219.2564 | Entropy: 2.6226 | KL: N/A | Success Rate: 0.86
2025-06-06 02:21:48,690 INFO Step 380000 | Avg Reward (100): 325.50 | Actor Loss: -0.0130 | Critic Loss: 181.8377 | Entropy: 2.6080 | KL: N/A | Success Rate: 0.75
2025-06-06 02:22:14,712 INFO Step 385000 | Avg Reward (100): 321.50 | Actor Loss: -0.0171 | Critic Loss: 253.6719 | Entropy: 2.6141 | KL: N/A | Success Rate: 0.71
2025-06-06 02:22:40,864 INFO Step 390000 | Avg Reward (100): 298.50 | Actor Loss: -0.0165 | Critic Loss: 197.5983 | Entropy: 2.6257 | KL: N/A | Success Rate: 0.86
2025-06-06 02:23:06,852 INFO Step 395000 | Avg Reward (100): 288.50 | Actor Loss: -0.0160 | Critic Loss: 206.0512 | Entropy: 2.5944 | KL: N/A | Success Rate: 0.86
2025-06-06 02:23:32,986 INFO Step 400000 | Avg Reward (100): 291.50 | Actor Loss: -0.0147 | Critic Loss: 233.5613 | Entropy: 2.6055 | KL: N/A | Success Rate: 1.00
2025-06-06 02:23:58,960 INFO Step 405000 | Avg Reward (100): 292.50 | Actor Loss: -0.0138 | Critic Loss: 265.3057 | Entropy: 2.5872 | KL: N/A | Success Rate: 1.00
2025-06-06 02:24:25,257 INFO Step 410000 | Avg Reward (100): 295.00 | Actor Loss: -0.0183 | Critic Loss: 185.7676 | Entropy: 2.6260 | KL: N/A | Success Rate: 0.71
2025-06-06 02:24:51,372 INFO Step 415000 | Avg Reward (100): 285.00 | Actor Loss: -0.0133 | Critic Loss: 193.6265 | Entropy: 2.5948 | KL: N/A | Success Rate: 0.88
2025-06-06 02:25:17,519 INFO Step 420000 | Avg Reward (100): 274.50 | Actor Loss: -0.0180 | Critic Loss: 217.4793 | Entropy: 2.5527 | KL: N/A | Success Rate: 0.62
2025-06-06 02:25:43,476 INFO Step 425000 | Avg Reward (100): 276.50 | Actor Loss: -0.0167 | Critic Loss: 241.2761 | Entropy: 2.5361 | KL: N/A | Success Rate: 0.75
2025-06-06 02:26:09,671 INFO Step 430000 | Avg Reward (100): 272.00 | Actor Loss: -0.0140 | Critic Loss: 179.6411 | Entropy: 2.5534 | KL: N/A | Success Rate: 0.75
2025-06-06 02:26:35,770 INFO Step 435000 | Avg Reward (100): 270.50 | Actor Loss: -0.0143 | Critic Loss: 214.5043 | Entropy: 2.5713 | KL: N/A | Success Rate: 0.62
2025-06-06 02:27:01,936 INFO Step 440000 | Avg Reward (100): 260.50 | Actor Loss: -0.0154 | Critic Loss: 191.3631 | Entropy: 2.5356 | KL: N/A | Success Rate: 0.75
2025-06-06 02:27:28,103 INFO Step 445000 | Avg Reward (100): 267.50 | Actor Loss: -0.0099 | Critic Loss: 228.6300 | Entropy: 2.5021 | KL: N/A | Success Rate: 0.86
2025-06-06 02:27:54,316 INFO Step 450000 | Avg Reward (100): 263.50 | Actor Loss: -0.0150 | Critic Loss: 256.2725 | Entropy: 2.4926 | KL: N/A | Success Rate: 0.50
2025-06-06 02:28:20,758 INFO Step 455000 | Avg Reward (100): 268.00 | Actor Loss: -0.0161 | Critic Loss: 236.2557 | Entropy: 2.5233 | KL: N/A | Success Rate: 1.00
2025-06-06 02:28:46,934 INFO Step 460000 | Avg Reward (100): 261.00 | Actor Loss: -0.0128 | Critic Loss: 187.3919 | Entropy: 2.4541 | KL: N/A | Success Rate: 0.75
2025-06-06 02:29:13,017 INFO Step 465000 | Avg Reward (100): 254.00 | Actor Loss: -0.0205 | Critic Loss: 223.5175 | Entropy: 2.4663 | KL: N/A | Success Rate: 0.88
2025-06-06 02:29:39,268 INFO Step 470000 | Avg Reward (100): 248.50 | Actor Loss: -0.0171 | Critic Loss: 261.5689 | Entropy: 2.4782 | KL: N/A | Success Rate: 0.78
2025-06-06 02:30:05,395 INFO Step 475000 | Avg Reward (100): 246.00 | Actor Loss: -0.0195 | Critic Loss: 224.2927 | Entropy: 2.4270 | KL: N/A | Success Rate: 0.62
2025-06-06 02:30:31,543 INFO Step 480000 | Avg Reward (100): 249.50 | Actor Loss: -0.0156 | Critic Loss: 230.9418 | Entropy: 2.4487 | KL: N/A | Success Rate: 0.88
2025-06-06 02:30:57,729 INFO Step 485000 | Avg Reward (100): 252.00 | Actor Loss: -0.0145 | Critic Loss: 196.6867 | Entropy: 2.4688 | KL: N/A | Success Rate: 0.86
2025-06-06 02:31:24,058 INFO Step 490000 | Avg Reward (100): 241.50 | Actor Loss: -0.0203 | Critic Loss: 168.2806 | Entropy: 2.4629 | KL: N/A | Success Rate: 0.67
2025-06-06 02:31:50,220 INFO Step 495000 | Avg Reward (100): 248.00 | Actor Loss: -0.0163 | Critic Loss: 236.2658 | Entropy: 2.4425 | KL: N/A | Success Rate: 0.88
2025-06-06 02:32:16,463 INFO Step 500000 | Avg Reward (100): 251.50 | Actor Loss: -0.0138 | Critic Loss: 217.2892 | Entropy: 2.4945 | KL: N/A | Success Rate: 0.75
2025-06-06 02:32:17,668 INFO Saved state-action counts @ step 500000 → /home/ubuntu/Exploration-Policy/atari/data/GravitarNoFrameskip-v4/entropy_0.0/discretized_state_action_counts_500000.pkl
2025-06-06 02:32:19,524 INFO Saved bucket‐average critic loss @ step 500000 → /home/ubuntu/Exploration-Policy/atari/data/GravitarNoFrameskip-v4/entropy_0.0/bucket_loss_500000.pkl
2025-06-06 02:32:19,525 INFO Saved RLFT state visitation counts @ step 500000 → /home/ubuntu/Exploration-Policy/atari/data/GravitarNoFrameskip-v4/entropy_0.0/rlft_state_counts_500000.pkl
2025-06-06 02:32:45,352 INFO Step 505000 | Avg Reward (100): 237.50 | Actor Loss: -0.0193 | Critic Loss: 157.2325 | Entropy: 2.3439 | KL: N/A | Success Rate: 0.67
2025-06-06 02:32:45,874 INFO Saved model to /home/ubuntu/Exploration-Policy/atari/data/GravitarNoFrameskip-v4/entropy_0.0/ppo_atari_final.pth
2025-06-06 02:33:11,519 INFO Step 510000 | Avg Reward (100): 250.50 | Actor Loss: -0.0126 | Critic Loss: 186.3930 | Entropy: 2.4730 | KL: N/A | Success Rate: 1.00
2025-06-06 02:33:37,613 INFO Step 515000 | Avg Reward (100): 256.50 | Actor Loss: -0.0177 | Critic Loss: 192.5097 | Entropy: 2.4780 | KL: N/A | Success Rate: 0.86
2025-06-06 02:34:03,899 INFO Step 520000 | Avg Reward (100): 258.00 | Actor Loss: -0.0168 | Critic Loss: 276.7349 | Entropy: 2.5004 | KL: N/A | Success Rate: 0.88
2025-06-06 02:34:30,136 INFO Step 525000 | Avg Reward (100): 260.50 | Actor Loss: -0.0148 | Critic Loss: 225.5317 | Entropy: 2.5249 | KL: N/A | Success Rate: 1.00
2025-06-06 02:34:56,387 INFO Step 530000 | Avg Reward (100): 264.50 | Actor Loss: -0.0226 | Critic Loss: 175.7641 | Entropy: 2.5315 | KL: N/A | Success Rate: 0.71
2025-06-06 02:35:22,563 INFO Step 535000 | Avg Reward (100): 263.00 | Actor Loss: -0.0201 | Critic Loss: 221.5406 | Entropy: 2.4573 | KL: N/A | Success Rate: 0.88
2025-06-06 02:35:48,763 INFO Step 540000 | Avg Reward (100): 255.00 | Actor Loss: -0.0167 | Critic Loss: 119.4021 | Entropy: 2.3638 | KL: N/A | Success Rate: 0.62
2025-06-06 02:36:15,005 INFO Step 545000 | Avg Reward (100): 259.00 | Actor Loss: -0.0179 | Critic Loss: 180.4540 | Entropy: 2.4708 | KL: N/A | Success Rate: 1.00
2025-06-06 02:36:41,546 INFO Step 550000 | Avg Reward (100): 265.50 | Actor Loss: -0.0157 | Critic Loss: 395.4008 | Entropy: 2.4752 | KL: N/A | Success Rate: 1.00
2025-06-06 02:37:07,795 INFO Step 555000 | Avg Reward (100): 280.50 | Actor Loss: -0.0185 | Critic Loss: 263.7140 | Entropy: 2.5070 | KL: N/A | Success Rate: 1.00
2025-06-06 02:37:34,049 INFO Step 560000 | Avg Reward (100): 275.00 | Actor Loss: -0.0166 | Critic Loss: 206.4296 | Entropy: 2.4000 | KL: N/A | Success Rate: 0.62
2025-06-06 02:38:00,249 INFO Step 565000 | Avg Reward (100): 278.50 | Actor Loss: -0.0183 | Critic Loss: 144.8772 | Entropy: 2.3850 | KL: N/A | Success Rate: 0.88
2025-06-06 02:38:26,578 INFO Step 570000 | Avg Reward (100): 293.50 | Actor Loss: -0.0170 | Critic Loss: 274.3324 | Entropy: 2.4510 | KL: N/A | Success Rate: 0.88
2025-06-06 02:38:52,862 INFO Step 575000 | Avg Reward (100): 299.50 | Actor Loss: -0.0202 | Critic Loss: 261.5711 | Entropy: 2.4549 | KL: N/A | Success Rate: 1.00
2025-06-06 02:39:19,273 INFO Step 580000 | Avg Reward (100): 306.50 | Actor Loss: -0.0186 | Critic Loss: 302.9453 | Entropy: 2.4656 | KL: N/A | Success Rate: 1.00
2025-06-06 02:39:45,520 INFO Step 585000 | Avg Reward (100): 304.50 | Actor Loss: -0.0178 | Critic Loss: 210.7998 | Entropy: 2.4503 | KL: N/A | Success Rate: 1.00
2025-06-06 02:40:11,842 INFO Step 590000 | Avg Reward (100): 297.00 | Actor Loss: -0.0112 | Critic Loss: 224.5513 | Entropy: 2.3746 | KL: N/A | Success Rate: 0.89
2025-06-06 02:40:38,180 INFO Step 595000 | Avg Reward (100): 303.50 | Actor Loss: -0.0183 | Critic Loss: 182.0634 | Entropy: 2.4047 | KL: N/A | Success Rate: 0.88
2025-06-06 02:41:04,599 INFO Step 600000 | Avg Reward (100): 307.50 | Actor Loss: -0.0197 | Critic Loss: 235.7536 | Entropy: 2.4340 | KL: N/A | Success Rate: 1.00
2025-06-06 02:41:30,911 INFO Step 605000 | Avg Reward (100): 326.00 | Actor Loss: -0.0139 | Critic Loss: 281.9921 | Entropy: 2.4703 | KL: N/A | Success Rate: 1.00
2025-06-06 02:41:57,300 INFO Step 610000 | Avg Reward (100): 322.50 | Actor Loss: -0.0175 | Critic Loss: 269.7012 | Entropy: 2.4138 | KL: N/A | Success Rate: 0.75
2025-06-06 02:42:23,694 INFO Step 615000 | Avg Reward (100): 308.00 | Actor Loss: -0.0153 | Critic Loss: 225.2613 | Entropy: 2.4675 | KL: N/A | Success Rate: 0.75
2025-06-06 02:42:50,382 INFO Step 620000 | Avg Reward (100): 299.00 | Actor Loss: -0.0165 | Critic Loss: 131.2977 | Entropy: 2.4761 | KL: N/A | Success Rate: 0.71
2025-06-06 02:43:17,165 INFO Step 625000 | Avg Reward (100): 297.00 | Actor Loss: -0.0169 | Critic Loss: 132.4481 | Entropy: 2.3592 | KL: N/A | Success Rate: 0.88
2025-06-06 02:43:44,018 INFO Step 630000 | Avg Reward (100): 286.50 | Actor Loss: -0.0172 | Critic Loss: 72.0968 | Entropy: 2.3079 | KL: N/A | Success Rate: 0.67
2025-06-06 02:44:10,822 INFO Step 635000 | Avg Reward (100): 269.50 | Actor Loss: -0.0199 | Critic Loss: 184.8895 | Entropy: 2.3673 | KL: N/A | Success Rate: 0.75
2025-06-06 02:44:37,617 INFO Step 640000 | Avg Reward (100): 263.50 | Actor Loss: -0.0193 | Critic Loss: 168.2734 | Entropy: 2.3695 | KL: N/A | Success Rate: 0.88
2025-06-06 02:45:04,582 INFO Step 645000 | Avg Reward (100): 265.00 | Actor Loss: -0.0188 | Critic Loss: 232.9646 | Entropy: 2.3935 | KL: N/A | Success Rate: 1.00
2025-06-06 02:45:31,504 INFO Step 650000 | Avg Reward (100): 264.00 | Actor Loss: -0.0199 | Critic Loss: 112.0246 | Entropy: 2.3776 | KL: N/A | Success Rate: 1.00
2025-06-06 02:45:58,292 INFO Step 655000 | Avg Reward (100): 274.00 | Actor Loss: -0.0181 | Critic Loss: 326.1599 | Entropy: 2.3966 | KL: N/A | Success Rate: 0.86
2025-06-06 02:46:25,354 INFO Step 660000 | Avg Reward (100): 286.50 | Actor Loss: -0.0151 | Critic Loss: 307.5240 | Entropy: 2.3960 | KL: N/A | Success Rate: 1.00
2025-06-06 02:46:52,331 INFO Step 665000 | Avg Reward (100): 285.50 | Actor Loss: -0.0160 | Critic Loss: 227.1471 | Entropy: 2.3690 | KL: N/A | Success Rate: 1.00
2025-06-06 02:47:19,354 INFO Step 670000 | Avg Reward (100): 285.00 | Actor Loss: -0.0226 | Critic Loss: 154.2864 | Entropy: 2.3273 | KL: N/A | Success Rate: 1.00
2025-06-06 02:47:46,270 INFO Step 675000 | Avg Reward (100): 288.50 | Actor Loss: -0.0185 | Critic Loss: 279.1583 | Entropy: 2.3932 | KL: N/A | Success Rate: 1.00
2025-06-06 02:48:13,248 INFO Step 680000 | Avg Reward (100): 292.00 | Actor Loss: -0.0193 | Critic Loss: 146.5786 | Entropy: 2.3747 | KL: N/A | Success Rate: 1.00
2025-06-06 02:48:40,027 INFO Step 685000 | Avg Reward (100): 296.00 | Actor Loss: -0.0165 | Critic Loss: 143.7642 | Entropy: 2.3286 | KL: N/A | Success Rate: 0.75
2025-06-06 02:49:07,069 INFO Step 690000 | Avg Reward (100): 299.50 | Actor Loss: -0.0188 | Critic Loss: 201.8510 | Entropy: 2.3591 | KL: N/A | Success Rate: 0.88
2025-06-06 02:49:33,903 INFO Step 695000 | Avg Reward (100): 300.00 | Actor Loss: -0.0162 | Critic Loss: 131.7847 | Entropy: 2.3269 | KL: N/A | Success Rate: 0.50
2025-06-06 02:50:00,829 INFO Step 700000 | Avg Reward (100): 302.50 | Actor Loss: -0.0173 | Critic Loss: 169.0004 | Entropy: 2.3555 | KL: N/A | Success Rate: 1.00
2025-06-06 02:50:27,752 INFO Step 705000 | Avg Reward (100): 307.50 | Actor Loss: -0.0150 | Critic Loss: 225.2898 | Entropy: 2.3567 | KL: N/A | Success Rate: 1.00
2025-06-06 02:50:54,781 INFO Step 710000 | Avg Reward (100): 305.00 | Actor Loss: -0.0175 | Critic Loss: 211.1854 | Entropy: 2.3781 | KL: N/A | Success Rate: 0.88
2025-06-06 02:51:21,714 INFO Step 715000 | Avg Reward (100): 293.00 | Actor Loss: -0.0219 | Critic Loss: 171.9760 | Entropy: 2.2907 | KL: N/A | Success Rate: 0.78
2025-06-06 02:51:48,685 INFO Step 720000 | Avg Reward (100): 283.00 | Actor Loss: -0.0190 | Critic Loss: 160.9230 | Entropy: 2.3421 | KL: N/A | Success Rate: 0.62
2025-06-06 02:52:15,570 INFO Step 725000 | Avg Reward (100): 261.50 | Actor Loss: -0.0206 | Critic Loss: 147.0898 | Entropy: 2.3043 | KL: N/A | Success Rate: 0.78
2025-06-06 02:52:42,547 INFO Step 730000 | Avg Reward (100): 251.50 | Actor Loss: -0.0221 | Critic Loss: 138.9729 | Entropy: 2.3437 | KL: N/A | Success Rate: 0.78
2025-06-06 02:53:09,646 INFO Step 735000 | Avg Reward (100): 251.50 | Actor Loss: -0.0147 | Critic Loss: 209.1205 | Entropy: 2.3643 | KL: N/A | Success Rate: 1.00
2025-06-06 02:53:36,879 INFO Step 740000 | Avg Reward (100): 254.00 | Actor Loss: -0.0203 | Critic Loss: 227.2437 | Entropy: 2.3459 | KL: N/A | Success Rate: 0.88
2025-06-06 02:54:03,487 INFO Step 745000 | Avg Reward (100): 251.00 | Actor Loss: -0.0186 | Critic Loss: 144.5302 | Entropy: 2.3264 | KL: N/A | Success Rate: 1.00
2025-06-06 02:54:30,230 INFO Step 750000 | Avg Reward (100): 256.00 | Actor Loss: -0.0203 | Critic Loss: 215.6045 | Entropy: 2.3626 | KL: N/A | Success Rate: 0.88
2025-06-06 02:54:31,442 INFO Saved state-action counts @ step 750000 → /home/ubuntu/Exploration-Policy/atari/data/GravitarNoFrameskip-v4/entropy_0.0/discretized_state_action_counts_750000.pkl
2025-06-06 02:54:33,320 INFO Saved bucket‐average critic loss @ step 750000 → /home/ubuntu/Exploration-Policy/atari/data/GravitarNoFrameskip-v4/entropy_0.0/bucket_loss_750000.pkl
2025-06-06 02:54:33,320 INFO Saved RLFT state visitation counts @ step 750000 → /home/ubuntu/Exploration-Policy/atari/data/GravitarNoFrameskip-v4/entropy_0.0/rlft_state_counts_750000.pkl
2025-06-06 02:54:59,637 INFO Step 755000 | Avg Reward (100): 249.50 | Actor Loss: -0.0184 | Critic Loss: 97.4653 | Entropy: 2.2583 | KL: N/A | Success Rate: 0.88
2025-06-06 02:55:00,171 INFO Saved model to /home/ubuntu/Exploration-Policy/atari/data/GravitarNoFrameskip-v4/entropy_0.0/ppo_atari_final.pth
2025-06-06 02:55:26,661 INFO Step 760000 | Avg Reward (100): 255.50 | Actor Loss: -0.0159 | Critic Loss: 149.0154 | Entropy: 2.2738 | KL: N/A | Success Rate: 1.00
2025-06-06 02:55:53,545 INFO Step 765000 | Avg Reward (100): 258.00 | Actor Loss: -0.0226 | Critic Loss: 262.7435 | Entropy: 2.2788 | KL: N/A | Success Rate: 0.88
2025-06-06 02:56:20,454 INFO Step 770000 | Avg Reward (100): 245.50 | Actor Loss: -0.0143 | Critic Loss: 126.3965 | Entropy: 2.2807 | KL: N/A | Success Rate: 0.89
2025-06-06 02:56:47,323 INFO Step 775000 | Avg Reward (100): 245.00 | Actor Loss: -0.0229 | Critic Loss: 98.1409 | Entropy: 2.3013 | KL: N/A | Success Rate: 0.62
2025-06-06 02:57:14,296 INFO Step 780000 | Avg Reward (100): 246.00 | Actor Loss: -0.0182 | Critic Loss: 110.0647 | Entropy: 2.2564 | KL: N/A | Success Rate: 1.00
2025-06-06 02:57:41,485 INFO Step 785000 | Avg Reward (100): 257.00 | Actor Loss: -0.0179 | Critic Loss: 173.2518 | Entropy: 2.2937 | KL: N/A | Success Rate: 0.88
2025-06-06 02:58:08,453 INFO Step 790000 | Avg Reward (100): 262.00 | Actor Loss: -0.0178 | Critic Loss: 187.3706 | Entropy: 2.2674 | KL: N/A | Success Rate: 0.88
2025-06-06 02:58:35,583 INFO Step 795000 | Avg Reward (100): 263.50 | Actor Loss: -0.0190 | Critic Loss: 178.5103 | Entropy: 2.2748 | KL: N/A | Success Rate: 1.00
2025-06-06 02:59:02,625 INFO Step 800000 | Avg Reward (100): 262.50 | Actor Loss: -0.0213 | Critic Loss: 132.1054 | Entropy: 2.2248 | KL: N/A | Success Rate: 1.00
2025-06-06 02:59:29,580 INFO Step 805000 | Avg Reward (100): 261.50 | Actor Loss: -0.0230 | Critic Loss: 184.7350 | Entropy: 2.2307 | KL: N/A | Success Rate: 0.88
2025-06-06 02:59:56,624 INFO Step 810000 | Avg Reward (100): 289.50 | Actor Loss: -0.0145 | Critic Loss: 778.3982 | Entropy: 2.2027 | KL: N/A | Success Rate: 1.00
2025-06-06 03:00:23,667 INFO Step 815000 | Avg Reward (100): 300.00 | Actor Loss: -0.0182 | Critic Loss: 277.5077 | Entropy: 2.2824 | KL: N/A | Success Rate: 1.00
2025-06-06 03:00:50,742 INFO Step 820000 | Avg Reward (100): 303.50 | Actor Loss: -0.0223 | Critic Loss: 160.7267 | Entropy: 2.2350 | KL: N/A | Success Rate: 0.88
2025-06-06 03:01:17,747 INFO Step 825000 | Avg Reward (100): 310.00 | Actor Loss: -0.0232 | Critic Loss: 251.2621 | Entropy: 2.3260 | KL: N/A | Success Rate: 1.00
2025-06-06 03:01:44,891 INFO Step 830000 | Avg Reward (100): 301.50 | Actor Loss: -0.0221 | Critic Loss: 126.7183 | Entropy: 2.1605 | KL: N/A | Success Rate: 0.67
2025-06-06 03:02:12,012 INFO Step 835000 | Avg Reward (100): 305.50 | Actor Loss: -0.0186 | Critic Loss: 212.5067 | Entropy: 2.2244 | KL: N/A | Success Rate: 0.88
2025-06-06 03:02:39,142 INFO Step 840000 | Avg Reward (100): 318.00 | Actor Loss: -0.0222 | Critic Loss: 164.1365 | Entropy: 2.1879 | KL: N/A | Success Rate: 1.00
2025-06-06 03:03:06,278 INFO Step 845000 | Avg Reward (100): 315.50 | Actor Loss: -0.0151 | Critic Loss: 183.8591 | Entropy: 2.1809 | KL: N/A | Success Rate: 1.00
2025-06-06 03:03:33,560 INFO Step 850000 | Avg Reward (100): 313.00 | Actor Loss: -0.0178 | Critic Loss: 168.4845 | Entropy: 2.1823 | KL: N/A | Success Rate: 0.88
2025-06-06 03:04:00,791 INFO Step 855000 | Avg Reward (100): 323.00 | Actor Loss: -0.0147 | Critic Loss: 275.3304 | Entropy: 2.2126 | KL: N/A | Success Rate: 1.00
2025-06-06 03:04:28,262 INFO Step 860000 | Avg Reward (100): 323.00 | Actor Loss: -0.0180 | Critic Loss: 172.9834 | Entropy: 2.2057 | KL: N/A | Success Rate: 0.88
2025-06-06 03:04:55,468 INFO Step 865000 | Avg Reward (100): 321.50 | Actor Loss: -0.0190 | Critic Loss: 118.0525 | Entropy: 2.1619 | KL: N/A | Success Rate: 1.00
2025-06-06 03:05:22,856 INFO Step 870000 | Avg Reward (100): 316.00 | Actor Loss: -0.0235 | Critic Loss: 122.2511 | Entropy: 2.1559 | KL: N/A | Success Rate: 0.86
2025-06-06 03:05:50,151 INFO Step 875000 | Avg Reward (100): 290.50 | Actor Loss: -0.0186 | Critic Loss: 154.0238 | Entropy: 2.1779 | KL: N/A | Success Rate: 0.88
2025-06-06 03:06:17,719 INFO Step 880000 | Avg Reward (100): 296.50 | Actor Loss: -0.0172 | Critic Loss: 240.2807 | Entropy: 2.1977 | KL: N/A | Success Rate: 1.00
2025-06-06 03:06:45,092 INFO Step 885000 | Avg Reward (100): 300.50 | Actor Loss: -0.0213 | Critic Loss: 167.5095 | Entropy: 2.1670 | KL: N/A | Success Rate: 1.00
2025-06-06 03:07:12,567 INFO Step 890000 | Avg Reward (100): 297.50 | Actor Loss: -0.0195 | Critic Loss: 162.7504 | Entropy: 2.1794 | KL: N/A | Success Rate: 0.88
2025-06-06 03:07:39,885 INFO Step 895000 | Avg Reward (100): 315.50 | Actor Loss: -0.0218 | Critic Loss: 257.9210 | Entropy: 2.1645 | KL: N/A | Success Rate: 1.00
2025-06-06 03:08:07,321 INFO Step 900000 | Avg Reward (100): 315.00 | Actor Loss: -0.0203 | Critic Loss: 174.1951 | Entropy: 2.1868 | KL: N/A | Success Rate: 0.75
2025-06-06 03:08:34,670 INFO Step 905000 | Avg Reward (100): 322.00 | Actor Loss: -0.0181 | Critic Loss: 192.0348 | Entropy: 2.1673 | KL: N/A | Success Rate: 1.00
2025-06-06 03:09:02,167 INFO Step 910000 | Avg Reward (100): 331.50 | Actor Loss: -0.0194 | Critic Loss: 231.6587 | Entropy: 2.1900 | KL: N/A | Success Rate: 1.00
2025-06-06 03:09:29,700 INFO Step 915000 | Avg Reward (100): 329.50 | Actor Loss: -0.0224 | Critic Loss: 199.1316 | Entropy: 2.2097 | KL: N/A | Success Rate: 0.62
2025-06-06 03:09:57,201 INFO Step 920000 | Avg Reward (100): 320.50 | Actor Loss: -0.0230 | Critic Loss: 190.1132 | Entropy: 2.2228 | KL: N/A | Success Rate: 1.00
2025-06-06 03:10:24,833 INFO Step 925000 | Avg Reward (100): 327.50 | Actor Loss: -0.0197 | Critic Loss: 178.7594 | Entropy: 2.1874 | KL: N/A | Success Rate: 0.88
2025-06-06 03:10:52,438 INFO Step 930000 | Avg Reward (100): 330.00 | Actor Loss: -0.0262 | Critic Loss: 168.8171 | Entropy: 2.2021 | KL: N/A | Success Rate: 1.00
2025-06-06 03:11:20,010 INFO Step 935000 | Avg Reward (100): 338.00 | Actor Loss: -0.0177 | Critic Loss: 182.0686 | Entropy: 2.1287 | KL: N/A | Success Rate: 1.00
2025-06-06 03:11:47,666 INFO Step 940000 | Avg Reward (100): 326.50 | Actor Loss: -0.0212 | Critic Loss: 153.9029 | Entropy: 2.1366 | KL: N/A | Success Rate: 0.62
2025-06-06 03:12:15,351 INFO Step 945000 | Avg Reward (100): 323.00 | Actor Loss: -0.0195 | Critic Loss: 153.9330 | Entropy: 2.1753 | KL: N/A | Success Rate: 1.00
2025-06-06 03:12:43,195 INFO Step 950000 | Avg Reward (100): 306.00 | Actor Loss: -0.0214 | Critic Loss: 135.5647 | Entropy: 2.1083 | KL: N/A | Success Rate: 0.78
2025-06-06 03:13:10,881 INFO Step 955000 | Avg Reward (100): 301.50 | Actor Loss: -0.0165 | Critic Loss: 137.1918 | Entropy: 2.1365 | KL: N/A | Success Rate: 1.00
2025-06-06 03:13:38,585 INFO Step 960000 | Avg Reward (100): 302.50 | Actor Loss: -0.0190 | Critic Loss: 168.2623 | Entropy: 2.1407 | KL: N/A | Success Rate: 1.00
2025-06-06 03:14:06,431 INFO Step 965000 | Avg Reward (100): 298.00 | Actor Loss: -0.0156 | Critic Loss: 196.1955 | Entropy: 2.1106 | KL: N/A | Success Rate: 1.00
2025-06-06 03:14:34,388 INFO Step 970000 | Avg Reward (100): 290.00 | Actor Loss: -0.0180 | Critic Loss: 238.4145 | Entropy: 2.0816 | KL: N/A | Success Rate: 1.00
2025-06-06 03:15:02,429 INFO Step 975000 | Avg Reward (100): 286.50 | Actor Loss: -0.0186 | Critic Loss: 144.5757 | Entropy: 2.1145 | KL: N/A | Success Rate: 0.75
2025-06-06 03:15:30,606 INFO Step 980000 | Avg Reward (100): 277.50 | Actor Loss: -0.0217 | Critic Loss: 112.7575 | Entropy: 2.1113 | KL: N/A | Success Rate: 0.88
2025-06-06 03:15:58,877 INFO Step 985000 | Avg Reward (100): 278.50 | Actor Loss: -0.0197 | Critic Loss: 133.5508 | Entropy: 2.1115 | KL: N/A | Success Rate: 0.88
2025-06-06 03:16:27,055 INFO Step 990000 | Avg Reward (100): 273.00 | Actor Loss: -0.0187 | Critic Loss: 191.0649 | Entropy: 2.1221 | KL: N/A | Success Rate: 0.88
2025-06-06 03:16:55,377 INFO Step 995000 | Avg Reward (100): 275.00 | Actor Loss: -0.0199 | Critic Loss: 193.2293 | Entropy: 2.1271 | KL: N/A | Success Rate: 0.88
2025-06-06 03:17:23,731 INFO Step 1000000 | Avg Reward (100): 287.50 | Actor Loss: -0.0183 | Critic Loss: 182.4601 | Entropy: 2.0951 | KL: N/A | Success Rate: 1.00
2025-06-06 03:17:24,948 INFO Saved state-action counts @ step 1000000 → /home/ubuntu/Exploration-Policy/atari/data/GravitarNoFrameskip-v4/entropy_0.0/discretized_state_action_counts_1000000.pkl
2025-06-06 03:17:26,792 INFO Saved bucket‐average critic loss @ step 1000000 → /home/ubuntu/Exploration-Policy/atari/data/GravitarNoFrameskip-v4/entropy_0.0/bucket_loss_1000000.pkl
2025-06-06 03:17:26,792 INFO Saved RLFT state visitation counts @ step 1000000 → /home/ubuntu/Exploration-Policy/atari/data/GravitarNoFrameskip-v4/entropy_0.0/rlft_state_counts_1000000.pkl
2025-06-06 03:17:26,814 INFO Final model saved to /home/ubuntu/Exploration-Policy/atari/data/GravitarNoFrameskip-v4/entropy_0.0/ppo_atari_final.pth
