2025-05-24 22:58:54,895 INFO Using device: cpu
2025-05-24 22:58:54,898 INFO Attempting to load IL-trained actor from: /Users/iddah/Documents/CS224R/Exploration-Policy/saved_models_exp/policy_il_trained.pth
2025-05-24 22:58:54,901 INFO Successfully loaded pre-trained IL actor.
2025-05-24 22:58:56,179 INFO --- Starting PPO Fine-tuning ---
2025-05-24 22:59:08,270 INFO PPO Iter: 10	Total Steps: 20480	Avg Reward (Batch): 586.31	Avg Reward (Roll100): 706.94	Actor Loss: -0.0007	Critic Loss: 97188.0131	Entropy: 0.6353
2025-05-24 22:59:21,413 INFO PPO Iter: 20	Total Steps: 40960	Avg Reward (Batch): 722.94	Avg Reward (Roll100): 727.91	Actor Loss: -0.0004	Critic Loss: 105547.0922	Entropy: 0.6266
2025-05-24 22:59:34,970 INFO PPO Iter: 30	Total Steps: 61440	Avg Reward (Batch): 855.00	Avg Reward (Roll100): 832.92	Actor Loss: -0.0002	Critic Loss: 130727.8286	Entropy: 0.5908
2025-05-24 22:59:48,916 INFO PPO Iter: 40	Total Steps: 81920	Avg Reward (Batch): 877.35	Avg Reward (Roll100): 864.43	Actor Loss: -0.0003	Critic Loss: 126632.2297	Entropy: 0.5845
2025-05-24 23:00:02,233 INFO PPO Iter: 50	Total Steps: 102400	Avg Reward (Batch): 835.00	Avg Reward (Roll100): 801.49	Actor Loss: -0.0009	Critic Loss: 134886.6883	Entropy: 0.5590
2025-05-24 23:00:02,236 INFO Saved PPO actor to /Users/iddah/Documents/CS224R/Exploration-Policy/data/ppo-0.02/ppo_iter_50.pth
2025-05-24 23:00:15,345 INFO PPO Iter: 60	Total Steps: 122880	Avg Reward (Batch): 940.85	Avg Reward (Roll100): 874.96	Actor Loss: -0.0004	Critic Loss: 139154.7737	Entropy: 0.5418
2025-05-24 23:00:29,313 INFO PPO Iter: 70	Total Steps: 143360	Avg Reward (Batch): 908.23	Avg Reward (Roll100): 832.93	Actor Loss: -0.0009	Critic Loss: 130818.8523	Entropy: 0.5704
2025-05-24 23:00:43,038 INFO PPO Iter: 80	Total Steps: 163840	Avg Reward (Batch): 887.29	Avg Reward (Roll100): 885.47	Actor Loss: -0.0004	Critic Loss: 139144.2827	Entropy: 0.5308
2025-05-24 23:00:55,879 INFO PPO Iter: 90	Total Steps: 184320	Avg Reward (Batch): 887.29	Avg Reward (Roll100): 822.48	Actor Loss: -0.0008	Critic Loss: 139248.8002	Entropy: 0.5444
2025-05-24 23:01:08,654 INFO PPO Iter: 100	Total Steps: 204800	Avg Reward (Batch): 913.33	Avg Reward (Roll100): 885.45	Actor Loss: -0.0004	Critic Loss: 139200.2011	Entropy: 0.5395
2025-05-24 23:01:08,656 INFO Saved PPO actor to /Users/iddah/Documents/CS224R/Exploration-Policy/data/ppo-0.02/ppo_iter_100.pth
2025-05-24 23:01:22,669 INFO PPO Iter: 110	Total Steps: 225280	Avg Reward (Batch): 862.63	Avg Reward (Roll100): 885.46	Actor Loss: -0.0001	Critic Loss: 139162.5901	Entropy: 0.5482
2025-05-24 23:01:36,383 INFO PPO Iter: 120	Total Steps: 245760	Avg Reward (Batch): 862.63	Avg Reward (Roll100): 885.46	Actor Loss: -0.0009	Critic Loss: 139114.6641	Entropy: 0.5443
2025-05-24 23:01:49,804 INFO PPO Iter: 130	Total Steps: 266240	Avg Reward (Batch): 972.43	Avg Reward (Roll100): 885.47	Actor Loss: -0.0004	Critic Loss: 151756.4170	Entropy: 0.5112
2025-05-24 23:02:03,040 INFO PPO Iter: 140	Total Steps: 286720	Avg Reward (Batch): 750.71	Avg Reward (Roll100): 707.04	Actor Loss: -0.0003	Critic Loss: 135134.8522	Entropy: 0.5642
2025-05-24 23:02:17,278 INFO PPO Iter: 150	Total Steps: 307200	Avg Reward (Batch): 839.23	Avg Reward (Roll100): 770.02	Actor Loss: -0.0010	Critic Loss: 139260.5823	Entropy: 0.5243
2025-05-24 23:02:17,282 INFO Saved PPO actor to /Users/iddah/Documents/CS224R/Exploration-Policy/data/ppo-0.02/ppo_iter_150.pth
2025-05-24 23:02:30,392 INFO PPO Iter: 160	Total Steps: 327680	Avg Reward (Batch): 890.26	Avg Reward (Roll100): 801.51	Actor Loss: -0.0002	Critic Loss: 143447.0207	Entropy: 0.5260
2025-05-24 23:02:43,537 INFO PPO Iter: 170	Total Steps: 348160	Avg Reward (Batch): 790.75	Avg Reward (Roll100): 791.00	Actor Loss: -0.0009	Critic Loss: 135057.9835	Entropy: 0.5285
2025-05-24 23:02:56,108 INFO PPO Iter: 180	Total Steps: 368640	Avg Reward (Batch): 707.67	Avg Reward (Roll100): 749.02	Actor Loss: -0.0011	Critic Loss: 130906.1758	Entropy: 0.5258
2025-05-24 23:03:08,843 INFO PPO Iter: 190	Total Steps: 389120	Avg Reward (Batch): 915.67	Avg Reward (Roll100): 822.50	Actor Loss: -0.0005	Critic Loss: 143399.8022	Entropy: 0.5275
2025-05-24 23:03:21,137 INFO PPO Iter: 200	Total Steps: 409600	Avg Reward (Batch): 862.63	Avg Reward (Roll100): 895.97	Actor Loss: -0.0005	Critic Loss: 139234.7077	Entropy: 0.5179
2025-05-24 23:03:21,142 INFO Saved PPO actor to /Users/iddah/Documents/CS224R/Exploration-Policy/data/ppo-0.02/ppo_iter_200.pth
2025-05-24 23:03:33,852 INFO PPO Iter: 210	Total Steps: 430080	Avg Reward (Batch): 812.31	Avg Reward (Roll100): 874.98	Actor Loss: -0.0004	Critic Loss: 135061.1149	Entropy: 0.5345
2025-05-24 23:03:47,055 INFO PPO Iter: 220	Total Steps: 450560	Avg Reward (Batch): 795.85	Avg Reward (Roll100): 832.99	Actor Loss: -0.0005	Critic Loss: 139261.1462	Entropy: 0.5158
2025-05-24 23:03:59,907 INFO PPO Iter: 230	Total Steps: 471040	Avg Reward (Batch): 843.25	Avg Reward (Roll100): 874.99	Actor Loss: -0.0003	Critic Loss: 143439.9515	Entropy: 0.5146
2025-05-24 23:04:11,622 INFO PPO Iter: 240	Total Steps: 491520	Avg Reward (Batch): 944.05	Avg Reward (Roll100): 885.48	Actor Loss: -0.0003	Critic Loss: 147588.8456	Entropy: 0.4917
2025-05-24 23:04:23,528 INFO PPO Iter: 250	Total Steps: 512000	Avg Reward (Batch): 817.00	Avg Reward (Roll100): 853.99	Actor Loss: -0.0009	Critic Loss: 139263.1398	Entropy: 0.5337
2025-05-24 23:04:23,532 INFO Saved PPO actor to /Users/iddah/Documents/CS224R/Exploration-Policy/data/ppo-0.02/ppo_iter_250.pth
2025-05-24 23:04:35,217 INFO PPO Iter: 260	Total Steps: 532480	Avg Reward (Batch): 839.23	Avg Reward (Roll100): 874.96	Actor Loss: -0.0003	Critic Loss: 139256.9827	Entropy: 0.5313
2025-05-24 23:04:47,434 INFO PPO Iter: 270	Total Steps: 552960	Avg Reward (Batch): 843.25	Avg Reward (Roll100): 874.98	Actor Loss: -0.0002	Critic Loss: 143446.0706	Entropy: 0.5238
2025-05-24 23:04:59,698 INFO PPO Iter: 280	Total Steps: 573440	Avg Reward (Batch): 893.07	Avg Reward (Roll100): 864.47	Actor Loss: -0.0018	Critic Loss: 147631.1475	Entropy: 0.5228
2025-05-24 23:05:11,364 INFO PPO Iter: 290	Total Steps: 593920	Avg Reward (Batch): 817.00	Avg Reward (Roll100): 801.50	Actor Loss: -0.0013	Critic Loss: 139317.8918	Entropy: 0.5212
2025-05-24 23:05:23,273 INFO PPO Iter: 300	Total Steps: 614400	Avg Reward (Batch): 866.15	Avg Reward (Roll100): 853.99	Actor Loss: -0.0003	Critic Loss: 143450.6007	Entropy: 0.5263
2025-05-24 23:05:23,276 INFO Saved PPO actor to /Users/iddah/Documents/CS224R/Exploration-Policy/data/ppo-0.02/ppo_iter_300.pth
2025-05-24 23:05:35,205 INFO PPO Iter: 310	Total Steps: 634880	Avg Reward (Batch): 915.67	Avg Reward (Roll100): 885.48	Actor Loss: -0.0004	Critic Loss: 143476.7501	Entropy: 0.5213
2025-05-24 23:05:47,127 INFO PPO Iter: 320	Total Steps: 655360	Avg Reward (Batch): 915.67	Avg Reward (Roll100): 916.97	Actor Loss: -0.0007	Critic Loss: 143426.4128	Entropy: 0.5161
2025-05-24 23:05:58,828 INFO PPO Iter: 330	Total Steps: 675840	Avg Reward (Batch): 890.26	Avg Reward (Roll100): 895.98	Actor Loss: -0.0008	Critic Loss: 143467.9000	Entropy: 0.5077
2025-05-24 23:06:10,620 INFO PPO Iter: 340	Total Steps: 696320	Avg Reward (Batch): 917.89	Avg Reward (Roll100): 906.47	Actor Loss: -0.0003	Critic Loss: 147568.7584	Entropy: 0.5125
2025-05-24 23:06:24,916 INFO PPO Iter: 350	Total Steps: 716800	Avg Reward (Batch): 862.63	Avg Reward (Roll100): 853.99	Actor Loss: -0.0006	Critic Loss: 139161.7667	Entropy: 0.5194
2025-05-24 23:06:24,920 INFO Saved PPO actor to /Users/iddah/Documents/CS224R/Exploration-Policy/data/ppo-0.02/ppo_iter_350.pth
2025-05-24 23:06:37,574 INFO PPO Iter: 360	Total Steps: 737280	Avg Reward (Batch): 866.15	Avg Reward (Roll100): 864.49	Actor Loss: -0.0005	Critic Loss: 143390.3192	Entropy: 0.5203
2025-05-24 23:06:49,772 INFO PPO Iter: 370	Total Steps: 757760	Avg Reward (Batch): 885.94	Avg Reward (Roll100): 853.47	Actor Loss: -0.0003	Critic Loss: 139249.0742	Entropy: 0.5058
2025-05-24 23:07:02,375 INFO PPO Iter: 380	Total Steps: 778240	Avg Reward (Batch): 944.05	Avg Reward (Roll100): 864.48	Actor Loss: -0.0005	Critic Loss: 147607.3430	Entropy: 0.4948
2025-05-24 23:07:14,609 INFO PPO Iter: 390	Total Steps: 798720	Avg Reward (Batch): 944.05	Avg Reward (Roll100): 916.97	Actor Loss: -0.0011	Critic Loss: 147639.8823	Entropy: 0.5064
2025-05-24 23:07:27,024 INFO PPO Iter: 400	Total Steps: 819200	Avg Reward (Batch): 915.67	Avg Reward (Roll100): 853.97	Actor Loss: -0.0004	Critic Loss: 143386.0836	Entropy: 0.5123
2025-05-24 23:07:27,028 INFO Saved PPO actor to /Users/iddah/Documents/CS224R/Exploration-Policy/data/ppo-0.02/ppo_iter_400.pth
2025-05-24 23:07:39,603 INFO PPO Iter: 410	Total Steps: 839680	Avg Reward (Batch): 817.00	Avg Reward (Roll100): 864.48	Actor Loss: -0.0001	Critic Loss: 139166.9234	Entropy: 0.5021
2025-05-24 23:07:52,407 INFO PPO Iter: 420	Total Steps: 860160	Avg Reward (Batch): 866.15	Avg Reward (Roll100): 843.49	Actor Loss: -0.0002	Critic Loss: 143348.9018	Entropy: 0.5077
2025-05-24 23:08:07,236 INFO PPO Iter: 430	Total Steps: 880640	Avg Reward (Batch): 862.63	Avg Reward (Roll100): 853.98	Actor Loss: -0.0006	Critic Loss: 139173.3310	Entropy: 0.5275
2025-05-24 23:08:19,698 INFO PPO Iter: 440	Total Steps: 901120	Avg Reward (Batch): 869.50	Avg Reward (Roll100): 833.00	Actor Loss: -0.0004	Critic Loss: 147524.8717	Entropy: 0.5078
2025-05-24 23:08:32,585 INFO PPO Iter: 450	Total Steps: 921600	Avg Reward (Batch): 770.24	Avg Reward (Roll100): 791.01	Actor Loss: -0.0006	Critic Loss: 134935.8774	Entropy: 0.5137
2025-05-24 23:08:32,588 INFO Saved PPO actor to /Users/iddah/Documents/CS224R/Exploration-Policy/data/ppo-0.02/ppo_iter_450.pth
2025-05-24 23:08:46,432 INFO PPO Iter: 460	Total Steps: 942080	Avg Reward (Batch): 915.67	Avg Reward (Roll100): 864.48	Actor Loss: -0.0013	Critic Loss: 143316.0416	Entropy: 0.5104
2025-05-24 23:08:58,657 INFO PPO Iter: 470	Total Steps: 962560	Avg Reward (Batch): 795.85	Avg Reward (Roll100): 843.49	Actor Loss: -0.0007	Critic Loss: 139183.4136	Entropy: 0.5135
2025-05-24 23:09:11,102 INFO PPO Iter: 480	Total Steps: 983040	Avg Reward (Batch): 839.23	Avg Reward (Roll100): 832.99	Actor Loss: -0.0007	Critic Loss: 139089.6095	Entropy: 0.5208
2025-05-24 23:09:23,450 INFO PPO Iter: 490	Total Steps: 1003520	Avg Reward (Batch): 890.26	Avg Reward (Roll100): 822.49	Actor Loss: -0.0004	Critic Loss: 143321.6530	Entropy: 0.4963
2025-05-24 23:09:36,477 INFO PPO Iter: 500	Total Steps: 1024000	Avg Reward (Batch): 972.43	Avg Reward (Roll100): 906.47	Actor Loss: -0.0002	Critic Loss: 151689.5353	Entropy: 0.4731
2025-05-24 23:09:36,481 INFO Saved PPO actor to /Users/iddah/Documents/CS224R/Exploration-Policy/data/ppo-0.02/ppo_iter_500.pth
2025-05-24 23:09:48,762 INFO PPO Iter: 510	Total Steps: 1044480	Avg Reward (Batch): 890.26	Avg Reward (Roll100): 822.50	Actor Loss: -0.0009	Critic Loss: 143368.7579	Entropy: 0.5028
2025-05-24 23:10:01,958 INFO PPO Iter: 520	Total Steps: 1064960	Avg Reward (Batch): 890.26	Avg Reward (Roll100): 874.98	Actor Loss: -0.0006	Critic Loss: 143353.1646	Entropy: 0.4933
2025-05-24 23:10:13,134 INFO PPO Iter: 530	Total Steps: 1085440	Avg Reward (Batch): 917.89	Avg Reward (Roll100): 874.98	Actor Loss: -0.0012	Critic Loss: 147658.6583	Entropy: 0.5120
2025-05-24 23:10:25,845 INFO PPO Iter: 540	Total Steps: 1105920	Avg Reward (Batch): 843.25	Avg Reward (Roll100): 864.49	Actor Loss: -0.0006	Critic Loss: 143414.7440	Entropy: 0.4758
2025-05-24 23:10:39,142 INFO PPO Iter: 550	Total Steps: 1126400	Avg Reward (Batch): 917.89	Avg Reward (Roll100): 927.46	Actor Loss: -0.0009	Critic Loss: 147600.5580	Entropy: 0.4830
2025-05-24 23:10:39,146 INFO Saved PPO actor to /Users/iddah/Documents/CS224R/Exploration-Policy/data/ppo-0.02/ppo_iter_550.pth
2025-05-24 23:10:51,068 INFO PPO Iter: 560	Total Steps: 1146880	Avg Reward (Batch): 900.96	Avg Reward (Roll100): 896.44	Actor Loss: -0.0008	Critic Loss: 118086.7029	Entropy: 0.4371
2025-05-24 23:11:02,837 INFO PPO Iter: 570	Total Steps: 1167360	Avg Reward (Batch): 944.05	Avg Reward (Roll100): 906.48	Actor Loss: -0.0008	Critic Loss: 147533.6190	Entropy: 0.4906
2025-05-24 23:11:14,552 INFO PPO Iter: 580	Total Steps: 1187840	Avg Reward (Batch): 866.15	Avg Reward (Roll100): 863.98	Actor Loss: -0.0002	Critic Loss: 143385.2546	Entropy: 0.4989
2025-05-24 23:11:26,143 INFO PPO Iter: 590	Total Steps: 1208320	Avg Reward (Batch): 917.89	Avg Reward (Roll100): 864.49	Actor Loss: -0.0004	Critic Loss: 147574.7339	Entropy: 0.4785
2025-05-24 23:11:37,834 INFO PPO Iter: 600	Total Steps: 1228800	Avg Reward (Batch): 869.50	Avg Reward (Roll100): 875.00	Actor Loss: -0.0006	Critic Loss: 147598.4981	Entropy: 0.4861
2025-05-24 23:11:37,838 INFO Saved PPO actor to /Users/iddah/Documents/CS224R/Exploration-Policy/data/ppo-0.02/ppo_iter_600.pth
2025-05-24 23:11:49,798 INFO PPO Iter: 610	Total Steps: 1249280	Avg Reward (Batch): 866.15	Avg Reward (Roll100): 874.98	Actor Loss: -0.0013	Critic Loss: 143394.3997	Entropy: 0.4691
2025-05-24 23:12:01,673 INFO PPO Iter: 620	Total Steps: 1269760	Avg Reward (Batch): 843.25	Avg Reward (Roll100): 843.50	Actor Loss: -0.0004	Critic Loss: 143390.2088	Entropy: 0.5100
2025-05-24 23:12:13,609 INFO PPO Iter: 630	Total Steps: 1290240	Avg Reward (Batch): 800.71	Avg Reward (Roll100): 822.01	Actor Loss: -0.0004	Critic Loss: 143399.5181	Entropy: 0.4657
2025-05-24 23:12:25,607 INFO PPO Iter: 640	Total Steps: 1310720	Avg Reward (Batch): 893.07	Avg Reward (Roll100): 885.49	Actor Loss: -0.0006	Critic Loss: 147640.6807	Entropy: 0.4839
2025-05-24 23:12:39,250 INFO PPO Iter: 650	Total Steps: 1331200	Avg Reward (Batch): 843.25	Avg Reward (Roll100): 854.00	Actor Loss: -0.0005	Critic Loss: 143404.5865	Entropy: 0.4795
2025-05-24 23:12:39,255 INFO Saved PPO actor to /Users/iddah/Documents/CS224R/Exploration-Policy/data/ppo-0.02/ppo_iter_650.pth
2025-05-24 23:12:51,912 INFO PPO Iter: 660	Total Steps: 1351680	Avg Reward (Batch): 869.50	Avg Reward (Roll100): 896.00	Actor Loss: -0.0002	Critic Loss: 147579.1839	Entropy: 0.4868
2025-05-24 23:13:03,037 INFO PPO Iter: 670	Total Steps: 1372160	Avg Reward (Batch): 893.07	Avg Reward (Roll100): 885.49	Actor Loss: -0.0009	Critic Loss: 147614.9048	Entropy: 0.4776
2025-05-24 23:13:14,119 INFO PPO Iter: 680	Total Steps: 1392640	Avg Reward (Batch): 839.23	Avg Reward (Roll100): 843.49	Actor Loss: -0.0007	Critic Loss: 139199.6134	Entropy: 0.5037
2025-05-24 23:13:24,706 INFO PPO Iter: 690	Total Steps: 1413120	Avg Reward (Batch): 770.24	Avg Reward (Roll100): 801.51	Actor Loss: -0.0004	Critic Loss: 134978.3115	Entropy: 0.5021
2025-05-24 23:13:35,241 INFO PPO Iter: 700	Total Steps: 1433600	Avg Reward (Batch): 917.89	Avg Reward (Roll100): 906.49	Actor Loss: -0.0008	Critic Loss: 147616.7742	Entropy: 0.4725
2025-05-24 23:13:35,245 INFO Saved PPO actor to /Users/iddah/Documents/CS224R/Exploration-Policy/data/ppo-0.02/ppo_iter_700.pth
2025-05-24 23:13:46,554 INFO PPO Iter: 710	Total Steps: 1454080	Avg Reward (Batch): 795.85	Avg Reward (Roll100): 780.52	Actor Loss: -0.0004	Critic Loss: 139161.6548	Entropy: 0.4946
2025-05-24 23:13:58,219 INFO PPO Iter: 720	Total Steps: 1474560	Avg Reward (Batch): 821.46	Avg Reward (Roll100): 822.51	Actor Loss: -0.0004	Critic Loss: 143287.7815	Entropy: 0.4543
2025-05-24 23:14:10,243 INFO PPO Iter: 730	Total Steps: 1495040	Avg Reward (Batch): 775.71	Avg Reward (Roll100): 833.01	Actor Loss: -0.0008	Critic Loss: 139125.6351	Entropy: 0.4870
2025-05-24 23:14:22,234 INFO PPO Iter: 740	Total Steps: 1515520	Avg Reward (Batch): 944.05	Avg Reward (Roll100): 916.98	Actor Loss: -0.0004	Critic Loss: 147552.0888	Entropy: 0.4575
2025-05-24 23:14:34,201 INFO PPO Iter: 750	Total Steps: 1536000	Avg Reward (Batch): 843.25	Avg Reward (Roll100): 843.50	Actor Loss: -0.0009	Critic Loss: 143364.2047	Entropy: 0.4552
2025-05-24 23:14:34,203 INFO Saved PPO actor to /Users/iddah/Documents/CS224R/Exploration-Policy/data/ppo-0.02/ppo_iter_750.pth
2025-05-24 23:14:46,411 INFO PPO Iter: 760	Total Steps: 1556480	Avg Reward (Batch): 920.00	Avg Reward (Roll100): 875.00	Actor Loss: -0.0008	Critic Loss: 151685.3989	Entropy: 0.4678
2025-05-24 23:14:57,657 INFO PPO Iter: 770	Total Steps: 1576960	Avg Reward (Batch): 866.15	Avg Reward (Roll100): 843.50	Actor Loss: -0.0002	Critic Loss: 143253.6599	Entropy: 0.4439
2025-05-24 23:15:08,441 INFO PPO Iter: 780	Total Steps: 1597440	Avg Reward (Batch): 872.68	Avg Reward (Roll100): 854.01	Actor Loss: -0.0003	Critic Loss: 151632.1874	Entropy: 0.4397
2025-05-24 23:15:19,036 INFO PPO Iter: 790	Total Steps: 1617920	Avg Reward (Batch): 869.50	Avg Reward (Roll100): 875.01	Actor Loss: -0.0007	Critic Loss: 147476.5366	Entropy: 0.4525
2025-05-24 23:15:30,744 INFO PPO Iter: 800	Total Steps: 1638400	Avg Reward (Batch): 800.71	Avg Reward (Roll100): 812.01	Actor Loss: -0.0006	Critic Loss: 143276.6409	Entropy: 0.4653
2025-05-24 23:15:30,747 INFO Saved PPO actor to /Users/iddah/Documents/CS224R/Exploration-Policy/data/ppo-0.02/ppo_iter_800.pth
2025-05-24 23:15:49,949 INFO PPO Iter: 810	Total Steps: 1658880	Avg Reward (Batch): 898.29	Avg Reward (Roll100): 843.52	Actor Loss: -0.0004	Critic Loss: 155792.3180	Entropy: 0.4153
2025-05-24 23:16:05,551 INFO PPO Iter: 820	Total Steps: 1679360	Avg Reward (Batch): 917.89	Avg Reward (Roll100): 875.00	Actor Loss: -0.0007	Critic Loss: 147554.8813	Entropy: 0.4590
2025-05-24 23:16:19,747 INFO PPO Iter: 830	Total Steps: 1699840	Avg Reward (Batch): 869.50	Avg Reward (Roll100): 843.52	Actor Loss: -0.0006	Critic Loss: 147458.6763	Entropy: 0.4416
2025-05-24 23:16:31,328 INFO PPO Iter: 840	Total Steps: 1720320	Avg Reward (Batch): 895.75	Avg Reward (Roll100): 864.50	Actor Loss: -0.0003	Critic Loss: 151641.6730	Entropy: 0.4277
2025-05-24 23:16:41,921 INFO PPO Iter: 850	Total Steps: 1740800	Avg Reward (Batch): 895.75	Avg Reward (Roll100): 833.02	Actor Loss: -0.0004	Critic Loss: 151641.4871	Entropy: 0.4320
2025-05-24 23:16:41,925 INFO Saved PPO actor to /Users/iddah/Documents/CS224R/Exploration-Policy/data/ppo-0.02/ppo_iter_850.pth
2025-05-24 23:16:52,479 INFO PPO Iter: 860	Total Steps: 1761280	Avg Reward (Batch): 809.77	Avg Reward (Roll100): 801.53	Actor Loss: -0.0005	Critic Loss: 151675.9860	Entropy: 0.4265
2025-05-24 23:17:03,553 INFO PPO Iter: 870	Total Steps: 1781760	Avg Reward (Batch): 809.77	Avg Reward (Roll100): 843.52	Actor Loss: -0.0005	Critic Loss: 151633.5380	Entropy: 0.4538
2025-05-24 23:17:14,137 INFO PPO Iter: 880	Total Steps: 1802240	Avg Reward (Batch): 825.71	Avg Reward (Roll100): 864.51	Actor Loss: -0.0004	Critic Loss: 147516.1144	Entropy: 0.4376
2025-05-24 23:17:24,489 INFO PPO Iter: 890	Total Steps: 1822720	Avg Reward (Batch): 920.00	Avg Reward (Roll100): 885.51	Actor Loss: -0.0006	Critic Loss: 151700.2899	Entropy: 0.4394
2025-05-24 23:17:33,933 INFO PPO Iter: 900	Total Steps: 1843200	Avg Reward (Batch): 800.71	Avg Reward (Roll100): 875.00	Actor Loss: -0.0007	Critic Loss: 143288.4147	Entropy: 0.4763
2025-05-24 23:17:33,936 INFO Saved PPO actor to /Users/iddah/Documents/CS224R/Exploration-Policy/data/ppo-0.02/ppo_iter_900.pth
2025-05-24 23:17:45,456 INFO PPO Iter: 910	Total Steps: 1863680	Avg Reward (Batch): 922.00	Avg Reward (Roll100): 864.51	Actor Loss: -0.0004	Critic Loss: 155877.0577	Entropy: 0.4407
2025-05-24 23:17:56,205 INFO PPO Iter: 920	Total Steps: 1884160	Avg Reward (Batch): 922.00	Avg Reward (Roll100): 843.53	Actor Loss: -0.0003	Critic Loss: 155867.9649	Entropy: 0.4571
2025-05-24 23:18:07,445 INFO PPO Iter: 930	Total Steps: 1904640	Avg Reward (Batch): 872.68	Avg Reward (Roll100): 854.01	Actor Loss: -0.0003	Critic Loss: 151630.3576	Entropy: 0.4257
2025-05-24 23:18:17,758 INFO PPO Iter: 940	Total Steps: 1925120	Avg Reward (Batch): 946.92	Avg Reward (Roll100): 874.51	Actor Loss: -0.0002	Critic Loss: 155860.9625	Entropy: 0.4307
2025-05-24 23:18:27,887 INFO PPO Iter: 950	Total Steps: 1945600	Avg Reward (Batch): 895.75	Avg Reward (Roll100): 885.51	Actor Loss: -0.0002	Critic Loss: 151631.9813	Entropy: 0.4786
2025-05-24 23:18:27,890 INFO Saved PPO actor to /Users/iddah/Documents/CS224R/Exploration-Policy/data/ppo-0.02/ppo_iter_950.pth
2025-05-24 23:18:37,754 INFO PPO Iter: 960	Total Steps: 1966080	Avg Reward (Batch): 895.75	Avg Reward (Roll100): 843.52	Actor Loss: -0.0006	Critic Loss: 151658.2010	Entropy: 0.4472
2025-05-24 23:18:48,023 INFO PPO Iter: 970	Total Steps: 1986560	Avg Reward (Batch): 820.24	Avg Reward (Roll100): 864.01	Actor Loss: -0.0006	Critic Loss: 143296.9300	Entropy: 0.4719
2025-05-24 23:18:57,713 INFO PPO Iter: 980	Total Steps: 2007040	Avg Reward (Batch): 847.07	Avg Reward (Roll100): 864.51	Actor Loss: -0.0005	Critic Loss: 147499.1537	Entropy: 0.4394
2025-05-24 23:19:08,324 INFO PPO Iter: 990	Total Steps: 2027520	Avg Reward (Batch): 898.29	Avg Reward (Roll100): 885.51	Actor Loss: -0.0006	Critic Loss: 155830.3586	Entropy: 0.4121
2025-05-24 23:19:20,533 INFO PPO Iter: 1000	Total Steps: 2048000	Avg Reward (Batch): 872.68	Avg Reward (Roll100): 854.02	Actor Loss: -0.0005	Critic Loss: 151675.5691	Entropy: 0.4471
2025-05-24 23:19:20,536 INFO Saved PPO actor to /Users/iddah/Documents/CS224R/Exploration-Policy/data/ppo-0.02/ppo_iter_1000.pth
2025-05-24 23:19:34,120 INFO PPO Iter: 1010	Total Steps: 2068480	Avg Reward (Batch): 875.71	Avg Reward (Roll100): 896.01	Actor Loss: -0.0005	Critic Loss: 155820.8210	Entropy: 0.4457
2025-05-24 23:19:48,107 INFO PPO Iter: 1020	Total Steps: 2088960	Avg Reward (Batch): 869.50	Avg Reward (Roll100): 906.50	Actor Loss: -0.0004	Critic Loss: 147482.2009	Entropy: 0.4527
2025-05-24 23:20:01,793 INFO PPO Iter: 1030	Total Steps: 2109440	Avg Reward (Batch): 847.07	Avg Reward (Roll100): 875.01	Actor Loss: -0.0007	Critic Loss: 147415.5884	Entropy: 0.4698
2025-05-24 23:20:15,631 INFO PPO Iter: 1040	Total Steps: 2129920	Avg Reward (Batch): 895.75	Avg Reward (Roll100): 917.00	Actor Loss: -0.0003	Critic Loss: 151646.7935	Entropy: 0.4477
2025-05-24 23:20:28,976 INFO PPO Iter: 1050	Total Steps: 2150400	Avg Reward (Batch): 920.00	Avg Reward (Roll100): 906.49	Actor Loss: -0.0008	Critic Loss: 151642.2680	Entropy: 0.4656
2025-05-24 23:20:28,979 INFO Saved PPO actor to /Users/iddah/Documents/CS224R/Exploration-Policy/data/ppo-0.02/ppo_iter_1050.pth
2025-05-24 23:20:42,411 INFO PPO Iter: 1060	Total Steps: 2170880	Avg Reward (Batch): 872.68	Avg Reward (Roll100): 843.52	Actor Loss: -0.0006	Critic Loss: 151608.0504	Entropy: 0.4513
2025-05-24 23:20:56,650 INFO PPO Iter: 1070	Total Steps: 2191360	Avg Reward (Batch): 875.71	Avg Reward (Roll100): 854.03	Actor Loss: -0.0003	Critic Loss: 155839.3445	Entropy: 0.4383
2025-05-24 23:21:11,118 INFO PPO Iter: 1080	Total Steps: 2211840	Avg Reward (Batch): 895.75	Avg Reward (Roll100): 906.50	Actor Loss: -0.0002	Critic Loss: 151667.7781	Entropy: 0.4508
2025-05-24 23:21:25,437 INFO PPO Iter: 1090	Total Steps: 2232320	Avg Reward (Batch): 847.07	Avg Reward (Roll100): 896.01	Actor Loss: -0.0002	Critic Loss: 147472.3836	Entropy: 0.4670
2025-05-24 23:21:40,254 INFO PPO Iter: 1100	Total Steps: 2252800	Avg Reward (Batch): 854.18	Avg Reward (Roll100): 885.52	Actor Loss: -0.0003	Critic Loss: 155771.0438	Entropy: 0.4404
2025-05-24 23:21:40,260 INFO Saved PPO actor to /Users/iddah/Documents/CS224R/Exploration-Policy/data/ppo-0.02/ppo_iter_1100.pth
2025-05-24 23:21:54,860 INFO PPO Iter: 1110	Total Steps: 2273280	Avg Reward (Batch): 898.29	Avg Reward (Roll100): 885.51	Actor Loss: -0.0006	Critic Loss: 155825.9922	Entropy: 0.4250
2025-05-24 23:22:09,037 INFO PPO Iter: 1120	Total Steps: 2293760	Avg Reward (Batch): 898.29	Avg Reward (Roll100): 854.03	Actor Loss: -0.0003	Critic Loss: 155799.8957	Entropy: 0.4362
2025-05-24 23:22:23,214 INFO PPO Iter: 1130	Total Steps: 2314240	Avg Reward (Batch): 973.84	Avg Reward (Roll100): 906.51	Actor Loss: -0.0007	Critic Loss: 160030.4615	Entropy: 0.4332
2025-05-24 23:22:37,539 INFO PPO Iter: 1140	Total Steps: 2334720	Avg Reward (Batch): 900.71	Avg Reward (Roll100): 917.01	Actor Loss: -0.0002	Critic Loss: 159970.0190	Entropy: 0.4065
2025-05-24 23:22:51,365 INFO PPO Iter: 1150	Total Steps: 2355200	Avg Reward (Batch): 949.51	Avg Reward (Roll100): 948.50	Actor Loss: -0.0003	Critic Loss: 164161.3846	Entropy: 0.3863
2025-05-24 23:22:51,368 INFO Saved PPO actor to /Users/iddah/Documents/CS224R/Exploration-Policy/data/ppo-0.02/ppo_iter_1150.pth
2025-05-24 23:23:14,303 INFO PPO Iter: 1160	Total Steps: 2375680	Avg Reward (Batch): 857.50	Avg Reward (Roll100): 854.03	Actor Loss: -0.0003	Critic Loss: 159945.3867	Entropy: 0.3828
2025-05-24 23:23:30,588 INFO PPO Iter: 1170	Total Steps: 2396160	Avg Reward (Batch): 898.29	Avg Reward (Roll100): 906.52	Actor Loss: -0.0003	Critic Loss: 155774.9005	Entropy: 0.4044
2025-05-24 23:23:45,728 INFO PPO Iter: 1180	Total Steps: 2416640	Avg Reward (Batch): 925.71	Avg Reward (Roll100): 885.53	Actor Loss: -0.0001	Critic Loss: 164168.7937	Entropy: 0.4019
2025-05-24 23:24:06,493 INFO PPO Iter: 1190	Total Steps: 2437120	Avg Reward (Batch): 825.71	Avg Reward (Roll100): 843.52	Actor Loss: -0.0003	Critic Loss: 147371.0134	Entropy: 0.4577
2025-05-24 23:24:22,537 INFO PPO Iter: 1200	Total Steps: 2457600	Avg Reward (Batch): 903.02	Avg Reward (Roll100): 864.54	Actor Loss: -0.0003	Critic Loss: 164156.2636	Entropy: 0.3754
2025-05-24 23:24:22,540 INFO Saved PPO actor to /Users/iddah/Documents/CS224R/Exploration-Policy/data/ppo-0.02/ppo_iter_1200.pth
2025-05-24 23:24:38,198 INFO PPO Iter: 1210	Total Steps: 2478080	Avg Reward (Batch): 974.50	Avg Reward (Roll100): 906.52	Actor Loss: -0.0004	Critic Loss: 164121.6338	Entropy: 0.3982
2025-05-24 23:24:52,930 INFO PPO Iter: 1220	Total Steps: 2498560	Avg Reward (Batch): 881.36	Avg Reward (Roll100): 896.03	Actor Loss: -0.0002	Critic Loss: 164110.9572	Entropy: 0.3547
2025-05-24 23:25:06,363 INFO PPO Iter: 1230	Total Steps: 2519040	Avg Reward (Batch): 829.77	Avg Reward (Roll100): 843.53	Actor Loss: -0.0003	Critic Loss: 151577.1432	Entropy: 0.4334
2025-05-24 23:25:19,718 INFO PPO Iter: 1240	Total Steps: 2539520	Avg Reward (Batch): 875.71	Avg Reward (Roll100): 906.02	Actor Loss: -0.0002	Critic Loss: 155782.0701	Entropy: 0.4002
2025-05-24 23:25:33,565 INFO PPO Iter: 1250	Total Steps: 2560000	Avg Reward (Batch): 903.02	Avg Reward (Roll100): 917.04	Actor Loss: -0.0004	Critic Loss: 164134.2839	Entropy: 0.3952
2025-05-24 23:25:33,569 INFO Saved PPO actor to /Users/iddah/Documents/CS224R/Exploration-Policy/data/ppo-0.02/ppo_iter_1250.pth
2025-05-24 23:25:47,712 INFO PPO Iter: 1260	Total Steps: 2580480	Avg Reward (Batch): 905.23	Avg Reward (Roll100): 917.03	Actor Loss: -0.0003	Critic Loss: 168259.4606	Entropy: 0.3468
2025-05-24 23:26:03,636 INFO PPO Iter: 1270	Total Steps: 2600960	Avg Reward (Batch): 925.71	Avg Reward (Roll100): 906.53	Actor Loss: -0.0006	Critic Loss: 164174.9089	Entropy: 0.3842
2025-05-24 23:26:19,168 INFO PPO Iter: 1280	Total Steps: 2621440	Avg Reward (Batch): 975.12	Avg Reward (Roll100): 938.03	Actor Loss: -0.0005	Critic Loss: 168348.3386	Entropy: 0.3739
2025-05-24 23:26:33,953 INFO PPO Iter: 1290	Total Steps: 2641920	Avg Reward (Batch): 925.71	Avg Reward (Roll100): 917.02	Actor Loss: -0.0005	Critic Loss: 164119.5087	Entropy: 0.3951
2025-05-24 23:26:50,506 INFO PPO Iter: 1300	Total Steps: 2662400	Avg Reward (Batch): 923.90	Avg Reward (Roll100): 906.52	Actor Loss: -0.0004	Critic Loss: 159979.1604	Entropy: 0.3879
2025-05-24 23:26:50,510 INFO Saved PPO actor to /Users/iddah/Documents/CS224R/Exploration-Policy/data/ppo-0.02/ppo_iter_1300.pth
2025-05-24 23:27:05,816 INFO PPO Iter: 1310	Total Steps: 2682880	Avg Reward (Batch): 900.71	Avg Reward (Roll100): 927.52	Actor Loss: -0.0006	Critic Loss: 159921.9135	Entropy: 0.3893
2025-05-24 23:27:24,498 INFO PPO Iter: 1320	Total Steps: 2703360	Avg Reward (Batch): 900.71	Avg Reward (Roll100): 885.54	Actor Loss: -0.0005	Critic Loss: 159913.0309	Entropy: 0.3844
2025-05-24 23:27:41,460 INFO PPO Iter: 1330	Total Steps: 2723840	Avg Reward (Batch): 923.90	Avg Reward (Roll100): 917.02	Actor Loss: -0.0002	Critic Loss: 159995.6681	Entropy: 0.3995
2025-05-24 23:27:56,194 INFO PPO Iter: 1340	Total Steps: 2744320	Avg Reward (Batch): 948.25	Avg Reward (Roll100): 906.51	Actor Loss: -0.0005	Critic Loss: 159909.9021	Entropy: 0.3984
2025-05-24 23:28:13,132 INFO PPO Iter: 1350	Total Steps: 2764800	Avg Reward (Batch): 900.71	Avg Reward (Roll100): 906.52	Actor Loss: -0.0002	Critic Loss: 159919.7178	Entropy: 0.3536
2025-05-24 23:28:13,135 INFO Saved PPO actor to /Users/iddah/Documents/CS224R/Exploration-Policy/data/ppo-0.02/ppo_iter_1350.pth
2025-05-24 23:28:27,228 INFO PPO Iter: 1360	Total Steps: 2785280	Avg Reward (Batch): 975.71	Avg Reward (Roll100): 917.03	Actor Loss: -0.0003	Critic Loss: 172461.0541	Entropy: 0.3362
2025-05-24 23:28:42,458 INFO PPO Iter: 1370	Total Steps: 2805760	Avg Reward (Batch): 974.52	Avg Reward (Roll100): 948.02	Actor Loss: -0.0002	Critic Loss: 172507.4077	Entropy: 0.3382
2025-05-24 23:28:58,537 INFO PPO Iter: 1380	Total Steps: 2826240	Avg Reward (Batch): 949.51	Avg Reward (Roll100): 917.01	Actor Loss: -0.0006	Critic Loss: 164179.6813	Entropy: 0.3626
2025-05-24 23:29:12,860 INFO PPO Iter: 1390	Total Steps: 2846720	Avg Reward (Batch): 900.71	Avg Reward (Roll100): 875.02	Actor Loss: -0.0002	Critic Loss: 159901.4548	Entropy: 0.4123
2025-05-24 23:29:26,468 INFO PPO Iter: 1400	Total Steps: 2867200	Avg Reward (Batch): 900.71	Avg Reward (Roll100): 906.52	Actor Loss: -0.0004	Critic Loss: 159980.9412	Entropy: 0.3576
2025-05-24 23:29:26,470 INFO Saved PPO actor to /Users/iddah/Documents/CS224R/Exploration-Policy/data/ppo-0.02/ppo_iter_1400.pth
2025-05-24 23:29:41,627 INFO PPO Iter: 1410	Total Steps: 2887680	Avg Reward (Batch): 878.60	Avg Reward (Roll100): 896.03	Actor Loss: -0.0001	Critic Loss: 159922.8764	Entropy: 0.3862
2025-05-24 23:29:57,276 INFO PPO Iter: 1420	Total Steps: 2908160	Avg Reward (Batch): 829.77	Avg Reward (Roll100): 854.03	Actor Loss: -0.0006	Critic Loss: 151594.7985	Entropy: 0.4090
2025-05-24 23:30:12,182 INFO PPO Iter: 1430	Total Steps: 2928640	Avg Reward (Batch): 925.71	Avg Reward (Roll100): 916.51	Actor Loss: -0.0003	Critic Loss: 164145.8069	Entropy: 0.3629
2025-05-24 23:30:29,490 INFO PPO Iter: 1440	Total Steps: 2949120	Avg Reward (Batch): 927.44	Avg Reward (Roll100): 906.53	Actor Loss: -0.0004	Critic Loss: 168294.3177	Entropy: 0.3526
2025-05-24 23:30:44,267 INFO PPO Iter: 1450	Total Steps: 2969600	Avg Reward (Batch): 898.29	Avg Reward (Roll100): 885.52	Actor Loss: -0.0007	Critic Loss: 155754.9158	Entropy: 0.4288
2025-05-24 23:30:44,272 INFO Saved PPO actor to /Users/iddah/Documents/CS224R/Exploration-Policy/data/ppo-0.02/ppo_iter_1450.pth
2025-05-24 23:31:01,643 INFO PPO Iter: 1460	Total Steps: 2990080	Avg Reward (Batch): 948.25	Avg Reward (Roll100): 906.52	Actor Loss: -0.0002	Critic Loss: 159878.5341	Entropy: 0.4020
2025-05-24 23:31:16,610 INFO PPO Iter: 1470	Total Steps: 3010560	Avg Reward (Batch): 905.23	Avg Reward (Roll100): 864.55	Actor Loss: -0.0003	Critic Loss: 168297.3019	Entropy: 0.3779
2025-05-24 23:31:31,510 INFO PPO Iter: 1480	Total Steps: 3031040	Avg Reward (Batch): 833.64	Avg Reward (Roll100): 864.52	Actor Loss: -0.0004	Critic Loss: 155776.8391	Entropy: 0.4117
2025-05-24 23:31:45,446 INFO PPO Iter: 1490	Total Steps: 3051520	Avg Reward (Batch): 850.71	Avg Reward (Roll100): 896.02	Actor Loss: -0.0003	Critic Loss: 151584.6640	Entropy: 0.4352
2025-05-24 23:31:58,846 INFO PPO Iter: 1500	Total Steps: 3072000	Avg Reward (Batch): 950.71	Avg Reward (Roll100): 896.04	Actor Loss: -0.0002	Critic Loss: 168310.1160	Entropy: 0.3632
2025-05-24 23:31:58,850 INFO Saved PPO actor to /Users/iddah/Documents/CS224R/Exploration-Policy/data/ppo-0.02/ppo_iter_1500.pth
2025-05-24 23:31:58,850 INFO --- PPO Fine-tuning Complete ---
2025-05-24 23:31:58,851 INFO Final PPO-tuned actor saved to /Users/iddah/Documents/CS224R/Exploration-Policy/data/ppo-0.02/ppo_final.pth
2025-05-24 23:32:02,376 INFO --- Visualizing Trajectory with: Final PPO-Tuned Policy (Deterministic) ---
2025-05-24 23:32:03,672 INFO Visualization: Trajectory length 42, Final state: (-18, 10), Total Reward: 999.59
2025-05-24 23:32:03,672 INFO SUCCESS: Reached Goal!
2025-05-24 23:32:03,672 INFO --- PPO Script Finished ---
