2025-05-24 23:17:46,552 INFO Loading model from /Users/iddah/Documents/CS224R/Exploration-Policy/data/ppo-0.2/ppo_final.pth
2025-05-24 23:17:46,552 INFO Using device: cpu
2025-05-24 23:17:46,557 INFO Model loaded successfully.
2025-05-24 23:17:46,557 INFO Generating stochastic trajectory 1/10
2025-05-24 23:17:48,594 INFO Saved plot to /Users/iddah/Documents/CS224R/Exploration-Policy/data/ppo-0.2/stochastic_traj_1.png
2025-05-24 23:17:48,594 INFO Generating stochastic trajectory 2/10
2025-05-24 23:17:49,344 INFO Saved plot to /Users/iddah/Documents/CS224R/Exploration-Policy/data/ppo-0.2/stochastic_traj_2.png
2025-05-24 23:17:49,345 INFO Generating stochastic trajectory 3/10
2025-05-24 23:17:50,442 INFO Saved plot to /Users/iddah/Documents/CS224R/Exploration-Policy/data/ppo-0.2/stochastic_traj_3.png
2025-05-24 23:17:50,442 INFO Generating stochastic trajectory 4/10
2025-05-24 23:17:51,692 INFO Saved plot to /Users/iddah/Documents/CS224R/Exploration-Policy/data/ppo-0.2/stochastic_traj_4.png
2025-05-24 23:17:51,692 INFO Generating stochastic trajectory 5/10
2025-05-24 23:17:52,692 INFO Saved plot to /Users/iddah/Documents/CS224R/Exploration-Policy/data/ppo-0.2/stochastic_traj_5.png
2025-05-24 23:17:52,692 INFO Generating stochastic trajectory 6/10
2025-05-24 23:17:53,825 INFO Saved plot to /Users/iddah/Documents/CS224R/Exploration-Policy/data/ppo-0.2/stochastic_traj_6.png
2025-05-24 23:17:53,825 INFO Generating stochastic trajectory 7/10
2025-05-24 23:17:55,041 INFO Saved plot to /Users/iddah/Documents/CS224R/Exploration-Policy/data/ppo-0.2/stochastic_traj_7.png
2025-05-24 23:17:55,041 INFO Generating stochastic trajectory 8/10
2025-05-24 23:17:56,192 INFO Saved plot to /Users/iddah/Documents/CS224R/Exploration-Policy/data/ppo-0.2/stochastic_traj_8.png
2025-05-24 23:17:56,192 INFO Generating stochastic trajectory 9/10
2025-05-24 23:17:57,343 INFO Saved plot to /Users/iddah/Documents/CS224R/Exploration-Policy/data/ppo-0.2/stochastic_traj_9.png
2025-05-24 23:17:57,343 INFO Generating stochastic trajectory 10/10
2025-05-24 23:17:58,625 INFO Saved plot to /Users/iddah/Documents/CS224R/Exploration-Policy/data/ppo-0.2/stochastic_traj_10.png
2025-05-24 23:17:58,625 INFO All done.
