2025-05-24 22:19:43,964 INFO Using device: cpu
2025-05-24 22:19:43,972 INFO Attempting to load IL-trained actor from: /Users/iddah/Documents/CS224R/Exploration-Policy/saved_models_exp/policy_il_trained.pth
2025-05-24 22:19:43,977 INFO Successfully loaded pre-trained IL actor.
2025-05-24 22:19:44,868 INFO --- Starting PPO Fine-tuning ---
2025-05-24 22:19:52,023 INFO PPO Iter: 10	Total Steps: 20480	Avg Reward (Batch): 722.94	Avg Reward (Roll100): 769.90	Actor Loss: -0.0005	Critic Loss: 105547.8917	Entropy: 0.6316
2025-05-24 22:19:59,195 INFO PPO Iter: 20	Total Steps: 40960	Avg Reward (Batch): 592.50	Avg Reward (Roll100): 738.41	Actor Loss: -0.0002	Critic Loss: 93000.4569	Entropy: 0.6565
2025-05-24 22:20:06,998 INFO PPO Iter: 30	Total Steps: 61440	Avg Reward (Batch): 596.92	Avg Reward (Roll100): 612.47	Actor Loss: -0.0005	Critic Loss: 101422.7280	Entropy: 0.6584
2025-05-24 22:20:14,555 INFO PPO Iter: 40	Total Steps: 81920	Avg Reward (Batch): 760.85	Avg Reward (Roll100): 738.46	Actor Loss: -0.0002	Critic Loss: 114032.3590	Entropy: 0.6233
2025-05-24 22:20:21,809 INFO PPO Iter: 50	Total Steps: 102400	Avg Reward (Batch): 830.54	Avg Reward (Roll100): 811.96	Actor Loss: -0.0005	Critic Loss: 130856.1656	Entropy: 0.6163
2025-05-24 22:20:21,813 INFO Saved PPO actor to /Users/iddah/Documents/CS224R/Exploration-Policy/data/ppo-0.1-rerun/ppo_iter_50.pth
2025-05-24 22:20:29,280 INFO PPO Iter: 60	Total Steps: 122880	Avg Reward (Batch): 704.61	Avg Reward (Roll100): 706.99	Actor Loss: -0.0003	Critic Loss: 118246.1777	Entropy: 0.6143
2025-05-24 22:20:36,609 INFO PPO Iter: 70	Total Steps: 143360	Avg Reward (Batch): 850.85	Avg Reward (Roll100): 769.98	Actor Loss: -0.0010	Critic Loss: 126608.8663	Entropy: 0.6099
2025-05-24 22:20:43,564 INFO PPO Iter: 80	Total Steps: 163840	Avg Reward (Batch): 758.46	Avg Reward (Roll100): 759.49	Actor Loss: -0.0015	Critic Loss: 126691.7228	Entropy: 0.5968
2025-05-24 22:20:50,810 INFO PPO Iter: 90	Total Steps: 184320	Avg Reward (Batch): 758.46	Avg Reward (Roll100): 675.51	Actor Loss: -0.0008	Critic Loss: 126698.2909	Entropy: 0.6082
2025-05-24 22:20:57,994 INFO PPO Iter: 100	Total Steps: 204800	Avg Reward (Batch): 835.00	Avg Reward (Roll100): 832.97	Actor Loss: -0.0005	Critic Loss: 135048.4998	Entropy: 0.5981
2025-05-24 22:20:57,996 INFO Saved PPO actor to /Users/iddah/Documents/CS224R/Exploration-Policy/data/ppo-0.1-rerun/ppo_iter_100.pth
2025-05-24 22:21:05,066 INFO PPO Iter: 110	Total Steps: 225280	Avg Reward (Batch): 807.37	Avg Reward (Roll100): 769.98	Actor Loss: -0.0002	Critic Loss: 130834.6009	Entropy: 0.5967
2025-05-24 22:21:12,541 INFO PPO Iter: 120	Total Steps: 245760	Avg Reward (Batch): 700.71	Avg Reward (Roll100): 738.49	Actor Loss: -0.0012	Critic Loss: 126601.2470	Entropy: 0.6027
2025-05-24 22:21:21,513 INFO PPO Iter: 130	Total Steps: 266240	Avg Reward (Batch): 910.85	Avg Reward (Roll100): 874.94	Actor Loss: -0.0006	Critic Loss: 134945.9709	Entropy: 0.5792
2025-05-24 22:21:30,084 INFO PPO Iter: 140	Total Steps: 286720	Avg Reward (Batch): 618.86	Avg Reward (Roll100): 738.51	Actor Loss: -0.0014	Critic Loss: 118245.3518	Entropy: 0.6179
2025-05-24 22:21:40,716 INFO PPO Iter: 150	Total Steps: 307200	Avg Reward (Batch): 658.84	Avg Reward (Roll100): 707.00	Actor Loss: -0.0005	Critic Loss: 122444.8080	Entropy: 0.6197
2025-05-24 22:21:40,719 INFO Saved PPO actor to /Users/iddah/Documents/CS224R/Exploration-Policy/data/ppo-0.1-rerun/ppo_iter_150.pth
2025-05-24 22:21:52,497 INFO PPO Iter: 160	Total Steps: 327680	Avg Reward (Batch): 674.52	Avg Reward (Roll100): 696.01	Actor Loss: -0.0007	Critic Loss: 122473.2825	Entropy: 0.6179
2025-05-24 22:22:04,040 INFO PPO Iter: 170	Total Steps: 348160	Avg Reward (Batch): 712.00	Avg Reward (Roll100): 654.52	Actor Loss: -0.0003	Critic Loss: 122458.1160	Entropy: 0.6142
2025-05-24 22:22:14,166 INFO PPO Iter: 180	Total Steps: 368640	Avg Reward (Batch): 858.92	Avg Reward (Roll100): 801.48	Actor Loss: -0.0002	Critic Loss: 135027.7621	Entropy: 0.5869
2025-05-24 22:22:24,112 INFO PPO Iter: 190	Total Steps: 389120	Avg Reward (Batch): 764.50	Avg Reward (Roll100): 801.49	Actor Loss: -0.0003	Critic Loss: 130807.3140	Entropy: 0.5955
2025-05-24 22:22:46,736 INFO PPO Iter: 200	Total Steps: 409600	Avg Reward (Batch): 807.37	Avg Reward (Roll100): 696.52	Actor Loss: -0.0011	Critic Loss: 130820.2916	Entropy: 0.5941
2025-05-24 22:22:46,744 INFO Saved PPO actor to /Users/iddah/Documents/CS224R/Exploration-Policy/data/ppo-0.1-rerun/ppo_iter_200.pth
2025-05-24 22:23:00,366 INFO PPO Iter: 210	Total Steps: 430080	Avg Reward (Batch): 830.54	Avg Reward (Roll100): 790.98	Actor Loss: -0.0006	Critic Loss: 130724.9904	Entropy: 0.5974
2025-05-24 22:23:10,386 INFO PPO Iter: 220	Total Steps: 450560	Avg Reward (Batch): 785.38	Avg Reward (Roll100): 769.99	Actor Loss: -0.0004	Critic Loss: 130831.0784	Entropy: 0.6101
2025-05-24 22:23:19,503 INFO PPO Iter: 230	Total Steps: 471040	Avg Reward (Batch): 858.92	Avg Reward (Roll100): 790.99	Actor Loss: -0.0001	Critic Loss: 135023.1516	Entropy: 0.5877
2025-05-24 22:23:27,846 INFO PPO Iter: 240	Total Steps: 491520	Avg Reward (Batch): 553.83	Avg Reward (Roll100): 528.58	Actor Loss: -0.0007	Critic Loss: 114090.3606	Entropy: 0.6208
2025-05-24 22:23:39,223 INFO PPO Iter: 250	Total Steps: 512000	Avg Reward (Batch): 658.84	Avg Reward (Roll100): 633.54	Actor Loss: -0.0016	Critic Loss: 122435.2931	Entropy: 0.6187
2025-05-24 22:23:39,226 INFO Saved PPO actor to /Users/iddah/Documents/CS224R/Exploration-Policy/data/ppo-0.1-rerun/ppo_iter_250.pth
2025-05-24 22:23:49,636 INFO PPO Iter: 260	Total Steps: 532480	Avg Reward (Batch): 610.00	Avg Reward (Roll100): 654.53	Actor Loss: -0.0006	Critic Loss: 114005.9488	Entropy: 0.6172
2025-05-24 22:23:58,247 INFO PPO Iter: 270	Total Steps: 552960	Avg Reward (Batch): 744.63	Avg Reward (Roll100): 759.49	Actor Loss: -0.0010	Critic Loss: 130820.6132	Entropy: 0.6020
2025-05-24 22:24:06,715 INFO PPO Iter: 280	Total Steps: 573440	Avg Reward (Batch): 731.54	Avg Reward (Roll100): 696.50	Actor Loss: -0.0006	Critic Loss: 122364.5959	Entropy: 0.6159
2025-05-24 22:24:15,986 INFO PPO Iter: 290	Total Steps: 593920	Avg Reward (Batch): 531.49	Avg Reward (Roll100): 591.55	Actor Loss: -0.0012	Critic Loss: 109900.4905	Entropy: 0.6302
2025-05-24 22:24:25,878 INFO PPO Iter: 300	Total Steps: 614400	Avg Reward (Batch): 642.73	Avg Reward (Roll100): 686.03	Actor Loss: -0.0006	Critic Loss: 122414.1825	Entropy: 0.6155
2025-05-24 22:24:25,881 INFO Saved PPO actor to /Users/iddah/Documents/CS224R/Exploration-Policy/data/ppo-0.1-rerun/ppo_iter_300.pth
2025-05-24 22:24:35,861 INFO PPO Iter: 310	Total Steps: 634880	Avg Reward (Batch): 725.71	Avg Reward (Roll100): 686.03	Actor Loss: -0.0010	Critic Loss: 130817.3994	Entropy: 0.6157
2025-05-24 22:24:44,158 INFO PPO Iter: 320	Total Steps: 655360	Avg Reward (Batch): 738.25	Avg Reward (Roll100): 749.00	Actor Loss: -0.0005	Critic Loss: 126579.1138	Entropy: 0.6271
2025-05-24 22:24:52,431 INFO PPO Iter: 330	Total Steps: 675840	Avg Reward (Batch): 595.00	Avg Reward (Roll100): 654.52	Actor Loss: -0.0006	Critic Loss: 114036.3245	Entropy: 0.6448
2025-05-24 22:25:01,309 INFO PPO Iter: 340	Total Steps: 696320	Avg Reward (Batch): 752.10	Avg Reward (Roll100): 685.99	Actor Loss: -0.0005	Critic Loss: 122361.0089	Entropy: 0.6315
2025-05-24 22:25:10,867 INFO PPO Iter: 350	Total Steps: 716800	Avg Reward (Batch): 677.69	Avg Reward (Roll100): 696.48	Actor Loss: -0.0004	Critic Loss: 113961.7334	Entropy: 0.6625
2025-05-24 22:25:10,870 INFO Saved PPO actor to /Users/iddah/Documents/CS224R/Exploration-Policy/data/ppo-0.1-rerun/ppo_iter_350.pth
2025-05-24 22:25:20,787 INFO PPO Iter: 360	Total Steps: 737280	Avg Reward (Batch): 724.47	Avg Reward (Roll100): 748.97	Actor Loss: -0.0006	Critic Loss: 118185.6371	Entropy: 0.6256
2025-05-24 22:25:29,812 INFO PPO Iter: 370	Total Steps: 757760	Avg Reward (Batch): 685.75	Avg Reward (Roll100): 665.00	Actor Loss: -0.0004	Critic Loss: 118214.9018	Entropy: 0.6447
2025-05-24 22:25:38,481 INFO PPO Iter: 380	Total Steps: 778240	Avg Reward (Batch): 745.40	Avg Reward (Roll100): 748.96	Actor Loss: -0.0005	Critic Loss: 118193.9076	Entropy: 0.6402
2025-05-24 22:25:47,729 INFO PPO Iter: 390	Total Steps: 798720	Avg Reward (Batch): 731.54	Avg Reward (Roll100): 780.48	Actor Loss: -0.0007	Critic Loss: 122404.9571	Entropy: 0.6383
2025-05-24 22:25:56,907 INFO PPO Iter: 400	Total Steps: 819200	Avg Reward (Batch): 675.71	Avg Reward (Roll100): 706.99	Actor Loss: -0.0003	Critic Loss: 122455.0681	Entropy: 0.6305
2025-05-24 22:25:56,908 INFO Saved PPO actor to /Users/iddah/Documents/CS224R/Exploration-Policy/data/ppo-0.1-rerun/ppo_iter_400.pth
2025-05-24 22:26:06,004 INFO PPO Iter: 410	Total Steps: 839680	Avg Reward (Batch): 685.75	Avg Reward (Roll100): 665.00	Actor Loss: -0.0009	Critic Loss: 118245.5110	Entropy: 0.6435
2025-05-24 22:26:14,170 INFO PPO Iter: 420	Total Steps: 860160	Avg Reward (Batch): 704.61	Avg Reward (Roll100): 686.00	Actor Loss: -0.0009	Critic Loss: 118174.9763	Entropy: 0.6612
2025-05-24 22:26:22,850 INFO PPO Iter: 430	Total Steps: 880640	Avg Reward (Batch): 685.75	Avg Reward (Roll100): 686.01	Actor Loss: -0.0005	Critic Loss: 118236.2458	Entropy: 0.6483
2025-05-24 22:26:31,919 INFO PPO Iter: 440	Total Steps: 901120	Avg Reward (Batch): 712.00	Avg Reward (Roll100): 665.01	Actor Loss: -0.0009	Critic Loss: 122382.2769	Entropy: 0.6474
2025-05-24 22:26:41,483 INFO PPO Iter: 450	Total Steps: 921600	Avg Reward (Batch): 610.00	Avg Reward (Roll100): 696.48	Actor Loss: -0.0005	Critic Loss: 114012.7403	Entropy: 0.6514
2025-05-24 22:26:41,486 INFO Saved PPO actor to /Users/iddah/Documents/CS224R/Exploration-Policy/data/ppo-0.1-rerun/ppo_iter_450.pth
2025-05-24 22:26:50,072 INFO PPO Iter: 460	Total Steps: 942080	Avg Reward (Batch): 745.40	Avg Reward (Roll100): 643.99	Actor Loss: -0.0003	Critic Loss: 118142.9760	Entropy: 0.6594
2025-05-24 22:26:58,505 INFO PPO Iter: 470	Total Steps: 962560	Avg Reward (Batch): 521.30	Avg Reward (Roll100): 591.54	Actor Loss: -0.0008	Critic Loss: 105643.1839	Entropy: 0.6760
2025-05-24 22:27:07,797 INFO PPO Iter: 480	Total Steps: 983040	Avg Reward (Batch): 767.50	Avg Reward (Roll100): 675.48	Actor Loss: -0.0006	Critic Loss: 118119.9406	Entropy: 0.6683
2025-05-24 22:27:17,373 INFO PPO Iter: 490	Total Steps: 1003520	Avg Reward (Batch): 585.58	Avg Reward (Roll100): 623.02	Actor Loss: -0.0003	Critic Loss: 109778.0909	Entropy: 0.6780
2025-05-24 22:27:26,204 INFO PPO Iter: 500	Total Steps: 1024000	Avg Reward (Batch): 717.02	Avg Reward (Roll100): 633.51	Actor Loss: -0.0004	Critic Loss: 113978.4577	Entropy: 0.6701
2025-05-24 22:27:26,207 INFO Saved PPO actor to /Users/iddah/Documents/CS224R/Exploration-Policy/data/ppo-0.1-rerun/ppo_iter_500.pth
2025-05-24 22:27:35,185 INFO PPO Iter: 510	Total Steps: 1044480	Avg Reward (Batch): 779.73	Avg Reward (Roll100): 696.49	Actor Loss: -0.0006	Critic Loss: 126477.4889	Entropy: 0.6398
2025-05-24 22:27:44,698 INFO PPO Iter: 520	Total Steps: 1064960	Avg Reward (Batch): 575.71	Avg Reward (Roll100): 623.02	Actor Loss: -0.0006	Critic Loss: 105577.7851	Entropy: 0.6882
2025-05-24 22:27:54,175 INFO PPO Iter: 530	Total Steps: 1085440	Avg Reward (Batch): 650.71	Avg Reward (Roll100): 675.51	Actor Loss: -0.0006	Critic Loss: 118183.6830	Entropy: 0.6735
2025-05-24 22:28:03,498 INFO PPO Iter: 540	Total Steps: 1105920	Avg Reward (Batch): 536.74	Avg Reward (Roll100): 507.56	Actor Loss: -0.0003	Critic Loss: 101377.0636	Entropy: 0.7022
2025-05-24 22:28:15,254 INFO PPO Iter: 550	Total Steps: 1126400	Avg Reward (Batch): 486.81	Avg Reward (Roll100): 539.04	Actor Loss: -0.0002	Critic Loss: 101381.4837	Entropy: 0.7036
2025-05-24 22:28:15,258 INFO Saved PPO actor to /Users/iddah/Documents/CS224R/Exploration-Policy/data/ppo-0.1-rerun/ppo_iter_550.pth
2025-05-24 22:28:24,570 INFO PPO Iter: 560	Total Steps: 1146880	Avg Reward (Batch): 535.58	Avg Reward (Roll100): 591.02	Actor Loss: -0.0007	Critic Loss: 101423.1476	Entropy: 0.7119
2025-05-24 22:28:33,794 INFO PPO Iter: 570	Total Steps: 1167360	Avg Reward (Batch): 712.00	Avg Reward (Roll100): 675.50	Actor Loss: -0.0004	Critic Loss: 122353.9724	Entropy: 0.6760
2025-05-24 22:28:43,092 INFO PPO Iter: 580	Total Steps: 1187840	Avg Reward (Batch): 575.71	Avg Reward (Roll100): 612.51	Actor Loss: -0.0002	Critic Loss: 105544.7945	Entropy: 0.7010
2025-05-24 22:28:51,467 INFO PPO Iter: 590	Total Steps: 1208320	Avg Reward (Batch): 600.71	Avg Reward (Roll100): 633.51	Actor Loss: -0.0008	Critic Loss: 109790.9384	Entropy: 0.6951
2025-05-24 22:28:59,912 INFO PPO Iter: 600	Total Steps: 1228800	Avg Reward (Batch): 680.00	Avg Reward (Roll100): 654.47	Actor Loss: -0.0004	Critic Loss: 105508.6230	Entropy: 0.7114
2025-05-24 22:28:59,914 INFO Saved PPO actor to /Users/iddah/Documents/CS224R/Exploration-Policy/data/ppo-0.1-rerun/ppo_iter_600.pth
2025-05-24 22:29:09,467 INFO PPO Iter: 610	Total Steps: 1249280	Avg Reward (Batch): 696.84	Avg Reward (Roll100): 664.97	Actor Loss: -0.0004	Critic Loss: 113942.9725	Entropy: 0.6926
2025-05-24 22:29:19,311 INFO PPO Iter: 620	Total Steps: 1269760	Avg Reward (Batch): 688.65	Avg Reward (Roll100): 696.46	Actor Loss: -0.0005	Critic Loss: 109703.5346	Entropy: 0.7110
2025-05-24 22:29:28,432 INFO PPO Iter: 630	Total Steps: 1290240	Avg Reward (Batch): 745.40	Avg Reward (Roll100): 696.46	Actor Loss: -0.0001	Critic Loss: 118105.1896	Entropy: 0.6965
2025-05-24 22:29:37,384 INFO PPO Iter: 640	Total Steps: 1310720	Avg Reward (Batch): 659.50	Avg Reward (Roll100): 612.51	Actor Loss: -0.0009	Critic Loss: 113986.5971	Entropy: 0.6913
2025-05-24 22:29:47,470 INFO PPO Iter: 650	Total Steps: 1331200	Avg Reward (Batch): 641.58	Avg Reward (Roll100): 602.00	Actor Loss: -0.0003	Critic Loss: 105558.1263	Entropy: 0.7208
2025-05-24 22:29:47,476 INFO Saved PPO actor to /Users/iddah/Documents/CS224R/Exploration-Policy/data/ppo-0.1-rerun/ppo_iter_650.pth
2025-05-24 22:29:57,109 INFO PPO Iter: 660	Total Steps: 1351680	Avg Reward (Batch): 745.40	Avg Reward (Roll100): 696.46	Actor Loss: -0.0005	Critic Loss: 118058.6185	Entropy: 0.7094
2025-05-24 22:30:07,329 INFO PPO Iter: 670	Total Steps: 1372160	Avg Reward (Batch): 550.71	Avg Reward (Roll100): 591.49	Actor Loss: -0.0007	Critic Loss: 101341.8902	Entropy: 0.7314
2025-05-24 22:30:16,789 INFO PPO Iter: 680	Total Steps: 1392640	Avg Reward (Batch): 641.58	Avg Reward (Roll100): 643.97	Actor Loss: -0.0003	Critic Loss: 105514.5668	Entropy: 0.7326
2025-05-24 22:30:26,819 INFO PPO Iter: 690	Total Steps: 1413120	Avg Reward (Batch): 586.31	Avg Reward (Roll100): 591.48	Actor Loss: -0.0006	Critic Loss: 97125.0750	Entropy: 0.7541
2025-05-24 22:30:40,060 INFO PPO Iter: 700	Total Steps: 1433600	Avg Reward (Batch): 590.97	Avg Reward (Roll100): 560.01	Actor Loss: -0.0009	Critic Loss: 105553.5251	Entropy: 0.7368
2025-05-24 22:30:40,063 INFO Saved PPO actor to /Users/iddah/Documents/CS224R/Exploration-Policy/data/ppo-0.1-rerun/ppo_iter_700.pth
2025-05-24 22:30:49,339 INFO PPO Iter: 710	Total Steps: 1454080	Avg Reward (Batch): 570.00	Avg Reward (Roll100): 622.96	Actor Loss: -0.0007	Critic Loss: 97099.3469	Entropy: 0.7561
2025-05-24 22:30:58,607 INFO PPO Iter: 720	Total Steps: 1474560	Avg Reward (Batch): 709.16	Avg Reward (Roll100): 601.98	Actor Loss: -0.0003	Critic Loss: 109694.2990	Entropy: 0.7336
2025-05-24 22:31:06,883 INFO PPO Iter: 730	Total Steps: 1495040	Avg Reward (Batch): 500.71	Avg Reward (Roll100): 601.97	Actor Loss: -0.0003	Critic Loss: 92941.3627	Entropy: 0.7512
2025-05-24 22:31:15,235 INFO PPO Iter: 740	Total Steps: 1515520	Avg Reward (Batch): 503.42	Avg Reward (Roll100): 591.46	Actor Loss: -0.0011	Critic Loss: 84519.8981	Entropy: 0.7806
2025-05-24 22:31:23,829 INFO PPO Iter: 750	Total Steps: 1536000	Avg Reward (Batch): 404.09	Avg Reward (Roll100): 444.54	Actor Loss: -0.0008	Critic Loss: 80388.1945	Entropy: 0.7873
2025-05-24 22:31:23,831 INFO Saved PPO actor to /Users/iddah/Documents/CS224R/Exploration-Policy/data/ppo-0.1-rerun/ppo_iter_750.pth
2025-05-24 22:31:33,248 INFO PPO Iter: 760	Total Steps: 1556480	Avg Reward (Batch): 500.71	Avg Reward (Roll100): 455.04	Actor Loss: -0.0001	Critic Loss: 92924.3653	Entropy: 0.7683
2025-05-24 22:31:44,439 INFO PPO Iter: 770	Total Steps: 1576960	Avg Reward (Batch): 554.50	Avg Reward (Roll100): 507.52	Actor Loss: -0.0005	Critic Loss: 97160.3287	Entropy: 0.7857
2025-05-24 22:31:53,601 INFO PPO Iter: 780	Total Steps: 1597440	Avg Reward (Batch): 580.75	Avg Reward (Roll100): 528.50	Actor Loss: -0.0005	Critic Loss: 101325.7935	Entropy: 0.7463
2025-05-24 22:32:02,915 INFO PPO Iter: 790	Total Steps: 1617920	Avg Reward (Batch): 738.33	Avg Reward (Roll100): 696.45	Actor Loss: -0.0004	Critic Loss: 113907.0682	Entropy: 0.7326
2025-05-24 22:32:12,549 INFO PPO Iter: 800	Total Steps: 1638400	Avg Reward (Batch): 660.27	Avg Reward (Roll100): 675.43	Actor Loss: -0.0004	Critic Loss: 105523.3827	Entropy: 0.7529
2025-05-24 22:32:12,552 INFO Saved PPO actor to /Users/iddah/Documents/CS224R/Exploration-Policy/data/ppo-0.1-rerun/ppo_iter_800.pth
2025-05-24 22:32:22,602 INFO PPO Iter: 810	Total Steps: 1658880	Avg Reward (Batch): 688.65	Avg Reward (Roll100): 664.96	Actor Loss: -0.0005	Critic Loss: 109724.5961	Entropy: 0.7232
2025-05-24 22:32:32,839 INFO PPO Iter: 820	Total Steps: 1679360	Avg Reward (Batch): 714.54	Avg Reward (Roll100): 706.91	Actor Loss: -0.0003	Critic Loss: 101288.2573	Entropy: 0.7485
2025-05-24 22:32:42,162 INFO PPO Iter: 830	Total Steps: 1699840	Avg Reward (Batch): 451.82	Avg Reward (Roll100): 528.51	Actor Loss: -0.0006	Critic Loss: 88783.4740	Entropy: 0.7826
2025-05-24 22:32:52,628 INFO PPO Iter: 840	Total Steps: 1720320	Avg Reward (Batch): 500.71	Avg Reward (Roll100): 486.53	Actor Loss: -0.0001	Critic Loss: 92939.7277	Entropy: 0.7642
2025-05-24 22:33:04,820 INFO PPO Iter: 850	Total Steps: 1740800	Avg Reward (Batch): 623.84	Avg Reward (Roll100): 612.49	Actor Loss: -0.0005	Critic Loss: 105539.1253	Entropy: 0.7583
2025-05-24 22:33:04,824 INFO Saved PPO actor to /Users/iddah/Documents/CS224R/Exploration-Policy/data/ppo-0.1-rerun/ppo_iter_850.pth
2025-05-24 22:33:15,824 INFO PPO Iter: 860	Total Steps: 1761280	Avg Reward (Batch): 543.07	Avg Reward (Roll100): 622.97	Actor Loss: -0.0005	Critic Loss: 92945.8384	Entropy: 0.7778
2025-05-24 22:33:24,804 INFO PPO Iter: 870	Total Steps: 1781760	Avg Reward (Batch): 641.58	Avg Reward (Roll100): 664.96	Actor Loss: -0.0005	Critic Loss: 105555.2759	Entropy: 0.7454
2025-05-24 22:33:33,226 INFO PPO Iter: 880	Total Steps: 1802240	Avg Reward (Batch): 561.16	Avg Reward (Roll100): 497.03	Actor Loss: -0.0004	Critic Loss: 105573.7809	Entropy: 0.7524
2025-05-24 22:33:42,955 INFO PPO Iter: 890	Total Steps: 1822720	Avg Reward (Batch): 660.27	Avg Reward (Roll100): 518.03	Actor Loss: -0.0005	Critic Loss: 105533.4793	Entropy: 0.7608
2025-05-24 22:33:52,258 INFO PPO Iter: 900	Total Steps: 1843200	Avg Reward (Batch): 596.92	Avg Reward (Roll100): 612.48	Actor Loss: -0.0004	Critic Loss: 101326.1025	Entropy: 0.7907
2025-05-24 22:33:52,262 INFO Saved PPO actor to /Users/iddah/Documents/CS224R/Exploration-Policy/data/ppo-0.1-rerun/ppo_iter_900.pth
2025-05-24 22:34:00,781 INFO PPO Iter: 910	Total Steps: 1863680	Avg Reward (Batch): 558.68	Avg Reward (Roll100): 465.53	Actor Loss: -0.0003	Critic Loss: 92929.2597	Entropy: 0.7909
2025-05-24 22:34:09,243 INFO PPO Iter: 920	Total Steps: 1884160	Avg Reward (Batch): 650.83	Avg Reward (Roll100): 549.48	Actor Loss: -0.0007	Critic Loss: 101304.8301	Entropy: 0.7781
2025-05-24 22:34:20,974 INFO PPO Iter: 930	Total Steps: 1904640	Avg Reward (Batch): 543.07	Avg Reward (Roll100): 580.96	Actor Loss: -0.0008	Critic Loss: 92935.2375	Entropy: 0.7939
2025-05-24 22:34:34,387 INFO PPO Iter: 940	Total Steps: 1925120	Avg Reward (Batch): 700.85	Avg Reward (Roll100): 696.43	Actor Loss: -0.0006	Critic Loss: 105506.7110	Entropy: 0.7612
2025-05-24 22:34:44,688 INFO PPO Iter: 950	Total Steps: 1945600	Avg Reward (Batch): 621.66	Avg Reward (Roll100): 591.47	Actor Loss: -0.0002	Critic Loss: 97074.4388	Entropy: 0.7818
2025-05-24 22:34:44,691 INFO Saved PPO actor to /Users/iddah/Documents/CS224R/Exploration-Policy/data/ppo-0.1-rerun/ppo_iter_950.pth
2025-05-24 22:34:54,707 INFO PPO Iter: 960	Total Steps: 1966080	Avg Reward (Batch): 546.75	Avg Reward (Roll100): 559.96	Actor Loss: -0.0003	Critic Loss: 88715.9734	Entropy: 0.7959
2025-05-24 22:35:05,235 INFO PPO Iter: 970	Total Steps: 1986560	Avg Reward (Batch): 640.85	Avg Reward (Roll100): 706.91	Actor Loss: -0.0004	Critic Loss: 97086.1053	Entropy: 0.7774
2025-05-24 22:35:14,283 INFO PPO Iter: 980	Total Steps: 2007040	Avg Reward (Batch): 660.27	Avg Reward (Roll100): 622.96	Actor Loss: -0.0004	Critic Loss: 105510.8074	Entropy: 0.7518
2025-05-24 22:35:26,673 INFO PPO Iter: 990	Total Steps: 2027520	Avg Reward (Batch): 575.13	Avg Reward (Roll100): 643.93	Actor Loss: -0.0003	Critic Loss: 92912.0246	Entropy: 0.7847
2025-05-24 22:35:37,367 INFO PPO Iter: 1000	Total Steps: 2048000	Avg Reward (Batch): 543.07	Avg Reward (Roll100): 664.94	Actor Loss: -0.0006	Critic Loss: 92916.7993	Entropy: 0.7963
2025-05-24 22:35:37,371 INFO Saved PPO actor to /Users/iddah/Documents/CS224R/Exploration-Policy/data/ppo-0.1-rerun/ppo_iter_1000.pth
2025-05-24 22:35:49,408 INFO PPO Iter: 1010	Total Steps: 2068480	Avg Reward (Batch): 554.50	Avg Reward (Roll100): 549.50	Actor Loss: -0.0002	Critic Loss: 97134.9380	Entropy: 0.7806
2025-05-24 22:36:00,142 INFO PPO Iter: 1020	Total Steps: 2088960	Avg Reward (Batch): 670.85	Avg Reward (Roll100): 706.91	Actor Loss: -0.0003	Critic Loss: 101320.3086	Entropy: 0.7793
2025-05-24 22:36:10,982 INFO PPO Iter: 1030	Total Steps: 2109440	Avg Reward (Batch): 784.70	Avg Reward (Roll100): 643.95	Actor Loss: -0.0004	Critic Loss: 113886.8441	Entropy: 0.7414
2025-05-24 22:36:21,109 INFO PPO Iter: 1040	Total Steps: 2129920	Avg Reward (Batch): 462.31	Avg Reward (Roll100): 538.98	Actor Loss: -0.0008	Critic Loss: 80295.6289	Entropy: 0.8357
2025-05-24 22:36:30,308 INFO PPO Iter: 1050	Total Steps: 2150400	Avg Reward (Batch): 596.92	Avg Reward (Roll100): 612.46	Actor Loss: -0.0003	Critic Loss: 101320.2836	Entropy: 0.7774
2025-05-24 22:36:30,311 INFO Saved PPO actor to /Users/iddah/Documents/CS224R/Exploration-Policy/data/ppo-0.1-rerun/ppo_iter_1050.pth
2025-05-24 22:36:40,289 INFO PPO Iter: 1060	Total Steps: 2170880	Avg Reward (Batch): 784.70	Avg Reward (Roll100): 706.93	Actor Loss: -0.0007	Critic Loss: 113882.6791	Entropy: 0.7508
2025-05-24 22:36:51,046 INFO PPO Iter: 1070	Total Steps: 2191360	Avg Reward (Batch): 475.71	Avg Reward (Roll100): 581.00	Actor Loss: -0.0006	Critic Loss: 88720.0332	Entropy: 0.8159
2025-05-24 22:37:01,298 INFO PPO Iter: 1080	Total Steps: 2211840	Avg Reward (Batch): 543.07	Avg Reward (Roll100): 559.98	Actor Loss: -0.0003	Critic Loss: 92911.7249	Entropy: 0.8003
2025-05-24 22:37:11,630 INFO PPO Iter: 1090	Total Steps: 2232320	Avg Reward (Batch): 661.17	Avg Reward (Roll100): 612.46	Actor Loss: -0.0004	Critic Loss: 97083.5515	Entropy: 0.7871
2025-05-24 22:37:21,269 INFO PPO Iter: 1100	Total Steps: 2252800	Avg Reward (Batch): 641.58	Avg Reward (Roll100): 591.49	Actor Loss: -0.0002	Critic Loss: 105500.3059	Entropy: 0.7799
2025-05-24 22:37:21,273 INFO Saved PPO actor to /Users/iddah/Documents/CS224R/Exploration-Policy/data/ppo-0.1-rerun/ppo_iter_1100.pth
2025-05-24 22:37:32,248 INFO PPO Iter: 1110	Total Steps: 2273280	Avg Reward (Batch): 631.89	Avg Reward (Roll100): 633.46	Actor Loss: -0.0002	Critic Loss: 101295.7141	Entropy: 0.7808
2025-05-24 22:37:43,033 INFO PPO Iter: 1120	Total Steps: 2293760	Avg Reward (Batch): 575.13	Avg Reward (Roll100): 633.44	Actor Loss: -0.0004	Critic Loss: 92897.1885	Entropy: 0.8170
2025-05-24 22:37:53,510 INFO PPO Iter: 1130	Total Steps: 2314240	Avg Reward (Batch): 586.31	Avg Reward (Roll100): 591.46	Actor Loss: -0.0003	Critic Loss: 97119.8328	Entropy: 0.7745
2025-05-24 22:38:02,811 INFO PPO Iter: 1140	Total Steps: 2334720	Avg Reward (Batch): 670.85	Avg Reward (Roll100): 643.94	Actor Loss: -0.0001	Critic Loss: 101284.6810	Entropy: 0.7984
2025-05-24 22:38:11,232 INFO PPO Iter: 1150	Total Steps: 2355200	Avg Reward (Batch): 631.89	Avg Reward (Roll100): 633.45	Actor Loss: -0.0011	Critic Loss: 101298.5616	Entropy: 0.7785
2025-05-24 22:38:11,234 INFO Saved PPO actor to /Users/iddah/Documents/CS224R/Exploration-Policy/data/ppo-0.1-rerun/ppo_iter_1150.pth
2025-05-24 22:38:20,756 INFO PPO Iter: 1160	Total Steps: 2375680	Avg Reward (Batch): 543.07	Avg Reward (Roll100): 549.48	Actor Loss: -0.0006	Critic Loss: 92922.8179	Entropy: 0.8216
2025-05-24 22:38:30,269 INFO PPO Iter: 1170	Total Steps: 2396160	Avg Reward (Batch): 820.85	Avg Reward (Roll100): 696.46	Actor Loss: -0.0005	Critic Loss: 122290.2714	Entropy: 0.7380
2025-05-24 22:38:39,169 INFO PPO Iter: 1180	Total Steps: 2416640	Avg Reward (Batch): 640.85	Avg Reward (Roll100): 633.45	Actor Loss: -0.0003	Critic Loss: 97074.3005	Entropy: 0.7834
2025-05-24 22:38:47,870 INFO PPO Iter: 1190	Total Steps: 2437120	Avg Reward (Batch): 717.02	Avg Reward (Roll100): 591.48	Actor Loss: -0.0004	Critic Loss: 113873.9442	Entropy: 0.7688
2025-05-24 22:38:57,286 INFO PPO Iter: 1200	Total Steps: 2457600	Avg Reward (Batch): 669.21	Avg Reward (Roll100): 591.48	Actor Loss: -0.0005	Critic Loss: 109708.0085	Entropy: 0.7679
2025-05-24 22:38:57,289 INFO Saved PPO actor to /Users/iddah/Documents/CS224R/Exploration-Policy/data/ppo-0.1-rerun/ppo_iter_1200.pth
2025-05-24 22:39:07,223 INFO PPO Iter: 1210	Total Steps: 2478080	Avg Reward (Batch): 641.58	Avg Reward (Roll100): 601.47	Actor Loss: -0.0005	Critic Loss: 105501.9085	Entropy: 0.7768
2025-05-24 22:39:17,817 INFO PPO Iter: 1220	Total Steps: 2498560	Avg Reward (Batch): 554.50	Avg Reward (Roll100): 602.00	Actor Loss: -0.0004	Critic Loss: 97108.1360	Entropy: 0.7976
2025-05-24 22:39:27,585 INFO PPO Iter: 1230	Total Steps: 2519040	Avg Reward (Batch): 503.42	Avg Reward (Roll100): 570.48	Actor Loss: -0.0004	Critic Loss: 84498.0609	Entropy: 0.8102
2025-05-24 22:39:37,018 INFO PPO Iter: 1240	Total Steps: 2539520	Avg Reward (Batch): 661.17	Avg Reward (Roll100): 654.42	Actor Loss: -0.0009	Critic Loss: 97060.9152	Entropy: 0.7955
2025-05-24 22:39:46,833 INFO PPO Iter: 1250	Total Steps: 2560000	Avg Reward (Batch): 514.14	Avg Reward (Roll100): 528.50	Actor Loss: -0.0004	Critic Loss: 92951.8797	Entropy: 0.7874
2025-05-24 22:39:46,835 INFO Saved PPO actor to /Users/iddah/Documents/CS224R/Exploration-Policy/data/ppo-0.1-rerun/ppo_iter_1250.pth
2025-05-24 22:39:56,855 INFO PPO Iter: 1260	Total Steps: 2580480	Avg Reward (Batch): 753.82	Avg Reward (Roll100): 612.46	Actor Loss: -0.0011	Critic Loss: 109650.8103	Entropy: 0.7452
2025-05-24 22:40:06,286 INFO PPO Iter: 1270	Total Steps: 2600960	Avg Reward (Batch): 700.85	Avg Reward (Roll100): 654.45	Actor Loss: -0.0008	Critic Loss: 105468.9059	Entropy: 0.7705
2025-05-24 22:40:15,014 INFO PPO Iter: 1280	Total Steps: 2621440	Avg Reward (Batch): 565.36	Avg Reward (Roll100): 580.99	Actor Loss: -0.0005	Critic Loss: 101337.1898	Entropy: 0.7781
2025-05-24 22:40:25,464 INFO PPO Iter: 1290	Total Steps: 2641920	Avg Reward (Batch): 784.70	Avg Reward (Roll100): 612.47	Actor Loss: -0.0002	Critic Loss: 113876.6154	Entropy: 0.7471
2025-05-24 22:40:36,941 INFO PPO Iter: 1300	Total Steps: 2662400	Avg Reward (Batch): 603.51	Avg Reward (Roll100): 643.95	Actor Loss: -0.0005	Critic Loss: 97097.3824	Entropy: 0.7855
2025-05-24 22:40:36,945 INFO Saved PPO actor to /Users/iddah/Documents/CS224R/Exploration-Policy/data/ppo-0.1-rerun/ppo_iter_1300.pth
2025-05-24 22:40:47,185 INFO PPO Iter: 1310	Total Steps: 2682880	Avg Reward (Batch): 603.51	Avg Reward (Roll100): 612.46	Actor Loss: -0.0003	Critic Loss: 97090.5307	Entropy: 0.7915
2025-05-24 22:40:56,694 INFO PPO Iter: 1320	Total Steps: 2703360	Avg Reward (Batch): 596.92	Avg Reward (Roll100): 664.93	Actor Loss: -0.0006	Critic Loss: 101312.1578	Entropy: 0.7919
2025-05-24 22:41:07,392 INFO PPO Iter: 1330	Total Steps: 2723840	Avg Reward (Batch): 623.84	Avg Reward (Roll100): 580.99	Actor Loss: -0.0003	Critic Loss: 105523.2461	Entropy: 0.7626
2025-05-24 22:41:19,138 INFO PPO Iter: 1340	Total Steps: 2744320	Avg Reward (Batch): 558.68	Avg Reward (Roll100): 580.98	Actor Loss: -0.0003	Critic Loss: 92900.1123	Entropy: 0.8066
2025-05-24 22:41:30,160 INFO PPO Iter: 1350	Total Steps: 2764800	Avg Reward (Batch): 568.72	Avg Reward (Roll100): 601.48	Actor Loss: -0.0003	Critic Loss: 97137.1631	Entropy: 0.7937
2025-05-24 22:41:30,163 INFO Saved PPO actor to /Users/iddah/Documents/CS224R/Exploration-Policy/data/ppo-0.1-rerun/ppo_iter_1350.pth
2025-05-24 22:41:41,207 INFO PPO Iter: 1360	Total Steps: 2785280	Avg Reward (Batch): 525.71	Avg Reward (Roll100): 580.99	Actor Loss: -0.0008	Critic Loss: 97131.5244	Entropy: 0.8046
2025-05-24 22:41:52,408 INFO PPO Iter: 1370	Total Steps: 2805760	Avg Reward (Batch): 586.31	Avg Reward (Roll100): 643.96	Actor Loss: -0.0005	Critic Loss: 97104.2234	Entropy: 0.7984
2025-05-24 22:42:05,258 INFO PPO Iter: 1380	Total Steps: 2826240	Avg Reward (Batch): 650.83	Avg Reward (Roll100): 685.92	Actor Loss: -0.0008	Critic Loss: 101312.5463	Entropy: 0.7874
2025-05-24 22:42:17,229 INFO PPO Iter: 1390	Total Steps: 2846720	Avg Reward (Batch): 815.58	Avg Reward (Roll100): 717.43	Actor Loss: -0.0004	Critic Loss: 118070.5074	Entropy: 0.7476
2025-05-24 22:42:30,192 INFO PPO Iter: 1400	Total Steps: 2867200	Avg Reward (Batch): 603.51	Avg Reward (Roll100): 570.48	Actor Loss: -0.0003	Critic Loss: 97115.5703	Entropy: 0.7955
2025-05-24 22:42:30,197 INFO Saved PPO actor to /Users/iddah/Documents/CS224R/Exploration-Policy/data/ppo-0.1-rerun/ppo_iter_1400.pth
2025-05-24 22:42:43,337 INFO PPO Iter: 1410	Total Steps: 2887680	Avg Reward (Batch): 730.85	Avg Reward (Roll100): 675.44	Actor Loss: -0.0000	Critic Loss: 109674.3631	Entropy: 0.7678
2025-05-24 22:42:56,179 INFO PPO Iter: 1420	Total Steps: 2908160	Avg Reward (Batch): 621.66	Avg Reward (Roll100): 570.48	Actor Loss: -0.0003	Critic Loss: 97106.9052	Entropy: 0.7927
2025-05-24 22:43:08,709 INFO PPO Iter: 1430	Total Steps: 2928640	Avg Reward (Batch): 475.79	Avg Reward (Roll100): 538.96	Actor Loss: -0.0002	Critic Loss: 80301.6478	Entropy: 0.8362
2025-05-24 22:43:20,918 INFO PPO Iter: 1440	Total Steps: 2949120	Avg Reward (Batch): 746.36	Avg Reward (Roll100): 664.94	Actor Loss: -0.0004	Critic Loss: 105464.1841	Entropy: 0.7658
2025-05-24 22:43:33,051 INFO PPO Iter: 1450	Total Steps: 2969600	Avg Reward (Batch): 700.85	Avg Reward (Roll100): 675.43	Actor Loss: -0.0005	Critic Loss: 105493.2239	Entropy: 0.7667
2025-05-24 22:43:33,054 INFO Saved PPO actor to /Users/iddah/Documents/CS224R/Exploration-Policy/data/ppo-0.1-rerun/ppo_iter_1450.pth
2025-05-24 22:43:45,775 INFO PPO Iter: 1460	Total Steps: 2990080	Avg Reward (Batch): 680.00	Avg Reward (Roll100): 633.45	Actor Loss: -0.0006	Critic Loss: 105485.9352	Entropy: 0.7743
2025-05-24 22:43:58,152 INFO PPO Iter: 1470	Total Steps: 3010560	Avg Reward (Batch): 590.97	Avg Reward (Roll100): 612.47	Actor Loss: -0.0002	Critic Loss: 105507.6377	Entropy: 0.7688
2025-05-24 22:44:10,562 INFO PPO Iter: 1480	Total Steps: 3031040	Avg Reward (Batch): 640.85	Avg Reward (Roll100): 622.93	Actor Loss: -0.0002	Critic Loss: 97064.3803	Entropy: 0.7856
2025-05-24 22:44:22,817 INFO PPO Iter: 1490	Total Steps: 3051520	Avg Reward (Batch): 603.51	Avg Reward (Roll100): 591.47	Actor Loss: -0.0004	Critic Loss: 97101.3395	Entropy: 0.8196
2025-05-24 22:44:35,458 INFO PPO Iter: 1500	Total Steps: 3072000	Avg Reward (Batch): 596.92	Avg Reward (Roll100): 612.47	Actor Loss: -0.0010	Critic Loss: 101328.8176	Entropy: 0.7985
2025-05-24 22:44:35,477 INFO Saved PPO actor to /Users/iddah/Documents/CS224R/Exploration-Policy/data/ppo-0.1-rerun/ppo_iter_1500.pth
2025-05-24 22:44:35,477 INFO --- PPO Fine-tuning Complete ---
2025-05-24 22:44:35,480 INFO Final PPO-tuned actor saved to /Users/iddah/Documents/CS224R/Exploration-Policy/data/ppo-0.1-rerun/ppo_final.pth
2025-05-24 22:44:40,876 INFO --- Visualizing Trajectory with: Final PPO-Tuned Policy (Deterministic) ---
2025-05-24 22:44:43,286 INFO Visualization: Trajectory length 42, Final state: (-18, 10), Total Reward: 999.59
2025-05-24 22:44:43,287 INFO SUCCESS: Reached Goal!
2025-05-24 22:44:43,287 INFO --- PPO Script Finished ---
